2018-07-03  09:59:52.509 [handleThread--1] ERROR com.zzc.nettyapi.apiutil.ApiHandler - resolve method crash ,cause:java.lang.NullPointerException
	at com.zzc.nettyapi.argument.conversion.DefaultConversion.convert(DefaultConversion.java:111)
	at com.zzc.nettyapi.argument.conversion.DefaultConversion.convertIfNecessary(DefaultConversion.java:98)
	at com.zzc.nettyapi.argument.binder.SimpleRequestDataBinder.convertIfNecessary(SimpleRequestDataBinder.java:31)
	at com.zzc.nettyapi.argument.resolver.SimpleValueArgumentResolver.resolve(SimpleValueArgumentResolver.java:72)
	at com.zzc.nettyapi.argument.resolver.ArgumentResolver.resolveMethodParameter(ArgumentResolver.java:123)
	at com.zzc.nettyapi.apiutil.ApiHandler.invoke(ApiHandler.java:142)
	at com.zzc.nettyapi.apiutil.ApiHandler.handle(ApiHandler.java:90)
	at com.zzc.nettyapi.apiutil.RequestTask.run(RequestTask.java:44)
	at java.util.concurrent.ThreadPoolExecutor.runWorker(ThreadPoolExecutor.java:1149)
	at java.util.concurrent.ThreadPoolExecutor$Worker.run(ThreadPoolExecutor.java:624)
	at java.lang.Thread.run(Thread.java:748)

2018-07-03  10:02:07.967 [handleThread--1] ERROR com.zzc.nettyapi.apiutil.ApiHandler - resolve method crash ,cause:java.lang.NullPointerException
	at com.zzc.nettyapi.argument.conversion.convert.ArrayToArrayConverter.convert(ArrayToArrayConverter.java:39)
	at com.zzc.nettyapi.argument.conversion.DefaultConversion.convert(DefaultConversion.java:113)
	at com.zzc.nettyapi.argument.conversion.DefaultConversion.convertIfNecessary(DefaultConversion.java:98)
	at com.zzc.nettyapi.argument.binder.SimpleRequestDataBinder.convertIfNecessary(SimpleRequestDataBinder.java:31)
	at com.zzc.nettyapi.argument.resolver.SimpleValueArgumentResolver.resolve(SimpleValueArgumentResolver.java:72)
	at com.zzc.nettyapi.argument.resolver.ArgumentResolver.resolveMethodParameter(ArgumentResolver.java:123)
	at com.zzc.nettyapi.apiutil.ApiHandler.invoke(ApiHandler.java:142)
	at com.zzc.nettyapi.apiutil.ApiHandler.handle(ApiHandler.java:90)
	at com.zzc.nettyapi.apiutil.RequestTask.run(RequestTask.java:44)
	at java.util.concurrent.ThreadPoolExecutor.runWorker(ThreadPoolExecutor.java:1149)
	at java.util.concurrent.ThreadPoolExecutor$Worker.run(ThreadPoolExecutor.java:624)
	at java.lang.Thread.run(Thread.java:748)

2018-07-03  10:02:53.437 [handleThread--1] ERROR com.zzc.nettyapi.argument.resolver.SimpleValueArgumentResolver - convert error! excepted:class [Ljava.lang.String;,but [12, 13]
2018-07-03  10:02:53.439 [handleThread--1] ERROR com.zzc.nettyapi.apiutil.ApiHandler - resolve method crash ,cause:com.zzc.nettyapi.exception.ConvertException: can't find convert
	at com.zzc.nettyapi.argument.conversion.DefaultConversion.convert(DefaultConversion.java:110)
	at com.zzc.nettyapi.argument.conversion.convert.ArrayToArrayConverter.convert(ArrayToArrayConverter.java:39)
	at com.zzc.nettyapi.argument.conversion.DefaultConversion.convert(DefaultConversion.java:113)
	at com.zzc.nettyapi.argument.conversion.DefaultConversion.convertIfNecessary(DefaultConversion.java:98)
	at com.zzc.nettyapi.argument.binder.SimpleRequestDataBinder.convertIfNecessary(SimpleRequestDataBinder.java:31)
	at com.zzc.nettyapi.argument.resolver.SimpleValueArgumentResolver.resolve(SimpleValueArgumentResolver.java:72)
	at com.zzc.nettyapi.argument.resolver.ArgumentResolver.resolveMethodParameter(ArgumentResolver.java:123)
	at com.zzc.nettyapi.apiutil.ApiHandler.invoke(ApiHandler.java:142)
	at com.zzc.nettyapi.apiutil.ApiHandler.handle(ApiHandler.java:90)
	at com.zzc.nettyapi.apiutil.RequestTask.run(RequestTask.java:44)
	at java.util.concurrent.ThreadPoolExecutor.runWorker(ThreadPoolExecutor.java:1149)
	at java.util.concurrent.ThreadPoolExecutor$Worker.run(ThreadPoolExecutor.java:624)
	at java.lang.Thread.run(Thread.java:748)

2018-07-03  10:29:57.306 [handleThread--1] ERROR com.zzc.nettyapi.argument.resolver.SimpleValueArgumentResolver - convert error! excepted:class [Ljava.lang.String;,but [12, 13]
2018-07-03  10:29:57.312 [handleThread--1] ERROR com.zzc.nettyapi.apiutil.ApiHandler - resolve method crash ,cause:com.zzc.nettyapi.exception.ConvertException: can't find convert
	at com.zzc.nettyapi.argument.conversion.DefaultConversion.convert(DefaultConversion.java:111)
	at com.zzc.nettyapi.argument.conversion.DefaultConversion.convertIfNecessary(DefaultConversion.java:98)
	at com.zzc.nettyapi.argument.conversion.convert.ArrayToArrayConverter.convert(ArrayToArrayConverter.java:39)
	at com.zzc.nettyapi.argument.conversion.DefaultConversion.convert(DefaultConversion.java:113)
	at com.zzc.nettyapi.argument.conversion.DefaultConversion.convertIfNecessary(DefaultConversion.java:98)
	at com.zzc.nettyapi.argument.binder.SimpleRequestDataBinder.convertIfNecessary(SimpleRequestDataBinder.java:31)
	at com.zzc.nettyapi.argument.resolver.SimpleValueArgumentResolver.resolve(SimpleValueArgumentResolver.java:72)
	at com.zzc.nettyapi.argument.resolver.ArgumentResolver.resolveMethodParameter(ArgumentResolver.java:123)
	at com.zzc.nettyapi.apiutil.ApiHandler.invoke(ApiHandler.java:142)
	at com.zzc.nettyapi.apiutil.ApiHandler.handle(ApiHandler.java:90)
	at com.zzc.nettyapi.apiutil.RequestTask.run(RequestTask.java:44)
	at java.util.concurrent.ThreadPoolExecutor.runWorker(ThreadPoolExecutor.java:1149)
	at java.util.concurrent.ThreadPoolExecutor$Worker.run(ThreadPoolExecutor.java:624)
	at java.lang.Thread.run(Thread.java:748)

2018-07-03  11:42:30.317 [handleThread--1] ERROR com.zzc.nettyapi.argument.binder.ModelAttributeDataBinder - inject value:112 in Class:com.zzc.test.entity.Person.strs error!,Cause:com.zzc.nettyapi.exception.ConvertException: can't find convert
	at com.zzc.nettyapi.argument.conversion.DefaultConversion.convert(DefaultConversion.java:112)
	at com.zzc.nettyapi.argument.conversion.DefaultConversion.convertIfNecessary(DefaultConversion.java:99)
	at com.zzc.nettyapi.argument.binder.ModelAttributeDataBinder.setProperty(ModelAttributeDataBinder.java:94)
	at com.zzc.nettyapi.argument.binder.ModelAttributeDataBinder.doBinder(ModelAttributeDataBinder.java:63)
	at com.zzc.nettyapi.argument.resolver.ModelAttributeArgumentResolver.resolve(ModelAttributeArgumentResolver.java:54)
	at com.zzc.nettyapi.argument.resolver.ArgumentResolver.resolveMethodParameter(ArgumentResolver.java:122)
	at com.zzc.nettyapi.apiutil.ApiHandler.invoke(ApiHandler.java:142)
	at com.zzc.nettyapi.apiutil.ApiHandler.handle(ApiHandler.java:90)
	at com.zzc.nettyapi.apiutil.RequestTask.run(RequestTask.java:44)
	at java.util.concurrent.ThreadPoolExecutor.runWorker(ThreadPoolExecutor.java:1149)
	at java.util.concurrent.ThreadPoolExecutor$Worker.run(ThreadPoolExecutor.java:624)
	at java.lang.Thread.run(Thread.java:748)

2018-07-03  11:42:30.317 [handleThread--1] ERROR com.zzc.nettyapi.apiutil.ApiHandler - resolve method crash ,cause:com.zzc.nettyapi.exception.ConvertException: can't find convert
	at com.zzc.nettyapi.argument.conversion.DefaultConversion.convert(DefaultConversion.java:112)
	at com.zzc.nettyapi.argument.conversion.DefaultConversion.convertIfNecessary(DefaultConversion.java:99)
	at com.zzc.nettyapi.argument.binder.ModelAttributeDataBinder.setProperty(ModelAttributeDataBinder.java:94)
	at com.zzc.nettyapi.argument.binder.ModelAttributeDataBinder.doBinder(ModelAttributeDataBinder.java:63)
	at com.zzc.nettyapi.argument.resolver.ModelAttributeArgumentResolver.resolve(ModelAttributeArgumentResolver.java:54)
	at com.zzc.nettyapi.argument.resolver.ArgumentResolver.resolveMethodParameter(ArgumentResolver.java:122)
	at com.zzc.nettyapi.apiutil.ApiHandler.invoke(ApiHandler.java:142)
	at com.zzc.nettyapi.apiutil.ApiHandler.handle(ApiHandler.java:90)
	at com.zzc.nettyapi.apiutil.RequestTask.run(RequestTask.java:44)
	at java.util.concurrent.ThreadPoolExecutor.runWorker(ThreadPoolExecutor.java:1149)
	at java.util.concurrent.ThreadPoolExecutor$Worker.run(ThreadPoolExecutor.java:624)
	at java.lang.Thread.run(Thread.java:748)

2018-07-03  11:45:26.158 [handleThread--1] ERROR com.zzc.nettyapi.argument.binder.ModelAttributeDataBinder - inject value:112 in Class:com.zzc.test.entity.Person.strs error!,Cause:com.zzc.nettyapi.exception.ConvertException: can't find convert
	at com.zzc.nettyapi.argument.conversion.DefaultConversion.convert(DefaultConversion.java:119)
	at com.zzc.nettyapi.argument.conversion.DefaultConversion.convertIfNecessary(DefaultConversion.java:105)
	at com.zzc.nettyapi.argument.binder.ModelAttributeDataBinder.setProperty(ModelAttributeDataBinder.java:94)
	at com.zzc.nettyapi.argument.binder.ModelAttributeDataBinder.doBinder(ModelAttributeDataBinder.java:63)
	at com.zzc.nettyapi.argument.resolver.ModelAttributeArgumentResolver.resolve(ModelAttributeArgumentResolver.java:54)
	at com.zzc.nettyapi.argument.resolver.ArgumentResolver.resolveMethodParameter(ArgumentResolver.java:122)
	at com.zzc.nettyapi.apiutil.ApiHandler.invoke(ApiHandler.java:142)
	at com.zzc.nettyapi.apiutil.ApiHandler.handle(ApiHandler.java:90)
	at com.zzc.nettyapi.apiutil.RequestTask.run(RequestTask.java:44)
	at java.util.concurrent.ThreadPoolExecutor.runWorker(ThreadPoolExecutor.java:1149)
	at java.util.concurrent.ThreadPoolExecutor$Worker.run(ThreadPoolExecutor.java:624)
	at java.lang.Thread.run(Thread.java:748)

2018-07-03  11:45:26.158 [handleThread--1] ERROR com.zzc.nettyapi.apiutil.ApiHandler - resolve method crash ,cause:com.zzc.nettyapi.exception.ConvertException: can't find convert
	at com.zzc.nettyapi.argument.conversion.DefaultConversion.convert(DefaultConversion.java:119)
	at com.zzc.nettyapi.argument.conversion.DefaultConversion.convertIfNecessary(DefaultConversion.java:105)
	at com.zzc.nettyapi.argument.binder.ModelAttributeDataBinder.setProperty(ModelAttributeDataBinder.java:94)
	at com.zzc.nettyapi.argument.binder.ModelAttributeDataBinder.doBinder(ModelAttributeDataBinder.java:63)
	at com.zzc.nettyapi.argument.resolver.ModelAttributeArgumentResolver.resolve(ModelAttributeArgumentResolver.java:54)
	at com.zzc.nettyapi.argument.resolver.ArgumentResolver.resolveMethodParameter(ArgumentResolver.java:122)
	at com.zzc.nettyapi.apiutil.ApiHandler.invoke(ApiHandler.java:142)
	at com.zzc.nettyapi.apiutil.ApiHandler.handle(ApiHandler.java:90)
	at com.zzc.nettyapi.apiutil.RequestTask.run(RequestTask.java:44)
	at java.util.concurrent.ThreadPoolExecutor.runWorker(ThreadPoolExecutor.java:1149)
	at java.util.concurrent.ThreadPoolExecutor$Worker.run(ThreadPoolExecutor.java:624)
	at java.lang.Thread.run(Thread.java:748)

2018-07-03  19:08:50.478 [handleThread--1] ERROR com.zzc.nettyapi.apiutil.ApiHandler - resolve method crash ,cause:java.lang.NullPointerException
	at com.zzc.nettyapi.argument.binder.ModelAttributeDataBinder.setNestedProperty(ModelAttributeDataBinder.java:67)
	at com.zzc.nettyapi.argument.binder.ModelAttributeDataBinder.doBinder(ModelAttributeDataBinder.java:44)
	at com.zzc.nettyapi.argument.resolver.ModelAttributeArgumentResolver.resolve(ModelAttributeArgumentResolver.java:37)
	at com.zzc.nettyapi.argument.resolver.ArgumentResolver.resolveMethodParameter(ArgumentResolver.java:122)
	at com.zzc.nettyapi.apiutil.ApiHandler.invoke(ApiHandler.java:142)
	at com.zzc.nettyapi.apiutil.ApiHandler.handle(ApiHandler.java:90)
	at com.zzc.nettyapi.apiutil.RequestTask.run(RequestTask.java:44)
	at java.util.concurrent.ThreadPoolExecutor.runWorker(ThreadPoolExecutor.java:1149)
	at java.util.concurrent.ThreadPoolExecutor$Worker.run(ThreadPoolExecutor.java:624)
	at java.lang.Thread.run(Thread.java:748)

2018-07-03  19:20:03.577 [handleThread--3] ERROR com.zzc.nettyapi.apiutil.ApiHandler - resolve method crash ,cause:java.lang.NullPointerException
	at com.zzc.nettyapi.argument.utils.PropertyAccessor.getPropertyValue(PropertyAccessor.java:25)
	at com.zzc.nettyapi.argument.utils.PropertyAccessor.getNestedPropertyValue(PropertyAccessor.java:85)
	at com.zzc.nettyapi.argument.binder.ModelAttributeDataBinder.setNestedProperty(ModelAttributeDataBinder.java:68)
	at com.zzc.nettyapi.argument.binder.ModelAttributeDataBinder.setNestedProperty(ModelAttributeDataBinder.java:70)
	at com.zzc.nettyapi.argument.binder.ModelAttributeDataBinder.doBinder(ModelAttributeDataBinder.java:45)
	at com.zzc.nettyapi.argument.resolver.ModelAttributeArgumentResolver.resolve(ModelAttributeArgumentResolver.java:37)
	at com.zzc.nettyapi.argument.resolver.ArgumentResolver.resolveMethodParameter(ArgumentResolver.java:122)
	at com.zzc.nettyapi.apiutil.ApiHandler.invoke(ApiHandler.java:142)
	at com.zzc.nettyapi.apiutil.ApiHandler.handle(ApiHandler.java:90)
	at com.zzc.nettyapi.apiutil.RequestTask.run(RequestTask.java:44)
	at java.util.concurrent.ThreadPoolExecutor.runWorker(ThreadPoolExecutor.java:1149)
	at java.util.concurrent.ThreadPoolExecutor$Worker.run(ThreadPoolExecutor.java:624)
	at java.lang.Thread.run(Thread.java:748)

2018-07-03  19:22:30.683 [handleThread--1] ERROR com.zzc.nettyapi.apiutil.ApiHandler - resolve method crash ,cause:java.lang.NullPointerException
	at com.zzc.nettyapi.argument.utils.PropertyAccessor.getPropertyValue(PropertyAccessor.java:25)
	at com.zzc.nettyapi.argument.utils.PropertyAccessor.getNestedPropertyValue(PropertyAccessor.java:85)
	at com.zzc.nettyapi.argument.binder.ModelAttributeDataBinder.setNestedProperty(ModelAttributeDataBinder.java:68)
	at com.zzc.nettyapi.argument.binder.ModelAttributeDataBinder.setNestedProperty(ModelAttributeDataBinder.java:70)
	at com.zzc.nettyapi.argument.binder.ModelAttributeDataBinder.doBinder(ModelAttributeDataBinder.java:45)
	at com.zzc.nettyapi.argument.resolver.ModelAttributeArgumentResolver.resolve(ModelAttributeArgumentResolver.java:37)
	at com.zzc.nettyapi.argument.resolver.ArgumentResolver.resolveMethodParameter(ArgumentResolver.java:122)
	at com.zzc.nettyapi.apiutil.ApiHandler.invoke(ApiHandler.java:142)
	at com.zzc.nettyapi.apiutil.ApiHandler.handle(ApiHandler.java:90)
	at com.zzc.nettyapi.apiutil.RequestTask.run(RequestTask.java:44)
	at java.util.concurrent.ThreadPoolExecutor.runWorker(ThreadPoolExecutor.java:1149)
	at java.util.concurrent.ThreadPoolExecutor$Worker.run(ThreadPoolExecutor.java:624)
	at java.lang.Thread.run(Thread.java:748)

2018-07-03  19:27:52.254 [handleThread--1] ERROR com.zzc.nettyapi.apiutil.ApiHandler - resolve method crash ,cause:java.lang.NullPointerException
	at com.zzc.nettyapi.argument.utils.PropertyAccessor.getPropertyValue(PropertyAccessor.java:25)
	at com.zzc.nettyapi.argument.utils.PropertyAccessor.getNestedPropertyValue(PropertyAccessor.java:85)
	at com.zzc.nettyapi.argument.binder.ModelAttributeDataBinder.setNestedProperty(ModelAttributeDataBinder.java:68)
	at com.zzc.nettyapi.argument.binder.ModelAttributeDataBinder.doBinder(ModelAttributeDataBinder.java:45)
	at com.zzc.nettyapi.argument.resolver.ModelAttributeArgumentResolver.resolve(ModelAttributeArgumentResolver.java:37)
	at com.zzc.nettyapi.argument.resolver.ArgumentResolver.resolveMethodParameter(ArgumentResolver.java:122)
	at com.zzc.nettyapi.apiutil.ApiHandler.invoke(ApiHandler.java:142)
	at com.zzc.nettyapi.apiutil.ApiHandler.handle(ApiHandler.java:90)
	at com.zzc.nettyapi.apiutil.RequestTask.run(RequestTask.java:44)
	at java.util.concurrent.ThreadPoolExecutor.runWorker(ThreadPoolExecutor.java:1149)
	at java.util.concurrent.ThreadPoolExecutor$Worker.run(ThreadPoolExecutor.java:624)
	at java.lang.Thread.run(Thread.java:748)

2018-07-03  19:29:14.411 [handleThread--3] ERROR com.zzc.nettyapi.apiutil.ApiHandler - resolve method crash ,cause:java.lang.NullPointerException
	at com.zzc.nettyapi.argument.utils.PropertyAccessor.getPropertyValue(PropertyAccessor.java:25)
	at com.zzc.nettyapi.argument.utils.PropertyAccessor.getNestedPropertyValue(PropertyAccessor.java:85)
	at com.zzc.nettyapi.argument.binder.ModelAttributeDataBinder.setNestedProperty(ModelAttributeDataBinder.java:68)
	at com.zzc.nettyapi.argument.binder.ModelAttributeDataBinder.doBinder(ModelAttributeDataBinder.java:45)
	at com.zzc.nettyapi.argument.resolver.ModelAttributeArgumentResolver.resolve(ModelAttributeArgumentResolver.java:37)
	at com.zzc.nettyapi.argument.resolver.ArgumentResolver.resolveMethodParameter(ArgumentResolver.java:122)
	at com.zzc.nettyapi.apiutil.ApiHandler.invoke(ApiHandler.java:142)
	at com.zzc.nettyapi.apiutil.ApiHandler.handle(ApiHandler.java:90)
	at com.zzc.nettyapi.apiutil.RequestTask.run(RequestTask.java:44)
	at java.util.concurrent.ThreadPoolExecutor.runWorker(ThreadPoolExecutor.java:1149)
	at java.util.concurrent.ThreadPoolExecutor$Worker.run(ThreadPoolExecutor.java:624)
	at java.lang.Thread.run(Thread.java:748)

2018-07-03  19:31:57.420 [handleThread--5] ERROR com.zzc.nettyapi.apiutil.ApiHandler - resolve method crash ,cause:java.lang.NullPointerException
	at com.zzc.nettyapi.argument.utils.PropertyAccessor.getPropertyValue(PropertyAccessor.java:25)
	at com.zzc.nettyapi.argument.utils.PropertyAccessor.getNestedPropertyValue(PropertyAccessor.java:85)
	at com.zzc.nettyapi.argument.binder.ModelAttributeDataBinder.setNestedProperty(ModelAttributeDataBinder.java:68)
	at com.zzc.nettyapi.argument.binder.ModelAttributeDataBinder.doBinder(ModelAttributeDataBinder.java:45)
	at com.zzc.nettyapi.argument.resolver.ModelAttributeArgumentResolver.resolve(ModelAttributeArgumentResolver.java:37)
	at com.zzc.nettyapi.argument.resolver.ArgumentResolver.resolveMethodParameter(ArgumentResolver.java:122)
	at com.zzc.nettyapi.apiutil.ApiHandler.invoke(ApiHandler.java:142)
	at com.zzc.nettyapi.apiutil.ApiHandler.handle(ApiHandler.java:90)
	at com.zzc.nettyapi.apiutil.RequestTask.run(RequestTask.java:44)
	at java.util.concurrent.ThreadPoolExecutor.runWorker(ThreadPoolExecutor.java:1149)
	at java.util.concurrent.ThreadPoolExecutor$Worker.run(ThreadPoolExecutor.java:624)
	at java.lang.Thread.run(Thread.java:748)

2018-07-03  19:32:05.067 [handleThread--1] ERROR com.zzc.nettyapi.apiutil.ApiHandler - resolve method crash ,cause:java.lang.NullPointerException
	at com.zzc.nettyapi.argument.utils.PropertyAccessor.getPropertyValue(PropertyAccessor.java:25)
	at com.zzc.nettyapi.argument.utils.PropertyAccessor.getNestedPropertyValue(PropertyAccessor.java:85)
	at com.zzc.nettyapi.argument.binder.ModelAttributeDataBinder.setNestedProperty(ModelAttributeDataBinder.java:68)
	at com.zzc.nettyapi.argument.binder.ModelAttributeDataBinder.doBinder(ModelAttributeDataBinder.java:45)
	at com.zzc.nettyapi.argument.resolver.ModelAttributeArgumentResolver.resolve(ModelAttributeArgumentResolver.java:37)
	at com.zzc.nettyapi.argument.resolver.ArgumentResolver.resolveMethodParameter(ArgumentResolver.java:122)
	at com.zzc.nettyapi.apiutil.ApiHandler.invoke(ApiHandler.java:142)
	at com.zzc.nettyapi.apiutil.ApiHandler.handle(ApiHandler.java:90)
	at com.zzc.nettyapi.apiutil.RequestTask.run(RequestTask.java:44)
	at java.util.concurrent.ThreadPoolExecutor.runWorker(ThreadPoolExecutor.java:1149)
	at java.util.concurrent.ThreadPoolExecutor$Worker.run(ThreadPoolExecutor.java:624)
	at java.lang.Thread.run(Thread.java:748)

2018-07-03  19:33:13.556 [handleThread--1] ERROR com.zzc.nettyapi.apiutil.ApiHandler - resolve method crash ,cause:java.lang.NullPointerException
	at com.zzc.nettyapi.argument.utils.PropertyAccessor.getPropertyValue(PropertyAccessor.java:25)
	at com.zzc.nettyapi.argument.utils.PropertyAccessor.getNestedPropertyValue(PropertyAccessor.java:85)
	at com.zzc.nettyapi.argument.binder.ModelAttributeDataBinder.setNestedProperty(ModelAttributeDataBinder.java:68)
	at com.zzc.nettyapi.argument.binder.ModelAttributeDataBinder.doBinder(ModelAttributeDataBinder.java:45)
	at com.zzc.nettyapi.argument.resolver.ModelAttributeArgumentResolver.resolve(ModelAttributeArgumentResolver.java:37)
	at com.zzc.nettyapi.argument.resolver.ArgumentResolver.resolveMethodParameter(ArgumentResolver.java:122)
	at com.zzc.nettyapi.apiutil.ApiHandler.invoke(ApiHandler.java:142)
	at com.zzc.nettyapi.apiutil.ApiHandler.handle(ApiHandler.java:90)
	at com.zzc.nettyapi.apiutil.RequestTask.run(RequestTask.java:44)
	at java.util.concurrent.ThreadPoolExecutor.runWorker(ThreadPoolExecutor.java:1149)
	at java.util.concurrent.ThreadPoolExecutor$Worker.run(ThreadPoolExecutor.java:624)
	at java.lang.Thread.run(Thread.java:748)

2018-07-03  19:34:36.406 [handleThread--1] ERROR com.zzc.nettyapi.apiutil.ApiHandler - resolve method crash ,cause:java.lang.NullPointerException
	at com.zzc.nettyapi.argument.utils.PropertyAccessor.getPropertyValue(PropertyAccessor.java:25)
	at com.zzc.nettyapi.argument.utils.PropertyAccessor.getNestedPropertyValue(PropertyAccessor.java:85)
	at com.zzc.nettyapi.argument.binder.ModelAttributeDataBinder.setNestedProperty(ModelAttributeDataBinder.java:68)
	at com.zzc.nettyapi.argument.binder.ModelAttributeDataBinder.doBinder(ModelAttributeDataBinder.java:45)
	at com.zzc.nettyapi.argument.resolver.ModelAttributeArgumentResolver.resolve(ModelAttributeArgumentResolver.java:37)
	at com.zzc.nettyapi.argument.resolver.ArgumentResolver.resolveMethodParameter(ArgumentResolver.java:122)
	at com.zzc.nettyapi.apiutil.ApiHandler.invoke(ApiHandler.java:142)
	at com.zzc.nettyapi.apiutil.ApiHandler.handle(ApiHandler.java:90)
	at com.zzc.nettyapi.apiutil.RequestTask.run(RequestTask.java:44)
	at java.util.concurrent.ThreadPoolExecutor.runWorker(ThreadPoolExecutor.java:1149)
	at java.util.concurrent.ThreadPoolExecutor$Worker.run(ThreadPoolExecutor.java:624)
	at java.lang.Thread.run(Thread.java:748)

2018-07-03  19:35:35.371 [handleThread--1] ERROR com.zzc.nettyapi.apiutil.ApiHandler - resolve method crash ,cause:java.lang.NullPointerException
	at com.zzc.nettyapi.argument.utils.PropertyAccessor.getPropertyValue(PropertyAccessor.java:25)
	at com.zzc.nettyapi.argument.utils.PropertyAccessor.getNestedPropertyValue(PropertyAccessor.java:85)
	at com.zzc.nettyapi.argument.binder.ModelAttributeDataBinder.setNestedProperty(ModelAttributeDataBinder.java:68)
	at com.zzc.nettyapi.argument.binder.ModelAttributeDataBinder.doBinder(ModelAttributeDataBinder.java:45)
	at com.zzc.nettyapi.argument.resolver.ModelAttributeArgumentResolver.resolve(ModelAttributeArgumentResolver.java:37)
	at com.zzc.nettyapi.argument.resolver.ArgumentResolver.resolveMethodParameter(ArgumentResolver.java:122)
	at com.zzc.nettyapi.apiutil.ApiHandler.invoke(ApiHandler.java:142)
	at com.zzc.nettyapi.apiutil.ApiHandler.handle(ApiHandler.java:90)
	at com.zzc.nettyapi.apiutil.RequestTask.run(RequestTask.java:44)
	at java.util.concurrent.ThreadPoolExecutor.runWorker(ThreadPoolExecutor.java:1149)
	at java.util.concurrent.ThreadPoolExecutor$Worker.run(ThreadPoolExecutor.java:624)
	at java.lang.Thread.run(Thread.java:748)

2018-07-03  19:36:04.705 [handleThread--3] ERROR com.zzc.nettyapi.apiutil.ApiHandler - resolve method crash ,cause:java.lang.NullPointerException
	at com.zzc.nettyapi.argument.utils.PropertyAccessor.getPropertyValue(PropertyAccessor.java:25)
	at com.zzc.nettyapi.argument.utils.PropertyAccessor.getNestedPropertyValue(PropertyAccessor.java:85)
	at com.zzc.nettyapi.argument.binder.ModelAttributeDataBinder.setNestedProperty(ModelAttributeDataBinder.java:68)
	at com.zzc.nettyapi.argument.binder.ModelAttributeDataBinder.doBinder(ModelAttributeDataBinder.java:45)
	at com.zzc.nettyapi.argument.resolver.ModelAttributeArgumentResolver.resolve(ModelAttributeArgumentResolver.java:37)
	at com.zzc.nettyapi.argument.resolver.ArgumentResolver.resolveMethodParameter(ArgumentResolver.java:122)
	at com.zzc.nettyapi.apiutil.ApiHandler.invoke(ApiHandler.java:142)
	at com.zzc.nettyapi.apiutil.ApiHandler.handle(ApiHandler.java:90)
	at com.zzc.nettyapi.apiutil.RequestTask.run(RequestTask.java:44)
	at java.util.concurrent.ThreadPoolExecutor.runWorker(ThreadPoolExecutor.java:1149)
	at java.util.concurrent.ThreadPoolExecutor$Worker.run(ThreadPoolExecutor.java:624)
	at java.lang.Thread.run(Thread.java:748)

2018-07-03  19:36:45.080 [handleThread--1] ERROR com.zzc.nettyapi.apiutil.ApiHandler - resolve method crash ,cause:java.lang.NullPointerException
	at com.zzc.nettyapi.argument.utils.PropertyAccessor.getPropertyValue(PropertyAccessor.java:25)
	at com.zzc.nettyapi.argument.utils.PropertyAccessor.getNestedPropertyValue(PropertyAccessor.java:85)
	at com.zzc.nettyapi.argument.binder.ModelAttributeDataBinder.setNestedProperty(ModelAttributeDataBinder.java:68)
	at com.zzc.nettyapi.argument.binder.ModelAttributeDataBinder.doBinder(ModelAttributeDataBinder.java:45)
	at com.zzc.nettyapi.argument.resolver.ModelAttributeArgumentResolver.resolve(ModelAttributeArgumentResolver.java:37)
	at com.zzc.nettyapi.argument.resolver.ArgumentResolver.resolveMethodParameter(ArgumentResolver.java:122)
	at com.zzc.nettyapi.apiutil.ApiHandler.invoke(ApiHandler.java:142)
	at com.zzc.nettyapi.apiutil.ApiHandler.handle(ApiHandler.java:90)
	at com.zzc.nettyapi.apiutil.RequestTask.run(RequestTask.java:44)
	at java.util.concurrent.ThreadPoolExecutor.runWorker(ThreadPoolExecutor.java:1149)
	at java.util.concurrent.ThreadPoolExecutor$Worker.run(ThreadPoolExecutor.java:624)
	at java.lang.Thread.run(Thread.java:748)

2018-07-03  19:38:02.673 [handleThread--1] ERROR com.zzc.nettyapi.apiutil.ApiHandler - resolve method crash ,cause:java.lang.NullPointerException
	at com.zzc.nettyapi.argument.utils.PropertyAccessor.getPropertyValue(PropertyAccessor.java:25)
	at com.zzc.nettyapi.argument.utils.PropertyAccessor.getNestedPropertyValue(PropertyAccessor.java:85)
	at com.zzc.nettyapi.argument.binder.ModelAttributeDataBinder.setNestedProperty(ModelAttributeDataBinder.java:68)
	at com.zzc.nettyapi.argument.binder.ModelAttributeDataBinder.doBinder(ModelAttributeDataBinder.java:45)
	at com.zzc.nettyapi.argument.resolver.ModelAttributeArgumentResolver.resolve(ModelAttributeArgumentResolver.java:37)
	at com.zzc.nettyapi.argument.resolver.ArgumentResolver.resolveMethodParameter(ArgumentResolver.java:122)
	at com.zzc.nettyapi.apiutil.ApiHandler.invoke(ApiHandler.java:142)
	at com.zzc.nettyapi.apiutil.ApiHandler.handle(ApiHandler.java:90)
	at com.zzc.nettyapi.apiutil.RequestTask.run(RequestTask.java:44)
	at java.util.concurrent.ThreadPoolExecutor.runWorker(ThreadPoolExecutor.java:1149)
	at java.util.concurrent.ThreadPoolExecutor$Worker.run(ThreadPoolExecutor.java:624)
	at java.lang.Thread.run(Thread.java:748)

2018-07-03  19:40:07.982 [handleThread--3] ERROR com.zzc.nettyapi.apiutil.ApiHandler - resolve method crash ,cause:java.lang.NullPointerException
	at com.zzc.nettyapi.argument.utils.PropertyAccessor.getPropertyValue(PropertyAccessor.java:25)
	at com.zzc.nettyapi.argument.utils.PropertyAccessor.getNestedPropertyValue(PropertyAccessor.java:85)
	at com.zzc.nettyapi.argument.binder.ModelAttributeDataBinder.setNestedProperty(ModelAttributeDataBinder.java:68)
	at com.zzc.nettyapi.argument.binder.ModelAttributeDataBinder.setNestedProperty(ModelAttributeDataBinder.java:70)
	at com.zzc.nettyapi.argument.binder.ModelAttributeDataBinder.doBinder(ModelAttributeDataBinder.java:45)
	at com.zzc.nettyapi.argument.resolver.ModelAttributeArgumentResolver.resolve(ModelAttributeArgumentResolver.java:37)
	at com.zzc.nettyapi.argument.resolver.ArgumentResolver.resolveMethodParameter(ArgumentResolver.java:122)
	at com.zzc.nettyapi.apiutil.ApiHandler.invoke(ApiHandler.java:142)
	at com.zzc.nettyapi.apiutil.ApiHandler.handle(ApiHandler.java:90)
	at com.zzc.nettyapi.apiutil.RequestTask.run(RequestTask.java:44)
	at java.util.concurrent.ThreadPoolExecutor.runWorker(ThreadPoolExecutor.java:1149)
	at java.util.concurrent.ThreadPoolExecutor$Worker.run(ThreadPoolExecutor.java:624)
	at java.lang.Thread.run(Thread.java:748)

2018-07-03  19:40:46.026 [handleThread--5] ERROR com.zzc.nettyapi.apiutil.ApiHandler - resolve method crash ,cause:java.lang.NullPointerException
	at com.zzc.nettyapi.argument.utils.PropertyAccessor.getPropertyValue(PropertyAccessor.java:25)
	at com.zzc.nettyapi.argument.utils.PropertyAccessor.getNestedPropertyValue(PropertyAccessor.java:85)
	at com.zzc.nettyapi.argument.binder.ModelAttributeDataBinder.setNestedProperty(ModelAttributeDataBinder.java:68)
	at com.zzc.nettyapi.argument.binder.ModelAttributeDataBinder.setNestedProperty(ModelAttributeDataBinder.java:70)
	at com.zzc.nettyapi.argument.binder.ModelAttributeDataBinder.doBinder(ModelAttributeDataBinder.java:45)
	at com.zzc.nettyapi.argument.resolver.ModelAttributeArgumentResolver.resolve(ModelAttributeArgumentResolver.java:37)
	at com.zzc.nettyapi.argument.resolver.ArgumentResolver.resolveMethodParameter(ArgumentResolver.java:122)
	at com.zzc.nettyapi.apiutil.ApiHandler.invoke(ApiHandler.java:142)
	at com.zzc.nettyapi.apiutil.ApiHandler.handle(ApiHandler.java:90)
	at com.zzc.nettyapi.apiutil.RequestTask.run(RequestTask.java:44)
	at java.util.concurrent.ThreadPoolExecutor.runWorker(ThreadPoolExecutor.java:1149)
	at java.util.concurrent.ThreadPoolExecutor$Worker.run(ThreadPoolExecutor.java:624)
	at java.lang.Thread.run(Thread.java:748)

2018-07-03  19:41:01.913 [handleThread--7] ERROR com.zzc.nettyapi.apiutil.ApiHandler - resolve method crash ,cause:java.lang.NullPointerException
	at com.zzc.nettyapi.argument.utils.PropertyAccessor.getPropertyValue(PropertyAccessor.java:25)
	at com.zzc.nettyapi.argument.utils.PropertyAccessor.getNestedPropertyValue(PropertyAccessor.java:85)
	at com.zzc.nettyapi.argument.binder.ModelAttributeDataBinder.setNestedProperty(ModelAttributeDataBinder.java:68)
	at com.zzc.nettyapi.argument.binder.ModelAttributeDataBinder.setNestedProperty(ModelAttributeDataBinder.java:70)
	at com.zzc.nettyapi.argument.binder.ModelAttributeDataBinder.doBinder(ModelAttributeDataBinder.java:45)
	at com.zzc.nettyapi.argument.resolver.ModelAttributeArgumentResolver.resolve(ModelAttributeArgumentResolver.java:37)
	at com.zzc.nettyapi.argument.resolver.ArgumentResolver.resolveMethodParameter(ArgumentResolver.java:122)
	at com.zzc.nettyapi.apiutil.ApiHandler.invoke(ApiHandler.java:142)
	at com.zzc.nettyapi.apiutil.ApiHandler.handle(ApiHandler.java:90)
	at com.zzc.nettyapi.apiutil.RequestTask.run(RequestTask.java:44)
	at java.util.concurrent.ThreadPoolExecutor.runWorker(ThreadPoolExecutor.java:1149)
	at java.util.concurrent.ThreadPoolExecutor$Worker.run(ThreadPoolExecutor.java:624)
	at java.lang.Thread.run(Thread.java:748)

