2018-08-03  10:29:56.297 [handleThread--1] ERROR com.zzc.nettyapi.apiutil.ApiHandler - resolve method crash ,cause:java.lang.NullPointerException
	at com.zzc.nettyapi.argument.utils.PropertyAccessor.getPropertyValue(PropertyAccessor.java:25)
	at com.zzc.nettyapi.argument.utils.PropertyAccessor.getNestedPropertyValue(PropertyAccessor.java:85)
	at com.zzc.nettyapi.argument.binder.ModelAttributeDataBinder.setNestedProperty(ModelAttributeDataBinder.java:68)
	at com.zzc.nettyapi.argument.binder.ModelAttributeDataBinder.setNestedProperty(ModelAttributeDataBinder.java:70)
	at com.zzc.nettyapi.argument.binder.ModelAttributeDataBinder.doBinder(ModelAttributeDataBinder.java:45)
	at com.zzc.nettyapi.argument.resolver.ModelAttributeArgumentResolver.resolve(ModelAttributeArgumentResolver.java:37)
	at com.zzc.nettyapi.argument.resolver.ArgumentResolver.resolveMethodParameter(ArgumentResolver.java:122)
	at com.zzc.nettyapi.apiutil.ApiHandler.invoke(ApiHandler.java:142)
	at com.zzc.nettyapi.apiutil.ApiHandler.handle(ApiHandler.java:90)
	at com.zzc.nettyapi.apiutil.RequestTask.run(RequestTask.java:44)
	at java.util.concurrent.ThreadPoolExecutor.runWorker(ThreadPoolExecutor.java:1149)
	at java.util.concurrent.ThreadPoolExecutor$Worker.run(ThreadPoolExecutor.java:624)
	at java.lang.Thread.run(Thread.java:748)

2018-08-03  10:32:38.531 [handleThread--1] ERROR com.zzc.nettyapi.apiutil.ApiHandler - resolve method crash ,cause:java.lang.NullPointerException
	at com.zzc.nettyapi.argument.utils.PropertyAccessor.getPropertyValue(PropertyAccessor.java:25)
	at com.zzc.nettyapi.argument.utils.PropertyAccessor.getNestedPropertyValue(PropertyAccessor.java:85)
	at com.zzc.nettyapi.argument.binder.ModelAttributeDataBinder.setNestedProperty(ModelAttributeDataBinder.java:68)
	at com.zzc.nettyapi.argument.binder.ModelAttributeDataBinder.setNestedProperty(ModelAttributeDataBinder.java:70)
	at com.zzc.nettyapi.argument.binder.ModelAttributeDataBinder.doBinder(ModelAttributeDataBinder.java:45)
	at com.zzc.nettyapi.argument.resolver.ModelAttributeArgumentResolver.resolve(ModelAttributeArgumentResolver.java:38)
	at com.zzc.nettyapi.argument.resolver.ArgumentResolver.resolveMethodParameter(ArgumentResolver.java:122)
	at com.zzc.nettyapi.apiutil.ApiHandler.invoke(ApiHandler.java:142)
	at com.zzc.nettyapi.apiutil.ApiHandler.handle(ApiHandler.java:90)
	at com.zzc.nettyapi.apiutil.RequestTask.run(RequestTask.java:44)
	at java.util.concurrent.ThreadPoolExecutor.runWorker(ThreadPoolExecutor.java:1149)
	at java.util.concurrent.ThreadPoolExecutor$Worker.run(ThreadPoolExecutor.java:624)
	at java.lang.Thread.run(Thread.java:748)

