2018-06-28  14:17:20.926 [main] DEBUG io.netty.util.internal.logging.InternalLoggerFactory - Using SLF4J as the default logging framework
2018-06-28  14:17:20.934 [main] DEBUG io.netty.channel.MultithreadEventLoopGroup - -Dio.netty.eventLoopThreads: 16
2018-06-28  14:17:20.975 [main] DEBUG io.netty.util.internal.PlatformDependent - Platform: MacOS
2018-06-28  14:17:20.977 [main] DEBUG io.netty.util.internal.PlatformDependent0 - -Dio.netty.noUnsafe: false
2018-06-28  14:17:20.978 [main] DEBUG io.netty.util.internal.PlatformDependent0 - Java version: 8
2018-06-28  14:17:20.980 [main] DEBUG io.netty.util.internal.PlatformDependent0 - sun.misc.Unsafe.theUnsafe: available
2018-06-28  14:17:20.981 [main] DEBUG io.netty.util.internal.PlatformDependent0 - sun.misc.Unsafe.copyMemory: available
2018-06-28  14:17:20.982 [main] DEBUG io.netty.util.internal.PlatformDependent0 - java.nio.Buffer.address: available
2018-06-28  14:17:20.983 [main] DEBUG io.netty.util.internal.PlatformDependent0 - direct buffer constructor: available
2018-06-28  14:17:20.984 [main] DEBUG io.netty.util.internal.PlatformDependent0 - java.nio.Bits.unaligned: available, true
2018-06-28  14:17:20.984 [main] DEBUG io.netty.util.internal.PlatformDependent0 - jdk.internal.misc.Unsafe.allocateUninitializedArray(int): unavailable prior to Java9
2018-06-28  14:17:20.984 [main] DEBUG io.netty.util.internal.PlatformDependent0 - java.nio.DirectByteBuffer.<init>(long, int): available
2018-06-28  14:17:20.984 [main] DEBUG io.netty.util.internal.PlatformDependent - sun.misc.Unsafe: available
2018-06-28  14:17:20.984 [main] DEBUG io.netty.util.internal.PlatformDependent - -Dio.netty.tmpdir: /var/folders/60/p56nn12s5sq59wz96nlpdfcc0000gn/T (java.io.tmpdir)
2018-06-28  14:17:20.984 [main] DEBUG io.netty.util.internal.PlatformDependent - -Dio.netty.bitMode: 64 (sun.arch.data.model)
2018-06-28  14:17:20.986 [main] DEBUG io.netty.util.internal.PlatformDependent - -Dio.netty.noPreferDirect: false
2018-06-28  14:17:20.986 [main] DEBUG io.netty.util.internal.PlatformDependent - -Dio.netty.maxDirectMemory: 3817865216 bytes
2018-06-28  14:17:20.986 [main] DEBUG io.netty.util.internal.PlatformDependent - -Dio.netty.uninitializedArrayAllocationThreshold: -1
2018-06-28  14:17:20.987 [main] DEBUG io.netty.util.internal.CleanerJava6 - java.nio.ByteBuffer.cleaner(): available
2018-06-28  14:17:21.061 [main] DEBUG io.netty.channel.nio.NioEventLoop - -Dio.netty.noKeySetOptimization: false
2018-06-28  14:17:21.061 [main] DEBUG io.netty.channel.nio.NioEventLoop - -Dio.netty.selectorAutoRebuildThreshold: 512
2018-06-28  14:17:21.090 [main] DEBUG io.netty.util.internal.PlatformDependent - org.jctools-core.MpscChunkedArrayQueue: available
2018-06-28  14:17:21.170 [main] INFO  com.zzc.nettyapi.nettyservice.ServerConfigLoader - load server config from /config.properties successfully!
2018-06-28  14:17:26.801 [main] INFO  com.zzc.nettyapi.annotation.parser.AnnotationMappingConfiguration - mapping url:/todo on the class:com.zzc.test.Controller.AnnotationController - method:todo
2018-06-28  14:17:26.801 [main] INFO  com.zzc.nettyapi.annotation.parser.AnnotationMappingConfiguration - mapping url:/test on the class:com.zzc.test.Controller.AnnotationController - method:test
2018-06-28  14:17:26.805 [main] INFO  com.zzc.nettyapi.annotation.parser.AnnotationMappingConfiguration - mapping url:/run on the class:com.zzc.test.Controller.AnnotationController2 - method:run
2018-06-28  14:17:48.639 [main] INFO  com.zzc.nettyapi.apiutil.ApiRegistry - mapping url:/hello on the class:Test - method:hello
2018-06-28  14:17:48.641 [main] INFO  com.zzc.nettyapi.apiutil.ApiRegistry - mapping url:/hi on the class:Test - method:hi
2018-06-28  14:17:48.641 [main] INFO  com.zzc.nettyapi.apiutil.ApiRegistry - mapping url:/user/:uid/note/:noteid on the class:com.zzc.test.Controller.UserController - method:get
2018-06-28  14:17:48.641 [main] INFO  com.zzc.nettyapi.apiutil.ApiRegistry - mapping url:/person on the class:com.zzc.test.Controller.UserController - method:getPerson
2018-06-28  14:17:48.641 [main] INFO  com.zzc.nettyapi.apiutil.ApiRegistry - mapping url:/person1 on the class:com.zzc.test.Controller.UserController - method:getPersonStrng
2018-06-28  14:17:48.697 [main] DEBUG io.netty.channel.DefaultChannelId - -Dio.netty.processId: 5818 (auto-detected)
2018-06-28  14:17:48.700 [main] DEBUG io.netty.util.NetUtil - -Djava.net.preferIPv4Stack: false
2018-06-28  14:17:48.700 [main] DEBUG io.netty.util.NetUtil - -Djava.net.preferIPv6Addresses: false
2018-06-28  14:17:59.697 [main] DEBUG io.netty.util.internal.logging.InternalLoggerFactory - Using SLF4J as the default logging framework
2018-06-28  14:17:59.701 [main] DEBUG io.netty.channel.MultithreadEventLoopGroup - -Dio.netty.eventLoopThreads: 16
2018-06-28  14:17:59.729 [main] DEBUG io.netty.util.internal.PlatformDependent - Platform: MacOS
2018-06-28  14:17:59.733 [main] DEBUG io.netty.util.internal.PlatformDependent0 - -Dio.netty.noUnsafe: false
2018-06-28  14:17:59.734 [main] DEBUG io.netty.util.internal.PlatformDependent0 - Java version: 8
2018-06-28  14:17:59.735 [main] DEBUG io.netty.util.internal.PlatformDependent0 - sun.misc.Unsafe.theUnsafe: available
2018-06-28  14:17:59.736 [main] DEBUG io.netty.util.internal.PlatformDependent0 - sun.misc.Unsafe.copyMemory: available
2018-06-28  14:17:59.736 [main] DEBUG io.netty.util.internal.PlatformDependent0 - java.nio.Buffer.address: available
2018-06-28  14:17:59.737 [main] DEBUG io.netty.util.internal.PlatformDependent0 - direct buffer constructor: available
2018-06-28  14:17:59.737 [main] DEBUG io.netty.util.internal.PlatformDependent0 - java.nio.Bits.unaligned: available, true
2018-06-28  14:17:59.737 [main] DEBUG io.netty.util.internal.PlatformDependent0 - jdk.internal.misc.Unsafe.allocateUninitializedArray(int): unavailable prior to Java9
2018-06-28  14:17:59.738 [main] DEBUG io.netty.util.internal.PlatformDependent0 - java.nio.DirectByteBuffer.<init>(long, int): available
2018-06-28  14:17:59.738 [main] DEBUG io.netty.util.internal.PlatformDependent - sun.misc.Unsafe: available
2018-06-28  14:17:59.738 [main] DEBUG io.netty.util.internal.PlatformDependent - -Dio.netty.tmpdir: /var/folders/60/p56nn12s5sq59wz96nlpdfcc0000gn/T (java.io.tmpdir)
2018-06-28  14:17:59.738 [main] DEBUG io.netty.util.internal.PlatformDependent - -Dio.netty.bitMode: 64 (sun.arch.data.model)
2018-06-28  14:17:59.739 [main] DEBUG io.netty.util.internal.PlatformDependent - -Dio.netty.noPreferDirect: false
2018-06-28  14:17:59.740 [main] DEBUG io.netty.util.internal.PlatformDependent - -Dio.netty.maxDirectMemory: 3817865216 bytes
2018-06-28  14:17:59.740 [main] DEBUG io.netty.util.internal.PlatformDependent - -Dio.netty.uninitializedArrayAllocationThreshold: -1
2018-06-28  14:17:59.740 [main] DEBUG io.netty.util.internal.CleanerJava6 - java.nio.ByteBuffer.cleaner(): available
2018-06-28  14:17:59.753 [main] DEBUG io.netty.channel.nio.NioEventLoop - -Dio.netty.noKeySetOptimization: false
2018-06-28  14:17:59.753 [main] DEBUG io.netty.channel.nio.NioEventLoop - -Dio.netty.selectorAutoRebuildThreshold: 512
2018-06-28  14:17:59.763 [main] DEBUG io.netty.util.internal.PlatformDependent - org.jctools-core.MpscChunkedArrayQueue: available
2018-06-28  14:17:59.784 [main] INFO  com.zzc.nettyapi.nettyservice.ServerConfigLoader - load server config from /config.properties successfully!
2018-06-28  14:18:00.445 [main] INFO  com.zzc.nettyapi.annotation.parser.AnnotationMappingConfiguration - mapping url:/todo on the class:com.zzc.test.Controller.AnnotationController - method:todo
2018-06-28  14:18:00.446 [main] INFO  com.zzc.nettyapi.annotation.parser.AnnotationMappingConfiguration - mapping url:/test on the class:com.zzc.test.Controller.AnnotationController - method:test
2018-06-28  14:18:00.446 [main] INFO  com.zzc.nettyapi.annotation.parser.AnnotationMappingConfiguration - mapping url:/run on the class:com.zzc.test.Controller.AnnotationController2 - method:run
2018-06-28  14:18:00.451 [main] ERROR com.zzc.nettyapi.nettyservice.NettyServerBootStrap - init component error! cause:java.lang.NullPointerException
	at com.zzc.nettyapi.apiutil.ApiRegistry.init(ApiRegistry.java:73)
	at com.zzc.nettyapi.apiutil.ApiRegistry.init(ApiRegistry.java:42)
	at com.zzc.nettyapi.nettyservice.NettyServerBootStrap.initComponent(NettyServerBootStrap.java:73)
	at com.zzc.nettyapi.nettyservice.NettyServerBootStrap.main(NettyServerBootStrap.java:45)

2018-06-28  14:18:02.684 [nioEventLoopGroup-2-6] DEBUG io.netty.util.internal.InternalThreadLocalMap - -Dio.netty.threadLocalMap.stringBuilder.initialSize: 1024
2018-06-28  14:18:02.684 [nioEventLoopGroup-2-6] DEBUG io.netty.util.internal.InternalThreadLocalMap - -Dio.netty.threadLocalMap.stringBuilder.maxSize: 4096
2018-06-28  14:18:34.824 [main] DEBUG io.netty.util.internal.logging.InternalLoggerFactory - Using SLF4J as the default logging framework
2018-06-28  14:18:34.827 [main] DEBUG io.netty.channel.MultithreadEventLoopGroup - -Dio.netty.eventLoopThreads: 16
2018-06-28  14:18:34.856 [main] DEBUG io.netty.util.internal.PlatformDependent - Platform: MacOS
2018-06-28  14:18:34.860 [main] DEBUG io.netty.util.internal.PlatformDependent0 - -Dio.netty.noUnsafe: false
2018-06-28  14:18:34.860 [main] DEBUG io.netty.util.internal.PlatformDependent0 - Java version: 8
2018-06-28  14:18:34.862 [main] DEBUG io.netty.util.internal.PlatformDependent0 - sun.misc.Unsafe.theUnsafe: available
2018-06-28  14:18:34.863 [main] DEBUG io.netty.util.internal.PlatformDependent0 - sun.misc.Unsafe.copyMemory: available
2018-06-28  14:18:34.863 [main] DEBUG io.netty.util.internal.PlatformDependent0 - java.nio.Buffer.address: available
2018-06-28  14:18:34.864 [main] DEBUG io.netty.util.internal.PlatformDependent0 - direct buffer constructor: available
2018-06-28  14:18:34.865 [main] DEBUG io.netty.util.internal.PlatformDependent0 - java.nio.Bits.unaligned: available, true
2018-06-28  14:18:34.865 [main] DEBUG io.netty.util.internal.PlatformDependent0 - jdk.internal.misc.Unsafe.allocateUninitializedArray(int): unavailable prior to Java9
2018-06-28  14:18:34.865 [main] DEBUG io.netty.util.internal.PlatformDependent0 - java.nio.DirectByteBuffer.<init>(long, int): available
2018-06-28  14:18:34.865 [main] DEBUG io.netty.util.internal.PlatformDependent - sun.misc.Unsafe: available
2018-06-28  14:18:34.866 [main] DEBUG io.netty.util.internal.PlatformDependent - -Dio.netty.tmpdir: /var/folders/60/p56nn12s5sq59wz96nlpdfcc0000gn/T (java.io.tmpdir)
2018-06-28  14:18:34.866 [main] DEBUG io.netty.util.internal.PlatformDependent - -Dio.netty.bitMode: 64 (sun.arch.data.model)
2018-06-28  14:18:34.867 [main] DEBUG io.netty.util.internal.PlatformDependent - -Dio.netty.noPreferDirect: false
2018-06-28  14:18:34.868 [main] DEBUG io.netty.util.internal.PlatformDependent - -Dio.netty.maxDirectMemory: 3817865216 bytes
2018-06-28  14:18:34.868 [main] DEBUG io.netty.util.internal.PlatformDependent - -Dio.netty.uninitializedArrayAllocationThreshold: -1
2018-06-28  14:18:34.869 [main] DEBUG io.netty.util.internal.CleanerJava6 - java.nio.ByteBuffer.cleaner(): available
2018-06-28  14:18:34.886 [main] DEBUG io.netty.channel.nio.NioEventLoop - -Dio.netty.noKeySetOptimization: false
2018-06-28  14:18:34.887 [main] DEBUG io.netty.channel.nio.NioEventLoop - -Dio.netty.selectorAutoRebuildThreshold: 512
2018-06-28  14:18:34.893 [main] DEBUG io.netty.util.internal.PlatformDependent - org.jctools-core.MpscChunkedArrayQueue: available
2018-06-28  14:18:34.920 [main] INFO  com.zzc.nettyapi.nettyservice.ServerConfigLoader - load server config from /config.properties successfully!
2018-06-28  14:18:35.418 [main] INFO  com.zzc.nettyapi.annotation.parser.AnnotationMappingConfiguration - mapping url:/todo on the class:com.zzc.test.Controller.AnnotationController - method:todo
2018-06-28  14:18:35.418 [main] INFO  com.zzc.nettyapi.annotation.parser.AnnotationMappingConfiguration - mapping url:/test on the class:com.zzc.test.Controller.AnnotationController - method:test
2018-06-28  14:18:35.419 [main] INFO  com.zzc.nettyapi.annotation.parser.AnnotationMappingConfiguration - mapping url:/run on the class:com.zzc.test.Controller.AnnotationController2 - method:run
2018-06-28  14:18:35.423 [main] ERROR com.zzc.nettyapi.nettyservice.NettyServerBootStrap - init component error! cause:java.lang.NullPointerException
	at com.zzc.nettyapi.apiutil.ApiRegistry.init(ApiRegistry.java:74)
	at com.zzc.nettyapi.apiutil.ApiRegistry.init(ApiRegistry.java:42)
	at com.zzc.nettyapi.nettyservice.NettyServerBootStrap.initComponent(NettyServerBootStrap.java:73)
	at com.zzc.nettyapi.nettyservice.NettyServerBootStrap.main(NettyServerBootStrap.java:45)

2018-06-28  14:18:37.661 [nioEventLoopGroup-2-3] DEBUG io.netty.util.internal.InternalThreadLocalMap - -Dio.netty.threadLocalMap.stringBuilder.initialSize: 1024
2018-06-28  14:18:37.661 [nioEventLoopGroup-2-3] DEBUG io.netty.util.internal.InternalThreadLocalMap - -Dio.netty.threadLocalMap.stringBuilder.maxSize: 4096
2018-06-28  14:18:45.519 [main] DEBUG io.netty.util.internal.logging.InternalLoggerFactory - Using SLF4J as the default logging framework
2018-06-28  14:18:45.525 [main] DEBUG io.netty.channel.MultithreadEventLoopGroup - -Dio.netty.eventLoopThreads: 16
2018-06-28  14:18:45.553 [main] DEBUG io.netty.util.internal.PlatformDependent - Platform: MacOS
2018-06-28  14:18:45.555 [main] DEBUG io.netty.util.internal.PlatformDependent0 - -Dio.netty.noUnsafe: false
2018-06-28  14:18:45.555 [main] DEBUG io.netty.util.internal.PlatformDependent0 - Java version: 8
2018-06-28  14:18:45.557 [main] DEBUG io.netty.util.internal.PlatformDependent0 - sun.misc.Unsafe.theUnsafe: available
2018-06-28  14:18:45.558 [main] DEBUG io.netty.util.internal.PlatformDependent0 - sun.misc.Unsafe.copyMemory: available
2018-06-28  14:18:45.559 [main] DEBUG io.netty.util.internal.PlatformDependent0 - java.nio.Buffer.address: available
2018-06-28  14:18:45.560 [main] DEBUG io.netty.util.internal.PlatformDependent0 - direct buffer constructor: available
2018-06-28  14:18:45.560 [main] DEBUG io.netty.util.internal.PlatformDependent0 - java.nio.Bits.unaligned: available, true
2018-06-28  14:18:45.560 [main] DEBUG io.netty.util.internal.PlatformDependent0 - jdk.internal.misc.Unsafe.allocateUninitializedArray(int): unavailable prior to Java9
2018-06-28  14:18:45.560 [main] DEBUG io.netty.util.internal.PlatformDependent0 - java.nio.DirectByteBuffer.<init>(long, int): available
2018-06-28  14:18:45.560 [main] DEBUG io.netty.util.internal.PlatformDependent - sun.misc.Unsafe: available
2018-06-28  14:18:45.561 [main] DEBUG io.netty.util.internal.PlatformDependent - -Dio.netty.tmpdir: /var/folders/60/p56nn12s5sq59wz96nlpdfcc0000gn/T (java.io.tmpdir)
2018-06-28  14:18:45.561 [main] DEBUG io.netty.util.internal.PlatformDependent - -Dio.netty.bitMode: 64 (sun.arch.data.model)
2018-06-28  14:18:45.562 [main] DEBUG io.netty.util.internal.PlatformDependent - -Dio.netty.noPreferDirect: false
2018-06-28  14:18:45.563 [main] DEBUG io.netty.util.internal.PlatformDependent - -Dio.netty.maxDirectMemory: 3817865216 bytes
2018-06-28  14:18:45.563 [main] DEBUG io.netty.util.internal.PlatformDependent - -Dio.netty.uninitializedArrayAllocationThreshold: -1
2018-06-28  14:18:45.564 [main] DEBUG io.netty.util.internal.CleanerJava6 - java.nio.ByteBuffer.cleaner(): available
2018-06-28  14:18:45.602 [main] DEBUG io.netty.channel.nio.NioEventLoop - -Dio.netty.noKeySetOptimization: false
2018-06-28  14:18:45.602 [main] DEBUG io.netty.channel.nio.NioEventLoop - -Dio.netty.selectorAutoRebuildThreshold: 512
2018-06-28  14:18:45.615 [main] DEBUG io.netty.util.internal.PlatformDependent - org.jctools-core.MpscChunkedArrayQueue: available
2018-06-28  14:18:45.670 [main] INFO  com.zzc.nettyapi.nettyservice.ServerConfigLoader - load server config from /config.properties successfully!
2018-06-28  14:18:48.274 [main] INFO  com.zzc.nettyapi.annotation.parser.AnnotationMappingConfiguration - mapping url:/todo on the class:com.zzc.test.Controller.AnnotationController - method:todo
2018-06-28  14:18:48.275 [main] INFO  com.zzc.nettyapi.annotation.parser.AnnotationMappingConfiguration - mapping url:/test on the class:com.zzc.test.Controller.AnnotationController - method:test
2018-06-28  14:18:48.276 [main] INFO  com.zzc.nettyapi.annotation.parser.AnnotationMappingConfiguration - mapping url:/run on the class:com.zzc.test.Controller.AnnotationController2 - method:run
2018-06-28  14:21:01.713 [main] ERROR com.zzc.nettyapi.nettyservice.NettyServerBootStrap - init component error! cause:java.lang.NullPointerException
	at com.zzc.nettyapi.apiutil.ApiRegistry.init(ApiRegistry.java:74)
	at com.zzc.nettyapi.apiutil.ApiRegistry.init(ApiRegistry.java:42)
	at com.zzc.nettyapi.nettyservice.NettyServerBootStrap.initComponent(NettyServerBootStrap.java:73)
	at com.zzc.nettyapi.nettyservice.NettyServerBootStrap.main(NettyServerBootStrap.java:45)

2018-06-28  14:21:47.633 [main] DEBUG io.netty.util.internal.logging.InternalLoggerFactory - Using SLF4J as the default logging framework
2018-06-28  14:21:47.642 [main] DEBUG io.netty.channel.MultithreadEventLoopGroup - -Dio.netty.eventLoopThreads: 16
2018-06-28  14:21:47.671 [main] DEBUG io.netty.util.internal.PlatformDependent - Platform: MacOS
2018-06-28  14:21:47.673 [main] DEBUG io.netty.util.internal.PlatformDependent0 - -Dio.netty.noUnsafe: false
2018-06-28  14:21:47.674 [main] DEBUG io.netty.util.internal.PlatformDependent0 - Java version: 8
2018-06-28  14:21:47.676 [main] DEBUG io.netty.util.internal.PlatformDependent0 - sun.misc.Unsafe.theUnsafe: available
2018-06-28  14:21:47.677 [main] DEBUG io.netty.util.internal.PlatformDependent0 - sun.misc.Unsafe.copyMemory: available
2018-06-28  14:21:47.678 [main] DEBUG io.netty.util.internal.PlatformDependent0 - java.nio.Buffer.address: available
2018-06-28  14:21:47.679 [main] DEBUG io.netty.util.internal.PlatformDependent0 - direct buffer constructor: available
2018-06-28  14:21:47.680 [main] DEBUG io.netty.util.internal.PlatformDependent0 - java.nio.Bits.unaligned: available, true
2018-06-28  14:21:47.680 [main] DEBUG io.netty.util.internal.PlatformDependent0 - jdk.internal.misc.Unsafe.allocateUninitializedArray(int): unavailable prior to Java9
2018-06-28  14:21:47.680 [main] DEBUG io.netty.util.internal.PlatformDependent0 - java.nio.DirectByteBuffer.<init>(long, int): available
2018-06-28  14:21:47.680 [main] DEBUG io.netty.util.internal.PlatformDependent - sun.misc.Unsafe: available
2018-06-28  14:21:47.680 [main] DEBUG io.netty.util.internal.PlatformDependent - -Dio.netty.tmpdir: /var/folders/60/p56nn12s5sq59wz96nlpdfcc0000gn/T (java.io.tmpdir)
2018-06-28  14:21:47.680 [main] DEBUG io.netty.util.internal.PlatformDependent - -Dio.netty.bitMode: 64 (sun.arch.data.model)
2018-06-28  14:21:47.682 [main] DEBUG io.netty.util.internal.PlatformDependent - -Dio.netty.noPreferDirect: false
2018-06-28  14:21:47.682 [main] DEBUG io.netty.util.internal.PlatformDependent - -Dio.netty.maxDirectMemory: 3817865216 bytes
2018-06-28  14:21:47.683 [main] DEBUG io.netty.util.internal.PlatformDependent - -Dio.netty.uninitializedArrayAllocationThreshold: -1
2018-06-28  14:21:47.684 [main] DEBUG io.netty.util.internal.CleanerJava6 - java.nio.ByteBuffer.cleaner(): available
2018-06-28  14:21:47.727 [main] DEBUG io.netty.channel.nio.NioEventLoop - -Dio.netty.noKeySetOptimization: false
2018-06-28  14:21:47.727 [main] DEBUG io.netty.channel.nio.NioEventLoop - -Dio.netty.selectorAutoRebuildThreshold: 512
2018-06-28  14:21:47.739 [main] DEBUG io.netty.util.internal.PlatformDependent - org.jctools-core.MpscChunkedArrayQueue: available
2018-06-28  14:21:47.804 [main] INFO  com.zzc.nettyapi.nettyservice.ServerConfigLoader - load server config from /config.properties successfully!
2018-06-28  14:21:50.411 [main] INFO  com.zzc.nettyapi.annotation.parser.AnnotationMappingConfiguration - mapping url:/todo on the class:com.zzc.test.Controller.AnnotationController - method:todo
2018-06-28  14:21:50.413 [main] INFO  com.zzc.nettyapi.annotation.parser.AnnotationMappingConfiguration - mapping url:/test on the class:com.zzc.test.Controller.AnnotationController - method:test
2018-06-28  14:21:50.419 [main] INFO  com.zzc.nettyapi.annotation.parser.AnnotationMappingConfiguration - mapping url:/run on the class:com.zzc.test.Controller.AnnotationController2 - method:run
2018-06-28  14:23:20.181 [main] ERROR com.zzc.nettyapi.nettyservice.NettyServerBootStrap - init component error! cause:java.lang.NullPointerException
	at com.zzc.nettyapi.apiutil.ApiRegistry.init(ApiRegistry.java:74)
	at com.zzc.nettyapi.apiutil.ApiRegistry.init(ApiRegistry.java:42)
	at com.zzc.nettyapi.nettyservice.NettyServerBootStrap.initComponent(NettyServerBootStrap.java:73)
	at com.zzc.nettyapi.nettyservice.NettyServerBootStrap.main(NettyServerBootStrap.java:45)

2018-06-28  14:26:22.695 [main] DEBUG io.netty.util.internal.logging.InternalLoggerFactory - Using SLF4J as the default logging framework
2018-06-28  14:26:22.701 [main] DEBUG io.netty.channel.MultithreadEventLoopGroup - -Dio.netty.eventLoopThreads: 16
2018-06-28  14:26:22.726 [main] DEBUG io.netty.util.internal.PlatformDependent - Platform: MacOS
2018-06-28  14:26:22.728 [main] DEBUG io.netty.util.internal.PlatformDependent0 - -Dio.netty.noUnsafe: false
2018-06-28  14:26:22.728 [main] DEBUG io.netty.util.internal.PlatformDependent0 - Java version: 8
2018-06-28  14:26:22.730 [main] DEBUG io.netty.util.internal.PlatformDependent0 - sun.misc.Unsafe.theUnsafe: available
2018-06-28  14:26:22.731 [main] DEBUG io.netty.util.internal.PlatformDependent0 - sun.misc.Unsafe.copyMemory: available
2018-06-28  14:26:22.732 [main] DEBUG io.netty.util.internal.PlatformDependent0 - java.nio.Buffer.address: available
2018-06-28  14:26:22.733 [main] DEBUG io.netty.util.internal.PlatformDependent0 - direct buffer constructor: available
2018-06-28  14:26:22.733 [main] DEBUG io.netty.util.internal.PlatformDependent0 - java.nio.Bits.unaligned: available, true
2018-06-28  14:26:22.733 [main] DEBUG io.netty.util.internal.PlatformDependent0 - jdk.internal.misc.Unsafe.allocateUninitializedArray(int): unavailable prior to Java9
2018-06-28  14:26:22.734 [main] DEBUG io.netty.util.internal.PlatformDependent0 - java.nio.DirectByteBuffer.<init>(long, int): available
2018-06-28  14:26:22.734 [main] DEBUG io.netty.util.internal.PlatformDependent - sun.misc.Unsafe: available
2018-06-28  14:26:22.734 [main] DEBUG io.netty.util.internal.PlatformDependent - -Dio.netty.tmpdir: /var/folders/60/p56nn12s5sq59wz96nlpdfcc0000gn/T (java.io.tmpdir)
2018-06-28  14:26:22.734 [main] DEBUG io.netty.util.internal.PlatformDependent - -Dio.netty.bitMode: 64 (sun.arch.data.model)
2018-06-28  14:26:22.736 [main] DEBUG io.netty.util.internal.PlatformDependent - -Dio.netty.noPreferDirect: false
2018-06-28  14:26:22.736 [main] DEBUG io.netty.util.internal.PlatformDependent - -Dio.netty.maxDirectMemory: 3817865216 bytes
2018-06-28  14:26:22.736 [main] DEBUG io.netty.util.internal.PlatformDependent - -Dio.netty.uninitializedArrayAllocationThreshold: -1
2018-06-28  14:26:22.737 [main] DEBUG io.netty.util.internal.CleanerJava6 - java.nio.ByteBuffer.cleaner(): available
2018-06-28  14:26:22.775 [main] DEBUG io.netty.channel.nio.NioEventLoop - -Dio.netty.noKeySetOptimization: false
2018-06-28  14:26:22.775 [main] DEBUG io.netty.channel.nio.NioEventLoop - -Dio.netty.selectorAutoRebuildThreshold: 512
2018-06-28  14:26:22.788 [main] DEBUG io.netty.util.internal.PlatformDependent - org.jctools-core.MpscChunkedArrayQueue: available
2018-06-28  14:26:22.814 [main] INFO  com.zzc.nettyapi.nettyservice.ServerConfigLoader - load server config from /config.properties successfully!
2018-06-28  14:26:25.617 [main] INFO  com.zzc.nettyapi.annotation.parser.AnnotationMappingConfiguration - mapping url:/todo on the class:com.zzc.test.Controller.AnnotationController - method:todo
2018-06-28  14:26:25.617 [main] INFO  com.zzc.nettyapi.annotation.parser.AnnotationMappingConfiguration - mapping url:/test on the class:com.zzc.test.Controller.AnnotationController - method:test
2018-06-28  14:26:25.618 [main] INFO  com.zzc.nettyapi.annotation.parser.AnnotationMappingConfiguration - mapping url:/run on the class:com.zzc.test.Controller.AnnotationController2 - method:run
2018-06-28  14:27:24.960 [main] ERROR com.zzc.nettyapi.nettyservice.NettyServerBootStrap - init component error! cause:java.lang.NullPointerException
	at com.zzc.nettyapi.apiutil.ApiRegistry.init(ApiRegistry.java:75)
	at com.zzc.nettyapi.apiutil.ApiRegistry.init(ApiRegistry.java:42)
	at com.zzc.nettyapi.nettyservice.NettyServerBootStrap.initComponent(NettyServerBootStrap.java:73)
	at com.zzc.nettyapi.nettyservice.NettyServerBootStrap.main(NettyServerBootStrap.java:45)

2018-06-28  14:29:34.890 [main] DEBUG io.netty.util.internal.logging.InternalLoggerFactory - Using SLF4J as the default logging framework
2018-06-28  14:29:34.896 [main] DEBUG io.netty.channel.MultithreadEventLoopGroup - -Dio.netty.eventLoopThreads: 16
2018-06-28  14:29:34.922 [main] DEBUG io.netty.util.internal.PlatformDependent - Platform: MacOS
2018-06-28  14:29:34.923 [main] DEBUG io.netty.util.internal.PlatformDependent0 - -Dio.netty.noUnsafe: false
2018-06-28  14:29:34.924 [main] DEBUG io.netty.util.internal.PlatformDependent0 - Java version: 8
2018-06-28  14:29:34.926 [main] DEBUG io.netty.util.internal.PlatformDependent0 - sun.misc.Unsafe.theUnsafe: available
2018-06-28  14:29:34.927 [main] DEBUG io.netty.util.internal.PlatformDependent0 - sun.misc.Unsafe.copyMemory: available
2018-06-28  14:29:34.927 [main] DEBUG io.netty.util.internal.PlatformDependent0 - java.nio.Buffer.address: available
2018-06-28  14:29:34.928 [main] DEBUG io.netty.util.internal.PlatformDependent0 - direct buffer constructor: available
2018-06-28  14:29:34.929 [main] DEBUG io.netty.util.internal.PlatformDependent0 - java.nio.Bits.unaligned: available, true
2018-06-28  14:29:34.929 [main] DEBUG io.netty.util.internal.PlatformDependent0 - jdk.internal.misc.Unsafe.allocateUninitializedArray(int): unavailable prior to Java9
2018-06-28  14:29:34.929 [main] DEBUG io.netty.util.internal.PlatformDependent0 - java.nio.DirectByteBuffer.<init>(long, int): available
2018-06-28  14:29:34.929 [main] DEBUG io.netty.util.internal.PlatformDependent - sun.misc.Unsafe: available
2018-06-28  14:29:34.929 [main] DEBUG io.netty.util.internal.PlatformDependent - -Dio.netty.tmpdir: /var/folders/60/p56nn12s5sq59wz96nlpdfcc0000gn/T (java.io.tmpdir)
2018-06-28  14:29:34.929 [main] DEBUG io.netty.util.internal.PlatformDependent - -Dio.netty.bitMode: 64 (sun.arch.data.model)
2018-06-28  14:29:34.931 [main] DEBUG io.netty.util.internal.PlatformDependent - -Dio.netty.noPreferDirect: false
2018-06-28  14:29:34.931 [main] DEBUG io.netty.util.internal.PlatformDependent - -Dio.netty.maxDirectMemory: 3817865216 bytes
2018-06-28  14:29:34.931 [main] DEBUG io.netty.util.internal.PlatformDependent - -Dio.netty.uninitializedArrayAllocationThreshold: -1
2018-06-28  14:29:34.932 [main] DEBUG io.netty.util.internal.CleanerJava6 - java.nio.ByteBuffer.cleaner(): available
2018-06-28  14:29:34.985 [main] DEBUG io.netty.channel.nio.NioEventLoop - -Dio.netty.noKeySetOptimization: false
2018-06-28  14:29:34.985 [main] DEBUG io.netty.channel.nio.NioEventLoop - -Dio.netty.selectorAutoRebuildThreshold: 512
2018-06-28  14:29:35.000 [main] DEBUG io.netty.util.internal.PlatformDependent - org.jctools-core.MpscChunkedArrayQueue: available
2018-06-28  14:29:35.056 [main] INFO  com.zzc.nettyapi.nettyservice.ServerConfigLoader - load server config from /config.properties successfully!
2018-06-28  14:29:38.412 [main] INFO  com.zzc.nettyapi.annotation.parser.AnnotationMappingConfiguration - mapping url:/todo on the class:com.zzc.test.Controller.AnnotationController - method:todo
2018-06-28  14:29:38.412 [main] INFO  com.zzc.nettyapi.annotation.parser.AnnotationMappingConfiguration - mapping url:/test on the class:com.zzc.test.Controller.AnnotationController - method:test
2018-06-28  14:29:38.412 [main] INFO  com.zzc.nettyapi.annotation.parser.AnnotationMappingConfiguration - mapping url:/run on the class:com.zzc.test.Controller.AnnotationController2 - method:run
2018-06-28  14:29:45.150 [main] ERROR com.zzc.nettyapi.nettyservice.NettyServerBootStrap - init component error! cause:java.lang.NullPointerException
	at com.zzc.nettyapi.apiutil.ApiRegistry.init(ApiRegistry.java:75)
	at com.zzc.nettyapi.apiutil.ApiRegistry.init(ApiRegistry.java:42)
	at com.zzc.nettyapi.nettyservice.NettyServerBootStrap.initComponent(NettyServerBootStrap.java:73)
	at com.zzc.nettyapi.nettyservice.NettyServerBootStrap.main(NettyServerBootStrap.java:45)

2018-06-28  14:30:14.519 [main] DEBUG io.netty.util.internal.logging.InternalLoggerFactory - Using SLF4J as the default logging framework
2018-06-28  14:30:14.528 [main] DEBUG io.netty.channel.MultithreadEventLoopGroup - -Dio.netty.eventLoopThreads: 16
2018-06-28  14:30:14.561 [main] DEBUG io.netty.util.internal.PlatformDependent - Platform: MacOS
2018-06-28  14:30:14.563 [main] DEBUG io.netty.util.internal.PlatformDependent0 - -Dio.netty.noUnsafe: false
2018-06-28  14:30:14.563 [main] DEBUG io.netty.util.internal.PlatformDependent0 - Java version: 8
2018-06-28  14:30:14.565 [main] DEBUG io.netty.util.internal.PlatformDependent0 - sun.misc.Unsafe.theUnsafe: available
2018-06-28  14:30:14.566 [main] DEBUG io.netty.util.internal.PlatformDependent0 - sun.misc.Unsafe.copyMemory: available
2018-06-28  14:30:14.567 [main] DEBUG io.netty.util.internal.PlatformDependent0 - java.nio.Buffer.address: available
2018-06-28  14:30:14.568 [main] DEBUG io.netty.util.internal.PlatformDependent0 - direct buffer constructor: available
2018-06-28  14:30:14.569 [main] DEBUG io.netty.util.internal.PlatformDependent0 - java.nio.Bits.unaligned: available, true
2018-06-28  14:30:14.569 [main] DEBUG io.netty.util.internal.PlatformDependent0 - jdk.internal.misc.Unsafe.allocateUninitializedArray(int): unavailable prior to Java9
2018-06-28  14:30:14.569 [main] DEBUG io.netty.util.internal.PlatformDependent0 - java.nio.DirectByteBuffer.<init>(long, int): available
2018-06-28  14:30:14.569 [main] DEBUG io.netty.util.internal.PlatformDependent - sun.misc.Unsafe: available
2018-06-28  14:30:14.569 [main] DEBUG io.netty.util.internal.PlatformDependent - -Dio.netty.tmpdir: /var/folders/60/p56nn12s5sq59wz96nlpdfcc0000gn/T (java.io.tmpdir)
2018-06-28  14:30:14.569 [main] DEBUG io.netty.util.internal.PlatformDependent - -Dio.netty.bitMode: 64 (sun.arch.data.model)
2018-06-28  14:30:14.571 [main] DEBUG io.netty.util.internal.PlatformDependent - -Dio.netty.noPreferDirect: false
2018-06-28  14:30:14.571 [main] DEBUG io.netty.util.internal.PlatformDependent - -Dio.netty.maxDirectMemory: 3817865216 bytes
2018-06-28  14:30:14.571 [main] DEBUG io.netty.util.internal.PlatformDependent - -Dio.netty.uninitializedArrayAllocationThreshold: -1
2018-06-28  14:30:14.572 [main] DEBUG io.netty.util.internal.CleanerJava6 - java.nio.ByteBuffer.cleaner(): available
2018-06-28  14:30:14.611 [main] DEBUG io.netty.channel.nio.NioEventLoop - -Dio.netty.noKeySetOptimization: false
2018-06-28  14:30:14.611 [main] DEBUG io.netty.channel.nio.NioEventLoop - -Dio.netty.selectorAutoRebuildThreshold: 512
2018-06-28  14:30:14.624 [main] DEBUG io.netty.util.internal.PlatformDependent - org.jctools-core.MpscChunkedArrayQueue: available
2018-06-28  14:30:14.681 [main] INFO  com.zzc.nettyapi.nettyservice.ServerConfigLoader - load server config from /config.properties successfully!
2018-06-28  14:30:16.921 [main] INFO  com.zzc.nettyapi.annotation.parser.AnnotationMappingConfiguration - mapping url:/todo on the class:com.zzc.test.Controller.AnnotationController - method:todo
2018-06-28  14:30:16.921 [main] INFO  com.zzc.nettyapi.annotation.parser.AnnotationMappingConfiguration - mapping url:/test on the class:com.zzc.test.Controller.AnnotationController - method:test
2018-06-28  14:30:16.922 [main] INFO  com.zzc.nettyapi.annotation.parser.AnnotationMappingConfiguration - mapping url:/run on the class:com.zzc.test.Controller.AnnotationController2 - method:run
2018-06-28  14:31:08.270 [main] ERROR com.zzc.nettyapi.nettyservice.NettyServerBootStrap - init component error! cause:java.lang.NullPointerException
	at com.zzc.nettyapi.apiutil.ApiRegistry.init(ApiRegistry.java:75)
	at com.zzc.nettyapi.apiutil.ApiRegistry.init(ApiRegistry.java:42)
	at com.zzc.nettyapi.nettyservice.NettyServerBootStrap.initComponent(NettyServerBootStrap.java:73)
	at com.zzc.nettyapi.nettyservice.NettyServerBootStrap.main(NettyServerBootStrap.java:45)

2018-06-28  14:31:26.915 [main] DEBUG io.netty.util.internal.logging.InternalLoggerFactory - Using SLF4J as the default logging framework
2018-06-28  14:31:26.924 [main] DEBUG io.netty.channel.MultithreadEventLoopGroup - -Dio.netty.eventLoopThreads: 16
2018-06-28  14:31:26.955 [main] DEBUG io.netty.util.internal.PlatformDependent - Platform: MacOS
2018-06-28  14:31:26.957 [main] DEBUG io.netty.util.internal.PlatformDependent0 - -Dio.netty.noUnsafe: false
2018-06-28  14:31:26.957 [main] DEBUG io.netty.util.internal.PlatformDependent0 - Java version: 8
2018-06-28  14:31:26.959 [main] DEBUG io.netty.util.internal.PlatformDependent0 - sun.misc.Unsafe.theUnsafe: available
2018-06-28  14:31:26.960 [main] DEBUG io.netty.util.internal.PlatformDependent0 - sun.misc.Unsafe.copyMemory: available
2018-06-28  14:31:26.961 [main] DEBUG io.netty.util.internal.PlatformDependent0 - java.nio.Buffer.address: available
2018-06-28  14:31:26.962 [main] DEBUG io.netty.util.internal.PlatformDependent0 - direct buffer constructor: available
2018-06-28  14:31:26.963 [main] DEBUG io.netty.util.internal.PlatformDependent0 - java.nio.Bits.unaligned: available, true
2018-06-28  14:31:26.963 [main] DEBUG io.netty.util.internal.PlatformDependent0 - jdk.internal.misc.Unsafe.allocateUninitializedArray(int): unavailable prior to Java9
2018-06-28  14:31:26.963 [main] DEBUG io.netty.util.internal.PlatformDependent0 - java.nio.DirectByteBuffer.<init>(long, int): available
2018-06-28  14:31:26.963 [main] DEBUG io.netty.util.internal.PlatformDependent - sun.misc.Unsafe: available
2018-06-28  14:31:26.963 [main] DEBUG io.netty.util.internal.PlatformDependent - -Dio.netty.tmpdir: /var/folders/60/p56nn12s5sq59wz96nlpdfcc0000gn/T (java.io.tmpdir)
2018-06-28  14:31:26.963 [main] DEBUG io.netty.util.internal.PlatformDependent - -Dio.netty.bitMode: 64 (sun.arch.data.model)
2018-06-28  14:31:26.965 [main] DEBUG io.netty.util.internal.PlatformDependent - -Dio.netty.noPreferDirect: false
2018-06-28  14:31:26.965 [main] DEBUG io.netty.util.internal.PlatformDependent - -Dio.netty.maxDirectMemory: 3817865216 bytes
2018-06-28  14:31:26.965 [main] DEBUG io.netty.util.internal.PlatformDependent - -Dio.netty.uninitializedArrayAllocationThreshold: -1
2018-06-28  14:31:26.966 [main] DEBUG io.netty.util.internal.CleanerJava6 - java.nio.ByteBuffer.cleaner(): available
2018-06-28  14:31:27.012 [main] DEBUG io.netty.channel.nio.NioEventLoop - -Dio.netty.noKeySetOptimization: false
2018-06-28  14:31:27.012 [main] DEBUG io.netty.channel.nio.NioEventLoop - -Dio.netty.selectorAutoRebuildThreshold: 512
2018-06-28  14:31:27.025 [main] DEBUG io.netty.util.internal.PlatformDependent - org.jctools-core.MpscChunkedArrayQueue: available
2018-06-28  14:31:27.084 [main] INFO  com.zzc.nettyapi.nettyservice.ServerConfigLoader - load server config from /config.properties successfully!
2018-06-28  14:31:29.663 [main] INFO  com.zzc.nettyapi.annotation.parser.AnnotationMappingConfiguration - mapping url:/todo on the class:com.zzc.test.Controller.AnnotationController - method:todo
2018-06-28  14:31:29.664 [main] INFO  com.zzc.nettyapi.annotation.parser.AnnotationMappingConfiguration - mapping url:/test on the class:com.zzc.test.Controller.AnnotationController - method:test
2018-06-28  14:31:29.667 [main] INFO  com.zzc.nettyapi.annotation.parser.AnnotationMappingConfiguration - mapping url:/run on the class:com.zzc.test.Controller.AnnotationController2 - method:run
2018-06-28  14:31:33.224 [main] ERROR com.zzc.nettyapi.nettyservice.NettyServerBootStrap - init component error! cause:java.lang.NullPointerException
	at com.zzc.nettyapi.apiutil.ApiRegistry.init(ApiRegistry.java:75)
	at com.zzc.nettyapi.apiutil.ApiRegistry.init(ApiRegistry.java:42)
	at com.zzc.nettyapi.nettyservice.NettyServerBootStrap.initComponent(NettyServerBootStrap.java:73)
	at com.zzc.nettyapi.nettyservice.NettyServerBootStrap.main(NettyServerBootStrap.java:45)

2018-06-28  14:31:36.420 [main] DEBUG io.netty.util.internal.logging.InternalLoggerFactory - Using SLF4J as the default logging framework
2018-06-28  14:31:36.427 [main] DEBUG io.netty.channel.MultithreadEventLoopGroup - -Dio.netty.eventLoopThreads: 16
2018-06-28  14:31:36.460 [main] DEBUG io.netty.util.internal.PlatformDependent - Platform: MacOS
2018-06-28  14:31:36.464 [main] DEBUG io.netty.util.internal.PlatformDependent0 - -Dio.netty.noUnsafe: false
2018-06-28  14:31:36.464 [main] DEBUG io.netty.util.internal.PlatformDependent0 - Java version: 8
2018-06-28  14:31:36.466 [main] DEBUG io.netty.util.internal.PlatformDependent0 - sun.misc.Unsafe.theUnsafe: available
2018-06-28  14:31:36.467 [main] DEBUG io.netty.util.internal.PlatformDependent0 - sun.misc.Unsafe.copyMemory: available
2018-06-28  14:31:36.468 [main] DEBUG io.netty.util.internal.PlatformDependent0 - java.nio.Buffer.address: available
2018-06-28  14:31:36.469 [main] DEBUG io.netty.util.internal.PlatformDependent0 - direct buffer constructor: available
2018-06-28  14:31:36.469 [main] DEBUG io.netty.util.internal.PlatformDependent0 - java.nio.Bits.unaligned: available, true
2018-06-28  14:31:36.469 [main] DEBUG io.netty.util.internal.PlatformDependent0 - jdk.internal.misc.Unsafe.allocateUninitializedArray(int): unavailable prior to Java9
2018-06-28  14:31:36.470 [main] DEBUG io.netty.util.internal.PlatformDependent0 - java.nio.DirectByteBuffer.<init>(long, int): available
2018-06-28  14:31:36.470 [main] DEBUG io.netty.util.internal.PlatformDependent - sun.misc.Unsafe: available
2018-06-28  14:31:36.470 [main] DEBUG io.netty.util.internal.PlatformDependent - -Dio.netty.tmpdir: /var/folders/60/p56nn12s5sq59wz96nlpdfcc0000gn/T (java.io.tmpdir)
2018-06-28  14:31:36.470 [main] DEBUG io.netty.util.internal.PlatformDependent - -Dio.netty.bitMode: 64 (sun.arch.data.model)
2018-06-28  14:31:36.471 [main] DEBUG io.netty.util.internal.PlatformDependent - -Dio.netty.noPreferDirect: false
2018-06-28  14:31:36.472 [main] DEBUG io.netty.util.internal.PlatformDependent - -Dio.netty.maxDirectMemory: 3817865216 bytes
2018-06-28  14:31:36.472 [main] DEBUG io.netty.util.internal.PlatformDependent - -Dio.netty.uninitializedArrayAllocationThreshold: -1
2018-06-28  14:31:36.473 [main] DEBUG io.netty.util.internal.CleanerJava6 - java.nio.ByteBuffer.cleaner(): available
2018-06-28  14:31:36.511 [main] DEBUG io.netty.channel.nio.NioEventLoop - -Dio.netty.noKeySetOptimization: false
2018-06-28  14:31:36.511 [main] DEBUG io.netty.channel.nio.NioEventLoop - -Dio.netty.selectorAutoRebuildThreshold: 512
2018-06-28  14:31:36.531 [main] DEBUG io.netty.util.internal.PlatformDependent - org.jctools-core.MpscChunkedArrayQueue: available
2018-06-28  14:31:36.614 [main] INFO  com.zzc.nettyapi.nettyservice.ServerConfigLoader - load server config from /config.properties successfully!
2018-06-28  14:31:39.287 [main] INFO  com.zzc.nettyapi.annotation.parser.AnnotationMappingConfiguration - mapping url:/todo on the class:com.zzc.test.Controller.AnnotationController - method:todo
2018-06-28  14:31:39.287 [main] INFO  com.zzc.nettyapi.annotation.parser.AnnotationMappingConfiguration - mapping url:/test on the class:com.zzc.test.Controller.AnnotationController - method:test
2018-06-28  14:31:39.288 [main] INFO  com.zzc.nettyapi.annotation.parser.AnnotationMappingConfiguration - mapping url:/run on the class:com.zzc.test.Controller.AnnotationController2 - method:run
2018-06-28  14:31:49.183 [main] ERROR com.zzc.nettyapi.nettyservice.NettyServerBootStrap - init component error! cause:java.lang.NullPointerException
	at com.zzc.nettyapi.apiutil.ApiRegistry.init(ApiRegistry.java:75)
	at com.zzc.nettyapi.apiutil.ApiRegistry.init(ApiRegistry.java:42)
	at com.zzc.nettyapi.nettyservice.NettyServerBootStrap.initComponent(NettyServerBootStrap.java:73)
	at com.zzc.nettyapi.nettyservice.NettyServerBootStrap.main(NettyServerBootStrap.java:45)

2018-06-28  14:31:58.006 [main] DEBUG io.netty.util.internal.logging.InternalLoggerFactory - Using SLF4J as the default logging framework
2018-06-28  14:31:58.014 [main] DEBUG io.netty.channel.MultithreadEventLoopGroup - -Dio.netty.eventLoopThreads: 16
2018-06-28  14:31:58.041 [main] DEBUG io.netty.util.internal.PlatformDependent - Platform: MacOS
2018-06-28  14:31:58.043 [main] DEBUG io.netty.util.internal.PlatformDependent0 - -Dio.netty.noUnsafe: false
2018-06-28  14:31:58.044 [main] DEBUG io.netty.util.internal.PlatformDependent0 - Java version: 8
2018-06-28  14:31:58.045 [main] DEBUG io.netty.util.internal.PlatformDependent0 - sun.misc.Unsafe.theUnsafe: available
2018-06-28  14:31:58.046 [main] DEBUG io.netty.util.internal.PlatformDependent0 - sun.misc.Unsafe.copyMemory: available
2018-06-28  14:31:58.047 [main] DEBUG io.netty.util.internal.PlatformDependent0 - java.nio.Buffer.address: available
2018-06-28  14:31:58.048 [main] DEBUG io.netty.util.internal.PlatformDependent0 - direct buffer constructor: available
2018-06-28  14:31:58.048 [main] DEBUG io.netty.util.internal.PlatformDependent0 - java.nio.Bits.unaligned: available, true
2018-06-28  14:31:58.049 [main] DEBUG io.netty.util.internal.PlatformDependent0 - jdk.internal.misc.Unsafe.allocateUninitializedArray(int): unavailable prior to Java9
2018-06-28  14:31:58.049 [main] DEBUG io.netty.util.internal.PlatformDependent0 - java.nio.DirectByteBuffer.<init>(long, int): available
2018-06-28  14:31:58.049 [main] DEBUG io.netty.util.internal.PlatformDependent - sun.misc.Unsafe: available
2018-06-28  14:31:58.049 [main] DEBUG io.netty.util.internal.PlatformDependent - -Dio.netty.tmpdir: /var/folders/60/p56nn12s5sq59wz96nlpdfcc0000gn/T (java.io.tmpdir)
2018-06-28  14:31:58.049 [main] DEBUG io.netty.util.internal.PlatformDependent - -Dio.netty.bitMode: 64 (sun.arch.data.model)
2018-06-28  14:31:58.050 [main] DEBUG io.netty.util.internal.PlatformDependent - -Dio.netty.noPreferDirect: false
2018-06-28  14:31:58.051 [main] DEBUG io.netty.util.internal.PlatformDependent - -Dio.netty.maxDirectMemory: 3817865216 bytes
2018-06-28  14:31:58.051 [main] DEBUG io.netty.util.internal.PlatformDependent - -Dio.netty.uninitializedArrayAllocationThreshold: -1
2018-06-28  14:31:58.052 [main] DEBUG io.netty.util.internal.CleanerJava6 - java.nio.ByteBuffer.cleaner(): available
2018-06-28  14:31:58.096 [main] DEBUG io.netty.channel.nio.NioEventLoop - -Dio.netty.noKeySetOptimization: false
2018-06-28  14:31:58.097 [main] DEBUG io.netty.channel.nio.NioEventLoop - -Dio.netty.selectorAutoRebuildThreshold: 512
2018-06-28  14:31:58.124 [main] DEBUG io.netty.util.internal.PlatformDependent - org.jctools-core.MpscChunkedArrayQueue: available
2018-06-28  14:31:58.222 [main] INFO  com.zzc.nettyapi.nettyservice.ServerConfigLoader - load server config from /config.properties successfully!
2018-06-28  14:32:00.514 [main] INFO  com.zzc.nettyapi.annotation.parser.AnnotationMappingConfiguration - mapping url:/todo on the class:com.zzc.test.Controller.AnnotationController - method:todo
2018-06-28  14:32:00.514 [main] INFO  com.zzc.nettyapi.annotation.parser.AnnotationMappingConfiguration - mapping url:/test on the class:com.zzc.test.Controller.AnnotationController - method:test
2018-06-28  14:32:00.514 [main] INFO  com.zzc.nettyapi.annotation.parser.AnnotationMappingConfiguration - mapping url:/run on the class:com.zzc.test.Controller.AnnotationController2 - method:run
2018-06-28  14:32:11.347 [main] INFO  com.zzc.nettyapi.apiutil.ApiRegistry - mapping url:/user/:uid/note/:noteid on the class:com.zzc.test.Controller.UserController - method:get
2018-06-28  14:32:11.348 [main] INFO  com.zzc.nettyapi.apiutil.ApiRegistry - mapping url:/person on the class:com.zzc.test.Controller.UserController - method:getPerson
2018-06-28  14:32:11.349 [main] INFO  com.zzc.nettyapi.apiutil.ApiRegistry - mapping url:/person1 on the class:com.zzc.test.Controller.UserController - method:getPersonStrng
2018-06-28  14:32:11.402 [main] DEBUG io.netty.channel.DefaultChannelId - -Dio.netty.processId: 5913 (auto-detected)
2018-06-28  14:32:11.404 [main] DEBUG io.netty.util.NetUtil - -Djava.net.preferIPv4Stack: false
2018-06-28  14:32:11.404 [main] DEBUG io.netty.util.NetUtil - -Djava.net.preferIPv6Addresses: false
