2018-05-01  11:41:50.094 [main] DEBUG io.netty.util.internal.logging.InternalLoggerFactory - Using SLF4J as the default logging framework
2018-05-01  11:41:50.113 [main] DEBUG io.netty.channel.MultithreadEventLoopGroup - -Dio.netty.eventLoopThreads: 16
2018-05-01  11:41:50.212 [main] DEBUG io.netty.util.internal.PlatformDependent - Platform: MacOS
2018-05-01  11:41:50.214 [main] DEBUG io.netty.util.internal.PlatformDependent0 - -Dio.netty.noUnsafe: false
2018-05-01  11:41:50.215 [main] DEBUG io.netty.util.internal.PlatformDependent0 - Java version: 8
2018-05-01  11:41:50.219 [main] DEBUG io.netty.util.internal.PlatformDependent0 - sun.misc.Unsafe.theUnsafe: available
2018-05-01  11:41:50.221 [main] DEBUG io.netty.util.internal.PlatformDependent0 - sun.misc.Unsafe.copyMemory: available
2018-05-01  11:41:50.229 [main] DEBUG io.netty.util.internal.PlatformDependent0 - java.nio.Buffer.address: available
2018-05-01  11:41:50.236 [main] DEBUG io.netty.util.internal.PlatformDependent0 - direct buffer constructor: available
2018-05-01  11:41:50.238 [main] DEBUG io.netty.util.internal.PlatformDependent0 - java.nio.Bits.unaligned: available, true
2018-05-01  11:41:50.238 [main] DEBUG io.netty.util.internal.PlatformDependent0 - jdk.internal.misc.Unsafe.allocateUninitializedArray(int): unavailable prior to Java9
2018-05-01  11:41:50.238 [main] DEBUG io.netty.util.internal.PlatformDependent0 - java.nio.DirectByteBuffer.<init>(long, int): available
2018-05-01  11:41:50.238 [main] DEBUG io.netty.util.internal.PlatformDependent - sun.misc.Unsafe: available
2018-05-01  11:41:50.239 [main] DEBUG io.netty.util.internal.PlatformDependent - -Dio.netty.tmpdir: /var/folders/60/p56nn12s5sq59wz96nlpdfcc0000gn/T (java.io.tmpdir)
2018-05-01  11:41:50.239 [main] DEBUG io.netty.util.internal.PlatformDependent - -Dio.netty.bitMode: 64 (sun.arch.data.model)
2018-05-01  11:41:50.251 [main] DEBUG io.netty.util.internal.PlatformDependent - -Dio.netty.noPreferDirect: false
2018-05-01  11:41:50.252 [main] DEBUG io.netty.util.internal.PlatformDependent - -Dio.netty.maxDirectMemory: 3817865216 bytes
2018-05-01  11:41:50.252 [main] DEBUG io.netty.util.internal.PlatformDependent - -Dio.netty.uninitializedArrayAllocationThreshold: -1
2018-05-01  11:41:50.256 [main] DEBUG io.netty.util.internal.CleanerJava6 - java.nio.ByteBuffer.cleaner(): available
2018-05-01  11:41:50.304 [main] DEBUG io.netty.channel.nio.NioEventLoop - -Dio.netty.noKeySetOptimization: false
2018-05-01  11:41:50.305 [main] DEBUG io.netty.channel.nio.NioEventLoop - -Dio.netty.selectorAutoRebuildThreshold: 512
2018-05-01  11:41:50.328 [main] DEBUG io.netty.util.internal.PlatformDependent - org.jctools-core.MpscChunkedArrayQueue: available
2018-05-01  11:41:50.386 [main] INFO  com.zzc.nettyapi.nettyservice.ServerConfigLoader - load server config from /config.properties successfully!
2018-05-01  11:41:50.509 [main] DEBUG io.netty.channel.DefaultChannelId - -Dio.netty.processId: 6116 (auto-detected)
2018-05-01  11:41:50.512 [main] DEBUG io.netty.util.NetUtil - -Djava.net.preferIPv4Stack: false
2018-05-01  11:41:50.513 [main] DEBUG io.netty.util.NetUtil - -Djava.net.preferIPv6Addresses: false
2018-05-01  11:41:50.521 [main] DEBUG io.netty.util.NetUtil - Loopback interface: lo0 (lo0, 0:0:0:0:0:0:0:1)
2018-05-01  11:41:50.522 [main] DEBUG io.netty.util.NetUtil - Failed to get SOMAXCONN from sysctl and file /proc/sys/net/core/somaxconn. Default: 128
2018-05-01  11:41:50.525 [main] DEBUG io.netty.channel.DefaultChannelId - -Dio.netty.machineId: ac:de:48:ff:fe:00:11:22 (auto-detected)
2018-05-01  11:41:50.538 [main] DEBUG io.netty.util.internal.InternalThreadLocalMap - -Dio.netty.threadLocalMap.stringBuilder.initialSize: 1024
2018-05-01  11:41:50.539 [main] DEBUG io.netty.util.internal.InternalThreadLocalMap - -Dio.netty.threadLocalMap.stringBuilder.maxSize: 4096
2018-05-01  11:41:50.554 [main] DEBUG io.netty.util.ResourceLeakDetector - -Dio.netty.leakDetection.level: simple
2018-05-01  11:41:50.555 [main] DEBUG io.netty.util.ResourceLeakDetector - -Dio.netty.leakDetection.maxRecords: 4
2018-05-01  11:41:50.555 [main] DEBUG io.netty.util.ResourceLeakDetector - -Dio.netty.leakDetection.maxSampledRecords: 40
2018-05-01  11:41:50.604 [main] DEBUG io.netty.buffer.PooledByteBufAllocator - -Dio.netty.allocator.numHeapArenas: 16
2018-05-01  11:41:50.604 [main] DEBUG io.netty.buffer.PooledByteBufAllocator - -Dio.netty.allocator.numDirectArenas: 16
2018-05-01  11:41:50.604 [main] DEBUG io.netty.buffer.PooledByteBufAllocator - -Dio.netty.allocator.pageSize: 8192
2018-05-01  11:41:50.604 [main] DEBUG io.netty.buffer.PooledByteBufAllocator - -Dio.netty.allocator.maxOrder: 11
2018-05-01  11:41:50.604 [main] DEBUG io.netty.buffer.PooledByteBufAllocator - -Dio.netty.allocator.chunkSize: 16777216
2018-05-01  11:41:50.604 [main] DEBUG io.netty.buffer.PooledByteBufAllocator - -Dio.netty.allocator.tinyCacheSize: 512
2018-05-01  11:41:50.604 [main] DEBUG io.netty.buffer.PooledByteBufAllocator - -Dio.netty.allocator.smallCacheSize: 256
2018-05-01  11:41:50.604 [main] DEBUG io.netty.buffer.PooledByteBufAllocator - -Dio.netty.allocator.normalCacheSize: 64
2018-05-01  11:41:50.604 [main] DEBUG io.netty.buffer.PooledByteBufAllocator - -Dio.netty.allocator.maxCachedBufferCapacity: 32768
2018-05-01  11:41:50.605 [main] DEBUG io.netty.buffer.PooledByteBufAllocator - -Dio.netty.allocator.cacheTrimInterval: 8192
2018-05-01  11:41:50.605 [main] DEBUG io.netty.buffer.PooledByteBufAllocator - -Dio.netty.allocator.useCacheForAllThreads: true
2018-05-01  11:41:50.619 [main] DEBUG io.netty.buffer.ByteBufUtil - -Dio.netty.allocator.type: pooled
2018-05-01  11:41:50.619 [main] DEBUG io.netty.buffer.ByteBufUtil - -Dio.netty.threadLocalDirectBufferSize: 65536
2018-05-01  11:41:50.619 [main] DEBUG io.netty.buffer.ByteBufUtil - -Dio.netty.maxThreadLocalCharBufferSize: 16384
2018-05-01  11:41:50.665 [main] INFO  com.zzc.nettyapi.nettyservice.NettyServerBootStrap - Server bind successfully
2018-05-01  11:41:52.052 [nioEventLoopGroup-3-1] DEBUG io.netty.buffer.AbstractByteBuf - -Dio.netty.buffer.bytebuf.checkAccessible: true
2018-05-01  11:41:52.053 [nioEventLoopGroup-3-1] DEBUG io.netty.util.ResourceLeakDetectorFactory - Loaded default ResourceLeakDetector: io.netty.util.ResourceLeakDetector@71bce6ce
2018-05-01  11:41:52.152 [nioEventLoopGroup-3-1] DEBUG io.netty.util.Recycler - -Dio.netty.recycler.maxCapacityPerThread: 32768
2018-05-01  11:41:52.153 [nioEventLoopGroup-3-1] DEBUG io.netty.util.Recycler - -Dio.netty.recycler.maxSharedCapacityFactor: 2
2018-05-01  11:41:52.153 [nioEventLoopGroup-3-1] DEBUG io.netty.util.Recycler - -Dio.netty.recycler.linkCapacity: 16
2018-05-01  11:41:52.153 [nioEventLoopGroup-3-1] DEBUG io.netty.util.Recycler - -Dio.netty.recycler.ratio: 8
2018-05-01  11:41:54.979 [nioEventLoopGroup-3-1] INFO  com.zzc.nettyapi.request.HttpRequestParser - date:Tue May 01 11:41:54 CST 2018---uri:/person1
2018-05-01  11:42:45.932 [nioEventLoopGroup-3-1] DEBUG com.zzc.nettyapi.argument.binder.DataBinderFactory - type:com.zzc.test.entity.Person ------> dataBinder:com.zzc.nettyapi.argument.binder.ModelAttributeDataBinder
2018-05-01  11:45:32.176 [main] DEBUG io.netty.util.internal.logging.InternalLoggerFactory - Using SLF4J as the default logging framework
2018-05-01  11:45:32.188 [main] DEBUG io.netty.channel.MultithreadEventLoopGroup - -Dio.netty.eventLoopThreads: 16
2018-05-01  11:45:32.340 [main] DEBUG io.netty.util.internal.PlatformDependent - Platform: MacOS
2018-05-01  11:45:32.345 [main] DEBUG io.netty.util.internal.PlatformDependent0 - -Dio.netty.noUnsafe: false
2018-05-01  11:45:32.351 [main] DEBUG io.netty.util.internal.PlatformDependent0 - Java version: 8
2018-05-01  11:45:32.358 [main] DEBUG io.netty.util.internal.PlatformDependent0 - sun.misc.Unsafe.theUnsafe: available
2018-05-01  11:45:32.363 [main] DEBUG io.netty.util.internal.PlatformDependent0 - sun.misc.Unsafe.copyMemory: available
2018-05-01  11:45:32.365 [main] DEBUG io.netty.util.internal.PlatformDependent0 - java.nio.Buffer.address: available
2018-05-01  11:45:32.366 [main] DEBUG io.netty.util.internal.PlatformDependent0 - direct buffer constructor: available
2018-05-01  11:45:32.368 [main] DEBUG io.netty.util.internal.PlatformDependent0 - java.nio.Bits.unaligned: available, true
2018-05-01  11:45:32.368 [main] DEBUG io.netty.util.internal.PlatformDependent0 - jdk.internal.misc.Unsafe.allocateUninitializedArray(int): unavailable prior to Java9
2018-05-01  11:45:32.368 [main] DEBUG io.netty.util.internal.PlatformDependent0 - java.nio.DirectByteBuffer.<init>(long, int): available
2018-05-01  11:45:32.368 [main] DEBUG io.netty.util.internal.PlatformDependent - sun.misc.Unsafe: available
2018-05-01  11:45:32.369 [main] DEBUG io.netty.util.internal.PlatformDependent - -Dio.netty.tmpdir: /var/folders/60/p56nn12s5sq59wz96nlpdfcc0000gn/T (java.io.tmpdir)
2018-05-01  11:45:32.370 [main] DEBUG io.netty.util.internal.PlatformDependent - -Dio.netty.bitMode: 64 (sun.arch.data.model)
2018-05-01  11:45:32.373 [main] DEBUG io.netty.util.internal.PlatformDependent - -Dio.netty.noPreferDirect: false
2018-05-01  11:45:32.374 [main] DEBUG io.netty.util.internal.PlatformDependent - -Dio.netty.maxDirectMemory: 3817865216 bytes
2018-05-01  11:45:32.374 [main] DEBUG io.netty.util.internal.PlatformDependent - -Dio.netty.uninitializedArrayAllocationThreshold: -1
2018-05-01  11:45:32.380 [main] DEBUG io.netty.util.internal.CleanerJava6 - java.nio.ByteBuffer.cleaner(): available
2018-05-01  11:45:32.447 [main] DEBUG io.netty.channel.nio.NioEventLoop - -Dio.netty.noKeySetOptimization: false
2018-05-01  11:45:32.447 [main] DEBUG io.netty.channel.nio.NioEventLoop - -Dio.netty.selectorAutoRebuildThreshold: 512
2018-05-01  11:45:32.465 [main] DEBUG io.netty.util.internal.PlatformDependent - org.jctools-core.MpscChunkedArrayQueue: available
2018-05-01  11:45:32.511 [main] INFO  com.zzc.nettyapi.nettyservice.ServerConfigLoader - load server config from /config.properties successfully!
2018-05-01  11:45:32.572 [main] DEBUG io.netty.channel.DefaultChannelId - -Dio.netty.processId: 6125 (auto-detected)
2018-05-01  11:45:32.575 [main] DEBUG io.netty.util.NetUtil - -Djava.net.preferIPv4Stack: false
2018-05-01  11:45:32.575 [main] DEBUG io.netty.util.NetUtil - -Djava.net.preferIPv6Addresses: false
2018-05-01  11:45:32.581 [main] DEBUG io.netty.util.NetUtil - Loopback interface: lo0 (lo0, 0:0:0:0:0:0:0:1)
2018-05-01  11:45:32.582 [main] DEBUG io.netty.util.NetUtil - Failed to get SOMAXCONN from sysctl and file /proc/sys/net/core/somaxconn. Default: 128
2018-05-01  11:45:32.587 [main] DEBUG io.netty.channel.DefaultChannelId - -Dio.netty.machineId: ac:de:48:ff:fe:00:11:22 (auto-detected)
2018-05-01  11:45:32.595 [main] DEBUG io.netty.util.internal.InternalThreadLocalMap - -Dio.netty.threadLocalMap.stringBuilder.initialSize: 1024
2018-05-01  11:45:32.595 [main] DEBUG io.netty.util.internal.InternalThreadLocalMap - -Dio.netty.threadLocalMap.stringBuilder.maxSize: 4096
2018-05-01  11:45:32.607 [main] DEBUG io.netty.util.ResourceLeakDetector - -Dio.netty.leakDetection.level: simple
2018-05-01  11:45:32.608 [main] DEBUG io.netty.util.ResourceLeakDetector - -Dio.netty.leakDetection.maxRecords: 4
2018-05-01  11:45:32.608 [main] DEBUG io.netty.util.ResourceLeakDetector - -Dio.netty.leakDetection.maxSampledRecords: 40
2018-05-01  11:45:32.674 [main] DEBUG io.netty.buffer.PooledByteBufAllocator - -Dio.netty.allocator.numHeapArenas: 16
2018-05-01  11:45:32.675 [main] DEBUG io.netty.buffer.PooledByteBufAllocator - -Dio.netty.allocator.numDirectArenas: 16
2018-05-01  11:45:32.675 [main] DEBUG io.netty.buffer.PooledByteBufAllocator - -Dio.netty.allocator.pageSize: 8192
2018-05-01  11:45:32.676 [main] DEBUG io.netty.buffer.PooledByteBufAllocator - -Dio.netty.allocator.maxOrder: 11
2018-05-01  11:45:32.676 [main] DEBUG io.netty.buffer.PooledByteBufAllocator - -Dio.netty.allocator.chunkSize: 16777216
2018-05-01  11:45:32.676 [main] DEBUG io.netty.buffer.PooledByteBufAllocator - -Dio.netty.allocator.tinyCacheSize: 512
2018-05-01  11:45:32.676 [main] DEBUG io.netty.buffer.PooledByteBufAllocator - -Dio.netty.allocator.smallCacheSize: 256
2018-05-01  11:45:32.676 [main] DEBUG io.netty.buffer.PooledByteBufAllocator - -Dio.netty.allocator.normalCacheSize: 64
2018-05-01  11:45:32.676 [main] DEBUG io.netty.buffer.PooledByteBufAllocator - -Dio.netty.allocator.maxCachedBufferCapacity: 32768
2018-05-01  11:45:32.676 [main] DEBUG io.netty.buffer.PooledByteBufAllocator - -Dio.netty.allocator.cacheTrimInterval: 8192
2018-05-01  11:45:32.676 [main] DEBUG io.netty.buffer.PooledByteBufAllocator - -Dio.netty.allocator.useCacheForAllThreads: true
2018-05-01  11:45:32.729 [main] DEBUG io.netty.buffer.ByteBufUtil - -Dio.netty.allocator.type: pooled
2018-05-01  11:45:32.733 [main] DEBUG io.netty.buffer.ByteBufUtil - -Dio.netty.threadLocalDirectBufferSize: 65536
2018-05-01  11:45:32.733 [main] DEBUG io.netty.buffer.ByteBufUtil - -Dio.netty.maxThreadLocalCharBufferSize: 16384
2018-05-01  11:45:32.793 [main] INFO  com.zzc.nettyapi.nettyservice.NettyServerBootStrap - Server bind successfully
2018-05-01  11:45:33.912 [nioEventLoopGroup-3-1] DEBUG io.netty.buffer.AbstractByteBuf - -Dio.netty.buffer.bytebuf.checkAccessible: true
2018-05-01  11:45:33.914 [nioEventLoopGroup-3-1] DEBUG io.netty.util.ResourceLeakDetectorFactory - Loaded default ResourceLeakDetector: io.netty.util.ResourceLeakDetector@ba3b4bf
2018-05-01  11:45:33.983 [nioEventLoopGroup-3-1] DEBUG io.netty.util.Recycler - -Dio.netty.recycler.maxCapacityPerThread: 32768
2018-05-01  11:45:33.984 [nioEventLoopGroup-3-1] DEBUG io.netty.util.Recycler - -Dio.netty.recycler.maxSharedCapacityFactor: 2
2018-05-01  11:45:33.984 [nioEventLoopGroup-3-1] DEBUG io.netty.util.Recycler - -Dio.netty.recycler.linkCapacity: 16
2018-05-01  11:45:33.984 [nioEventLoopGroup-3-1] DEBUG io.netty.util.Recycler - -Dio.netty.recycler.ratio: 8
2018-05-01  11:45:36.388 [nioEventLoopGroup-3-1] INFO  com.zzc.nettyapi.request.HttpRequestParser - date:Tue May 01 11:45:36 CST 2018---uri:/person1
2018-05-01  11:45:45.773 [nioEventLoopGroup-3-1] DEBUG com.zzc.nettyapi.argument.binder.DataBinderFactory - type:com.zzc.test.entity.Person ------> dataBinder:com.zzc.nettyapi.argument.binder.ModelAttributeDataBinder
2018-05-01  11:45:57.299 [nioEventLoopGroup-3-1] INFO  com.zzc.nettyapi.request.HttpRequestParser - date:Tue May 01 11:45:57 CST 2018---uri:/person1
2018-05-01  11:46:06.166 [nioEventLoopGroup-3-1] DEBUG com.zzc.nettyapi.argument.binder.DataBinderFactory - type:com.zzc.test.entity.Person ------> dataBinder:com.zzc.nettyapi.argument.binder.ModelAttributeDataBinder
2018-05-01  11:47:31.344 [main] DEBUG io.netty.util.internal.logging.InternalLoggerFactory - Using SLF4J as the default logging framework
2018-05-01  11:47:31.348 [main] DEBUG io.netty.channel.MultithreadEventLoopGroup - -Dio.netty.eventLoopThreads: 16
2018-05-01  11:47:31.379 [main] DEBUG io.netty.util.internal.PlatformDependent - Platform: MacOS
2018-05-01  11:47:31.381 [main] DEBUG io.netty.util.internal.PlatformDependent0 - -Dio.netty.noUnsafe: false
2018-05-01  11:47:31.381 [main] DEBUG io.netty.util.internal.PlatformDependent0 - Java version: 8
2018-05-01  11:47:31.383 [main] DEBUG io.netty.util.internal.PlatformDependent0 - sun.misc.Unsafe.theUnsafe: available
2018-05-01  11:47:31.384 [main] DEBUG io.netty.util.internal.PlatformDependent0 - sun.misc.Unsafe.copyMemory: available
2018-05-01  11:47:31.384 [main] DEBUG io.netty.util.internal.PlatformDependent0 - java.nio.Buffer.address: available
2018-05-01  11:47:31.385 [main] DEBUG io.netty.util.internal.PlatformDependent0 - direct buffer constructor: available
2018-05-01  11:47:31.388 [main] DEBUG io.netty.util.internal.PlatformDependent0 - java.nio.Bits.unaligned: available, true
2018-05-01  11:47:31.388 [main] DEBUG io.netty.util.internal.PlatformDependent0 - jdk.internal.misc.Unsafe.allocateUninitializedArray(int): unavailable prior to Java9
2018-05-01  11:47:31.388 [main] DEBUG io.netty.util.internal.PlatformDependent0 - java.nio.DirectByteBuffer.<init>(long, int): available
2018-05-01  11:47:31.388 [main] DEBUG io.netty.util.internal.PlatformDependent - sun.misc.Unsafe: available
2018-05-01  11:47:31.388 [main] DEBUG io.netty.util.internal.PlatformDependent - -Dio.netty.tmpdir: /var/folders/60/p56nn12s5sq59wz96nlpdfcc0000gn/T (java.io.tmpdir)
2018-05-01  11:47:31.388 [main] DEBUG io.netty.util.internal.PlatformDependent - -Dio.netty.bitMode: 64 (sun.arch.data.model)
2018-05-01  11:47:31.390 [main] DEBUG io.netty.util.internal.PlatformDependent - -Dio.netty.noPreferDirect: false
2018-05-01  11:47:31.390 [main] DEBUG io.netty.util.internal.PlatformDependent - -Dio.netty.maxDirectMemory: 3817865216 bytes
2018-05-01  11:47:31.390 [main] DEBUG io.netty.util.internal.PlatformDependent - -Dio.netty.uninitializedArrayAllocationThreshold: -1
2018-05-01  11:47:31.391 [main] DEBUG io.netty.util.internal.CleanerJava6 - java.nio.ByteBuffer.cleaner(): available
2018-05-01  11:47:31.411 [main] DEBUG io.netty.channel.nio.NioEventLoop - -Dio.netty.noKeySetOptimization: false
2018-05-01  11:47:31.412 [main] DEBUG io.netty.channel.nio.NioEventLoop - -Dio.netty.selectorAutoRebuildThreshold: 512
2018-05-01  11:47:31.419 [main] DEBUG io.netty.util.internal.PlatformDependent - org.jctools-core.MpscChunkedArrayQueue: available
2018-05-01  11:47:31.441 [main] INFO  com.zzc.nettyapi.nettyservice.ServerConfigLoader - load server config from /config.properties successfully!
2018-05-01  11:47:31.519 [main] DEBUG io.netty.channel.DefaultChannelId - -Dio.netty.processId: 6142 (auto-detected)
2018-05-01  11:47:31.522 [main] DEBUG io.netty.util.NetUtil - -Djava.net.preferIPv4Stack: false
2018-05-01  11:47:31.522 [main] DEBUG io.netty.util.NetUtil - -Djava.net.preferIPv6Addresses: false
2018-05-01  11:47:31.528 [main] DEBUG io.netty.util.NetUtil - Loopback interface: lo0 (lo0, 0:0:0:0:0:0:0:1)
2018-05-01  11:47:31.529 [main] DEBUG io.netty.util.NetUtil - Failed to get SOMAXCONN from sysctl and file /proc/sys/net/core/somaxconn. Default: 128
2018-05-01  11:47:31.534 [main] DEBUG io.netty.channel.DefaultChannelId - -Dio.netty.machineId: ac:de:48:ff:fe:00:11:22 (auto-detected)
2018-05-01  11:47:31.542 [main] DEBUG io.netty.util.internal.InternalThreadLocalMap - -Dio.netty.threadLocalMap.stringBuilder.initialSize: 1024
2018-05-01  11:47:31.542 [main] DEBUG io.netty.util.internal.InternalThreadLocalMap - -Dio.netty.threadLocalMap.stringBuilder.maxSize: 4096
2018-05-01  11:47:31.559 [main] DEBUG io.netty.util.ResourceLeakDetector - -Dio.netty.leakDetection.level: simple
2018-05-01  11:47:31.559 [main] DEBUG io.netty.util.ResourceLeakDetector - -Dio.netty.leakDetection.maxRecords: 4
2018-05-01  11:47:31.559 [main] DEBUG io.netty.util.ResourceLeakDetector - -Dio.netty.leakDetection.maxSampledRecords: 40
2018-05-01  11:47:31.598 [main] DEBUG io.netty.buffer.PooledByteBufAllocator - -Dio.netty.allocator.numHeapArenas: 16
2018-05-01  11:47:31.599 [main] DEBUG io.netty.buffer.PooledByteBufAllocator - -Dio.netty.allocator.numDirectArenas: 16
2018-05-01  11:47:31.599 [main] DEBUG io.netty.buffer.PooledByteBufAllocator - -Dio.netty.allocator.pageSize: 8192
2018-05-01  11:47:31.599 [main] DEBUG io.netty.buffer.PooledByteBufAllocator - -Dio.netty.allocator.maxOrder: 11
2018-05-01  11:47:31.599 [main] DEBUG io.netty.buffer.PooledByteBufAllocator - -Dio.netty.allocator.chunkSize: 16777216
2018-05-01  11:47:31.599 [main] DEBUG io.netty.buffer.PooledByteBufAllocator - -Dio.netty.allocator.tinyCacheSize: 512
2018-05-01  11:47:31.599 [main] DEBUG io.netty.buffer.PooledByteBufAllocator - -Dio.netty.allocator.smallCacheSize: 256
2018-05-01  11:47:31.599 [main] DEBUG io.netty.buffer.PooledByteBufAllocator - -Dio.netty.allocator.normalCacheSize: 64
2018-05-01  11:47:31.599 [main] DEBUG io.netty.buffer.PooledByteBufAllocator - -Dio.netty.allocator.maxCachedBufferCapacity: 32768
2018-05-01  11:47:31.599 [main] DEBUG io.netty.buffer.PooledByteBufAllocator - -Dio.netty.allocator.cacheTrimInterval: 8192
2018-05-01  11:47:31.599 [main] DEBUG io.netty.buffer.PooledByteBufAllocator - -Dio.netty.allocator.useCacheForAllThreads: true
2018-05-01  11:47:31.611 [main] DEBUG io.netty.buffer.ByteBufUtil - -Dio.netty.allocator.type: pooled
2018-05-01  11:47:31.611 [main] DEBUG io.netty.buffer.ByteBufUtil - -Dio.netty.threadLocalDirectBufferSize: 65536
2018-05-01  11:47:31.611 [main] DEBUG io.netty.buffer.ByteBufUtil - -Dio.netty.maxThreadLocalCharBufferSize: 16384
2018-05-01  11:47:31.638 [main] INFO  com.zzc.nettyapi.nettyservice.NettyServerBootStrap - Server bind successfully
2018-05-01  11:47:33.729 [nioEventLoopGroup-3-1] DEBUG io.netty.buffer.AbstractByteBuf - -Dio.netty.buffer.bytebuf.checkAccessible: true
2018-05-01  11:47:33.731 [nioEventLoopGroup-3-1] DEBUG io.netty.util.ResourceLeakDetectorFactory - Loaded default ResourceLeakDetector: io.netty.util.ResourceLeakDetector@6361e17e
2018-05-01  11:47:33.795 [nioEventLoopGroup-3-1] DEBUG io.netty.util.Recycler - -Dio.netty.recycler.maxCapacityPerThread: 32768
2018-05-01  11:47:33.796 [nioEventLoopGroup-3-1] DEBUG io.netty.util.Recycler - -Dio.netty.recycler.maxSharedCapacityFactor: 2
2018-05-01  11:47:33.796 [nioEventLoopGroup-3-1] DEBUG io.netty.util.Recycler - -Dio.netty.recycler.linkCapacity: 16
2018-05-01  11:47:33.796 [nioEventLoopGroup-3-1] DEBUG io.netty.util.Recycler - -Dio.netty.recycler.ratio: 8
2018-05-01  11:47:35.334 [nioEventLoopGroup-3-1] INFO  com.zzc.nettyapi.request.HttpRequestParser - date:Tue May 01 11:47:35 CST 2018---uri:/person1
2018-05-01  11:48:15.320 [nioEventLoopGroup-3-1] DEBUG com.zzc.nettyapi.argument.binder.DataBinderFactory - type:com.zzc.test.entity.Person ------> dataBinder:com.zzc.nettyapi.argument.binder.ModelAttributeDataBinder
