2018-05-12  14:10:02.898 [main] DEBUG io.netty.util.internal.logging.InternalLoggerFactory - Using SLF4J as the default logging framework
2018-05-12  14:10:02.932 [main] DEBUG io.netty.channel.MultithreadEventLoopGroup - -Dio.netty.eventLoopThreads: 16
2018-05-12  14:10:03.150 [main] DEBUG io.netty.util.internal.PlatformDependent - Platform: MacOS
2018-05-12  14:10:03.159 [main] DEBUG io.netty.util.internal.PlatformDependent0 - -Dio.netty.noUnsafe: false
2018-05-12  14:10:03.161 [main] DEBUG io.netty.util.internal.PlatformDependent0 - Java version: 8
2018-05-12  14:10:03.174 [main] DEBUG io.netty.util.internal.PlatformDependent0 - sun.misc.Unsafe.theUnsafe: available
2018-05-12  14:10:03.178 [main] DEBUG io.netty.util.internal.PlatformDependent0 - sun.misc.Unsafe.copyMemory: available
2018-05-12  14:10:03.180 [main] DEBUG io.netty.util.internal.PlatformDependent0 - java.nio.Buffer.address: available
2018-05-12  14:10:03.181 [main] DEBUG io.netty.util.internal.PlatformDependent0 - direct buffer constructor: available
2018-05-12  14:10:03.182 [main] DEBUG io.netty.util.internal.PlatformDependent0 - java.nio.Bits.unaligned: available, true
2018-05-12  14:10:03.183 [main] DEBUG io.netty.util.internal.PlatformDependent0 - jdk.internal.misc.Unsafe.allocateUninitializedArray(int): unavailable prior to Java9
2018-05-12  14:10:03.183 [main] DEBUG io.netty.util.internal.PlatformDependent0 - java.nio.DirectByteBuffer.<init>(long, int): available
2018-05-12  14:10:03.183 [main] DEBUG io.netty.util.internal.PlatformDependent - sun.misc.Unsafe: available
2018-05-12  14:10:03.184 [main] DEBUG io.netty.util.internal.PlatformDependent - -Dio.netty.tmpdir: /var/folders/60/p56nn12s5sq59wz96nlpdfcc0000gn/T (java.io.tmpdir)
2018-05-12  14:10:03.189 [main] DEBUG io.netty.util.internal.PlatformDependent - -Dio.netty.bitMode: 64 (sun.arch.data.model)
2018-05-12  14:10:03.196 [main] DEBUG io.netty.util.internal.PlatformDependent - -Dio.netty.noPreferDirect: false
2018-05-12  14:10:03.196 [main] DEBUG io.netty.util.internal.PlatformDependent - -Dio.netty.maxDirectMemory: 3817865216 bytes
2018-05-12  14:10:03.196 [main] DEBUG io.netty.util.internal.PlatformDependent - -Dio.netty.uninitializedArrayAllocationThreshold: -1
2018-05-12  14:10:03.198 [main] DEBUG io.netty.util.internal.CleanerJava6 - java.nio.ByteBuffer.cleaner(): available
2018-05-12  14:10:03.246 [main] DEBUG io.netty.channel.nio.NioEventLoop - -Dio.netty.noKeySetOptimization: false
2018-05-12  14:10:03.247 [main] DEBUG io.netty.channel.nio.NioEventLoop - -Dio.netty.selectorAutoRebuildThreshold: 512
2018-05-12  14:10:03.260 [main] DEBUG io.netty.util.internal.PlatformDependent - org.jctools-core.MpscChunkedArrayQueue: available
2018-05-12  14:10:03.300 [main] INFO  com.zzc.nettyapi.nettyservice.ServerConfigLoader - load server config from /config.properties successfully!
2018-05-12  14:11:01.463 [main] DEBUG io.netty.util.internal.logging.InternalLoggerFactory - Using SLF4J as the default logging framework
2018-05-12  14:11:01.469 [main] DEBUG io.netty.channel.MultithreadEventLoopGroup - -Dio.netty.eventLoopThreads: 16
2018-05-12  14:11:01.504 [main] DEBUG io.netty.util.internal.PlatformDependent - Platform: MacOS
2018-05-12  14:11:01.505 [main] DEBUG io.netty.util.internal.PlatformDependent0 - -Dio.netty.noUnsafe: false
2018-05-12  14:11:01.506 [main] DEBUG io.netty.util.internal.PlatformDependent0 - Java version: 8
2018-05-12  14:11:01.508 [main] DEBUG io.netty.util.internal.PlatformDependent0 - sun.misc.Unsafe.theUnsafe: available
2018-05-12  14:11:01.509 [main] DEBUG io.netty.util.internal.PlatformDependent0 - sun.misc.Unsafe.copyMemory: available
2018-05-12  14:11:01.509 [main] DEBUG io.netty.util.internal.PlatformDependent0 - java.nio.Buffer.address: available
2018-05-12  14:11:01.510 [main] DEBUG io.netty.util.internal.PlatformDependent0 - direct buffer constructor: available
2018-05-12  14:11:01.513 [main] DEBUG io.netty.util.internal.PlatformDependent0 - java.nio.Bits.unaligned: available, true
2018-05-12  14:11:01.513 [main] DEBUG io.netty.util.internal.PlatformDependent0 - jdk.internal.misc.Unsafe.allocateUninitializedArray(int): unavailable prior to Java9
2018-05-12  14:11:01.513 [main] DEBUG io.netty.util.internal.PlatformDependent0 - java.nio.DirectByteBuffer.<init>(long, int): available
2018-05-12  14:11:01.513 [main] DEBUG io.netty.util.internal.PlatformDependent - sun.misc.Unsafe: available
2018-05-12  14:11:01.513 [main] DEBUG io.netty.util.internal.PlatformDependent - -Dio.netty.tmpdir: /var/folders/60/p56nn12s5sq59wz96nlpdfcc0000gn/T (java.io.tmpdir)
2018-05-12  14:11:01.513 [main] DEBUG io.netty.util.internal.PlatformDependent - -Dio.netty.bitMode: 64 (sun.arch.data.model)
2018-05-12  14:11:01.515 [main] DEBUG io.netty.util.internal.PlatformDependent - -Dio.netty.noPreferDirect: false
2018-05-12  14:11:01.515 [main] DEBUG io.netty.util.internal.PlatformDependent - -Dio.netty.maxDirectMemory: 3817865216 bytes
2018-05-12  14:11:01.516 [main] DEBUG io.netty.util.internal.PlatformDependent - -Dio.netty.uninitializedArrayAllocationThreshold: -1
2018-05-12  14:11:01.516 [main] DEBUG io.netty.util.internal.CleanerJava6 - java.nio.ByteBuffer.cleaner(): available
2018-05-12  14:11:01.577 [main] DEBUG io.netty.channel.nio.NioEventLoop - -Dio.netty.noKeySetOptimization: false
2018-05-12  14:11:01.578 [main] DEBUG io.netty.channel.nio.NioEventLoop - -Dio.netty.selectorAutoRebuildThreshold: 512
2018-05-12  14:11:01.607 [main] DEBUG io.netty.util.internal.PlatformDependent - org.jctools-core.MpscChunkedArrayQueue: available
2018-05-12  14:11:01.679 [main] INFO  com.zzc.nettyapi.nettyservice.ServerConfigLoader - load server config from /config.properties successfully!
2018-05-12  14:12:20.647 [main] DEBUG io.netty.util.internal.logging.InternalLoggerFactory - Using SLF4J as the default logging framework
2018-05-12  14:12:20.651 [main] DEBUG io.netty.channel.MultithreadEventLoopGroup - -Dio.netty.eventLoopThreads: 16
2018-05-12  14:12:20.679 [main] DEBUG io.netty.util.internal.PlatformDependent - Platform: MacOS
2018-05-12  14:12:20.681 [main] DEBUG io.netty.util.internal.PlatformDependent0 - -Dio.netty.noUnsafe: false
2018-05-12  14:12:20.681 [main] DEBUG io.netty.util.internal.PlatformDependent0 - Java version: 8
2018-05-12  14:12:20.683 [main] DEBUG io.netty.util.internal.PlatformDependent0 - sun.misc.Unsafe.theUnsafe: available
2018-05-12  14:12:20.684 [main] DEBUG io.netty.util.internal.PlatformDependent0 - sun.misc.Unsafe.copyMemory: available
2018-05-12  14:12:20.685 [main] DEBUG io.netty.util.internal.PlatformDependent0 - java.nio.Buffer.address: available
2018-05-12  14:12:20.685 [main] DEBUG io.netty.util.internal.PlatformDependent0 - direct buffer constructor: available
2018-05-12  14:12:20.688 [main] DEBUG io.netty.util.internal.PlatformDependent0 - java.nio.Bits.unaligned: available, true
2018-05-12  14:12:20.688 [main] DEBUG io.netty.util.internal.PlatformDependent0 - jdk.internal.misc.Unsafe.allocateUninitializedArray(int): unavailable prior to Java9
2018-05-12  14:12:20.688 [main] DEBUG io.netty.util.internal.PlatformDependent0 - java.nio.DirectByteBuffer.<init>(long, int): available
2018-05-12  14:12:20.688 [main] DEBUG io.netty.util.internal.PlatformDependent - sun.misc.Unsafe: available
2018-05-12  14:12:20.688 [main] DEBUG io.netty.util.internal.PlatformDependent - -Dio.netty.tmpdir: /var/folders/60/p56nn12s5sq59wz96nlpdfcc0000gn/T (java.io.tmpdir)
2018-05-12  14:12:20.688 [main] DEBUG io.netty.util.internal.PlatformDependent - -Dio.netty.bitMode: 64 (sun.arch.data.model)
2018-05-12  14:12:20.690 [main] DEBUG io.netty.util.internal.PlatformDependent - -Dio.netty.noPreferDirect: false
2018-05-12  14:12:20.690 [main] DEBUG io.netty.util.internal.PlatformDependent - -Dio.netty.maxDirectMemory: 3817865216 bytes
2018-05-12  14:12:20.690 [main] DEBUG io.netty.util.internal.PlatformDependent - -Dio.netty.uninitializedArrayAllocationThreshold: -1
2018-05-12  14:12:20.691 [main] DEBUG io.netty.util.internal.CleanerJava6 - java.nio.ByteBuffer.cleaner(): available
2018-05-12  14:12:20.713 [main] DEBUG io.netty.channel.nio.NioEventLoop - -Dio.netty.noKeySetOptimization: false
2018-05-12  14:12:20.713 [main] DEBUG io.netty.channel.nio.NioEventLoop - -Dio.netty.selectorAutoRebuildThreshold: 512
2018-05-12  14:12:20.725 [main] DEBUG io.netty.util.internal.PlatformDependent - org.jctools-core.MpscChunkedArrayQueue: available
2018-05-12  14:12:20.749 [main] INFO  com.zzc.nettyapi.nettyservice.ServerConfigLoader - load server config from /config.properties successfully!
2018-05-12  14:12:39.747 [main] DEBUG io.netty.util.internal.logging.InternalLoggerFactory - Using SLF4J as the default logging framework
2018-05-12  14:12:39.751 [main] DEBUG io.netty.channel.MultithreadEventLoopGroup - -Dio.netty.eventLoopThreads: 16
2018-05-12  14:12:39.776 [main] DEBUG io.netty.util.internal.PlatformDependent - Platform: MacOS
2018-05-12  14:12:39.777 [main] DEBUG io.netty.util.internal.PlatformDependent0 - -Dio.netty.noUnsafe: false
2018-05-12  14:12:39.778 [main] DEBUG io.netty.util.internal.PlatformDependent0 - Java version: 8
2018-05-12  14:12:39.780 [main] DEBUG io.netty.util.internal.PlatformDependent0 - sun.misc.Unsafe.theUnsafe: available
2018-05-12  14:12:39.781 [main] DEBUG io.netty.util.internal.PlatformDependent0 - sun.misc.Unsafe.copyMemory: available
2018-05-12  14:12:39.782 [main] DEBUG io.netty.util.internal.PlatformDependent0 - java.nio.Buffer.address: available
2018-05-12  14:12:39.782 [main] DEBUG io.netty.util.internal.PlatformDependent0 - direct buffer constructor: available
2018-05-12  14:12:39.785 [main] DEBUG io.netty.util.internal.PlatformDependent0 - java.nio.Bits.unaligned: available, true
2018-05-12  14:12:39.785 [main] DEBUG io.netty.util.internal.PlatformDependent0 - jdk.internal.misc.Unsafe.allocateUninitializedArray(int): unavailable prior to Java9
2018-05-12  14:12:39.785 [main] DEBUG io.netty.util.internal.PlatformDependent0 - java.nio.DirectByteBuffer.<init>(long, int): available
2018-05-12  14:12:39.786 [main] DEBUG io.netty.util.internal.PlatformDependent - sun.misc.Unsafe: available
2018-05-12  14:12:39.786 [main] DEBUG io.netty.util.internal.PlatformDependent - -Dio.netty.tmpdir: /var/folders/60/p56nn12s5sq59wz96nlpdfcc0000gn/T (java.io.tmpdir)
2018-05-12  14:12:39.786 [main] DEBUG io.netty.util.internal.PlatformDependent - -Dio.netty.bitMode: 64 (sun.arch.data.model)
2018-05-12  14:12:39.788 [main] DEBUG io.netty.util.internal.PlatformDependent - -Dio.netty.noPreferDirect: false
2018-05-12  14:12:39.788 [main] DEBUG io.netty.util.internal.PlatformDependent - -Dio.netty.maxDirectMemory: 3817865216 bytes
2018-05-12  14:12:39.788 [main] DEBUG io.netty.util.internal.PlatformDependent - -Dio.netty.uninitializedArrayAllocationThreshold: -1
2018-05-12  14:12:39.789 [main] DEBUG io.netty.util.internal.CleanerJava6 - java.nio.ByteBuffer.cleaner(): available
2018-05-12  14:12:39.809 [main] DEBUG io.netty.channel.nio.NioEventLoop - -Dio.netty.noKeySetOptimization: false
2018-05-12  14:12:39.810 [main] DEBUG io.netty.channel.nio.NioEventLoop - -Dio.netty.selectorAutoRebuildThreshold: 512
2018-05-12  14:12:39.818 [main] DEBUG io.netty.util.internal.PlatformDependent - org.jctools-core.MpscChunkedArrayQueue: available
2018-05-12  14:12:39.844 [main] INFO  com.zzc.nettyapi.nettyservice.ServerConfigLoader - load server config from /config.properties successfully!
2018-05-12  14:13:23.317 [main] DEBUG io.netty.util.internal.logging.InternalLoggerFactory - Using SLF4J as the default logging framework
2018-05-12  14:13:23.321 [main] DEBUG io.netty.channel.MultithreadEventLoopGroup - -Dio.netty.eventLoopThreads: 16
2018-05-12  14:13:23.349 [main] DEBUG io.netty.util.internal.PlatformDependent - Platform: MacOS
2018-05-12  14:13:23.351 [main] DEBUG io.netty.util.internal.PlatformDependent0 - -Dio.netty.noUnsafe: false
2018-05-12  14:13:23.351 [main] DEBUG io.netty.util.internal.PlatformDependent0 - Java version: 8
2018-05-12  14:13:23.353 [main] DEBUG io.netty.util.internal.PlatformDependent0 - sun.misc.Unsafe.theUnsafe: available
2018-05-12  14:13:23.354 [main] DEBUG io.netty.util.internal.PlatformDependent0 - sun.misc.Unsafe.copyMemory: available
2018-05-12  14:13:23.354 [main] DEBUG io.netty.util.internal.PlatformDependent0 - java.nio.Buffer.address: available
2018-05-12  14:13:23.355 [main] DEBUG io.netty.util.internal.PlatformDependent0 - direct buffer constructor: available
2018-05-12  14:13:23.358 [main] DEBUG io.netty.util.internal.PlatformDependent0 - java.nio.Bits.unaligned: available, true
2018-05-12  14:13:23.358 [main] DEBUG io.netty.util.internal.PlatformDependent0 - jdk.internal.misc.Unsafe.allocateUninitializedArray(int): unavailable prior to Java9
2018-05-12  14:13:23.358 [main] DEBUG io.netty.util.internal.PlatformDependent0 - java.nio.DirectByteBuffer.<init>(long, int): available
2018-05-12  14:13:23.358 [main] DEBUG io.netty.util.internal.PlatformDependent - sun.misc.Unsafe: available
2018-05-12  14:13:23.358 [main] DEBUG io.netty.util.internal.PlatformDependent - -Dio.netty.tmpdir: /var/folders/60/p56nn12s5sq59wz96nlpdfcc0000gn/T (java.io.tmpdir)
2018-05-12  14:13:23.359 [main] DEBUG io.netty.util.internal.PlatformDependent - -Dio.netty.bitMode: 64 (sun.arch.data.model)
2018-05-12  14:13:23.360 [main] DEBUG io.netty.util.internal.PlatformDependent - -Dio.netty.noPreferDirect: false
2018-05-12  14:13:23.360 [main] DEBUG io.netty.util.internal.PlatformDependent - -Dio.netty.maxDirectMemory: 3817865216 bytes
2018-05-12  14:13:23.361 [main] DEBUG io.netty.util.internal.PlatformDependent - -Dio.netty.uninitializedArrayAllocationThreshold: -1
2018-05-12  14:13:23.361 [main] DEBUG io.netty.util.internal.CleanerJava6 - java.nio.ByteBuffer.cleaner(): available
2018-05-12  14:13:23.381 [main] DEBUG io.netty.channel.nio.NioEventLoop - -Dio.netty.noKeySetOptimization: false
2018-05-12  14:13:23.381 [main] DEBUG io.netty.channel.nio.NioEventLoop - -Dio.netty.selectorAutoRebuildThreshold: 512
2018-05-12  14:13:23.390 [main] DEBUG io.netty.util.internal.PlatformDependent - org.jctools-core.MpscChunkedArrayQueue: available
2018-05-12  14:13:23.412 [main] INFO  com.zzc.nettyapi.nettyservice.ServerConfigLoader - load server config from /config.properties successfully!
2018-05-12  14:13:43.434 [main] DEBUG io.netty.util.internal.logging.InternalLoggerFactory - Using SLF4J as the default logging framework
2018-05-12  14:13:43.439 [main] DEBUG io.netty.channel.MultithreadEventLoopGroup - -Dio.netty.eventLoopThreads: 16
2018-05-12  14:13:43.472 [main] DEBUG io.netty.util.internal.PlatformDependent - Platform: MacOS
2018-05-12  14:13:43.473 [main] DEBUG io.netty.util.internal.PlatformDependent0 - -Dio.netty.noUnsafe: false
2018-05-12  14:13:43.473 [main] DEBUG io.netty.util.internal.PlatformDependent0 - Java version: 8
2018-05-12  14:13:43.475 [main] DEBUG io.netty.util.internal.PlatformDependent0 - sun.misc.Unsafe.theUnsafe: available
2018-05-12  14:13:43.476 [main] DEBUG io.netty.util.internal.PlatformDependent0 - sun.misc.Unsafe.copyMemory: available
2018-05-12  14:13:43.477 [main] DEBUG io.netty.util.internal.PlatformDependent0 - java.nio.Buffer.address: available
2018-05-12  14:13:43.477 [main] DEBUG io.netty.util.internal.PlatformDependent0 - direct buffer constructor: available
2018-05-12  14:13:43.480 [main] DEBUG io.netty.util.internal.PlatformDependent0 - java.nio.Bits.unaligned: available, true
2018-05-12  14:13:43.480 [main] DEBUG io.netty.util.internal.PlatformDependent0 - jdk.internal.misc.Unsafe.allocateUninitializedArray(int): unavailable prior to Java9
2018-05-12  14:13:43.480 [main] DEBUG io.netty.util.internal.PlatformDependent0 - java.nio.DirectByteBuffer.<init>(long, int): available
2018-05-12  14:13:43.480 [main] DEBUG io.netty.util.internal.PlatformDependent - sun.misc.Unsafe: available
2018-05-12  14:13:43.480 [main] DEBUG io.netty.util.internal.PlatformDependent - -Dio.netty.tmpdir: /var/folders/60/p56nn12s5sq59wz96nlpdfcc0000gn/T (java.io.tmpdir)
2018-05-12  14:13:43.480 [main] DEBUG io.netty.util.internal.PlatformDependent - -Dio.netty.bitMode: 64 (sun.arch.data.model)
2018-05-12  14:13:43.482 [main] DEBUG io.netty.util.internal.PlatformDependent - -Dio.netty.noPreferDirect: false
2018-05-12  14:13:43.482 [main] DEBUG io.netty.util.internal.PlatformDependent - -Dio.netty.maxDirectMemory: 3817865216 bytes
2018-05-12  14:13:43.482 [main] DEBUG io.netty.util.internal.PlatformDependent - -Dio.netty.uninitializedArrayAllocationThreshold: -1
2018-05-12  14:13:43.483 [main] DEBUG io.netty.util.internal.CleanerJava6 - java.nio.ByteBuffer.cleaner(): available
2018-05-12  14:13:43.500 [main] DEBUG io.netty.channel.nio.NioEventLoop - -Dio.netty.noKeySetOptimization: false
2018-05-12  14:13:43.500 [main] DEBUG io.netty.channel.nio.NioEventLoop - -Dio.netty.selectorAutoRebuildThreshold: 512
2018-05-12  14:13:43.508 [main] DEBUG io.netty.util.internal.PlatformDependent - org.jctools-core.MpscChunkedArrayQueue: available
2018-05-12  14:13:43.536 [main] INFO  com.zzc.nettyapi.nettyservice.ServerConfigLoader - load server config from /config.properties successfully!
2018-05-12  14:15:45.983 [main] DEBUG io.netty.util.internal.logging.InternalLoggerFactory - Using SLF4J as the default logging framework
2018-05-12  14:15:45.987 [main] DEBUG io.netty.channel.MultithreadEventLoopGroup - -Dio.netty.eventLoopThreads: 16
2018-05-12  14:15:46.016 [main] DEBUG io.netty.util.internal.PlatformDependent - Platform: MacOS
2018-05-12  14:15:46.018 [main] DEBUG io.netty.util.internal.PlatformDependent0 - -Dio.netty.noUnsafe: false
2018-05-12  14:15:46.021 [main] DEBUG io.netty.util.internal.PlatformDependent0 - Java version: 8
2018-05-12  14:15:46.029 [main] DEBUG io.netty.util.internal.PlatformDependent0 - sun.misc.Unsafe.theUnsafe: available
2018-05-12  14:15:46.031 [main] DEBUG io.netty.util.internal.PlatformDependent0 - sun.misc.Unsafe.copyMemory: available
2018-05-12  14:15:46.033 [main] DEBUG io.netty.util.internal.PlatformDependent0 - java.nio.Buffer.address: available
2018-05-12  14:15:46.033 [main] DEBUG io.netty.util.internal.PlatformDependent0 - direct buffer constructor: available
2018-05-12  14:15:46.036 [main] DEBUG io.netty.util.internal.PlatformDependent0 - java.nio.Bits.unaligned: available, true
2018-05-12  14:15:46.036 [main] DEBUG io.netty.util.internal.PlatformDependent0 - jdk.internal.misc.Unsafe.allocateUninitializedArray(int): unavailable prior to Java9
2018-05-12  14:15:46.036 [main] DEBUG io.netty.util.internal.PlatformDependent0 - java.nio.DirectByteBuffer.<init>(long, int): available
2018-05-12  14:15:46.037 [main] DEBUG io.netty.util.internal.PlatformDependent - sun.misc.Unsafe: available
2018-05-12  14:15:46.037 [main] DEBUG io.netty.util.internal.PlatformDependent - -Dio.netty.tmpdir: /var/folders/60/p56nn12s5sq59wz96nlpdfcc0000gn/T (java.io.tmpdir)
2018-05-12  14:15:46.037 [main] DEBUG io.netty.util.internal.PlatformDependent - -Dio.netty.bitMode: 64 (sun.arch.data.model)
2018-05-12  14:15:46.039 [main] DEBUG io.netty.util.internal.PlatformDependent - -Dio.netty.noPreferDirect: false
2018-05-12  14:15:46.039 [main] DEBUG io.netty.util.internal.PlatformDependent - -Dio.netty.maxDirectMemory: 3817865216 bytes
2018-05-12  14:15:46.039 [main] DEBUG io.netty.util.internal.PlatformDependent - -Dio.netty.uninitializedArrayAllocationThreshold: -1
2018-05-12  14:15:46.040 [main] DEBUG io.netty.util.internal.CleanerJava6 - java.nio.ByteBuffer.cleaner(): available
2018-05-12  14:15:46.063 [main] DEBUG io.netty.channel.nio.NioEventLoop - -Dio.netty.noKeySetOptimization: false
2018-05-12  14:15:46.063 [main] DEBUG io.netty.channel.nio.NioEventLoop - -Dio.netty.selectorAutoRebuildThreshold: 512
2018-05-12  14:15:46.080 [main] DEBUG io.netty.util.internal.PlatformDependent - org.jctools-core.MpscChunkedArrayQueue: available
2018-05-12  14:15:46.121 [main] INFO  com.zzc.nettyapi.nettyservice.ServerConfigLoader - load server config from /config.properties successfully!
2018-05-12  14:16:46.592 [main] DEBUG io.netty.util.internal.logging.InternalLoggerFactory - Using SLF4J as the default logging framework
2018-05-12  14:16:46.597 [main] DEBUG io.netty.channel.MultithreadEventLoopGroup - -Dio.netty.eventLoopThreads: 16
2018-05-12  14:16:46.640 [main] DEBUG io.netty.util.internal.PlatformDependent - Platform: MacOS
2018-05-12  14:16:46.646 [main] DEBUG io.netty.util.internal.PlatformDependent0 - -Dio.netty.noUnsafe: false
2018-05-12  14:16:46.647 [main] DEBUG io.netty.util.internal.PlatformDependent0 - Java version: 8
2018-05-12  14:16:46.651 [main] DEBUG io.netty.util.internal.PlatformDependent0 - sun.misc.Unsafe.theUnsafe: available
2018-05-12  14:16:46.655 [main] DEBUG io.netty.util.internal.PlatformDependent0 - sun.misc.Unsafe.copyMemory: available
2018-05-12  14:16:46.657 [main] DEBUG io.netty.util.internal.PlatformDependent0 - java.nio.Buffer.address: available
2018-05-12  14:16:46.659 [main] DEBUG io.netty.util.internal.PlatformDependent0 - direct buffer constructor: available
2018-05-12  14:16:46.667 [main] DEBUG io.netty.util.internal.PlatformDependent0 - java.nio.Bits.unaligned: available, true
2018-05-12  14:16:46.667 [main] DEBUG io.netty.util.internal.PlatformDependent0 - jdk.internal.misc.Unsafe.allocateUninitializedArray(int): unavailable prior to Java9
2018-05-12  14:16:46.667 [main] DEBUG io.netty.util.internal.PlatformDependent0 - java.nio.DirectByteBuffer.<init>(long, int): available
2018-05-12  14:16:46.667 [main] DEBUG io.netty.util.internal.PlatformDependent - sun.misc.Unsafe: available
2018-05-12  14:16:46.668 [main] DEBUG io.netty.util.internal.PlatformDependent - -Dio.netty.tmpdir: /var/folders/60/p56nn12s5sq59wz96nlpdfcc0000gn/T (java.io.tmpdir)
2018-05-12  14:16:46.668 [main] DEBUG io.netty.util.internal.PlatformDependent - -Dio.netty.bitMode: 64 (sun.arch.data.model)
2018-05-12  14:16:46.670 [main] DEBUG io.netty.util.internal.PlatformDependent - -Dio.netty.noPreferDirect: false
2018-05-12  14:16:46.670 [main] DEBUG io.netty.util.internal.PlatformDependent - -Dio.netty.maxDirectMemory: 3817865216 bytes
2018-05-12  14:16:46.670 [main] DEBUG io.netty.util.internal.PlatformDependent - -Dio.netty.uninitializedArrayAllocationThreshold: -1
2018-05-12  14:16:46.675 [main] DEBUG io.netty.util.internal.CleanerJava6 - java.nio.ByteBuffer.cleaner(): available
2018-05-12  14:16:46.726 [main] DEBUG io.netty.channel.nio.NioEventLoop - -Dio.netty.noKeySetOptimization: false
2018-05-12  14:16:46.726 [main] DEBUG io.netty.channel.nio.NioEventLoop - -Dio.netty.selectorAutoRebuildThreshold: 512
2018-05-12  14:16:46.763 [main] DEBUG io.netty.util.internal.PlatformDependent - org.jctools-core.MpscChunkedArrayQueue: available
2018-05-12  14:16:46.798 [main] INFO  com.zzc.nettyapi.nettyservice.ServerConfigLoader - load server config from /config.properties successfully!
2018-05-12  14:19:53.043 [main] DEBUG io.netty.util.internal.logging.InternalLoggerFactory - Using SLF4J as the default logging framework
2018-05-12  14:19:53.047 [main] DEBUG io.netty.channel.MultithreadEventLoopGroup - -Dio.netty.eventLoopThreads: 16
2018-05-12  14:19:53.077 [main] DEBUG io.netty.util.internal.PlatformDependent - Platform: MacOS
2018-05-12  14:19:53.079 [main] DEBUG io.netty.util.internal.PlatformDependent0 - -Dio.netty.noUnsafe: false
2018-05-12  14:19:53.079 [main] DEBUG io.netty.util.internal.PlatformDependent0 - Java version: 8
2018-05-12  14:19:53.081 [main] DEBUG io.netty.util.internal.PlatformDependent0 - sun.misc.Unsafe.theUnsafe: available
2018-05-12  14:19:53.082 [main] DEBUG io.netty.util.internal.PlatformDependent0 - sun.misc.Unsafe.copyMemory: available
2018-05-12  14:19:53.082 [main] DEBUG io.netty.util.internal.PlatformDependent0 - java.nio.Buffer.address: available
2018-05-12  14:19:53.083 [main] DEBUG io.netty.util.internal.PlatformDependent0 - direct buffer constructor: available
2018-05-12  14:19:53.086 [main] DEBUG io.netty.util.internal.PlatformDependent0 - java.nio.Bits.unaligned: available, true
2018-05-12  14:19:53.086 [main] DEBUG io.netty.util.internal.PlatformDependent0 - jdk.internal.misc.Unsafe.allocateUninitializedArray(int): unavailable prior to Java9
2018-05-12  14:19:53.086 [main] DEBUG io.netty.util.internal.PlatformDependent0 - java.nio.DirectByteBuffer.<init>(long, int): available
2018-05-12  14:19:53.086 [main] DEBUG io.netty.util.internal.PlatformDependent - sun.misc.Unsafe: available
2018-05-12  14:19:53.087 [main] DEBUG io.netty.util.internal.PlatformDependent - -Dio.netty.tmpdir: /var/folders/60/p56nn12s5sq59wz96nlpdfcc0000gn/T (java.io.tmpdir)
2018-05-12  14:19:53.087 [main] DEBUG io.netty.util.internal.PlatformDependent - -Dio.netty.bitMode: 64 (sun.arch.data.model)
2018-05-12  14:19:53.088 [main] DEBUG io.netty.util.internal.PlatformDependent - -Dio.netty.noPreferDirect: false
2018-05-12  14:19:53.089 [main] DEBUG io.netty.util.internal.PlatformDependent - -Dio.netty.maxDirectMemory: 3817865216 bytes
2018-05-12  14:19:53.089 [main] DEBUG io.netty.util.internal.PlatformDependent - -Dio.netty.uninitializedArrayAllocationThreshold: -1
2018-05-12  14:19:53.090 [main] DEBUG io.netty.util.internal.CleanerJava6 - java.nio.ByteBuffer.cleaner(): available
2018-05-12  14:19:53.110 [main] DEBUG io.netty.channel.nio.NioEventLoop - -Dio.netty.noKeySetOptimization: false
2018-05-12  14:19:53.110 [main] DEBUG io.netty.channel.nio.NioEventLoop - -Dio.netty.selectorAutoRebuildThreshold: 512
2018-05-12  14:19:53.119 [main] DEBUG io.netty.util.internal.PlatformDependent - org.jctools-core.MpscChunkedArrayQueue: available
2018-05-12  14:19:53.142 [main] INFO  com.zzc.nettyapi.nettyservice.ServerConfigLoader - load server config from /config.properties successfully!
2018-05-12  14:23:23.833 [main] DEBUG io.netty.util.internal.logging.InternalLoggerFactory - Using SLF4J as the default logging framework
2018-05-12  14:23:23.837 [main] DEBUG io.netty.channel.MultithreadEventLoopGroup - -Dio.netty.eventLoopThreads: 16
2018-05-12  14:23:23.868 [main] DEBUG io.netty.util.internal.PlatformDependent - Platform: MacOS
2018-05-12  14:23:23.870 [main] DEBUG io.netty.util.internal.PlatformDependent0 - -Dio.netty.noUnsafe: false
2018-05-12  14:23:23.870 [main] DEBUG io.netty.util.internal.PlatformDependent0 - Java version: 8
2018-05-12  14:23:23.872 [main] DEBUG io.netty.util.internal.PlatformDependent0 - sun.misc.Unsafe.theUnsafe: available
2018-05-12  14:23:23.873 [main] DEBUG io.netty.util.internal.PlatformDependent0 - sun.misc.Unsafe.copyMemory: available
2018-05-12  14:23:23.873 [main] DEBUG io.netty.util.internal.PlatformDependent0 - java.nio.Buffer.address: available
2018-05-12  14:23:23.874 [main] DEBUG io.netty.util.internal.PlatformDependent0 - direct buffer constructor: available
2018-05-12  14:23:23.876 [main] DEBUG io.netty.util.internal.PlatformDependent0 - java.nio.Bits.unaligned: available, true
2018-05-12  14:23:23.876 [main] DEBUG io.netty.util.internal.PlatformDependent0 - jdk.internal.misc.Unsafe.allocateUninitializedArray(int): unavailable prior to Java9
2018-05-12  14:23:23.876 [main] DEBUG io.netty.util.internal.PlatformDependent0 - java.nio.DirectByteBuffer.<init>(long, int): available
2018-05-12  14:23:23.876 [main] DEBUG io.netty.util.internal.PlatformDependent - sun.misc.Unsafe: available
2018-05-12  14:23:23.877 [main] DEBUG io.netty.util.internal.PlatformDependent - -Dio.netty.tmpdir: /var/folders/60/p56nn12s5sq59wz96nlpdfcc0000gn/T (java.io.tmpdir)
2018-05-12  14:23:23.877 [main] DEBUG io.netty.util.internal.PlatformDependent - -Dio.netty.bitMode: 64 (sun.arch.data.model)
2018-05-12  14:23:23.878 [main] DEBUG io.netty.util.internal.PlatformDependent - -Dio.netty.noPreferDirect: false
2018-05-12  14:23:23.879 [main] DEBUG io.netty.util.internal.PlatformDependent - -Dio.netty.maxDirectMemory: 3817865216 bytes
2018-05-12  14:23:23.879 [main] DEBUG io.netty.util.internal.PlatformDependent - -Dio.netty.uninitializedArrayAllocationThreshold: -1
2018-05-12  14:23:23.880 [main] DEBUG io.netty.util.internal.CleanerJava6 - java.nio.ByteBuffer.cleaner(): available
2018-05-12  14:23:23.919 [main] DEBUG io.netty.channel.nio.NioEventLoop - -Dio.netty.noKeySetOptimization: false
2018-05-12  14:23:23.919 [main] DEBUG io.netty.channel.nio.NioEventLoop - -Dio.netty.selectorAutoRebuildThreshold: 512
2018-05-12  14:23:23.928 [main] DEBUG io.netty.util.internal.PlatformDependent - org.jctools-core.MpscChunkedArrayQueue: available
2018-05-12  14:23:23.957 [main] INFO  com.zzc.nettyapi.nettyservice.ServerConfigLoader - load server config from /config.properties successfully!
2018-05-12  14:24:52.559 [main] DEBUG io.netty.util.internal.logging.InternalLoggerFactory - Using SLF4J as the default logging framework
2018-05-12  14:24:52.562 [main] DEBUG io.netty.channel.MultithreadEventLoopGroup - -Dio.netty.eventLoopThreads: 16
2018-05-12  14:24:52.591 [main] DEBUG io.netty.util.internal.PlatformDependent - Platform: MacOS
2018-05-12  14:24:52.592 [main] DEBUG io.netty.util.internal.PlatformDependent0 - -Dio.netty.noUnsafe: false
2018-05-12  14:24:52.592 [main] DEBUG io.netty.util.internal.PlatformDependent0 - Java version: 8
2018-05-12  14:24:52.594 [main] DEBUG io.netty.util.internal.PlatformDependent0 - sun.misc.Unsafe.theUnsafe: available
2018-05-12  14:24:52.595 [main] DEBUG io.netty.util.internal.PlatformDependent0 - sun.misc.Unsafe.copyMemory: available
2018-05-12  14:24:52.595 [main] DEBUG io.netty.util.internal.PlatformDependent0 - java.nio.Buffer.address: available
2018-05-12  14:24:52.596 [main] DEBUG io.netty.util.internal.PlatformDependent0 - direct buffer constructor: available
2018-05-12  14:24:52.598 [main] DEBUG io.netty.util.internal.PlatformDependent0 - java.nio.Bits.unaligned: available, true
2018-05-12  14:24:52.598 [main] DEBUG io.netty.util.internal.PlatformDependent0 - jdk.internal.misc.Unsafe.allocateUninitializedArray(int): unavailable prior to Java9
2018-05-12  14:24:52.598 [main] DEBUG io.netty.util.internal.PlatformDependent0 - java.nio.DirectByteBuffer.<init>(long, int): available
2018-05-12  14:24:52.598 [main] DEBUG io.netty.util.internal.PlatformDependent - sun.misc.Unsafe: available
2018-05-12  14:24:52.599 [main] DEBUG io.netty.util.internal.PlatformDependent - -Dio.netty.tmpdir: /var/folders/60/p56nn12s5sq59wz96nlpdfcc0000gn/T (java.io.tmpdir)
2018-05-12  14:24:52.599 [main] DEBUG io.netty.util.internal.PlatformDependent - -Dio.netty.bitMode: 64 (sun.arch.data.model)
2018-05-12  14:24:52.600 [main] DEBUG io.netty.util.internal.PlatformDependent - -Dio.netty.noPreferDirect: false
2018-05-12  14:24:52.600 [main] DEBUG io.netty.util.internal.PlatformDependent - -Dio.netty.maxDirectMemory: 3817865216 bytes
2018-05-12  14:24:52.600 [main] DEBUG io.netty.util.internal.PlatformDependent - -Dio.netty.uninitializedArrayAllocationThreshold: -1
2018-05-12  14:24:52.601 [main] DEBUG io.netty.util.internal.CleanerJava6 - java.nio.ByteBuffer.cleaner(): available
2018-05-12  14:24:52.620 [main] DEBUG io.netty.channel.nio.NioEventLoop - -Dio.netty.noKeySetOptimization: false
2018-05-12  14:24:52.620 [main] DEBUG io.netty.channel.nio.NioEventLoop - -Dio.netty.selectorAutoRebuildThreshold: 512
2018-05-12  14:24:52.628 [main] DEBUG io.netty.util.internal.PlatformDependent - org.jctools-core.MpscChunkedArrayQueue: available
2018-05-12  14:24:52.660 [main] INFO  com.zzc.nettyapi.nettyservice.ServerConfigLoader - load server config from /config.properties successfully!
2018-05-12  14:25:12.962 [main] DEBUG io.netty.util.internal.logging.InternalLoggerFactory - Using SLF4J as the default logging framework
2018-05-12  14:25:12.965 [main] DEBUG io.netty.channel.MultithreadEventLoopGroup - -Dio.netty.eventLoopThreads: 16
2018-05-12  14:25:13.004 [main] DEBUG io.netty.util.internal.PlatformDependent - Platform: MacOS
2018-05-12  14:25:13.008 [main] DEBUG io.netty.util.internal.PlatformDependent0 - -Dio.netty.noUnsafe: false
2018-05-12  14:25:13.008 [main] DEBUG io.netty.util.internal.PlatformDependent0 - Java version: 8
2018-05-12  14:25:13.014 [main] DEBUG io.netty.util.internal.PlatformDependent0 - sun.misc.Unsafe.theUnsafe: available
2018-05-12  14:25:13.018 [main] DEBUG io.netty.util.internal.PlatformDependent0 - sun.misc.Unsafe.copyMemory: available
2018-05-12  14:25:13.020 [main] DEBUG io.netty.util.internal.PlatformDependent0 - java.nio.Buffer.address: available
2018-05-12  14:25:13.021 [main] DEBUG io.netty.util.internal.PlatformDependent0 - direct buffer constructor: available
2018-05-12  14:25:13.029 [main] DEBUG io.netty.util.internal.PlatformDependent0 - java.nio.Bits.unaligned: available, true
2018-05-12  14:25:13.029 [main] DEBUG io.netty.util.internal.PlatformDependent0 - jdk.internal.misc.Unsafe.allocateUninitializedArray(int): unavailable prior to Java9
2018-05-12  14:25:13.029 [main] DEBUG io.netty.util.internal.PlatformDependent0 - java.nio.DirectByteBuffer.<init>(long, int): available
2018-05-12  14:25:13.029 [main] DEBUG io.netty.util.internal.PlatformDependent - sun.misc.Unsafe: available
2018-05-12  14:25:13.030 [main] DEBUG io.netty.util.internal.PlatformDependent - -Dio.netty.tmpdir: /var/folders/60/p56nn12s5sq59wz96nlpdfcc0000gn/T (java.io.tmpdir)
2018-05-12  14:25:13.030 [main] DEBUG io.netty.util.internal.PlatformDependent - -Dio.netty.bitMode: 64 (sun.arch.data.model)
2018-05-12  14:25:13.036 [main] DEBUG io.netty.util.internal.PlatformDependent - -Dio.netty.noPreferDirect: false
2018-05-12  14:25:13.038 [main] DEBUG io.netty.util.internal.PlatformDependent - -Dio.netty.maxDirectMemory: 3817865216 bytes
2018-05-12  14:25:13.039 [main] DEBUG io.netty.util.internal.PlatformDependent - -Dio.netty.uninitializedArrayAllocationThreshold: -1
2018-05-12  14:25:13.041 [main] DEBUG io.netty.util.internal.CleanerJava6 - java.nio.ByteBuffer.cleaner(): available
2018-05-12  14:25:13.089 [main] DEBUG io.netty.channel.nio.NioEventLoop - -Dio.netty.noKeySetOptimization: false
2018-05-12  14:25:13.089 [main] DEBUG io.netty.channel.nio.NioEventLoop - -Dio.netty.selectorAutoRebuildThreshold: 512
2018-05-12  14:25:13.115 [main] DEBUG io.netty.util.internal.PlatformDependent - org.jctools-core.MpscChunkedArrayQueue: available
2018-05-12  14:25:13.153 [main] INFO  com.zzc.nettyapi.nettyservice.ServerConfigLoader - load server config from /config.properties successfully!
2018-05-12  14:27:25.673 [main] DEBUG io.netty.util.internal.logging.InternalLoggerFactory - Using SLF4J as the default logging framework
2018-05-12  14:27:25.677 [main] DEBUG io.netty.channel.MultithreadEventLoopGroup - -Dio.netty.eventLoopThreads: 16
2018-05-12  14:27:25.708 [main] DEBUG io.netty.util.internal.PlatformDependent - Platform: MacOS
2018-05-12  14:27:25.709 [main] DEBUG io.netty.util.internal.PlatformDependent0 - -Dio.netty.noUnsafe: false
2018-05-12  14:27:25.710 [main] DEBUG io.netty.util.internal.PlatformDependent0 - Java version: 8
2018-05-12  14:27:25.712 [main] DEBUG io.netty.util.internal.PlatformDependent0 - sun.misc.Unsafe.theUnsafe: available
2018-05-12  14:27:25.713 [main] DEBUG io.netty.util.internal.PlatformDependent0 - sun.misc.Unsafe.copyMemory: available
2018-05-12  14:27:25.713 [main] DEBUG io.netty.util.internal.PlatformDependent0 - java.nio.Buffer.address: available
2018-05-12  14:27:25.714 [main] DEBUG io.netty.util.internal.PlatformDependent0 - direct buffer constructor: available
2018-05-12  14:27:25.717 [main] DEBUG io.netty.util.internal.PlatformDependent0 - java.nio.Bits.unaligned: available, true
2018-05-12  14:27:25.718 [main] DEBUG io.netty.util.internal.PlatformDependent0 - jdk.internal.misc.Unsafe.allocateUninitializedArray(int): unavailable prior to Java9
2018-05-12  14:27:25.718 [main] DEBUG io.netty.util.internal.PlatformDependent0 - java.nio.DirectByteBuffer.<init>(long, int): available
2018-05-12  14:27:25.718 [main] DEBUG io.netty.util.internal.PlatformDependent - sun.misc.Unsafe: available
2018-05-12  14:27:25.718 [main] DEBUG io.netty.util.internal.PlatformDependent - -Dio.netty.tmpdir: /var/folders/60/p56nn12s5sq59wz96nlpdfcc0000gn/T (java.io.tmpdir)
2018-05-12  14:27:25.718 [main] DEBUG io.netty.util.internal.PlatformDependent - -Dio.netty.bitMode: 64 (sun.arch.data.model)
2018-05-12  14:27:25.720 [main] DEBUG io.netty.util.internal.PlatformDependent - -Dio.netty.noPreferDirect: false
2018-05-12  14:27:25.720 [main] DEBUG io.netty.util.internal.PlatformDependent - -Dio.netty.maxDirectMemory: 3817865216 bytes
2018-05-12  14:27:25.720 [main] DEBUG io.netty.util.internal.PlatformDependent - -Dio.netty.uninitializedArrayAllocationThreshold: -1
2018-05-12  14:27:25.721 [main] DEBUG io.netty.util.internal.CleanerJava6 - java.nio.ByteBuffer.cleaner(): available
2018-05-12  14:27:25.739 [main] DEBUG io.netty.channel.nio.NioEventLoop - -Dio.netty.noKeySetOptimization: false
2018-05-12  14:27:25.739 [main] DEBUG io.netty.channel.nio.NioEventLoop - -Dio.netty.selectorAutoRebuildThreshold: 512
2018-05-12  14:27:25.747 [main] DEBUG io.netty.util.internal.PlatformDependent - org.jctools-core.MpscChunkedArrayQueue: available
2018-05-12  14:27:25.766 [main] INFO  com.zzc.nettyapi.nettyservice.ServerConfigLoader - load server config from /config.properties successfully!
2018-05-12  14:27:29.330 [main] DEBUG io.netty.channel.DefaultChannelId - -Dio.netty.processId: 25082 (auto-detected)
2018-05-12  14:27:29.335 [main] DEBUG io.netty.util.NetUtil - -Djava.net.preferIPv4Stack: false
2018-05-12  14:27:29.335 [main] DEBUG io.netty.util.NetUtil - -Djava.net.preferIPv6Addresses: false
2018-05-12  14:27:29.339 [main] DEBUG io.netty.util.NetUtil - Loopback interface: lo0 (lo0, 0:0:0:0:0:0:0:1)
2018-05-12  14:27:29.340 [main] DEBUG io.netty.util.NetUtil - Failed to get SOMAXCONN from sysctl and file /proc/sys/net/core/somaxconn. Default: 128
2018-05-12  14:27:29.343 [main] DEBUG io.netty.channel.DefaultChannelId - -Dio.netty.machineId: ac:de:48:ff:fe:00:11:22 (auto-detected)
2018-05-12  14:27:29.349 [main] DEBUG io.netty.util.internal.InternalThreadLocalMap - -Dio.netty.threadLocalMap.stringBuilder.initialSize: 1024
2018-05-12  14:27:29.350 [main] DEBUG io.netty.util.internal.InternalThreadLocalMap - -Dio.netty.threadLocalMap.stringBuilder.maxSize: 4096
2018-05-12  14:27:29.364 [main] DEBUG io.netty.util.ResourceLeakDetector - -Dio.netty.leakDetection.level: simple
2018-05-12  14:27:29.365 [main] DEBUG io.netty.util.ResourceLeakDetector - -Dio.netty.leakDetection.maxRecords: 4
2018-05-12  14:27:29.365 [main] DEBUG io.netty.util.ResourceLeakDetector - -Dio.netty.leakDetection.maxSampledRecords: 40
2018-05-12  14:27:29.404 [main] DEBUG io.netty.buffer.PooledByteBufAllocator - -Dio.netty.allocator.numHeapArenas: 16
2018-05-12  14:27:29.404 [main] DEBUG io.netty.buffer.PooledByteBufAllocator - -Dio.netty.allocator.numDirectArenas: 16
2018-05-12  14:27:29.404 [main] DEBUG io.netty.buffer.PooledByteBufAllocator - -Dio.netty.allocator.pageSize: 8192
2018-05-12  14:27:29.405 [main] DEBUG io.netty.buffer.PooledByteBufAllocator - -Dio.netty.allocator.maxOrder: 11
2018-05-12  14:27:29.405 [main] DEBUG io.netty.buffer.PooledByteBufAllocator - -Dio.netty.allocator.chunkSize: 16777216
2018-05-12  14:27:29.405 [main] DEBUG io.netty.buffer.PooledByteBufAllocator - -Dio.netty.allocator.tinyCacheSize: 512
2018-05-12  14:27:29.405 [main] DEBUG io.netty.buffer.PooledByteBufAllocator - -Dio.netty.allocator.smallCacheSize: 256
2018-05-12  14:27:29.405 [main] DEBUG io.netty.buffer.PooledByteBufAllocator - -Dio.netty.allocator.normalCacheSize: 64
2018-05-12  14:27:29.405 [main] DEBUG io.netty.buffer.PooledByteBufAllocator - -Dio.netty.allocator.maxCachedBufferCapacity: 32768
2018-05-12  14:27:29.405 [main] DEBUG io.netty.buffer.PooledByteBufAllocator - -Dio.netty.allocator.cacheTrimInterval: 8192
2018-05-12  14:27:29.405 [main] DEBUG io.netty.buffer.PooledByteBufAllocator - -Dio.netty.allocator.useCacheForAllThreads: true
2018-05-12  14:27:29.416 [main] DEBUG io.netty.buffer.ByteBufUtil - -Dio.netty.allocator.type: pooled
2018-05-12  14:27:29.417 [main] DEBUG io.netty.buffer.ByteBufUtil - -Dio.netty.threadLocalDirectBufferSize: 65536
2018-05-12  14:27:29.417 [main] DEBUG io.netty.buffer.ByteBufUtil - -Dio.netty.maxThreadLocalCharBufferSize: 16384
2018-05-12  14:27:29.435 [main] INFO  com.zzc.nettyapi.nettyservice.NettyServerBootStrap - Server bind successfully
2018-05-12  14:28:06.113 [nioEventLoopGroup-3-1] DEBUG io.netty.buffer.AbstractByteBuf - -Dio.netty.buffer.bytebuf.checkAccessible: true
2018-05-12  14:28:06.115 [nioEventLoopGroup-3-1] DEBUG io.netty.util.ResourceLeakDetectorFactory - Loaded default ResourceLeakDetector: io.netty.util.ResourceLeakDetector@1c018cd8
2018-05-12  14:28:06.155 [nioEventLoopGroup-3-1] DEBUG io.netty.util.Recycler - -Dio.netty.recycler.maxCapacityPerThread: 32768
2018-05-12  14:28:06.156 [nioEventLoopGroup-3-1] DEBUG io.netty.util.Recycler - -Dio.netty.recycler.maxSharedCapacityFactor: 2
2018-05-12  14:28:06.156 [nioEventLoopGroup-3-1] DEBUG io.netty.util.Recycler - -Dio.netty.recycler.linkCapacity: 16
2018-05-12  14:28:06.156 [nioEventLoopGroup-3-1] DEBUG io.netty.util.Recycler - -Dio.netty.recycler.ratio: 8
2018-05-12  14:28:08.254 [nioEventLoopGroup-3-1] INFO  com.zzc.nettyapi.request.HttpRequestParser - date:Sat May 12 14:28:08 CST 2018---uri:/
2018-05-12  14:28:09.737 [nioEventLoopGroup-3-1] DEBUG io.netty.handler.codec.compression.ZlibCodecFactory - -Dio.netty.noJdkZlibDecoder: false
2018-05-12  14:28:09.738 [nioEventLoopGroup-3-1] DEBUG io.netty.handler.codec.compression.ZlibCodecFactory - -Dio.netty.noJdkZlibEncoder: false
2018-05-12  14:28:21.336 [nioEventLoopGroup-3-1] INFO  com.zzc.nettyapi.request.HttpRequestParser - date:Sat May 12 14:28:21 CST 2018---uri:/user/1/note/1
2018-05-12  14:28:41.586 [nioEventLoopGroup-3-1] DEBUG com.zzc.nettyapi.argument.binder.DataBinderFactory - type:int ------> dataBinder:com.zzc.nettyapi.argument.binder.SimpleRequestDataBinder
2018-05-12  14:28:44.127 [nioEventLoopGroup-3-1] DEBUG com.zzc.nettyapi.argument.binder.DataBinderFactory - type:int ------> dataBinder:com.zzc.nettyapi.argument.binder.SimpleRequestDataBinder
2018-05-12  14:28:47.968 [nioEventLoopGroup-3-1] INFO  com.zzc.nettyapi.request.HttpRequestParser - date:Sat May 12 14:28:47 CST 2018---uri:/favicon.ico
2018-05-12  14:28:54.849 [nioEventLoopGroup-3-1] INFO  com.zzc.nettyapi.request.HttpRequestParser - date:Sat May 12 14:28:54 CST 2018---uri:/user/1/note/1
2018-05-12  14:29:10.956 [nioEventLoopGroup-3-1] DEBUG com.zzc.nettyapi.argument.binder.DataBinderFactory - type:int ------> dataBinder:com.zzc.nettyapi.argument.binder.SimpleRequestDataBinder
2018-05-12  14:29:17.993 [nioEventLoopGroup-3-1] DEBUG com.zzc.nettyapi.argument.binder.DataBinderFactory - type:int ------> dataBinder:com.zzc.nettyapi.argument.binder.SimpleRequestDataBinder
2018-05-12  14:29:51.662 [main] DEBUG io.netty.util.internal.logging.InternalLoggerFactory - Using SLF4J as the default logging framework
2018-05-12  14:29:51.665 [main] DEBUG io.netty.channel.MultithreadEventLoopGroup - -Dio.netty.eventLoopThreads: 16
2018-05-12  14:29:51.690 [main] DEBUG io.netty.util.internal.PlatformDependent - Platform: MacOS
2018-05-12  14:29:51.691 [main] DEBUG io.netty.util.internal.PlatformDependent0 - -Dio.netty.noUnsafe: false
2018-05-12  14:29:51.693 [main] DEBUG io.netty.util.internal.PlatformDependent0 - Java version: 8
2018-05-12  14:29:51.694 [main] DEBUG io.netty.util.internal.PlatformDependent0 - sun.misc.Unsafe.theUnsafe: available
2018-05-12  14:29:51.695 [main] DEBUG io.netty.util.internal.PlatformDependent0 - sun.misc.Unsafe.copyMemory: available
2018-05-12  14:29:51.695 [main] DEBUG io.netty.util.internal.PlatformDependent0 - java.nio.Buffer.address: available
2018-05-12  14:29:51.696 [main] DEBUG io.netty.util.internal.PlatformDependent0 - direct buffer constructor: available
2018-05-12  14:29:51.697 [main] DEBUG io.netty.util.internal.PlatformDependent0 - java.nio.Bits.unaligned: available, true
2018-05-12  14:29:51.697 [main] DEBUG io.netty.util.internal.PlatformDependent0 - jdk.internal.misc.Unsafe.allocateUninitializedArray(int): unavailable prior to Java9
2018-05-12  14:29:51.697 [main] DEBUG io.netty.util.internal.PlatformDependent0 - java.nio.DirectByteBuffer.<init>(long, int): available
2018-05-12  14:29:51.697 [main] DEBUG io.netty.util.internal.PlatformDependent - sun.misc.Unsafe: available
2018-05-12  14:29:51.697 [main] DEBUG io.netty.util.internal.PlatformDependent - -Dio.netty.tmpdir: /var/folders/60/p56nn12s5sq59wz96nlpdfcc0000gn/T (java.io.tmpdir)
2018-05-12  14:29:51.697 [main] DEBUG io.netty.util.internal.PlatformDependent - -Dio.netty.bitMode: 64 (sun.arch.data.model)
2018-05-12  14:29:51.698 [main] DEBUG io.netty.util.internal.PlatformDependent - -Dio.netty.noPreferDirect: false
2018-05-12  14:29:51.698 [main] DEBUG io.netty.util.internal.PlatformDependent - -Dio.netty.maxDirectMemory: 3817865216 bytes
2018-05-12  14:29:51.698 [main] DEBUG io.netty.util.internal.PlatformDependent - -Dio.netty.uninitializedArrayAllocationThreshold: -1
2018-05-12  14:29:51.699 [main] DEBUG io.netty.util.internal.CleanerJava6 - java.nio.ByteBuffer.cleaner(): available
2018-05-12  14:29:51.714 [main] DEBUG io.netty.channel.nio.NioEventLoop - -Dio.netty.noKeySetOptimization: false
2018-05-12  14:29:51.714 [main] DEBUG io.netty.channel.nio.NioEventLoop - -Dio.netty.selectorAutoRebuildThreshold: 512
2018-05-12  14:29:51.720 [main] DEBUG io.netty.util.internal.PlatformDependent - org.jctools-core.MpscChunkedArrayQueue: available
2018-05-12  14:29:51.741 [main] INFO  com.zzc.nettyapi.nettyservice.ServerConfigLoader - load server config from /config.properties successfully!
2018-05-12  14:29:51.794 [main] DEBUG io.netty.channel.DefaultChannelId - -Dio.netty.processId: 25095 (auto-detected)
2018-05-12  14:29:51.797 [main] DEBUG io.netty.util.NetUtil - -Djava.net.preferIPv4Stack: false
2018-05-12  14:29:51.798 [main] DEBUG io.netty.util.NetUtil - -Djava.net.preferIPv6Addresses: false
2018-05-12  14:29:51.804 [main] DEBUG io.netty.util.NetUtil - Loopback interface: lo0 (lo0, 0:0:0:0:0:0:0:1)
2018-05-12  14:29:51.808 [main] DEBUG io.netty.util.NetUtil - Failed to get SOMAXCONN from sysctl and file /proc/sys/net/core/somaxconn. Default: 128
2018-05-12  14:29:51.815 [main] DEBUG io.netty.channel.DefaultChannelId - -Dio.netty.machineId: ac:de:48:ff:fe:00:11:22 (auto-detected)
2018-05-12  14:29:51.821 [main] DEBUG io.netty.util.internal.InternalThreadLocalMap - -Dio.netty.threadLocalMap.stringBuilder.initialSize: 1024
2018-05-12  14:29:51.821 [main] DEBUG io.netty.util.internal.InternalThreadLocalMap - -Dio.netty.threadLocalMap.stringBuilder.maxSize: 4096
2018-05-12  14:29:51.830 [main] DEBUG io.netty.util.ResourceLeakDetector - -Dio.netty.leakDetection.level: simple
2018-05-12  14:29:51.830 [main] DEBUG io.netty.util.ResourceLeakDetector - -Dio.netty.leakDetection.maxRecords: 4
2018-05-12  14:29:51.830 [main] DEBUG io.netty.util.ResourceLeakDetector - -Dio.netty.leakDetection.maxSampledRecords: 40
2018-05-12  14:29:51.854 [main] DEBUG io.netty.buffer.PooledByteBufAllocator - -Dio.netty.allocator.numHeapArenas: 16
2018-05-12  14:29:51.854 [main] DEBUG io.netty.buffer.PooledByteBufAllocator - -Dio.netty.allocator.numDirectArenas: 16
2018-05-12  14:29:51.854 [main] DEBUG io.netty.buffer.PooledByteBufAllocator - -Dio.netty.allocator.pageSize: 8192
2018-05-12  14:29:51.854 [main] DEBUG io.netty.buffer.PooledByteBufAllocator - -Dio.netty.allocator.maxOrder: 11
2018-05-12  14:29:51.854 [main] DEBUG io.netty.buffer.PooledByteBufAllocator - -Dio.netty.allocator.chunkSize: 16777216
2018-05-12  14:29:51.855 [main] DEBUG io.netty.buffer.PooledByteBufAllocator - -Dio.netty.allocator.tinyCacheSize: 512
2018-05-12  14:29:51.855 [main] DEBUG io.netty.buffer.PooledByteBufAllocator - -Dio.netty.allocator.smallCacheSize: 256
2018-05-12  14:29:51.855 [main] DEBUG io.netty.buffer.PooledByteBufAllocator - -Dio.netty.allocator.normalCacheSize: 64
2018-05-12  14:29:51.855 [main] DEBUG io.netty.buffer.PooledByteBufAllocator - -Dio.netty.allocator.maxCachedBufferCapacity: 32768
2018-05-12  14:29:51.855 [main] DEBUG io.netty.buffer.PooledByteBufAllocator - -Dio.netty.allocator.cacheTrimInterval: 8192
2018-05-12  14:29:51.855 [main] DEBUG io.netty.buffer.PooledByteBufAllocator - -Dio.netty.allocator.useCacheForAllThreads: true
2018-05-12  14:29:51.863 [main] DEBUG io.netty.buffer.ByteBufUtil - -Dio.netty.allocator.type: pooled
2018-05-12  14:29:51.863 [main] DEBUG io.netty.buffer.ByteBufUtil - -Dio.netty.threadLocalDirectBufferSize: 65536
2018-05-12  14:29:51.863 [main] DEBUG io.netty.buffer.ByteBufUtil - -Dio.netty.maxThreadLocalCharBufferSize: 16384
2018-05-12  14:29:51.884 [main] INFO  com.zzc.nettyapi.nettyservice.NettyServerBootStrap - Server bind successfully
2018-05-12  14:29:55.471 [nioEventLoopGroup-3-1] DEBUG io.netty.buffer.AbstractByteBuf - -Dio.netty.buffer.bytebuf.checkAccessible: true
2018-05-12  14:29:55.472 [nioEventLoopGroup-3-1] DEBUG io.netty.util.ResourceLeakDetectorFactory - Loaded default ResourceLeakDetector: io.netty.util.ResourceLeakDetector@113c00bf
2018-05-12  14:29:55.502 [nioEventLoopGroup-3-1] DEBUG io.netty.util.Recycler - -Dio.netty.recycler.maxCapacityPerThread: 32768
2018-05-12  14:29:55.502 [nioEventLoopGroup-3-1] DEBUG io.netty.util.Recycler - -Dio.netty.recycler.maxSharedCapacityFactor: 2
2018-05-12  14:29:55.502 [nioEventLoopGroup-3-1] DEBUG io.netty.util.Recycler - -Dio.netty.recycler.linkCapacity: 16
2018-05-12  14:29:55.502 [nioEventLoopGroup-3-1] DEBUG io.netty.util.Recycler - -Dio.netty.recycler.ratio: 8
2018-05-12  14:29:55.516 [nioEventLoopGroup-3-1] INFO  com.zzc.nettyapi.request.HttpRequestParser - date:Sat May 12 14:29:55 CST 2018---uri:/user/1/note/1
2018-05-12  14:29:55.537 [nioEventLoopGroup-3-1] DEBUG com.zzc.nettyapi.argument.binder.DataBinderFactory - type:int ------> dataBinder:com.zzc.nettyapi.argument.binder.SimpleRequestDataBinder
2018-05-12  14:29:55.538 [nioEventLoopGroup-3-1] DEBUG com.zzc.nettyapi.argument.binder.DataBinderFactory - type:int ------> dataBinder:com.zzc.nettyapi.argument.binder.SimpleRequestDataBinder
2018-05-12  14:29:55.611 [nioEventLoopGroup-3-1] DEBUG io.netty.handler.codec.compression.ZlibCodecFactory - -Dio.netty.noJdkZlibDecoder: false
2018-05-12  14:29:55.611 [nioEventLoopGroup-3-1] DEBUG io.netty.handler.codec.compression.ZlibCodecFactory - -Dio.netty.noJdkZlibEncoder: false
2018-05-12  14:29:55.678 [nioEventLoopGroup-3-1] INFO  com.zzc.nettyapi.request.HttpRequestParser - date:Sat May 12 14:29:55 CST 2018---uri:/favicon.ico
2018-05-12  14:31:41.303 [main] DEBUG io.netty.util.internal.logging.InternalLoggerFactory - Using SLF4J as the default logging framework
2018-05-12  14:31:41.328 [main] DEBUG io.netty.channel.MultithreadEventLoopGroup - -Dio.netty.eventLoopThreads: 16
2018-05-12  14:31:41.498 [main] DEBUG io.netty.util.internal.PlatformDependent - Platform: MacOS
2018-05-12  14:31:41.506 [main] DEBUG io.netty.util.internal.PlatformDependent0 - -Dio.netty.noUnsafe: false
2018-05-12  14:31:41.522 [main] DEBUG io.netty.util.internal.PlatformDependent0 - Java version: 8
2018-05-12  14:31:41.537 [main] DEBUG io.netty.util.internal.PlatformDependent0 - sun.misc.Unsafe.theUnsafe: available
2018-05-12  14:31:41.539 [main] DEBUG io.netty.util.internal.PlatformDependent0 - sun.misc.Unsafe.copyMemory: available
2018-05-12  14:31:41.543 [main] DEBUG io.netty.util.internal.PlatformDependent0 - java.nio.Buffer.address: available
2018-05-12  14:31:41.544 [main] DEBUG io.netty.util.internal.PlatformDependent0 - direct buffer constructor: available
2018-05-12  14:31:41.546 [main] DEBUG io.netty.util.internal.PlatformDependent0 - java.nio.Bits.unaligned: available, true
2018-05-12  14:31:41.547 [main] DEBUG io.netty.util.internal.PlatformDependent0 - jdk.internal.misc.Unsafe.allocateUninitializedArray(int): unavailable prior to Java9
2018-05-12  14:31:41.548 [main] DEBUG io.netty.util.internal.PlatformDependent0 - java.nio.DirectByteBuffer.<init>(long, int): available
2018-05-12  14:31:41.548 [main] DEBUG io.netty.util.internal.PlatformDependent - sun.misc.Unsafe: available
2018-05-12  14:31:41.549 [main] DEBUG io.netty.util.internal.PlatformDependent - -Dio.netty.tmpdir: /var/folders/60/p56nn12s5sq59wz96nlpdfcc0000gn/T (java.io.tmpdir)
2018-05-12  14:31:41.549 [main] DEBUG io.netty.util.internal.PlatformDependent - -Dio.netty.bitMode: 64 (sun.arch.data.model)
2018-05-12  14:31:41.558 [main] DEBUG io.netty.util.internal.PlatformDependent - -Dio.netty.noPreferDirect: false
2018-05-12  14:31:41.563 [main] DEBUG io.netty.util.internal.PlatformDependent - -Dio.netty.maxDirectMemory: 3817865216 bytes
2018-05-12  14:31:41.565 [main] DEBUG io.netty.util.internal.PlatformDependent - -Dio.netty.uninitializedArrayAllocationThreshold: -1
2018-05-12  14:31:41.568 [main] DEBUG io.netty.util.internal.CleanerJava6 - java.nio.ByteBuffer.cleaner(): available
2018-05-12  14:31:41.650 [main] DEBUG io.netty.channel.nio.NioEventLoop - -Dio.netty.noKeySetOptimization: false
2018-05-12  14:31:41.650 [main] DEBUG io.netty.channel.nio.NioEventLoop - -Dio.netty.selectorAutoRebuildThreshold: 512
2018-05-12  14:31:41.660 [main] DEBUG io.netty.util.internal.PlatformDependent - org.jctools-core.MpscChunkedArrayQueue: available
2018-05-12  14:31:41.713 [main] INFO  com.zzc.nettyapi.nettyservice.ServerConfigLoader - load server config from /config.properties successfully!
2018-05-12  14:31:41.789 [main] DEBUG io.netty.channel.DefaultChannelId - -Dio.netty.processId: 25108 (auto-detected)
2018-05-12  14:31:41.791 [main] DEBUG io.netty.util.NetUtil - -Djava.net.preferIPv4Stack: false
2018-05-12  14:31:41.792 [main] DEBUG io.netty.util.NetUtil - -Djava.net.preferIPv6Addresses: false
2018-05-12  14:31:41.793 [main] DEBUG io.netty.util.NetUtil - Loopback interface: lo0 (lo0, 0:0:0:0:0:0:0:1)
2018-05-12  14:31:41.793 [main] DEBUG io.netty.util.NetUtil - Failed to get SOMAXCONN from sysctl and file /proc/sys/net/core/somaxconn. Default: 128
2018-05-12  14:31:41.797 [main] DEBUG io.netty.channel.DefaultChannelId - -Dio.netty.machineId: ac:de:48:ff:fe:00:11:22 (auto-detected)
2018-05-12  14:31:41.802 [main] DEBUG io.netty.util.internal.InternalThreadLocalMap - -Dio.netty.threadLocalMap.stringBuilder.initialSize: 1024
2018-05-12  14:31:41.802 [main] DEBUG io.netty.util.internal.InternalThreadLocalMap - -Dio.netty.threadLocalMap.stringBuilder.maxSize: 4096
2018-05-12  14:31:41.811 [main] DEBUG io.netty.util.ResourceLeakDetector - -Dio.netty.leakDetection.level: simple
2018-05-12  14:31:41.811 [main] DEBUG io.netty.util.ResourceLeakDetector - -Dio.netty.leakDetection.maxRecords: 4
2018-05-12  14:31:41.811 [main] DEBUG io.netty.util.ResourceLeakDetector - -Dio.netty.leakDetection.maxSampledRecords: 40
2018-05-12  14:31:41.836 [main] DEBUG io.netty.buffer.PooledByteBufAllocator - -Dio.netty.allocator.numHeapArenas: 16
2018-05-12  14:31:41.836 [main] DEBUG io.netty.buffer.PooledByteBufAllocator - -Dio.netty.allocator.numDirectArenas: 16
2018-05-12  14:31:41.837 [main] DEBUG io.netty.buffer.PooledByteBufAllocator - -Dio.netty.allocator.pageSize: 8192
2018-05-12  14:31:41.837 [main] DEBUG io.netty.buffer.PooledByteBufAllocator - -Dio.netty.allocator.maxOrder: 11
2018-05-12  14:31:41.837 [main] DEBUG io.netty.buffer.PooledByteBufAllocator - -Dio.netty.allocator.chunkSize: 16777216
2018-05-12  14:31:41.837 [main] DEBUG io.netty.buffer.PooledByteBufAllocator - -Dio.netty.allocator.tinyCacheSize: 512
2018-05-12  14:31:41.837 [main] DEBUG io.netty.buffer.PooledByteBufAllocator - -Dio.netty.allocator.smallCacheSize: 256
2018-05-12  14:31:41.837 [main] DEBUG io.netty.buffer.PooledByteBufAllocator - -Dio.netty.allocator.normalCacheSize: 64
2018-05-12  14:31:41.837 [main] DEBUG io.netty.buffer.PooledByteBufAllocator - -Dio.netty.allocator.maxCachedBufferCapacity: 32768
2018-05-12  14:31:41.837 [main] DEBUG io.netty.buffer.PooledByteBufAllocator - -Dio.netty.allocator.cacheTrimInterval: 8192
2018-05-12  14:31:41.837 [main] DEBUG io.netty.buffer.PooledByteBufAllocator - -Dio.netty.allocator.useCacheForAllThreads: true
2018-05-12  14:31:41.846 [main] DEBUG io.netty.buffer.ByteBufUtil - -Dio.netty.allocator.type: pooled
2018-05-12  14:31:41.846 [main] DEBUG io.netty.buffer.ByteBufUtil - -Dio.netty.threadLocalDirectBufferSize: 65536
2018-05-12  14:31:41.846 [main] DEBUG io.netty.buffer.ByteBufUtil - -Dio.netty.maxThreadLocalCharBufferSize: 16384
2018-05-12  14:31:47.088 [main] DEBUG io.netty.util.internal.logging.InternalLoggerFactory - Using SLF4J as the default logging framework
2018-05-12  14:31:47.091 [main] DEBUG io.netty.channel.MultithreadEventLoopGroup - -Dio.netty.eventLoopThreads: 16
2018-05-12  14:31:47.121 [main] DEBUG io.netty.util.internal.PlatformDependent - Platform: MacOS
2018-05-12  14:31:47.123 [main] DEBUG io.netty.util.internal.PlatformDependent0 - -Dio.netty.noUnsafe: false
2018-05-12  14:31:47.125 [main] DEBUG io.netty.util.internal.PlatformDependent0 - Java version: 8
2018-05-12  14:31:47.127 [main] DEBUG io.netty.util.internal.PlatformDependent0 - sun.misc.Unsafe.theUnsafe: available
2018-05-12  14:31:47.127 [main] DEBUG io.netty.util.internal.PlatformDependent0 - sun.misc.Unsafe.copyMemory: available
2018-05-12  14:31:47.128 [main] DEBUG io.netty.util.internal.PlatformDependent0 - java.nio.Buffer.address: available
2018-05-12  14:31:47.128 [main] DEBUG io.netty.util.internal.PlatformDependent0 - direct buffer constructor: available
2018-05-12  14:31:47.129 [main] DEBUG io.netty.util.internal.PlatformDependent0 - java.nio.Bits.unaligned: available, true
2018-05-12  14:31:47.129 [main] DEBUG io.netty.util.internal.PlatformDependent0 - jdk.internal.misc.Unsafe.allocateUninitializedArray(int): unavailable prior to Java9
2018-05-12  14:31:47.129 [main] DEBUG io.netty.util.internal.PlatformDependent0 - java.nio.DirectByteBuffer.<init>(long, int): available
2018-05-12  14:31:47.129 [main] DEBUG io.netty.util.internal.PlatformDependent - sun.misc.Unsafe: available
2018-05-12  14:31:47.129 [main] DEBUG io.netty.util.internal.PlatformDependent - -Dio.netty.tmpdir: /var/folders/60/p56nn12s5sq59wz96nlpdfcc0000gn/T (java.io.tmpdir)
2018-05-12  14:31:47.129 [main] DEBUG io.netty.util.internal.PlatformDependent - -Dio.netty.bitMode: 64 (sun.arch.data.model)
2018-05-12  14:31:47.131 [main] DEBUG io.netty.util.internal.PlatformDependent - -Dio.netty.noPreferDirect: false
2018-05-12  14:31:47.131 [main] DEBUG io.netty.util.internal.PlatformDependent - -Dio.netty.maxDirectMemory: 3817865216 bytes
2018-05-12  14:31:47.131 [main] DEBUG io.netty.util.internal.PlatformDependent - -Dio.netty.uninitializedArrayAllocationThreshold: -1
2018-05-12  14:31:47.132 [main] DEBUG io.netty.util.internal.CleanerJava6 - java.nio.ByteBuffer.cleaner(): available
2018-05-12  14:31:47.148 [main] DEBUG io.netty.channel.nio.NioEventLoop - -Dio.netty.noKeySetOptimization: false
2018-05-12  14:31:47.148 [main] DEBUG io.netty.channel.nio.NioEventLoop - -Dio.netty.selectorAutoRebuildThreshold: 512
2018-05-12  14:31:47.155 [main] DEBUG io.netty.util.internal.PlatformDependent - org.jctools-core.MpscChunkedArrayQueue: available
2018-05-12  14:31:47.176 [main] INFO  com.zzc.nettyapi.nettyservice.ServerConfigLoader - load server config from /config.properties successfully!
2018-05-12  14:31:47.268 [main] DEBUG io.netty.channel.DefaultChannelId - -Dio.netty.processId: 25115 (auto-detected)
2018-05-12  14:31:47.270 [main] DEBUG io.netty.util.NetUtil - -Djava.net.preferIPv4Stack: false
2018-05-12  14:31:47.270 [main] DEBUG io.netty.util.NetUtil - -Djava.net.preferIPv6Addresses: false
2018-05-12  14:31:47.272 [main] DEBUG io.netty.util.NetUtil - Loopback interface: lo0 (lo0, 0:0:0:0:0:0:0:1)
2018-05-12  14:31:47.272 [main] DEBUG io.netty.util.NetUtil - Failed to get SOMAXCONN from sysctl and file /proc/sys/net/core/somaxconn. Default: 128
2018-05-12  14:31:47.276 [main] DEBUG io.netty.channel.DefaultChannelId - -Dio.netty.machineId: ac:de:48:ff:fe:00:11:22 (auto-detected)
2018-05-12  14:31:47.281 [main] DEBUG io.netty.util.internal.InternalThreadLocalMap - -Dio.netty.threadLocalMap.stringBuilder.initialSize: 1024
2018-05-12  14:31:47.281 [main] DEBUG io.netty.util.internal.InternalThreadLocalMap - -Dio.netty.threadLocalMap.stringBuilder.maxSize: 4096
2018-05-12  14:31:47.290 [main] DEBUG io.netty.util.ResourceLeakDetector - -Dio.netty.leakDetection.level: simple
2018-05-12  14:31:47.290 [main] DEBUG io.netty.util.ResourceLeakDetector - -Dio.netty.leakDetection.maxRecords: 4
2018-05-12  14:31:47.290 [main] DEBUG io.netty.util.ResourceLeakDetector - -Dio.netty.leakDetection.maxSampledRecords: 40
2018-05-12  14:31:47.313 [main] DEBUG io.netty.buffer.PooledByteBufAllocator - -Dio.netty.allocator.numHeapArenas: 16
2018-05-12  14:31:47.313 [main] DEBUG io.netty.buffer.PooledByteBufAllocator - -Dio.netty.allocator.numDirectArenas: 16
2018-05-12  14:31:47.313 [main] DEBUG io.netty.buffer.PooledByteBufAllocator - -Dio.netty.allocator.pageSize: 8192
2018-05-12  14:31:47.313 [main] DEBUG io.netty.buffer.PooledByteBufAllocator - -Dio.netty.allocator.maxOrder: 11
2018-05-12  14:31:47.313 [main] DEBUG io.netty.buffer.PooledByteBufAllocator - -Dio.netty.allocator.chunkSize: 16777216
2018-05-12  14:31:47.313 [main] DEBUG io.netty.buffer.PooledByteBufAllocator - -Dio.netty.allocator.tinyCacheSize: 512
2018-05-12  14:31:47.313 [main] DEBUG io.netty.buffer.PooledByteBufAllocator - -Dio.netty.allocator.smallCacheSize: 256
2018-05-12  14:31:47.313 [main] DEBUG io.netty.buffer.PooledByteBufAllocator - -Dio.netty.allocator.normalCacheSize: 64
2018-05-12  14:31:47.313 [main] DEBUG io.netty.buffer.PooledByteBufAllocator - -Dio.netty.allocator.maxCachedBufferCapacity: 32768
2018-05-12  14:31:47.313 [main] DEBUG io.netty.buffer.PooledByteBufAllocator - -Dio.netty.allocator.cacheTrimInterval: 8192
2018-05-12  14:31:47.314 [main] DEBUG io.netty.buffer.PooledByteBufAllocator - -Dio.netty.allocator.useCacheForAllThreads: true
2018-05-12  14:31:47.321 [main] DEBUG io.netty.buffer.ByteBufUtil - -Dio.netty.allocator.type: pooled
2018-05-12  14:31:47.321 [main] DEBUG io.netty.buffer.ByteBufUtil - -Dio.netty.threadLocalDirectBufferSize: 65536
2018-05-12  14:31:47.321 [main] DEBUG io.netty.buffer.ByteBufUtil - -Dio.netty.maxThreadLocalCharBufferSize: 16384
2018-05-12  14:31:47.341 [main] INFO  com.zzc.nettyapi.nettyservice.NettyServerBootStrap - Server bind successfully
2018-05-12  14:31:50.370 [nioEventLoopGroup-3-4] DEBUG io.netty.buffer.AbstractByteBuf - -Dio.netty.buffer.bytebuf.checkAccessible: true
2018-05-12  14:31:50.371 [nioEventLoopGroup-3-4] DEBUG io.netty.util.ResourceLeakDetectorFactory - Loaded default ResourceLeakDetector: io.netty.util.ResourceLeakDetector@7c3287ce
2018-05-12  14:31:50.400 [nioEventLoopGroup-3-1] DEBUG io.netty.util.Recycler - -Dio.netty.recycler.maxCapacityPerThread: 32768
2018-05-12  14:31:50.401 [nioEventLoopGroup-3-1] DEBUG io.netty.util.Recycler - -Dio.netty.recycler.maxSharedCapacityFactor: 2
2018-05-12  14:31:50.401 [nioEventLoopGroup-3-1] DEBUG io.netty.util.Recycler - -Dio.netty.recycler.linkCapacity: 16
2018-05-12  14:31:50.401 [nioEventLoopGroup-3-1] DEBUG io.netty.util.Recycler - -Dio.netty.recycler.ratio: 8
2018-05-12  14:31:50.415 [nioEventLoopGroup-3-1] INFO  com.zzc.nettyapi.request.HttpRequestParser - date:Sat May 12 14:31:50 CST 2018---uri:/user/1/note/1
2018-05-12  14:31:50.441 [nioEventLoopGroup-3-1] DEBUG com.zzc.nettyapi.argument.binder.DataBinderFactory - type:int ------> dataBinder:com.zzc.nettyapi.argument.binder.SimpleRequestDataBinder
2018-05-12  14:31:50.442 [nioEventLoopGroup-3-1] DEBUG com.zzc.nettyapi.argument.binder.DataBinderFactory - type:int ------> dataBinder:com.zzc.nettyapi.argument.binder.SimpleRequestDataBinder
2018-05-12  14:31:50.522 [nioEventLoopGroup-3-1] DEBUG io.netty.handler.codec.compression.ZlibCodecFactory - -Dio.netty.noJdkZlibDecoder: false
2018-05-12  14:31:50.523 [nioEventLoopGroup-3-1] DEBUG io.netty.handler.codec.compression.ZlibCodecFactory - -Dio.netty.noJdkZlibEncoder: false
2018-05-12  14:31:50.601 [nioEventLoopGroup-3-1] INFO  com.zzc.nettyapi.request.HttpRequestParser - date:Sat May 12 14:31:50 CST 2018---uri:/favicon.ico
