2018-06-14  14:37:16.411 [main] DEBUG io.netty.util.internal.logging.InternalLoggerFactory - Using SLF4J as the default logging framework
2018-06-14  14:37:16.432 [main] DEBUG io.netty.channel.MultithreadEventLoopGroup - -Dio.netty.eventLoopThreads: 16
2018-06-14  14:37:16.624 [main] DEBUG io.netty.util.internal.PlatformDependent - Platform: MacOS
2018-06-14  14:37:16.634 [main] DEBUG io.netty.util.internal.PlatformDependent0 - -Dio.netty.noUnsafe: false
2018-06-14  14:37:16.636 [main] DEBUG io.netty.util.internal.PlatformDependent0 - Java version: 8
2018-06-14  14:37:16.648 [main] DEBUG io.netty.util.internal.PlatformDependent0 - sun.misc.Unsafe.theUnsafe: available
2018-06-14  14:37:16.653 [main] DEBUG io.netty.util.internal.PlatformDependent0 - sun.misc.Unsafe.copyMemory: available
2018-06-14  14:37:16.657 [main] DEBUG io.netty.util.internal.PlatformDependent0 - java.nio.Buffer.address: available
2018-06-14  14:37:16.659 [main] DEBUG io.netty.util.internal.PlatformDependent0 - direct buffer constructor: available
2018-06-14  14:37:16.664 [main] DEBUG io.netty.util.internal.PlatformDependent0 - java.nio.Bits.unaligned: available, true
2018-06-14  14:37:16.665 [main] DEBUG io.netty.util.internal.PlatformDependent0 - jdk.internal.misc.Unsafe.allocateUninitializedArray(int): unavailable prior to Java9
2018-06-14  14:37:16.665 [main] DEBUG io.netty.util.internal.PlatformDependent0 - java.nio.DirectByteBuffer.<init>(long, int): available
2018-06-14  14:37:16.665 [main] DEBUG io.netty.util.internal.PlatformDependent - sun.misc.Unsafe: available
2018-06-14  14:37:16.670 [main] DEBUG io.netty.util.internal.PlatformDependent - -Dio.netty.tmpdir: /var/folders/60/p56nn12s5sq59wz96nlpdfcc0000gn/T (java.io.tmpdir)
2018-06-14  14:37:16.671 [main] DEBUG io.netty.util.internal.PlatformDependent - -Dio.netty.bitMode: 64 (sun.arch.data.model)
2018-06-14  14:37:16.679 [main] DEBUG io.netty.util.internal.PlatformDependent - -Dio.netty.noPreferDirect: false
2018-06-14  14:37:16.681 [main] DEBUG io.netty.util.internal.PlatformDependent - -Dio.netty.maxDirectMemory: 3817865216 bytes
2018-06-14  14:37:16.682 [main] DEBUG io.netty.util.internal.PlatformDependent - -Dio.netty.uninitializedArrayAllocationThreshold: -1
2018-06-14  14:37:16.686 [main] DEBUG io.netty.util.internal.CleanerJava6 - java.nio.ByteBuffer.cleaner(): available
2018-06-14  14:37:16.785 [main] DEBUG io.netty.channel.nio.NioEventLoop - -Dio.netty.noKeySetOptimization: false
2018-06-14  14:37:16.786 [main] DEBUG io.netty.channel.nio.NioEventLoop - -Dio.netty.selectorAutoRebuildThreshold: 512
2018-06-14  14:37:16.797 [main] DEBUG io.netty.util.internal.PlatformDependent - org.jctools-core.MpscChunkedArrayQueue: available
2018-06-14  14:37:16.871 [main] INFO  com.zzc.nettyapi.nettyservice.ServerConfigLoader - load server config from /config.properties successfully!
2018-06-14  14:37:24.949 [main] INFO  com.zzc.nettyapi.annotation.parser.AnnotationMappingConfiguration - mapping url:/todo on the class:com.zzc.test.Controller.AnnotationController - method:todo
2018-06-14  14:37:25.434 [main] INFO  com.zzc.nettyapi.annotation.parser.AnnotationMappingConfiguration - mapping url:/test on the class:com.zzc.test.Controller.AnnotationController - method:test
2018-06-14  14:37:26.364 [main] INFO  com.zzc.nettyapi.annotation.parser.AnnotationMappingConfiguration - mapping url:/run on the class:com.zzc.test.Controller.AnnotationController2 - method:run
2018-06-14  14:37:29.236 [main] INFO  com.zzc.nettyapi.apiutil.ApiRegistry - mapping url:/hello on the class:Test - method:hello
2018-06-14  14:37:29.236 [main] INFO  com.zzc.nettyapi.apiutil.ApiRegistry - mapping url:/hi on the class:Test - method:hi
2018-06-14  14:37:29.236 [main] INFO  com.zzc.nettyapi.apiutil.ApiRegistry - mapping url:/user/:uid/note/:noteid on the class:com.zzc.test.Controller.UserController - method:get
2018-06-14  14:37:29.236 [main] INFO  com.zzc.nettyapi.apiutil.ApiRegistry - mapping url:/person on the class:com.zzc.test.Controller.UserController - method:getPerson
2018-06-14  14:37:29.236 [main] INFO  com.zzc.nettyapi.apiutil.ApiRegistry - mapping url:/person1 on the class:com.zzc.test.Controller.UserController - method:getPersonStrng
2018-06-14  14:37:29.296 [main] DEBUG io.netty.channel.DefaultChannelId - -Dio.netty.processId: 35147 (auto-detected)
2018-06-14  14:37:29.299 [main] DEBUG io.netty.util.NetUtil - -Djava.net.preferIPv4Stack: false
2018-06-14  14:37:29.299 [main] DEBUG io.netty.util.NetUtil - -Djava.net.preferIPv6Addresses: false
2018-06-14  14:37:29.304 [main] DEBUG io.netty.util.NetUtil - Loopback interface: lo0 (lo0, 0:0:0:0:0:0:0:1)
2018-06-14  14:37:29.304 [main] DEBUG io.netty.util.NetUtil - Failed to get SOMAXCONN from sysctl and file /proc/sys/net/core/somaxconn. Default: 128
2018-06-14  14:37:29.307 [main] DEBUG io.netty.channel.DefaultChannelId - -Dio.netty.machineId: ac:de:48:ff:fe:00:11:22 (auto-detected)
2018-06-14  14:37:29.313 [main] DEBUG io.netty.util.internal.InternalThreadLocalMap - -Dio.netty.threadLocalMap.stringBuilder.initialSize: 1024
2018-06-14  14:37:29.313 [main] DEBUG io.netty.util.internal.InternalThreadLocalMap - -Dio.netty.threadLocalMap.stringBuilder.maxSize: 4096
2018-06-14  14:37:29.323 [main] DEBUG io.netty.util.ResourceLeakDetector - -Dio.netty.leakDetection.level: simple
2018-06-14  14:37:29.323 [main] DEBUG io.netty.util.ResourceLeakDetector - -Dio.netty.leakDetection.maxRecords: 4
2018-06-14  14:37:29.323 [main] DEBUG io.netty.util.ResourceLeakDetector - -Dio.netty.leakDetection.maxSampledRecords: 40
2018-06-14  14:37:29.375 [main] DEBUG io.netty.buffer.PooledByteBufAllocator - -Dio.netty.allocator.numHeapArenas: 16
2018-06-14  14:37:29.375 [main] DEBUG io.netty.buffer.PooledByteBufAllocator - -Dio.netty.allocator.numDirectArenas: 16
2018-06-14  14:37:29.375 [main] DEBUG io.netty.buffer.PooledByteBufAllocator - -Dio.netty.allocator.pageSize: 8192
2018-06-14  14:37:29.375 [main] DEBUG io.netty.buffer.PooledByteBufAllocator - -Dio.netty.allocator.maxOrder: 11
2018-06-14  14:37:29.375 [main] DEBUG io.netty.buffer.PooledByteBufAllocator - -Dio.netty.allocator.chunkSize: 16777216
2018-06-14  14:37:29.375 [main] DEBUG io.netty.buffer.PooledByteBufAllocator - -Dio.netty.allocator.tinyCacheSize: 512
2018-06-14  14:37:29.375 [main] DEBUG io.netty.buffer.PooledByteBufAllocator - -Dio.netty.allocator.smallCacheSize: 256
2018-06-14  14:37:29.376 [main] DEBUG io.netty.buffer.PooledByteBufAllocator - -Dio.netty.allocator.normalCacheSize: 64
2018-06-14  14:37:29.376 [main] DEBUG io.netty.buffer.PooledByteBufAllocator - -Dio.netty.allocator.maxCachedBufferCapacity: 32768
2018-06-14  14:37:29.376 [main] DEBUG io.netty.buffer.PooledByteBufAllocator - -Dio.netty.allocator.cacheTrimInterval: 8192
2018-06-14  14:37:29.376 [main] DEBUG io.netty.buffer.PooledByteBufAllocator - -Dio.netty.allocator.useCacheForAllThreads: true
2018-06-14  14:37:29.395 [main] DEBUG io.netty.buffer.ByteBufUtil - -Dio.netty.allocator.type: pooled
2018-06-14  14:37:29.397 [main] DEBUG io.netty.buffer.ByteBufUtil - -Dio.netty.threadLocalDirectBufferSize: 65536
2018-06-14  14:37:29.398 [main] DEBUG io.netty.buffer.ByteBufUtil - -Dio.netty.maxThreadLocalCharBufferSize: 16384
2018-06-14  14:37:29.447 [main] INFO  com.zzc.nettyapi.nettyservice.NettyServerBootStrap - Server bind successfully
2018-06-14  14:37:39.531 [nioEventLoopGroup-3-2] DEBUG io.netty.buffer.AbstractByteBuf - -Dio.netty.buffer.bytebuf.checkAccessible: true
2018-06-14  14:37:39.533 [nioEventLoopGroup-3-2] DEBUG io.netty.util.ResourceLeakDetectorFactory - Loaded default ResourceLeakDetector: io.netty.util.ResourceLeakDetector@1dc686bf
2018-06-14  14:37:39.590 [nioEventLoopGroup-3-1] DEBUG io.netty.util.Recycler - -Dio.netty.recycler.maxCapacityPerThread: 32768
2018-06-14  14:37:39.590 [nioEventLoopGroup-3-1] DEBUG io.netty.util.Recycler - -Dio.netty.recycler.maxSharedCapacityFactor: 2
2018-06-14  14:37:39.590 [nioEventLoopGroup-3-1] DEBUG io.netty.util.Recycler - -Dio.netty.recycler.linkCapacity: 16
2018-06-14  14:37:39.590 [nioEventLoopGroup-3-1] DEBUG io.netty.util.Recycler - -Dio.netty.recycler.ratio: 8
2018-06-14  14:37:42.072 [handleThread--1] INFO  com.zzc.nettyapi.request.HttpRequestParser - date:Thu Jun 14 14:37:42 CST 2018---uri:/
2018-06-14  14:38:02.315 [nioEventLoopGroup-3-1] DEBUG io.netty.handler.codec.compression.ZlibCodecFactory - -Dio.netty.noJdkZlibDecoder: false
2018-06-14  14:38:02.317 [nioEventLoopGroup-3-1] DEBUG io.netty.handler.codec.compression.ZlibCodecFactory - -Dio.netty.noJdkZlibEncoder: false
2018-06-14  14:38:04.570 [handleThread--2] INFO  com.zzc.nettyapi.request.HttpRequestParser - date:Thu Jun 14 14:38:04 CST 2018---uri:/favicon.ico
2018-06-14  14:38:21.716 [handleThread--3] INFO  com.zzc.nettyapi.request.HttpRequestParser - date:Thu Jun 14 14:38:21 CST 2018---uri:/
2018-06-14  14:38:29.184 [handleThread--4] INFO  com.zzc.nettyapi.request.HttpRequestParser - date:Thu Jun 14 14:38:29 CST 2018---uri:/favicon.ico
2018-06-14  14:43:52.743 [handleThread--5] INFO  com.zzc.nettyapi.request.HttpRequestParser - date:Thu Jun 14 14:43:52 CST 2018---uri:/
2018-06-14  14:43:55.379 [main] DEBUG io.netty.util.internal.logging.InternalLoggerFactory - Using SLF4J as the default logging framework
2018-06-14  14:43:55.386 [main] DEBUG io.netty.channel.MultithreadEventLoopGroup - -Dio.netty.eventLoopThreads: 16
2018-06-14  14:43:55.491 [main] DEBUG io.netty.util.internal.PlatformDependent - Platform: MacOS
2018-06-14  14:43:55.495 [main] DEBUG io.netty.util.internal.PlatformDependent0 - -Dio.netty.noUnsafe: false
2018-06-14  14:43:55.496 [main] DEBUG io.netty.util.internal.PlatformDependent0 - Java version: 8
2018-06-14  14:43:55.501 [main] DEBUG io.netty.util.internal.PlatformDependent0 - sun.misc.Unsafe.theUnsafe: available
2018-06-14  14:43:55.503 [main] DEBUG io.netty.util.internal.PlatformDependent0 - sun.misc.Unsafe.copyMemory: available
2018-06-14  14:43:55.504 [main] DEBUG io.netty.util.internal.PlatformDependent0 - java.nio.Buffer.address: available
2018-06-14  14:43:55.505 [main] DEBUG io.netty.util.internal.PlatformDependent0 - direct buffer constructor: available
2018-06-14  14:43:55.507 [main] DEBUG io.netty.util.internal.PlatformDependent0 - java.nio.Bits.unaligned: available, true
2018-06-14  14:43:55.507 [main] DEBUG io.netty.util.internal.PlatformDependent0 - jdk.internal.misc.Unsafe.allocateUninitializedArray(int): unavailable prior to Java9
2018-06-14  14:43:55.507 [main] DEBUG io.netty.util.internal.PlatformDependent0 - java.nio.DirectByteBuffer.<init>(long, int): available
2018-06-14  14:43:55.507 [main] DEBUG io.netty.util.internal.PlatformDependent - sun.misc.Unsafe: available
2018-06-14  14:43:55.508 [main] DEBUG io.netty.util.internal.PlatformDependent - -Dio.netty.tmpdir: /var/folders/60/p56nn12s5sq59wz96nlpdfcc0000gn/T (java.io.tmpdir)
2018-06-14  14:43:55.508 [main] DEBUG io.netty.util.internal.PlatformDependent - -Dio.netty.bitMode: 64 (sun.arch.data.model)
2018-06-14  14:43:55.512 [main] DEBUG io.netty.util.internal.PlatformDependent - -Dio.netty.noPreferDirect: false
2018-06-14  14:43:55.512 [main] DEBUG io.netty.util.internal.PlatformDependent - -Dio.netty.maxDirectMemory: 3817865216 bytes
2018-06-14  14:43:55.512 [main] DEBUG io.netty.util.internal.PlatformDependent - -Dio.netty.uninitializedArrayAllocationThreshold: -1
2018-06-14  14:43:55.513 [main] DEBUG io.netty.util.internal.CleanerJava6 - java.nio.ByteBuffer.cleaner(): available
2018-06-14  14:43:55.598 [main] DEBUG io.netty.channel.nio.NioEventLoop - -Dio.netty.noKeySetOptimization: false
2018-06-14  14:43:55.599 [main] DEBUG io.netty.channel.nio.NioEventLoop - -Dio.netty.selectorAutoRebuildThreshold: 512
2018-06-14  14:43:55.616 [main] DEBUG io.netty.util.internal.PlatformDependent - org.jctools-core.MpscChunkedArrayQueue: available
2018-06-14  14:43:55.666 [main] INFO  com.zzc.nettyapi.nettyservice.ServerConfigLoader - load server config from /config.properties successfully!
2018-06-14  14:44:02.934 [main] INFO  com.zzc.nettyapi.annotation.parser.AnnotationMappingConfiguration - mapping url:/todo on the class:com.zzc.test.Controller.AnnotationController - method:todo
2018-06-14  14:44:03.522 [main] INFO  com.zzc.nettyapi.annotation.parser.AnnotationMappingConfiguration - mapping url:/test on the class:com.zzc.test.Controller.AnnotationController - method:test
2018-06-14  14:44:05.323 [main] INFO  com.zzc.nettyapi.annotation.parser.AnnotationMappingConfiguration - mapping url:/run on the class:com.zzc.test.Controller.AnnotationController2 - method:run
2018-06-14  14:44:05.336 [main] INFO  com.zzc.nettyapi.apiutil.ApiRegistry - mapping url:/hello on the class:Test - method:hello
2018-06-14  14:44:05.336 [main] INFO  com.zzc.nettyapi.apiutil.ApiRegistry - mapping url:/hi on the class:Test - method:hi
2018-06-14  14:44:05.336 [main] INFO  com.zzc.nettyapi.apiutil.ApiRegistry - mapping url:/user/:uid/note/:noteid on the class:com.zzc.test.Controller.UserController - method:get
2018-06-14  14:44:05.336 [main] INFO  com.zzc.nettyapi.apiutil.ApiRegistry - mapping url:/person on the class:com.zzc.test.Controller.UserController - method:getPerson
2018-06-14  14:44:05.336 [main] INFO  com.zzc.nettyapi.apiutil.ApiRegistry - mapping url:/person1 on the class:com.zzc.test.Controller.UserController - method:getPersonStrng
2018-06-14  14:44:05.377 [main] DEBUG io.netty.channel.DefaultChannelId - -Dio.netty.processId: 35163 (auto-detected)
2018-06-14  14:44:05.381 [main] DEBUG io.netty.util.NetUtil - -Djava.net.preferIPv4Stack: false
2018-06-14  14:44:05.381 [main] DEBUG io.netty.util.NetUtil - -Djava.net.preferIPv6Addresses: false
2018-06-14  14:44:05.387 [main] DEBUG io.netty.util.NetUtil - Loopback interface: lo0 (lo0, 0:0:0:0:0:0:0:1)
2018-06-14  14:44:05.388 [main] DEBUG io.netty.util.NetUtil - Failed to get SOMAXCONN from sysctl and file /proc/sys/net/core/somaxconn. Default: 128
2018-06-14  14:44:05.391 [main] DEBUG io.netty.channel.DefaultChannelId - -Dio.netty.machineId: ac:de:48:ff:fe:00:11:22 (auto-detected)
2018-06-14  14:44:05.401 [main] DEBUG io.netty.util.internal.InternalThreadLocalMap - -Dio.netty.threadLocalMap.stringBuilder.initialSize: 1024
2018-06-14  14:44:05.401 [main] DEBUG io.netty.util.internal.InternalThreadLocalMap - -Dio.netty.threadLocalMap.stringBuilder.maxSize: 4096
2018-06-14  14:44:05.410 [main] DEBUG io.netty.util.ResourceLeakDetector - -Dio.netty.leakDetection.level: simple
2018-06-14  14:44:05.410 [main] DEBUG io.netty.util.ResourceLeakDetector - -Dio.netty.leakDetection.maxRecords: 4
2018-06-14  14:44:05.410 [main] DEBUG io.netty.util.ResourceLeakDetector - -Dio.netty.leakDetection.maxSampledRecords: 40
2018-06-14  14:44:05.439 [main] DEBUG io.netty.buffer.PooledByteBufAllocator - -Dio.netty.allocator.numHeapArenas: 16
2018-06-14  14:44:05.440 [main] DEBUG io.netty.buffer.PooledByteBufAllocator - -Dio.netty.allocator.numDirectArenas: 16
2018-06-14  14:44:05.441 [main] DEBUG io.netty.buffer.PooledByteBufAllocator - -Dio.netty.allocator.pageSize: 8192
2018-06-14  14:44:05.442 [main] DEBUG io.netty.buffer.PooledByteBufAllocator - -Dio.netty.allocator.maxOrder: 11
2018-06-14  14:44:05.443 [main] DEBUG io.netty.buffer.PooledByteBufAllocator - -Dio.netty.allocator.chunkSize: 16777216
2018-06-14  14:44:05.444 [main] DEBUG io.netty.buffer.PooledByteBufAllocator - -Dio.netty.allocator.tinyCacheSize: 512
2018-06-14  14:44:05.444 [main] DEBUG io.netty.buffer.PooledByteBufAllocator - -Dio.netty.allocator.smallCacheSize: 256
2018-06-14  14:44:05.444 [main] DEBUG io.netty.buffer.PooledByteBufAllocator - -Dio.netty.allocator.normalCacheSize: 64
2018-06-14  14:44:05.444 [main] DEBUG io.netty.buffer.PooledByteBufAllocator - -Dio.netty.allocator.maxCachedBufferCapacity: 32768
2018-06-14  14:44:05.444 [main] DEBUG io.netty.buffer.PooledByteBufAllocator - -Dio.netty.allocator.cacheTrimInterval: 8192
2018-06-14  14:44:05.444 [main] DEBUG io.netty.buffer.PooledByteBufAllocator - -Dio.netty.allocator.useCacheForAllThreads: true
2018-06-14  14:44:05.470 [main] DEBUG io.netty.buffer.ByteBufUtil - -Dio.netty.allocator.type: pooled
2018-06-14  14:44:05.472 [main] DEBUG io.netty.buffer.ByteBufUtil - -Dio.netty.threadLocalDirectBufferSize: 65536
2018-06-14  14:44:05.473 [main] DEBUG io.netty.buffer.ByteBufUtil - -Dio.netty.maxThreadLocalCharBufferSize: 16384
2018-06-14  14:44:07.010 [main] INFO  com.zzc.nettyapi.nettyservice.NettyServerBootStrap - Server bind successfully
2018-06-14  14:45:01.439 [nioEventLoopGroup-3-1] DEBUG io.netty.buffer.AbstractByteBuf - -Dio.netty.buffer.bytebuf.checkAccessible: true
2018-06-14  14:45:01.962 [nioEventLoopGroup-3-1] DEBUG io.netty.util.ResourceLeakDetectorFactory - Loaded default ResourceLeakDetector: io.netty.util.ResourceLeakDetector@262444ea
2018-06-14  14:45:02.038 [nioEventLoopGroup-3-1] DEBUG io.netty.util.Recycler - -Dio.netty.recycler.maxCapacityPerThread: 32768
2018-06-14  14:45:02.039 [nioEventLoopGroup-3-1] DEBUG io.netty.util.Recycler - -Dio.netty.recycler.maxSharedCapacityFactor: 2
2018-06-14  14:45:02.039 [nioEventLoopGroup-3-1] DEBUG io.netty.util.Recycler - -Dio.netty.recycler.linkCapacity: 16
2018-06-14  14:45:02.039 [nioEventLoopGroup-3-1] DEBUG io.netty.util.Recycler - -Dio.netty.recycler.ratio: 8
2018-06-14  14:45:02.707 [handleThread--1] INFO  com.zzc.nettyapi.request.HttpRequestParser - date:Thu Jun 14 14:45:02 CST 2018---uri:/
2018-06-14  14:45:03.524 [nioEventLoopGroup-3-1] DEBUG io.netty.handler.codec.compression.ZlibCodecFactory - -Dio.netty.noJdkZlibDecoder: false
2018-06-14  14:45:03.524 [nioEventLoopGroup-3-1] DEBUG io.netty.handler.codec.compression.ZlibCodecFactory - -Dio.netty.noJdkZlibEncoder: false
2018-06-14  14:45:06.741 [handleThread--2] INFO  com.zzc.nettyapi.request.HttpRequestParser - date:Thu Jun 14 14:45:06 CST 2018---uri:/favicon.ico
2018-06-14  14:45:31.670 [handleThread--3] INFO  com.zzc.nettyapi.request.HttpRequestParser - date:Thu Jun 14 14:45:31 CST 2018---uri:/
2018-06-14  14:46:10.726 [handleThread--4] INFO  com.zzc.nettyapi.request.HttpRequestParser - date:Thu Jun 14 14:46:10 CST 2018---uri:/favicon.ico
