2018-04-15  19:44:56.298 [main] DEBUG io.netty.util.internal.logging.InternalLoggerFactory - Using SLF4J as the default logging framework
2018-04-15  19:44:56.304 [main] DEBUG io.netty.channel.MultithreadEventLoopGroup - -Dio.netty.eventLoopThreads: 16
2018-04-15  19:44:56.386 [main] DEBUG io.netty.util.internal.PlatformDependent - Platform: MacOS
2018-04-15  19:44:56.388 [main] DEBUG io.netty.util.internal.PlatformDependent0 - -Dio.netty.noUnsafe: false
2018-04-15  19:44:56.389 [main] DEBUG io.netty.util.internal.PlatformDependent0 - Java version: 8
2018-04-15  19:44:56.391 [main] DEBUG io.netty.util.internal.PlatformDependent0 - sun.misc.Unsafe.theUnsafe: available
2018-04-15  19:44:56.392 [main] DEBUG io.netty.util.internal.PlatformDependent0 - sun.misc.Unsafe.copyMemory: available
2018-04-15  19:44:56.393 [main] DEBUG io.netty.util.internal.PlatformDependent0 - java.nio.Buffer.address: available
2018-04-15  19:44:56.394 [main] DEBUG io.netty.util.internal.PlatformDependent0 - direct buffer constructor: available
2018-04-15  19:44:56.395 [main] DEBUG io.netty.util.internal.PlatformDependent0 - java.nio.Bits.unaligned: available, true
2018-04-15  19:44:56.395 [main] DEBUG io.netty.util.internal.PlatformDependent0 - jdk.internal.misc.Unsafe.allocateUninitializedArray(int): unavailable prior to Java9
2018-04-15  19:44:56.395 [main] DEBUG io.netty.util.internal.PlatformDependent0 - java.nio.DirectByteBuffer.<init>(long, int): available
2018-04-15  19:44:56.395 [main] DEBUG io.netty.util.internal.PlatformDependent - sun.misc.Unsafe: available
2018-04-15  19:44:56.396 [main] DEBUG io.netty.util.internal.PlatformDependent - -Dio.netty.tmpdir: /var/folders/60/p56nn12s5sq59wz96nlpdfcc0000gn/T (java.io.tmpdir)
2018-04-15  19:44:56.397 [main] DEBUG io.netty.util.internal.PlatformDependent - -Dio.netty.bitMode: 64 (sun.arch.data.model)
2018-04-15  19:44:56.399 [main] DEBUG io.netty.util.internal.PlatformDependent - -Dio.netty.noPreferDirect: false
2018-04-15  19:44:56.399 [main] DEBUG io.netty.util.internal.PlatformDependent - -Dio.netty.maxDirectMemory: 3817865216 bytes
2018-04-15  19:44:56.399 [main] DEBUG io.netty.util.internal.PlatformDependent - -Dio.netty.uninitializedArrayAllocationThreshold: -1
2018-04-15  19:44:56.401 [main] DEBUG io.netty.util.internal.CleanerJava6 - java.nio.ByteBuffer.cleaner(): available
2018-04-15  19:44:56.435 [main] DEBUG io.netty.channel.nio.NioEventLoop - -Dio.netty.noKeySetOptimization: false
2018-04-15  19:44:56.435 [main] DEBUG io.netty.channel.nio.NioEventLoop - -Dio.netty.selectorAutoRebuildThreshold: 512
2018-04-15  19:44:56.448 [main] DEBUG io.netty.util.internal.PlatformDependent - org.jctools-core.MpscChunkedArrayQueue: available
2018-04-15  19:44:56.487 [main] INFO  com.zzc.nettyapi.nettyservice.ServerConfigLoader - load server config from /config.properties successfully!
2018-04-15  19:44:56.573 [main] DEBUG io.netty.channel.DefaultChannelId - -Dio.netty.processId: 7543 (auto-detected)
2018-04-15  19:44:56.585 [main] DEBUG io.netty.util.NetUtil - -Djava.net.preferIPv4Stack: false
2018-04-15  19:44:56.586 [main] DEBUG io.netty.util.NetUtil - -Djava.net.preferIPv6Addresses: false
2018-04-15  19:44:56.591 [main] DEBUG io.netty.util.NetUtil - Loopback interface: lo0 (lo0, 0:0:0:0:0:0:0:1)
2018-04-15  19:44:56.592 [main] DEBUG io.netty.util.NetUtil - Failed to get SOMAXCONN from sysctl and file /proc/sys/net/core/somaxconn. Default: 128
2018-04-15  19:44:56.597 [main] DEBUG io.netty.channel.DefaultChannelId - -Dio.netty.machineId: ac:de:48:ff:fe:00:11:22 (auto-detected)
2018-04-15  19:44:56.613 [main] DEBUG io.netty.util.internal.InternalThreadLocalMap - -Dio.netty.threadLocalMap.stringBuilder.initialSize: 1024
2018-04-15  19:44:56.614 [main] DEBUG io.netty.util.internal.InternalThreadLocalMap - -Dio.netty.threadLocalMap.stringBuilder.maxSize: 4096
2018-04-15  19:44:56.654 [main] DEBUG io.netty.util.ResourceLeakDetector - -Dio.netty.leakDetection.level: simple
2018-04-15  19:44:56.655 [main] DEBUG io.netty.util.ResourceLeakDetector - -Dio.netty.leakDetection.maxRecords: 4
2018-04-15  19:44:56.655 [main] DEBUG io.netty.util.ResourceLeakDetector - -Dio.netty.leakDetection.maxSampledRecords: 40
2018-04-15  19:44:56.738 [main] DEBUG io.netty.buffer.PooledByteBufAllocator - -Dio.netty.allocator.numHeapArenas: 16
2018-04-15  19:44:56.738 [main] DEBUG io.netty.buffer.PooledByteBufAllocator - -Dio.netty.allocator.numDirectArenas: 16
2018-04-15  19:44:56.738 [main] DEBUG io.netty.buffer.PooledByteBufAllocator - -Dio.netty.allocator.pageSize: 8192
2018-04-15  19:44:56.738 [main] DEBUG io.netty.buffer.PooledByteBufAllocator - -Dio.netty.allocator.maxOrder: 11
2018-04-15  19:44:56.738 [main] DEBUG io.netty.buffer.PooledByteBufAllocator - -Dio.netty.allocator.chunkSize: 16777216
2018-04-15  19:44:56.738 [main] DEBUG io.netty.buffer.PooledByteBufAllocator - -Dio.netty.allocator.tinyCacheSize: 512
2018-04-15  19:44:56.738 [main] DEBUG io.netty.buffer.PooledByteBufAllocator - -Dio.netty.allocator.smallCacheSize: 256
2018-04-15  19:44:56.738 [main] DEBUG io.netty.buffer.PooledByteBufAllocator - -Dio.netty.allocator.normalCacheSize: 64
2018-04-15  19:44:56.738 [main] DEBUG io.netty.buffer.PooledByteBufAllocator - -Dio.netty.allocator.maxCachedBufferCapacity: 32768
2018-04-15  19:44:56.738 [main] DEBUG io.netty.buffer.PooledByteBufAllocator - -Dio.netty.allocator.cacheTrimInterval: 8192
2018-04-15  19:44:56.739 [main] DEBUG io.netty.buffer.PooledByteBufAllocator - -Dio.netty.allocator.useCacheForAllThreads: true
2018-04-15  19:44:56.772 [main] DEBUG io.netty.buffer.ByteBufUtil - -Dio.netty.allocator.type: pooled
2018-04-15  19:44:56.772 [main] DEBUG io.netty.buffer.ByteBufUtil - -Dio.netty.threadLocalDirectBufferSize: 65536
2018-04-15  19:44:56.772 [main] DEBUG io.netty.buffer.ByteBufUtil - -Dio.netty.maxThreadLocalCharBufferSize: 16384
2018-04-15  19:44:56.820 [main] INFO  com.zzc.nettyapi.nettyservice.NettyServerBootStrap - Server bind successfully
2018-04-15  19:45:38.504 [nioEventLoopGroup-3-2] DEBUG io.netty.buffer.AbstractByteBuf - -Dio.netty.buffer.bytebuf.checkAccessible: true
2018-04-15  19:45:38.505 [nioEventLoopGroup-3-2] DEBUG io.netty.util.ResourceLeakDetectorFactory - Loaded default ResourceLeakDetector: io.netty.util.ResourceLeakDetector@7a40d083
2018-04-15  19:45:38.517 [nioEventLoopGroup-3-1] DEBUG io.netty.util.Recycler - -Dio.netty.recycler.maxCapacityPerThread: 32768
2018-04-15  19:45:38.517 [nioEventLoopGroup-3-1] DEBUG io.netty.util.Recycler - -Dio.netty.recycler.maxSharedCapacityFactor: 2
2018-04-15  19:45:38.517 [nioEventLoopGroup-3-1] DEBUG io.netty.util.Recycler - -Dio.netty.recycler.linkCapacity: 16
2018-04-15  19:45:38.517 [nioEventLoopGroup-3-1] DEBUG io.netty.util.Recycler - -Dio.netty.recycler.ratio: 8
2018-04-15  19:45:38.545 [nioEventLoopGroup-3-1] INFO  com.zzc.nettyapi.apiutil.RequestDetail - date:Sun Apr 15 19:45:38 CST 2018---uri:/user/1/noteid/1
2018-04-15  19:47:31.365 [main] DEBUG io.netty.util.internal.logging.InternalLoggerFactory - Using SLF4J as the default logging framework
2018-04-15  19:47:31.371 [main] DEBUG io.netty.channel.MultithreadEventLoopGroup - -Dio.netty.eventLoopThreads: 16
2018-04-15  19:47:31.431 [main] DEBUG io.netty.util.internal.PlatformDependent - Platform: MacOS
2018-04-15  19:47:31.433 [main] DEBUG io.netty.util.internal.PlatformDependent0 - -Dio.netty.noUnsafe: false
2018-04-15  19:47:31.434 [main] DEBUG io.netty.util.internal.PlatformDependent0 - Java version: 8
2018-04-15  19:47:31.436 [main] DEBUG io.netty.util.internal.PlatformDependent0 - sun.misc.Unsafe.theUnsafe: available
2018-04-15  19:47:31.437 [main] DEBUG io.netty.util.internal.PlatformDependent0 - sun.misc.Unsafe.copyMemory: available
2018-04-15  19:47:31.438 [main] DEBUG io.netty.util.internal.PlatformDependent0 - java.nio.Buffer.address: available
2018-04-15  19:47:31.438 [main] DEBUG io.netty.util.internal.PlatformDependent0 - direct buffer constructor: available
2018-04-15  19:47:31.439 [main] DEBUG io.netty.util.internal.PlatformDependent0 - java.nio.Bits.unaligned: available, true
2018-04-15  19:47:31.440 [main] DEBUG io.netty.util.internal.PlatformDependent0 - jdk.internal.misc.Unsafe.allocateUninitializedArray(int): unavailable prior to Java9
2018-04-15  19:47:31.440 [main] DEBUG io.netty.util.internal.PlatformDependent0 - java.nio.DirectByteBuffer.<init>(long, int): available
2018-04-15  19:47:31.440 [main] DEBUG io.netty.util.internal.PlatformDependent - sun.misc.Unsafe: available
2018-04-15  19:47:31.440 [main] DEBUG io.netty.util.internal.PlatformDependent - -Dio.netty.tmpdir: /var/folders/60/p56nn12s5sq59wz96nlpdfcc0000gn/T (java.io.tmpdir)
2018-04-15  19:47:31.440 [main] DEBUG io.netty.util.internal.PlatformDependent - -Dio.netty.bitMode: 64 (sun.arch.data.model)
2018-04-15  19:47:31.443 [main] DEBUG io.netty.util.internal.PlatformDependent - -Dio.netty.noPreferDirect: false
2018-04-15  19:47:31.443 [main] DEBUG io.netty.util.internal.PlatformDependent - -Dio.netty.maxDirectMemory: 3817865216 bytes
2018-04-15  19:47:31.443 [main] DEBUG io.netty.util.internal.PlatformDependent - -Dio.netty.uninitializedArrayAllocationThreshold: -1
2018-04-15  19:47:31.444 [main] DEBUG io.netty.util.internal.CleanerJava6 - java.nio.ByteBuffer.cleaner(): available
2018-04-15  19:47:31.477 [main] DEBUG io.netty.channel.nio.NioEventLoop - -Dio.netty.noKeySetOptimization: false
2018-04-15  19:47:31.477 [main] DEBUG io.netty.channel.nio.NioEventLoop - -Dio.netty.selectorAutoRebuildThreshold: 512
2018-04-15  19:47:31.500 [main] DEBUG io.netty.util.internal.PlatformDependent - org.jctools-core.MpscChunkedArrayQueue: available
2018-04-15  19:47:31.530 [main] INFO  com.zzc.nettyapi.nettyservice.ServerConfigLoader - load server config from /config.properties successfully!
2018-04-15  19:47:33.428 [main] DEBUG io.netty.channel.DefaultChannelId - -Dio.netty.processId: 7557 (auto-detected)
2018-04-15  19:47:33.443 [main] DEBUG io.netty.util.NetUtil - -Djava.net.preferIPv4Stack: false
2018-04-15  19:47:33.443 [main] DEBUG io.netty.util.NetUtil - -Djava.net.preferIPv6Addresses: false
2018-04-15  19:47:33.473 [main] DEBUG io.netty.util.NetUtil - Loopback interface: lo0 (lo0, 0:0:0:0:0:0:0:1)
2018-04-15  19:47:33.478 [main] DEBUG io.netty.util.NetUtil - Failed to get SOMAXCONN from sysctl and file /proc/sys/net/core/somaxconn. Default: 128
2018-04-15  19:47:33.498 [main] DEBUG io.netty.channel.DefaultChannelId - -Dio.netty.machineId: ac:de:48:ff:fe:00:11:22 (auto-detected)
2018-04-15  19:47:33.521 [main] DEBUG io.netty.util.internal.InternalThreadLocalMap - -Dio.netty.threadLocalMap.stringBuilder.initialSize: 1024
2018-04-15  19:47:33.521 [main] DEBUG io.netty.util.internal.InternalThreadLocalMap - -Dio.netty.threadLocalMap.stringBuilder.maxSize: 4096
2018-04-15  19:47:33.554 [main] DEBUG io.netty.util.ResourceLeakDetector - -Dio.netty.leakDetection.level: simple
2018-04-15  19:47:33.556 [main] DEBUG io.netty.util.ResourceLeakDetector - -Dio.netty.leakDetection.maxRecords: 4
2018-04-15  19:47:33.557 [main] DEBUG io.netty.util.ResourceLeakDetector - -Dio.netty.leakDetection.maxSampledRecords: 40
2018-04-15  19:47:33.603 [main] DEBUG io.netty.buffer.PooledByteBufAllocator - -Dio.netty.allocator.numHeapArenas: 16
2018-04-15  19:47:33.604 [main] DEBUG io.netty.buffer.PooledByteBufAllocator - -Dio.netty.allocator.numDirectArenas: 16
2018-04-15  19:47:33.604 [main] DEBUG io.netty.buffer.PooledByteBufAllocator - -Dio.netty.allocator.pageSize: 8192
2018-04-15  19:47:33.604 [main] DEBUG io.netty.buffer.PooledByteBufAllocator - -Dio.netty.allocator.maxOrder: 11
2018-04-15  19:47:33.604 [main] DEBUG io.netty.buffer.PooledByteBufAllocator - -Dio.netty.allocator.chunkSize: 16777216
2018-04-15  19:47:33.604 [main] DEBUG io.netty.buffer.PooledByteBufAllocator - -Dio.netty.allocator.tinyCacheSize: 512
2018-04-15  19:47:33.604 [main] DEBUG io.netty.buffer.PooledByteBufAllocator - -Dio.netty.allocator.smallCacheSize: 256
2018-04-15  19:47:33.604 [main] DEBUG io.netty.buffer.PooledByteBufAllocator - -Dio.netty.allocator.normalCacheSize: 64
2018-04-15  19:47:33.604 [main] DEBUG io.netty.buffer.PooledByteBufAllocator - -Dio.netty.allocator.maxCachedBufferCapacity: 32768
2018-04-15  19:47:33.604 [main] DEBUG io.netty.buffer.PooledByteBufAllocator - -Dio.netty.allocator.cacheTrimInterval: 8192
2018-04-15  19:47:33.604 [main] DEBUG io.netty.buffer.PooledByteBufAllocator - -Dio.netty.allocator.useCacheForAllThreads: true
2018-04-15  19:47:33.615 [main] DEBUG io.netty.buffer.ByteBufUtil - -Dio.netty.allocator.type: pooled
2018-04-15  19:47:33.616 [main] DEBUG io.netty.buffer.ByteBufUtil - -Dio.netty.threadLocalDirectBufferSize: 65536
2018-04-15  19:47:33.616 [main] DEBUG io.netty.buffer.ByteBufUtil - -Dio.netty.maxThreadLocalCharBufferSize: 16384
2018-04-15  19:47:33.636 [main] INFO  com.zzc.nettyapi.nettyservice.NettyServerBootStrap - Server bind successfully
2018-04-15  19:47:39.021 [nioEventLoopGroup-3-2] DEBUG io.netty.buffer.AbstractByteBuf - -Dio.netty.buffer.bytebuf.checkAccessible: true
2018-04-15  19:47:39.022 [nioEventLoopGroup-3-2] DEBUG io.netty.util.ResourceLeakDetectorFactory - Loaded default ResourceLeakDetector: io.netty.util.ResourceLeakDetector@5d2c6bd5
2018-04-15  19:47:39.037 [nioEventLoopGroup-3-1] DEBUG io.netty.util.Recycler - -Dio.netty.recycler.maxCapacityPerThread: 32768
2018-04-15  19:47:39.037 [nioEventLoopGroup-3-1] DEBUG io.netty.util.Recycler - -Dio.netty.recycler.maxSharedCapacityFactor: 2
2018-04-15  19:47:39.037 [nioEventLoopGroup-3-1] DEBUG io.netty.util.Recycler - -Dio.netty.recycler.linkCapacity: 16
2018-04-15  19:47:39.037 [nioEventLoopGroup-3-1] DEBUG io.netty.util.Recycler - -Dio.netty.recycler.ratio: 8
2018-04-15  19:47:42.334 [nioEventLoopGroup-3-1] INFO  com.zzc.nettyapi.apiutil.RequestDetail - date:Sun Apr 15 19:47:42 CST 2018---uri:/user/1/noteid/1
2018-04-15  19:47:48.939 [nioEventLoopGroup-3-1] INFO  com.zzc.nettyapi.apiutil.RequestDetail - date:Sun Apr 15 19:47:48 CST 2018---uri:/favicon.ico
2018-04-15  19:48:37.304 [main] DEBUG io.netty.util.internal.logging.InternalLoggerFactory - Using SLF4J as the default logging framework
2018-04-15  19:48:37.309 [main] DEBUG io.netty.channel.MultithreadEventLoopGroup - -Dio.netty.eventLoopThreads: 16
2018-04-15  19:48:37.345 [main] DEBUG io.netty.util.internal.PlatformDependent - Platform: MacOS
2018-04-15  19:48:37.346 [main] DEBUG io.netty.util.internal.PlatformDependent0 - -Dio.netty.noUnsafe: false
2018-04-15  19:48:37.347 [main] DEBUG io.netty.util.internal.PlatformDependent0 - Java version: 8
2018-04-15  19:48:37.349 [main] DEBUG io.netty.util.internal.PlatformDependent0 - sun.misc.Unsafe.theUnsafe: available
2018-04-15  19:48:37.350 [main] DEBUG io.netty.util.internal.PlatformDependent0 - sun.misc.Unsafe.copyMemory: available
2018-04-15  19:48:37.351 [main] DEBUG io.netty.util.internal.PlatformDependent0 - java.nio.Buffer.address: available
2018-04-15  19:48:37.351 [main] DEBUG io.netty.util.internal.PlatformDependent0 - direct buffer constructor: available
2018-04-15  19:48:37.352 [main] DEBUG io.netty.util.internal.PlatformDependent0 - java.nio.Bits.unaligned: available, true
2018-04-15  19:48:37.352 [main] DEBUG io.netty.util.internal.PlatformDependent0 - jdk.internal.misc.Unsafe.allocateUninitializedArray(int): unavailable prior to Java9
2018-04-15  19:48:37.352 [main] DEBUG io.netty.util.internal.PlatformDependent0 - java.nio.DirectByteBuffer.<init>(long, int): available
2018-04-15  19:48:37.352 [main] DEBUG io.netty.util.internal.PlatformDependent - sun.misc.Unsafe: available
2018-04-15  19:48:37.353 [main] DEBUG io.netty.util.internal.PlatformDependent - -Dio.netty.tmpdir: /var/folders/60/p56nn12s5sq59wz96nlpdfcc0000gn/T (java.io.tmpdir)
2018-04-15  19:48:37.353 [main] DEBUG io.netty.util.internal.PlatformDependent - -Dio.netty.bitMode: 64 (sun.arch.data.model)
2018-04-15  19:48:37.355 [main] DEBUG io.netty.util.internal.PlatformDependent - -Dio.netty.noPreferDirect: false
2018-04-15  19:48:37.355 [main] DEBUG io.netty.util.internal.PlatformDependent - -Dio.netty.maxDirectMemory: 3817865216 bytes
2018-04-15  19:48:37.355 [main] DEBUG io.netty.util.internal.PlatformDependent - -Dio.netty.uninitializedArrayAllocationThreshold: -1
2018-04-15  19:48:37.356 [main] DEBUG io.netty.util.internal.CleanerJava6 - java.nio.ByteBuffer.cleaner(): available
2018-04-15  19:48:37.372 [main] DEBUG io.netty.channel.nio.NioEventLoop - -Dio.netty.noKeySetOptimization: false
2018-04-15  19:48:37.372 [main] DEBUG io.netty.channel.nio.NioEventLoop - -Dio.netty.selectorAutoRebuildThreshold: 512
2018-04-15  19:48:37.379 [main] DEBUG io.netty.util.internal.PlatformDependent - org.jctools-core.MpscChunkedArrayQueue: available
2018-04-15  19:48:37.403 [main] INFO  com.zzc.nettyapi.nettyservice.ServerConfigLoader - load server config from /config.properties successfully!
2018-04-15  19:48:40.514 [main] DEBUG io.netty.channel.DefaultChannelId - -Dio.netty.processId: 7561 (auto-detected)
2018-04-15  19:48:40.522 [main] DEBUG io.netty.util.NetUtil - -Djava.net.preferIPv4Stack: false
2018-04-15  19:48:40.523 [main] DEBUG io.netty.util.NetUtil - -Djava.net.preferIPv6Addresses: false
2018-04-15  19:48:40.546 [main] DEBUG io.netty.util.NetUtil - Loopback interface: lo0 (lo0, 0:0:0:0:0:0:0:1)
2018-04-15  19:48:40.549 [main] DEBUG io.netty.util.NetUtil - Failed to get SOMAXCONN from sysctl and file /proc/sys/net/core/somaxconn. Default: 128
2018-04-15  19:48:40.562 [main] DEBUG io.netty.channel.DefaultChannelId - -Dio.netty.machineId: ac:de:48:ff:fe:00:11:22 (auto-detected)
2018-04-15  19:48:40.582 [main] DEBUG io.netty.util.internal.InternalThreadLocalMap - -Dio.netty.threadLocalMap.stringBuilder.initialSize: 1024
2018-04-15  19:48:40.583 [main] DEBUG io.netty.util.internal.InternalThreadLocalMap - -Dio.netty.threadLocalMap.stringBuilder.maxSize: 4096
2018-04-15  19:48:40.619 [main] DEBUG io.netty.util.ResourceLeakDetector - -Dio.netty.leakDetection.level: simple
2018-04-15  19:48:40.619 [main] DEBUG io.netty.util.ResourceLeakDetector - -Dio.netty.leakDetection.maxRecords: 4
2018-04-15  19:48:40.619 [main] DEBUG io.netty.util.ResourceLeakDetector - -Dio.netty.leakDetection.maxSampledRecords: 40
2018-04-15  19:48:40.683 [main] DEBUG io.netty.buffer.PooledByteBufAllocator - -Dio.netty.allocator.numHeapArenas: 16
2018-04-15  19:48:40.683 [main] DEBUG io.netty.buffer.PooledByteBufAllocator - -Dio.netty.allocator.numDirectArenas: 16
2018-04-15  19:48:40.683 [main] DEBUG io.netty.buffer.PooledByteBufAllocator - -Dio.netty.allocator.pageSize: 8192
2018-04-15  19:48:40.683 [main] DEBUG io.netty.buffer.PooledByteBufAllocator - -Dio.netty.allocator.maxOrder: 11
2018-04-15  19:48:40.683 [main] DEBUG io.netty.buffer.PooledByteBufAllocator - -Dio.netty.allocator.chunkSize: 16777216
2018-04-15  19:48:40.683 [main] DEBUG io.netty.buffer.PooledByteBufAllocator - -Dio.netty.allocator.tinyCacheSize: 512
2018-04-15  19:48:40.683 [main] DEBUG io.netty.buffer.PooledByteBufAllocator - -Dio.netty.allocator.smallCacheSize: 256
2018-04-15  19:48:40.684 [main] DEBUG io.netty.buffer.PooledByteBufAllocator - -Dio.netty.allocator.normalCacheSize: 64
2018-04-15  19:48:40.684 [main] DEBUG io.netty.buffer.PooledByteBufAllocator - -Dio.netty.allocator.maxCachedBufferCapacity: 32768
2018-04-15  19:48:40.684 [main] DEBUG io.netty.buffer.PooledByteBufAllocator - -Dio.netty.allocator.cacheTrimInterval: 8192
2018-04-15  19:48:40.684 [main] DEBUG io.netty.buffer.PooledByteBufAllocator - -Dio.netty.allocator.useCacheForAllThreads: true
2018-04-15  19:48:40.693 [main] DEBUG io.netty.buffer.ByteBufUtil - -Dio.netty.allocator.type: pooled
2018-04-15  19:48:40.693 [main] DEBUG io.netty.buffer.ByteBufUtil - -Dio.netty.threadLocalDirectBufferSize: 65536
2018-04-15  19:48:40.693 [main] DEBUG io.netty.buffer.ByteBufUtil - -Dio.netty.maxThreadLocalCharBufferSize: 16384
2018-04-15  19:48:40.714 [main] INFO  com.zzc.nettyapi.nettyservice.NettyServerBootStrap - Server bind successfully
2018-04-15  19:48:42.747 [nioEventLoopGroup-3-2] DEBUG io.netty.buffer.AbstractByteBuf - -Dio.netty.buffer.bytebuf.checkAccessible: true
2018-04-15  19:48:42.748 [nioEventLoopGroup-3-2] DEBUG io.netty.util.ResourceLeakDetectorFactory - Loaded default ResourceLeakDetector: io.netty.util.ResourceLeakDetector@5acd20cb
2018-04-15  19:48:42.763 [nioEventLoopGroup-3-1] DEBUG io.netty.util.Recycler - -Dio.netty.recycler.maxCapacityPerThread: 32768
2018-04-15  19:48:42.763 [nioEventLoopGroup-3-1] DEBUG io.netty.util.Recycler - -Dio.netty.recycler.maxSharedCapacityFactor: 2
2018-04-15  19:48:42.763 [nioEventLoopGroup-3-1] DEBUG io.netty.util.Recycler - -Dio.netty.recycler.linkCapacity: 16
2018-04-15  19:48:42.763 [nioEventLoopGroup-3-1] DEBUG io.netty.util.Recycler - -Dio.netty.recycler.ratio: 8
2018-04-15  19:48:47.396 [nioEventLoopGroup-3-1] INFO  com.zzc.nettyapi.apiutil.RequestDetail - date:Sun Apr 15 19:48:47 CST 2018---uri:/user/1/noteid/1
2018-04-15  19:49:57.166 [nioEventLoopGroup-3-1] INFO  com.zzc.nettyapi.apiutil.RequestDetail - date:Sun Apr 15 19:49:57 CST 2018---uri:/favicon.ico
2018-04-15  19:49:58.366 [nioEventLoopGroup-3-5] INFO  com.zzc.nettyapi.apiutil.RequestDetail - date:Sun Apr 15 19:49:57 CST 2018---uri:/user/1/note/1
2018-04-15  19:50:05.721 [nioEventLoopGroup-3-5] INFO  com.zzc.nettyapi.apiutil.RequestDetail - date:Sun Apr 15 19:50:05 CST 2018---uri:/favicon.ico
2018-04-15  19:50:07.085 [nioEventLoopGroup-3-5] WARN  io.netty.channel.DefaultChannelPipeline - An exceptionCaught() event was fired, and it reached at the tail of the pipeline. It usually means the last handler in the pipeline did not handle the exception.
java.lang.IndexOutOfBoundsException: Index: 0, Size: 0
	at java.util.LinkedList.checkElementIndex(LinkedList.java:555)
	at java.util.LinkedList.get(LinkedList.java:476)
	at com.zzc.nettyapi.apiutil.ApiHandler.invoke(ApiHandler.java:126)
	at com.zzc.nettyapi.apiutil.ApiHandler.handle(ApiHandler.java:72)
	at com.zzc.nettyapi.nettyservice.ServerHandler.channelRead(ServerHandler.java:44)
	at io.netty.channel.AbstractChannelHandlerContext.invokeChannelRead(AbstractChannelHandlerContext.java:362)
	at io.netty.channel.AbstractChannelHandlerContext.invokeChannelRead(AbstractChannelHandlerContext.java:348)
	at io.netty.channel.AbstractChannelHandlerContext.fireChannelRead(AbstractChannelHandlerContext.java:340)
	at io.netty.channel.CombinedChannelDuplexHandler$DelegatingChannelHandlerContext.fireChannelRead(CombinedChannelDuplexHandler.java:438)
	at io.netty.handler.codec.ByteToMessageDecoder.fireChannelRead(ByteToMessageDecoder.java:310)
	at io.netty.handler.codec.ByteToMessageDecoder.channelRead(ByteToMessageDecoder.java:284)
	at io.netty.channel.CombinedChannelDuplexHandler.channelRead(CombinedChannelDuplexHandler.java:253)
	at io.netty.channel.AbstractChannelHandlerContext.invokeChannelRead(AbstractChannelHandlerContext.java:362)
	at io.netty.channel.AbstractChannelHandlerContext.invokeChannelRead(AbstractChannelHandlerContext.java:348)
	at io.netty.channel.AbstractChannelHandlerContext.fireChannelRead(AbstractChannelHandlerContext.java:340)
	at io.netty.channel.DefaultChannelPipeline$HeadContext.channelRead(DefaultChannelPipeline.java:1359)
	at io.netty.channel.AbstractChannelHandlerContext.invokeChannelRead(AbstractChannelHandlerContext.java:362)
	at io.netty.channel.AbstractChannelHandlerContext.invokeChannelRead(AbstractChannelHandlerContext.java:348)
	at io.netty.channel.DefaultChannelPipeline.fireChannelRead(DefaultChannelPipeline.java:935)
	at io.netty.channel.nio.AbstractNioByteChannel$NioByteUnsafe.read(AbstractNioByteChannel.java:134)
	at io.netty.channel.nio.NioEventLoop.processSelectedKey(NioEventLoop.java:645)
	at io.netty.channel.nio.NioEventLoop.processSelectedKeysOptimized(NioEventLoop.java:580)
	at io.netty.channel.nio.NioEventLoop.processSelectedKeys(NioEventLoop.java:497)
	at io.netty.channel.nio.NioEventLoop.run(NioEventLoop.java:459)
	at io.netty.util.concurrent.SingleThreadEventExecutor$5.run(SingleThreadEventExecutor.java:858)
	at io.netty.util.concurrent.DefaultThreadFactory$DefaultRunnableDecorator.run(DefaultThreadFactory.java:138)
	at java.lang.Thread.run(Thread.java:748)
2018-04-15  19:50:28.023 [nioEventLoopGroup-3-1] INFO  com.zzc.nettyapi.apiutil.RequestDetail - date:Sun Apr 15 19:50:28 CST 2018---uri:/user/1/note/1
2018-04-15  19:50:30.534 [nioEventLoopGroup-3-1] INFO  com.zzc.nettyapi.apiutil.RequestDetail - date:Sun Apr 15 19:50:30 CST 2018---uri:/favicon.ico
2018-04-15  19:50:31.660 [nioEventLoopGroup-3-1] WARN  io.netty.channel.DefaultChannelPipeline - An exceptionCaught() event was fired, and it reached at the tail of the pipeline. It usually means the last handler in the pipeline did not handle the exception.
java.lang.IndexOutOfBoundsException: Index: 0, Size: 0
	at java.util.LinkedList.checkElementIndex(LinkedList.java:555)
	at java.util.LinkedList.get(LinkedList.java:476)
	at com.zzc.nettyapi.apiutil.ApiHandler.invoke(ApiHandler.java:126)
	at com.zzc.nettyapi.apiutil.ApiHandler.handle(ApiHandler.java:72)
	at com.zzc.nettyapi.nettyservice.ServerHandler.channelRead(ServerHandler.java:44)
	at io.netty.channel.AbstractChannelHandlerContext.invokeChannelRead(AbstractChannelHandlerContext.java:362)
	at io.netty.channel.AbstractChannelHandlerContext.invokeChannelRead(AbstractChannelHandlerContext.java:348)
	at io.netty.channel.AbstractChannelHandlerContext.fireChannelRead(AbstractChannelHandlerContext.java:340)
	at io.netty.channel.CombinedChannelDuplexHandler$DelegatingChannelHandlerContext.fireChannelRead(CombinedChannelDuplexHandler.java:438)
	at io.netty.handler.codec.ByteToMessageDecoder.fireChannelRead(ByteToMessageDecoder.java:310)
	at io.netty.handler.codec.ByteToMessageDecoder.channelRead(ByteToMessageDecoder.java:284)
	at io.netty.channel.CombinedChannelDuplexHandler.channelRead(CombinedChannelDuplexHandler.java:253)
	at io.netty.channel.AbstractChannelHandlerContext.invokeChannelRead(AbstractChannelHandlerContext.java:362)
	at io.netty.channel.AbstractChannelHandlerContext.invokeChannelRead(AbstractChannelHandlerContext.java:348)
	at io.netty.channel.AbstractChannelHandlerContext.fireChannelRead(AbstractChannelHandlerContext.java:340)
	at io.netty.channel.DefaultChannelPipeline$HeadContext.channelRead(DefaultChannelPipeline.java:1359)
	at io.netty.channel.AbstractChannelHandlerContext.invokeChannelRead(AbstractChannelHandlerContext.java:362)
	at io.netty.channel.AbstractChannelHandlerContext.invokeChannelRead(AbstractChannelHandlerContext.java:348)
	at io.netty.channel.DefaultChannelPipeline.fireChannelRead(DefaultChannelPipeline.java:935)
	at io.netty.channel.nio.AbstractNioByteChannel$NioByteUnsafe.read(AbstractNioByteChannel.java:134)
	at io.netty.channel.nio.NioEventLoop.processSelectedKey(NioEventLoop.java:645)
	at io.netty.channel.nio.NioEventLoop.processSelectedKeysOptimized(NioEventLoop.java:580)
	at io.netty.channel.nio.NioEventLoop.processSelectedKeys(NioEventLoop.java:497)
	at io.netty.channel.nio.NioEventLoop.run(NioEventLoop.java:459)
	at io.netty.util.concurrent.SingleThreadEventExecutor$5.run(SingleThreadEventExecutor.java:858)
	at io.netty.util.concurrent.DefaultThreadFactory$DefaultRunnableDecorator.run(DefaultThreadFactory.java:138)
	at java.lang.Thread.run(Thread.java:748)
2018-04-15  19:51:04.907 [main] DEBUG io.netty.util.internal.logging.InternalLoggerFactory - Using SLF4J as the default logging framework
2018-04-15  19:51:04.910 [main] DEBUG io.netty.channel.MultithreadEventLoopGroup - -Dio.netty.eventLoopThreads: 16
2018-04-15  19:51:04.936 [main] DEBUG io.netty.util.internal.PlatformDependent - Platform: MacOS
2018-04-15  19:51:04.937 [main] DEBUG io.netty.util.internal.PlatformDependent0 - -Dio.netty.noUnsafe: false
2018-04-15  19:51:04.938 [main] DEBUG io.netty.util.internal.PlatformDependent0 - Java version: 8
2018-04-15  19:51:04.939 [main] DEBUG io.netty.util.internal.PlatformDependent0 - sun.misc.Unsafe.theUnsafe: available
2018-04-15  19:51:04.940 [main] DEBUG io.netty.util.internal.PlatformDependent0 - sun.misc.Unsafe.copyMemory: available
2018-04-15  19:51:04.940 [main] DEBUG io.netty.util.internal.PlatformDependent0 - java.nio.Buffer.address: available
2018-04-15  19:51:04.940 [main] DEBUG io.netty.util.internal.PlatformDependent0 - direct buffer constructor: available
2018-04-15  19:51:04.941 [main] DEBUG io.netty.util.internal.PlatformDependent0 - java.nio.Bits.unaligned: available, true
2018-04-15  19:51:04.941 [main] DEBUG io.netty.util.internal.PlatformDependent0 - jdk.internal.misc.Unsafe.allocateUninitializedArray(int): unavailable prior to Java9
2018-04-15  19:51:04.941 [main] DEBUG io.netty.util.internal.PlatformDependent0 - java.nio.DirectByteBuffer.<init>(long, int): available
2018-04-15  19:51:04.941 [main] DEBUG io.netty.util.internal.PlatformDependent - sun.misc.Unsafe: available
2018-04-15  19:51:04.941 [main] DEBUG io.netty.util.internal.PlatformDependent - -Dio.netty.tmpdir: /var/folders/60/p56nn12s5sq59wz96nlpdfcc0000gn/T (java.io.tmpdir)
2018-04-15  19:51:04.942 [main] DEBUG io.netty.util.internal.PlatformDependent - -Dio.netty.bitMode: 64 (sun.arch.data.model)
2018-04-15  19:51:04.943 [main] DEBUG io.netty.util.internal.PlatformDependent - -Dio.netty.noPreferDirect: false
2018-04-15  19:51:04.943 [main] DEBUG io.netty.util.internal.PlatformDependent - -Dio.netty.maxDirectMemory: 3817865216 bytes
2018-04-15  19:51:04.943 [main] DEBUG io.netty.util.internal.PlatformDependent - -Dio.netty.uninitializedArrayAllocationThreshold: -1
2018-04-15  19:51:04.944 [main] DEBUG io.netty.util.internal.CleanerJava6 - java.nio.ByteBuffer.cleaner(): available
2018-04-15  19:51:04.957 [main] DEBUG io.netty.channel.nio.NioEventLoop - -Dio.netty.noKeySetOptimization: false
2018-04-15  19:51:04.957 [main] DEBUG io.netty.channel.nio.NioEventLoop - -Dio.netty.selectorAutoRebuildThreshold: 512
2018-04-15  19:51:04.965 [main] DEBUG io.netty.util.internal.PlatformDependent - org.jctools-core.MpscChunkedArrayQueue: available
2018-04-15  19:51:04.995 [main] INFO  com.zzc.nettyapi.nettyservice.ServerConfigLoader - load server config from /config.properties successfully!
2018-04-15  19:51:05.045 [main] DEBUG io.netty.channel.DefaultChannelId - -Dio.netty.processId: 7568 (auto-detected)
2018-04-15  19:51:05.047 [main] DEBUG io.netty.util.NetUtil - -Djava.net.preferIPv4Stack: false
2018-04-15  19:51:05.048 [main] DEBUG io.netty.util.NetUtil - -Djava.net.preferIPv6Addresses: false
2018-04-15  19:51:05.049 [main] DEBUG io.netty.util.NetUtil - Loopback interface: lo0 (lo0, 0:0:0:0:0:0:0:1)
2018-04-15  19:51:05.052 [main] DEBUG io.netty.util.NetUtil - Failed to get SOMAXCONN from sysctl and file /proc/sys/net/core/somaxconn. Default: 128
2018-04-15  19:51:05.063 [main] DEBUG io.netty.channel.DefaultChannelId - -Dio.netty.machineId: ac:de:48:ff:fe:00:11:22 (auto-detected)
2018-04-15  19:51:05.070 [main] DEBUG io.netty.util.internal.InternalThreadLocalMap - -Dio.netty.threadLocalMap.stringBuilder.initialSize: 1024
2018-04-15  19:51:05.070 [main] DEBUG io.netty.util.internal.InternalThreadLocalMap - -Dio.netty.threadLocalMap.stringBuilder.maxSize: 4096
2018-04-15  19:51:05.079 [main] DEBUG io.netty.util.ResourceLeakDetector - -Dio.netty.leakDetection.level: simple
2018-04-15  19:51:05.079 [main] DEBUG io.netty.util.ResourceLeakDetector - -Dio.netty.leakDetection.maxRecords: 4
2018-04-15  19:51:05.079 [main] DEBUG io.netty.util.ResourceLeakDetector - -Dio.netty.leakDetection.maxSampledRecords: 40
2018-04-15  19:51:05.104 [main] DEBUG io.netty.buffer.PooledByteBufAllocator - -Dio.netty.allocator.numHeapArenas: 16
2018-04-15  19:51:05.104 [main] DEBUG io.netty.buffer.PooledByteBufAllocator - -Dio.netty.allocator.numDirectArenas: 16
2018-04-15  19:51:05.104 [main] DEBUG io.netty.buffer.PooledByteBufAllocator - -Dio.netty.allocator.pageSize: 8192
2018-04-15  19:51:05.104 [main] DEBUG io.netty.buffer.PooledByteBufAllocator - -Dio.netty.allocator.maxOrder: 11
2018-04-15  19:51:05.104 [main] DEBUG io.netty.buffer.PooledByteBufAllocator - -Dio.netty.allocator.chunkSize: 16777216
2018-04-15  19:51:05.104 [main] DEBUG io.netty.buffer.PooledByteBufAllocator - -Dio.netty.allocator.tinyCacheSize: 512
2018-04-15  19:51:05.104 [main] DEBUG io.netty.buffer.PooledByteBufAllocator - -Dio.netty.allocator.smallCacheSize: 256
2018-04-15  19:51:05.104 [main] DEBUG io.netty.buffer.PooledByteBufAllocator - -Dio.netty.allocator.normalCacheSize: 64
2018-04-15  19:51:05.104 [main] DEBUG io.netty.buffer.PooledByteBufAllocator - -Dio.netty.allocator.maxCachedBufferCapacity: 32768
2018-04-15  19:51:05.105 [main] DEBUG io.netty.buffer.PooledByteBufAllocator - -Dio.netty.allocator.cacheTrimInterval: 8192
2018-04-15  19:51:05.105 [main] DEBUG io.netty.buffer.PooledByteBufAllocator - -Dio.netty.allocator.useCacheForAllThreads: true
2018-04-15  19:51:05.112 [main] DEBUG io.netty.buffer.ByteBufUtil - -Dio.netty.allocator.type: pooled
2018-04-15  19:51:05.112 [main] DEBUG io.netty.buffer.ByteBufUtil - -Dio.netty.threadLocalDirectBufferSize: 65536
2018-04-15  19:51:05.112 [main] DEBUG io.netty.buffer.ByteBufUtil - -Dio.netty.maxThreadLocalCharBufferSize: 16384
2018-04-15  19:51:05.131 [main] INFO  com.zzc.nettyapi.nettyservice.NettyServerBootStrap - Server bind successfully
2018-04-15  19:51:08.108 [nioEventLoopGroup-3-1] DEBUG io.netty.buffer.AbstractByteBuf - -Dio.netty.buffer.bytebuf.checkAccessible: true
2018-04-15  19:51:08.109 [nioEventLoopGroup-3-1] DEBUG io.netty.util.ResourceLeakDetectorFactory - Loaded default ResourceLeakDetector: io.netty.util.ResourceLeakDetector@3346098d
2018-04-15  19:51:08.120 [nioEventLoopGroup-3-1] DEBUG io.netty.util.Recycler - -Dio.netty.recycler.maxCapacityPerThread: 32768
2018-04-15  19:51:08.120 [nioEventLoopGroup-3-1] DEBUG io.netty.util.Recycler - -Dio.netty.recycler.maxSharedCapacityFactor: 2
2018-04-15  19:51:08.120 [nioEventLoopGroup-3-1] DEBUG io.netty.util.Recycler - -Dio.netty.recycler.linkCapacity: 16
2018-04-15  19:51:08.120 [nioEventLoopGroup-3-1] DEBUG io.netty.util.Recycler - -Dio.netty.recycler.ratio: 8
2018-04-15  19:51:08.144 [nioEventLoopGroup-3-1] INFO  com.zzc.nettyapi.apiutil.RequestDetail - date:Sun Apr 15 19:51:08 CST 2018---uri:/user/1/note/1
2018-04-15  19:51:08.278 [nioEventLoopGroup-3-1] INFO  com.zzc.nettyapi.apiutil.RequestDetail - date:Sun Apr 15 19:51:08 CST 2018---uri:/favicon.ico
2018-04-15  19:51:08.280 [nioEventLoopGroup-3-1] WARN  io.netty.channel.DefaultChannelPipeline - An exceptionCaught() event was fired, and it reached at the tail of the pipeline. It usually means the last handler in the pipeline did not handle the exception.
java.lang.IndexOutOfBoundsException: Index: 0, Size: 0
	at java.util.LinkedList.checkElementIndex(LinkedList.java:555)
	at java.util.LinkedList.get(LinkedList.java:476)
	at com.zzc.nettyapi.apiutil.ApiHandler.invoke(ApiHandler.java:126)
	at com.zzc.nettyapi.apiutil.ApiHandler.handle(ApiHandler.java:72)
	at com.zzc.nettyapi.nettyservice.ServerHandler.channelRead(ServerHandler.java:44)
	at io.netty.channel.AbstractChannelHandlerContext.invokeChannelRead(AbstractChannelHandlerContext.java:362)
	at io.netty.channel.AbstractChannelHandlerContext.invokeChannelRead(AbstractChannelHandlerContext.java:348)
	at io.netty.channel.AbstractChannelHandlerContext.fireChannelRead(AbstractChannelHandlerContext.java:340)
	at io.netty.channel.CombinedChannelDuplexHandler$DelegatingChannelHandlerContext.fireChannelRead(CombinedChannelDuplexHandler.java:438)
	at io.netty.handler.codec.ByteToMessageDecoder.fireChannelRead(ByteToMessageDecoder.java:310)
	at io.netty.handler.codec.ByteToMessageDecoder.channelRead(ByteToMessageDecoder.java:284)
	at io.netty.channel.CombinedChannelDuplexHandler.channelRead(CombinedChannelDuplexHandler.java:253)
	at io.netty.channel.AbstractChannelHandlerContext.invokeChannelRead(AbstractChannelHandlerContext.java:362)
	at io.netty.channel.AbstractChannelHandlerContext.invokeChannelRead(AbstractChannelHandlerContext.java:348)
	at io.netty.channel.AbstractChannelHandlerContext.fireChannelRead(AbstractChannelHandlerContext.java:340)
	at io.netty.channel.DefaultChannelPipeline$HeadContext.channelRead(DefaultChannelPipeline.java:1359)
	at io.netty.channel.AbstractChannelHandlerContext.invokeChannelRead(AbstractChannelHandlerContext.java:362)
	at io.netty.channel.AbstractChannelHandlerContext.invokeChannelRead(AbstractChannelHandlerContext.java:348)
	at io.netty.channel.DefaultChannelPipeline.fireChannelRead(DefaultChannelPipeline.java:935)
	at io.netty.channel.nio.AbstractNioByteChannel$NioByteUnsafe.read(AbstractNioByteChannel.java:134)
	at io.netty.channel.nio.NioEventLoop.processSelectedKey(NioEventLoop.java:645)
	at io.netty.channel.nio.NioEventLoop.processSelectedKeysOptimized(NioEventLoop.java:580)
	at io.netty.channel.nio.NioEventLoop.processSelectedKeys(NioEventLoop.java:497)
	at io.netty.channel.nio.NioEventLoop.run(NioEventLoop.java:459)
	at io.netty.util.concurrent.SingleThreadEventExecutor$5.run(SingleThreadEventExecutor.java:858)
	at io.netty.util.concurrent.DefaultThreadFactory$DefaultRunnableDecorator.run(DefaultThreadFactory.java:138)
	at java.lang.Thread.run(Thread.java:748)
2018-04-15  19:51:18.106 [main] DEBUG io.netty.util.internal.logging.InternalLoggerFactory - Using SLF4J as the default logging framework
2018-04-15  19:51:18.111 [main] DEBUG io.netty.channel.MultithreadEventLoopGroup - -Dio.netty.eventLoopThreads: 16
2018-04-15  19:51:18.183 [main] DEBUG io.netty.util.internal.PlatformDependent - Platform: MacOS
2018-04-15  19:51:18.185 [main] DEBUG io.netty.util.internal.PlatformDependent0 - -Dio.netty.noUnsafe: false
2018-04-15  19:51:18.185 [main] DEBUG io.netty.util.internal.PlatformDependent0 - Java version: 8
2018-04-15  19:51:18.188 [main] DEBUG io.netty.util.internal.PlatformDependent0 - sun.misc.Unsafe.theUnsafe: available
2018-04-15  19:51:18.189 [main] DEBUG io.netty.util.internal.PlatformDependent0 - sun.misc.Unsafe.copyMemory: available
2018-04-15  19:51:18.190 [main] DEBUG io.netty.util.internal.PlatformDependent0 - java.nio.Buffer.address: available
2018-04-15  19:51:18.191 [main] DEBUG io.netty.util.internal.PlatformDependent0 - direct buffer constructor: available
2018-04-15  19:51:18.192 [main] DEBUG io.netty.util.internal.PlatformDependent0 - java.nio.Bits.unaligned: available, true
2018-04-15  19:51:18.193 [main] DEBUG io.netty.util.internal.PlatformDependent0 - jdk.internal.misc.Unsafe.allocateUninitializedArray(int): unavailable prior to Java9
2018-04-15  19:51:18.193 [main] DEBUG io.netty.util.internal.PlatformDependent0 - java.nio.DirectByteBuffer.<init>(long, int): available
2018-04-15  19:51:18.193 [main] DEBUG io.netty.util.internal.PlatformDependent - sun.misc.Unsafe: available
2018-04-15  19:51:18.193 [main] DEBUG io.netty.util.internal.PlatformDependent - -Dio.netty.tmpdir: /var/folders/60/p56nn12s5sq59wz96nlpdfcc0000gn/T (java.io.tmpdir)
2018-04-15  19:51:18.194 [main] DEBUG io.netty.util.internal.PlatformDependent - -Dio.netty.bitMode: 64 (sun.arch.data.model)
2018-04-15  19:51:18.196 [main] DEBUG io.netty.util.internal.PlatformDependent - -Dio.netty.noPreferDirect: false
2018-04-15  19:51:18.196 [main] DEBUG io.netty.util.internal.PlatformDependent - -Dio.netty.maxDirectMemory: 3817865216 bytes
2018-04-15  19:51:18.197 [main] DEBUG io.netty.util.internal.PlatformDependent - -Dio.netty.uninitializedArrayAllocationThreshold: -1
2018-04-15  19:51:18.198 [main] DEBUG io.netty.util.internal.CleanerJava6 - java.nio.ByteBuffer.cleaner(): available
2018-04-15  19:51:18.219 [main] DEBUG io.netty.channel.nio.NioEventLoop - -Dio.netty.noKeySetOptimization: false
2018-04-15  19:51:18.219 [main] DEBUG io.netty.channel.nio.NioEventLoop - -Dio.netty.selectorAutoRebuildThreshold: 512
2018-04-15  19:51:18.230 [main] DEBUG io.netty.util.internal.PlatformDependent - org.jctools-core.MpscChunkedArrayQueue: available
2018-04-15  19:51:18.273 [main] INFO  com.zzc.nettyapi.nettyservice.ServerConfigLoader - load server config from /config.properties successfully!
2018-04-15  19:51:20.438 [main] DEBUG io.netty.channel.DefaultChannelId - -Dio.netty.processId: 7572 (auto-detected)
2018-04-15  19:51:20.440 [main] DEBUG io.netty.util.NetUtil - -Djava.net.preferIPv4Stack: false
2018-04-15  19:51:20.440 [main] DEBUG io.netty.util.NetUtil - -Djava.net.preferIPv6Addresses: false
2018-04-15  19:51:20.445 [main] DEBUG io.netty.util.NetUtil - Loopback interface: lo0 (lo0, 0:0:0:0:0:0:0:1)
2018-04-15  19:51:20.445 [main] DEBUG io.netty.util.NetUtil - Failed to get SOMAXCONN from sysctl and file /proc/sys/net/core/somaxconn. Default: 128
2018-04-15  19:51:20.449 [main] DEBUG io.netty.channel.DefaultChannelId - -Dio.netty.machineId: ac:de:48:ff:fe:00:11:22 (auto-detected)
2018-04-15  19:51:20.460 [main] DEBUG io.netty.util.internal.InternalThreadLocalMap - -Dio.netty.threadLocalMap.stringBuilder.initialSize: 1024
2018-04-15  19:51:20.460 [main] DEBUG io.netty.util.internal.InternalThreadLocalMap - -Dio.netty.threadLocalMap.stringBuilder.maxSize: 4096
2018-04-15  19:51:20.472 [main] DEBUG io.netty.util.ResourceLeakDetector - -Dio.netty.leakDetection.level: simple
2018-04-15  19:51:20.472 [main] DEBUG io.netty.util.ResourceLeakDetector - -Dio.netty.leakDetection.maxRecords: 4
2018-04-15  19:51:20.472 [main] DEBUG io.netty.util.ResourceLeakDetector - -Dio.netty.leakDetection.maxSampledRecords: 40
2018-04-15  19:51:20.507 [main] DEBUG io.netty.buffer.PooledByteBufAllocator - -Dio.netty.allocator.numHeapArenas: 16
2018-04-15  19:51:20.508 [main] DEBUG io.netty.buffer.PooledByteBufAllocator - -Dio.netty.allocator.numDirectArenas: 16
2018-04-15  19:51:20.508 [main] DEBUG io.netty.buffer.PooledByteBufAllocator - -Dio.netty.allocator.pageSize: 8192
2018-04-15  19:51:20.508 [main] DEBUG io.netty.buffer.PooledByteBufAllocator - -Dio.netty.allocator.maxOrder: 11
2018-04-15  19:51:20.508 [main] DEBUG io.netty.buffer.PooledByteBufAllocator - -Dio.netty.allocator.chunkSize: 16777216
2018-04-15  19:51:20.508 [main] DEBUG io.netty.buffer.PooledByteBufAllocator - -Dio.netty.allocator.tinyCacheSize: 512
2018-04-15  19:51:20.508 [main] DEBUG io.netty.buffer.PooledByteBufAllocator - -Dio.netty.allocator.smallCacheSize: 256
2018-04-15  19:51:20.508 [main] DEBUG io.netty.buffer.PooledByteBufAllocator - -Dio.netty.allocator.normalCacheSize: 64
2018-04-15  19:51:20.508 [main] DEBUG io.netty.buffer.PooledByteBufAllocator - -Dio.netty.allocator.maxCachedBufferCapacity: 32768
2018-04-15  19:51:20.508 [main] DEBUG io.netty.buffer.PooledByteBufAllocator - -Dio.netty.allocator.cacheTrimInterval: 8192
2018-04-15  19:51:20.508 [main] DEBUG io.netty.buffer.PooledByteBufAllocator - -Dio.netty.allocator.useCacheForAllThreads: true
2018-04-15  19:51:20.525 [main] DEBUG io.netty.buffer.ByteBufUtil - -Dio.netty.allocator.type: pooled
2018-04-15  19:51:20.525 [main] DEBUG io.netty.buffer.ByteBufUtil - -Dio.netty.threadLocalDirectBufferSize: 65536
2018-04-15  19:51:20.525 [main] DEBUG io.netty.buffer.ByteBufUtil - -Dio.netty.maxThreadLocalCharBufferSize: 16384
2018-04-15  19:51:20.580 [main] INFO  com.zzc.nettyapi.nettyservice.NettyServerBootStrap - Server bind successfully
2018-04-15  19:51:22.989 [nioEventLoopGroup-3-1] DEBUG io.netty.buffer.AbstractByteBuf - -Dio.netty.buffer.bytebuf.checkAccessible: true
2018-04-15  19:51:22.990 [nioEventLoopGroup-3-1] DEBUG io.netty.util.ResourceLeakDetectorFactory - Loaded default ResourceLeakDetector: io.netty.util.ResourceLeakDetector@44ed8bf5
2018-04-15  19:51:23.005 [nioEventLoopGroup-3-1] DEBUG io.netty.util.Recycler - -Dio.netty.recycler.maxCapacityPerThread: 32768
2018-04-15  19:51:23.005 [nioEventLoopGroup-3-1] DEBUG io.netty.util.Recycler - -Dio.netty.recycler.maxSharedCapacityFactor: 2
2018-04-15  19:51:23.005 [nioEventLoopGroup-3-1] DEBUG io.netty.util.Recycler - -Dio.netty.recycler.linkCapacity: 16
2018-04-15  19:51:23.005 [nioEventLoopGroup-3-1] DEBUG io.netty.util.Recycler - -Dio.netty.recycler.ratio: 8
2018-04-15  19:51:24.787 [nioEventLoopGroup-3-1] INFO  com.zzc.nettyapi.apiutil.RequestDetail - date:Sun Apr 15 19:51:24 CST 2018---uri:/user/1/note/1
2018-04-15  19:52:27.805 [nioEventLoopGroup-3-1] INFO  com.zzc.nettyapi.apiutil.RequestDetail - date:Sun Apr 15 19:52:27 CST 2018---uri:/favicon.ico
2018-04-15  19:53:06.784 [nioEventLoopGroup-3-1] WARN  io.netty.channel.DefaultChannelPipeline - An exceptionCaught() event was fired, and it reached at the tail of the pipeline. It usually means the last handler in the pipeline did not handle the exception.
java.lang.IndexOutOfBoundsException: Index: 0, Size: 0
	at java.util.LinkedList.checkElementIndex(LinkedList.java:555)
	at java.util.LinkedList.get(LinkedList.java:476)
	at com.zzc.nettyapi.apiutil.ApiHandler.invoke(ApiHandler.java:126)
	at com.zzc.nettyapi.apiutil.ApiHandler.handle(ApiHandler.java:72)
	at com.zzc.nettyapi.nettyservice.ServerHandler.channelRead(ServerHandler.java:44)
	at io.netty.channel.AbstractChannelHandlerContext.invokeChannelRead(AbstractChannelHandlerContext.java:362)
	at io.netty.channel.AbstractChannelHandlerContext.invokeChannelRead(AbstractChannelHandlerContext.java:348)
	at io.netty.channel.AbstractChannelHandlerContext.fireChannelRead(AbstractChannelHandlerContext.java:340)
	at io.netty.channel.CombinedChannelDuplexHandler$DelegatingChannelHandlerContext.fireChannelRead(CombinedChannelDuplexHandler.java:438)
	at io.netty.handler.codec.ByteToMessageDecoder.fireChannelRead(ByteToMessageDecoder.java:310)
	at io.netty.handler.codec.ByteToMessageDecoder.channelRead(ByteToMessageDecoder.java:284)
	at io.netty.channel.CombinedChannelDuplexHandler.channelRead(CombinedChannelDuplexHandler.java:253)
	at io.netty.channel.AbstractChannelHandlerContext.invokeChannelRead(AbstractChannelHandlerContext.java:362)
	at io.netty.channel.AbstractChannelHandlerContext.invokeChannelRead(AbstractChannelHandlerContext.java:348)
	at io.netty.channel.AbstractChannelHandlerContext.fireChannelRead(AbstractChannelHandlerContext.java:340)
	at io.netty.channel.DefaultChannelPipeline$HeadContext.channelRead(DefaultChannelPipeline.java:1359)
	at io.netty.channel.AbstractChannelHandlerContext.invokeChannelRead(AbstractChannelHandlerContext.java:362)
	at io.netty.channel.AbstractChannelHandlerContext.invokeChannelRead(AbstractChannelHandlerContext.java:348)
	at io.netty.channel.DefaultChannelPipeline.fireChannelRead(DefaultChannelPipeline.java:935)
	at io.netty.channel.nio.AbstractNioByteChannel$NioByteUnsafe.read(AbstractNioByteChannel.java:134)
	at io.netty.channel.nio.NioEventLoop.processSelectedKey(NioEventLoop.java:645)
	at io.netty.channel.nio.NioEventLoop.processSelectedKeysOptimized(NioEventLoop.java:580)
	at io.netty.channel.nio.NioEventLoop.processSelectedKeys(NioEventLoop.java:497)
	at io.netty.channel.nio.NioEventLoop.run(NioEventLoop.java:459)
	at io.netty.util.concurrent.SingleThreadEventExecutor$5.run(SingleThreadEventExecutor.java:858)
	at io.netty.util.concurrent.DefaultThreadFactory$DefaultRunnableDecorator.run(DefaultThreadFactory.java:138)
	at java.lang.Thread.run(Thread.java:748)
2018-04-15  19:53:10.272 [main] DEBUG io.netty.util.internal.logging.InternalLoggerFactory - Using SLF4J as the default logging framework
2018-04-15  19:53:10.276 [main] DEBUG io.netty.channel.MultithreadEventLoopGroup - -Dio.netty.eventLoopThreads: 16
2018-04-15  19:53:10.301 [main] DEBUG io.netty.util.internal.PlatformDependent - Platform: MacOS
2018-04-15  19:53:10.302 [main] DEBUG io.netty.util.internal.PlatformDependent0 - -Dio.netty.noUnsafe: false
2018-04-15  19:53:10.303 [main] DEBUG io.netty.util.internal.PlatformDependent0 - Java version: 8
2018-04-15  19:53:10.304 [main] DEBUG io.netty.util.internal.PlatformDependent0 - sun.misc.Unsafe.theUnsafe: available
2018-04-15  19:53:10.305 [main] DEBUG io.netty.util.internal.PlatformDependent0 - sun.misc.Unsafe.copyMemory: available
2018-04-15  19:53:10.305 [main] DEBUG io.netty.util.internal.PlatformDependent0 - java.nio.Buffer.address: available
2018-04-15  19:53:10.306 [main] DEBUG io.netty.util.internal.PlatformDependent0 - direct buffer constructor: available
2018-04-15  19:53:10.306 [main] DEBUG io.netty.util.internal.PlatformDependent0 - java.nio.Bits.unaligned: available, true
2018-04-15  19:53:10.307 [main] DEBUG io.netty.util.internal.PlatformDependent0 - jdk.internal.misc.Unsafe.allocateUninitializedArray(int): unavailable prior to Java9
2018-04-15  19:53:10.308 [main] DEBUG io.netty.util.internal.PlatformDependent0 - java.nio.DirectByteBuffer.<init>(long, int): available
2018-04-15  19:53:10.309 [main] DEBUG io.netty.util.internal.PlatformDependent - sun.misc.Unsafe: available
2018-04-15  19:53:10.311 [main] DEBUG io.netty.util.internal.PlatformDependent - -Dio.netty.tmpdir: /var/folders/60/p56nn12s5sq59wz96nlpdfcc0000gn/T (java.io.tmpdir)
2018-04-15  19:53:10.312 [main] DEBUG io.netty.util.internal.PlatformDependent - -Dio.netty.bitMode: 64 (sun.arch.data.model)
2018-04-15  19:53:10.313 [main] DEBUG io.netty.util.internal.PlatformDependent - -Dio.netty.noPreferDirect: false
2018-04-15  19:53:10.313 [main] DEBUG io.netty.util.internal.PlatformDependent - -Dio.netty.maxDirectMemory: 3817865216 bytes
2018-04-15  19:53:10.313 [main] DEBUG io.netty.util.internal.PlatformDependent - -Dio.netty.uninitializedArrayAllocationThreshold: -1
2018-04-15  19:53:10.314 [main] DEBUG io.netty.util.internal.CleanerJava6 - java.nio.ByteBuffer.cleaner(): available
2018-04-15  19:53:10.333 [main] DEBUG io.netty.channel.nio.NioEventLoop - -Dio.netty.noKeySetOptimization: false
2018-04-15  19:53:10.333 [main] DEBUG io.netty.channel.nio.NioEventLoop - -Dio.netty.selectorAutoRebuildThreshold: 512
2018-04-15  19:53:10.340 [main] DEBUG io.netty.util.internal.PlatformDependent - org.jctools-core.MpscChunkedArrayQueue: available
2018-04-15  19:53:10.358 [main] INFO  com.zzc.nettyapi.nettyservice.ServerConfigLoader - load server config from /config.properties successfully!
2018-04-15  19:53:10.393 [main] DEBUG io.netty.channel.DefaultChannelId - -Dio.netty.processId: 7576 (auto-detected)
2018-04-15  19:53:10.396 [main] DEBUG io.netty.util.NetUtil - -Djava.net.preferIPv4Stack: false
2018-04-15  19:53:10.396 [main] DEBUG io.netty.util.NetUtil - -Djava.net.preferIPv6Addresses: false
2018-04-15  19:53:10.397 [main] DEBUG io.netty.util.NetUtil - Loopback interface: lo0 (lo0, 0:0:0:0:0:0:0:1)
2018-04-15  19:53:10.398 [main] DEBUG io.netty.util.NetUtil - Failed to get SOMAXCONN from sysctl and file /proc/sys/net/core/somaxconn. Default: 128
2018-04-15  19:53:10.401 [main] DEBUG io.netty.channel.DefaultChannelId - -Dio.netty.machineId: ac:de:48:ff:fe:00:11:22 (auto-detected)
2018-04-15  19:53:10.405 [main] DEBUG io.netty.util.internal.InternalThreadLocalMap - -Dio.netty.threadLocalMap.stringBuilder.initialSize: 1024
2018-04-15  19:53:10.405 [main] DEBUG io.netty.util.internal.InternalThreadLocalMap - -Dio.netty.threadLocalMap.stringBuilder.maxSize: 4096
2018-04-15  19:53:10.412 [main] DEBUG io.netty.util.ResourceLeakDetector - -Dio.netty.leakDetection.level: simple
2018-04-15  19:53:10.413 [main] DEBUG io.netty.util.ResourceLeakDetector - -Dio.netty.leakDetection.maxRecords: 4
2018-04-15  19:53:10.413 [main] DEBUG io.netty.util.ResourceLeakDetector - -Dio.netty.leakDetection.maxSampledRecords: 40
2018-04-15  19:53:10.445 [main] DEBUG io.netty.buffer.PooledByteBufAllocator - -Dio.netty.allocator.numHeapArenas: 16
2018-04-15  19:53:10.445 [main] DEBUG io.netty.buffer.PooledByteBufAllocator - -Dio.netty.allocator.numDirectArenas: 16
2018-04-15  19:53:10.445 [main] DEBUG io.netty.buffer.PooledByteBufAllocator - -Dio.netty.allocator.pageSize: 8192
2018-04-15  19:53:10.446 [main] DEBUG io.netty.buffer.PooledByteBufAllocator - -Dio.netty.allocator.maxOrder: 11
2018-04-15  19:53:10.446 [main] DEBUG io.netty.buffer.PooledByteBufAllocator - -Dio.netty.allocator.chunkSize: 16777216
2018-04-15  19:53:10.446 [main] DEBUG io.netty.buffer.PooledByteBufAllocator - -Dio.netty.allocator.tinyCacheSize: 512
2018-04-15  19:53:10.446 [main] DEBUG io.netty.buffer.PooledByteBufAllocator - -Dio.netty.allocator.smallCacheSize: 256
2018-04-15  19:53:10.446 [main] DEBUG io.netty.buffer.PooledByteBufAllocator - -Dio.netty.allocator.normalCacheSize: 64
2018-04-15  19:53:10.446 [main] DEBUG io.netty.buffer.PooledByteBufAllocator - -Dio.netty.allocator.maxCachedBufferCapacity: 32768
2018-04-15  19:53:10.446 [main] DEBUG io.netty.buffer.PooledByteBufAllocator - -Dio.netty.allocator.cacheTrimInterval: 8192
2018-04-15  19:53:10.446 [main] DEBUG io.netty.buffer.PooledByteBufAllocator - -Dio.netty.allocator.useCacheForAllThreads: true
2018-04-15  19:53:10.454 [main] DEBUG io.netty.buffer.ByteBufUtil - -Dio.netty.allocator.type: pooled
2018-04-15  19:53:10.455 [main] DEBUG io.netty.buffer.ByteBufUtil - -Dio.netty.threadLocalDirectBufferSize: 65536
2018-04-15  19:53:10.455 [main] DEBUG io.netty.buffer.ByteBufUtil - -Dio.netty.maxThreadLocalCharBufferSize: 16384
2018-04-15  19:53:10.503 [main] INFO  com.zzc.nettyapi.nettyservice.NettyServerBootStrap - Server bind successfully
2018-04-15  19:53:13.288 [nioEventLoopGroup-3-1] DEBUG io.netty.buffer.AbstractByteBuf - -Dio.netty.buffer.bytebuf.checkAccessible: true
2018-04-15  19:53:13.289 [nioEventLoopGroup-3-1] DEBUG io.netty.util.ResourceLeakDetectorFactory - Loaded default ResourceLeakDetector: io.netty.util.ResourceLeakDetector@6e442054
2018-04-15  19:53:13.297 [nioEventLoopGroup-3-1] DEBUG io.netty.util.Recycler - -Dio.netty.recycler.maxCapacityPerThread: 32768
2018-04-15  19:53:13.298 [nioEventLoopGroup-3-1] DEBUG io.netty.util.Recycler - -Dio.netty.recycler.maxSharedCapacityFactor: 2
2018-04-15  19:53:13.298 [nioEventLoopGroup-3-1] DEBUG io.netty.util.Recycler - -Dio.netty.recycler.linkCapacity: 16
2018-04-15  19:53:13.298 [nioEventLoopGroup-3-1] DEBUG io.netty.util.Recycler - -Dio.netty.recycler.ratio: 8
2018-04-15  19:53:13.322 [nioEventLoopGroup-3-1] INFO  com.zzc.nettyapi.apiutil.RequestDetail - date:Sun Apr 15 19:53:13 CST 2018---uri:/user/1/note/1
2018-04-15  19:53:13.457 [nioEventLoopGroup-3-1] INFO  com.zzc.nettyapi.apiutil.RequestDetail - date:Sun Apr 15 19:53:13 CST 2018---uri:/favicon.ico
2018-04-15  19:53:13.459 [nioEventLoopGroup-3-1] WARN  io.netty.channel.DefaultChannelPipeline - An exceptionCaught() event was fired, and it reached at the tail of the pipeline. It usually means the last handler in the pipeline did not handle the exception.
java.lang.IndexOutOfBoundsException: Index: 0, Size: 0
	at java.util.LinkedList.checkElementIndex(LinkedList.java:555)
	at java.util.LinkedList.get(LinkedList.java:476)
	at com.zzc.nettyapi.apiutil.ApiHandler.invoke(ApiHandler.java:126)
	at com.zzc.nettyapi.apiutil.ApiHandler.handle(ApiHandler.java:72)
	at com.zzc.nettyapi.nettyservice.ServerHandler.channelRead(ServerHandler.java:44)
	at io.netty.channel.AbstractChannelHandlerContext.invokeChannelRead(AbstractChannelHandlerContext.java:362)
	at io.netty.channel.AbstractChannelHandlerContext.invokeChannelRead(AbstractChannelHandlerContext.java:348)
	at io.netty.channel.AbstractChannelHandlerContext.fireChannelRead(AbstractChannelHandlerContext.java:340)
	at io.netty.channel.CombinedChannelDuplexHandler$DelegatingChannelHandlerContext.fireChannelRead(CombinedChannelDuplexHandler.java:438)
	at io.netty.handler.codec.ByteToMessageDecoder.fireChannelRead(ByteToMessageDecoder.java:310)
	at io.netty.handler.codec.ByteToMessageDecoder.channelRead(ByteToMessageDecoder.java:284)
	at io.netty.channel.CombinedChannelDuplexHandler.channelRead(CombinedChannelDuplexHandler.java:253)
	at io.netty.channel.AbstractChannelHandlerContext.invokeChannelRead(AbstractChannelHandlerContext.java:362)
	at io.netty.channel.AbstractChannelHandlerContext.invokeChannelRead(AbstractChannelHandlerContext.java:348)
	at io.netty.channel.AbstractChannelHandlerContext.fireChannelRead(AbstractChannelHandlerContext.java:340)
	at io.netty.channel.DefaultChannelPipeline$HeadContext.channelRead(DefaultChannelPipeline.java:1359)
	at io.netty.channel.AbstractChannelHandlerContext.invokeChannelRead(AbstractChannelHandlerContext.java:362)
	at io.netty.channel.AbstractChannelHandlerContext.invokeChannelRead(AbstractChannelHandlerContext.java:348)
	at io.netty.channel.DefaultChannelPipeline.fireChannelRead(DefaultChannelPipeline.java:935)
	at io.netty.channel.nio.AbstractNioByteChannel$NioByteUnsafe.read(AbstractNioByteChannel.java:134)
	at io.netty.channel.nio.NioEventLoop.processSelectedKey(NioEventLoop.java:645)
	at io.netty.channel.nio.NioEventLoop.processSelectedKeysOptimized(NioEventLoop.java:580)
	at io.netty.channel.nio.NioEventLoop.processSelectedKeys(NioEventLoop.java:497)
	at io.netty.channel.nio.NioEventLoop.run(NioEventLoop.java:459)
	at io.netty.util.concurrent.SingleThreadEventExecutor$5.run(SingleThreadEventExecutor.java:858)
	at io.netty.util.concurrent.DefaultThreadFactory$DefaultRunnableDecorator.run(DefaultThreadFactory.java:138)
	at java.lang.Thread.run(Thread.java:748)
2018-04-15  19:53:19.468 [nioEventLoopGroup-3-2] INFO  com.zzc.nettyapi.apiutil.RequestDetail - date:Sun Apr 15 19:53:19 CST 2018---uri:/user/1/note/1
2018-04-15  19:53:25.266 [nioEventLoopGroup-3-2] INFO  com.zzc.nettyapi.apiutil.RequestDetail - date:Sun Apr 15 19:53:25 CST 2018---uri:/user/1/note/1
2018-04-15  19:53:25.315 [nioEventLoopGroup-3-2] INFO  com.zzc.nettyapi.apiutil.RequestDetail - date:Sun Apr 15 19:53:25 CST 2018---uri:/favicon.ico
2018-04-15  19:53:25.315 [nioEventLoopGroup-3-2] WARN  io.netty.channel.DefaultChannelPipeline - An exceptionCaught() event was fired, and it reached at the tail of the pipeline. It usually means the last handler in the pipeline did not handle the exception.
java.lang.IndexOutOfBoundsException: Index: 0, Size: 0
	at java.util.LinkedList.checkElementIndex(LinkedList.java:555)
	at java.util.LinkedList.get(LinkedList.java:476)
	at com.zzc.nettyapi.apiutil.ApiHandler.invoke(ApiHandler.java:126)
	at com.zzc.nettyapi.apiutil.ApiHandler.handle(ApiHandler.java:72)
	at com.zzc.nettyapi.nettyservice.ServerHandler.channelRead(ServerHandler.java:44)
	at io.netty.channel.AbstractChannelHandlerContext.invokeChannelRead(AbstractChannelHandlerContext.java:362)
	at io.netty.channel.AbstractChannelHandlerContext.invokeChannelRead(AbstractChannelHandlerContext.java:348)
	at io.netty.channel.AbstractChannelHandlerContext.fireChannelRead(AbstractChannelHandlerContext.java:340)
	at io.netty.channel.CombinedChannelDuplexHandler$DelegatingChannelHandlerContext.fireChannelRead(CombinedChannelDuplexHandler.java:438)
	at io.netty.handler.codec.ByteToMessageDecoder.fireChannelRead(ByteToMessageDecoder.java:310)
	at io.netty.handler.codec.ByteToMessageDecoder.channelRead(ByteToMessageDecoder.java:284)
	at io.netty.channel.CombinedChannelDuplexHandler.channelRead(CombinedChannelDuplexHandler.java:253)
	at io.netty.channel.AbstractChannelHandlerContext.invokeChannelRead(AbstractChannelHandlerContext.java:362)
	at io.netty.channel.AbstractChannelHandlerContext.invokeChannelRead(AbstractChannelHandlerContext.java:348)
	at io.netty.channel.AbstractChannelHandlerContext.fireChannelRead(AbstractChannelHandlerContext.java:340)
	at io.netty.channel.DefaultChannelPipeline$HeadContext.channelRead(DefaultChannelPipeline.java:1359)
	at io.netty.channel.AbstractChannelHandlerContext.invokeChannelRead(AbstractChannelHandlerContext.java:362)
	at io.netty.channel.AbstractChannelHandlerContext.invokeChannelRead(AbstractChannelHandlerContext.java:348)
	at io.netty.channel.DefaultChannelPipeline.fireChannelRead(DefaultChannelPipeline.java:935)
	at io.netty.channel.nio.AbstractNioByteChannel$NioByteUnsafe.read(AbstractNioByteChannel.java:134)
	at io.netty.channel.nio.NioEventLoop.processSelectedKey(NioEventLoop.java:645)
	at io.netty.channel.nio.NioEventLoop.processSelectedKeysOptimized(NioEventLoop.java:580)
	at io.netty.channel.nio.NioEventLoop.processSelectedKeys(NioEventLoop.java:497)
	at io.netty.channel.nio.NioEventLoop.run(NioEventLoop.java:459)
	at io.netty.util.concurrent.SingleThreadEventExecutor$5.run(SingleThreadEventExecutor.java:858)
	at io.netty.util.concurrent.DefaultThreadFactory$DefaultRunnableDecorator.run(DefaultThreadFactory.java:138)
	at java.lang.Thread.run(Thread.java:748)
2018-04-15  19:53:33.399 [nioEventLoopGroup-3-3] INFO  com.zzc.nettyapi.apiutil.RequestDetail - date:Sun Apr 15 19:53:33 CST 2018---uri:/user/1/note/1
2018-04-15  19:53:33.465 [nioEventLoopGroup-3-3] INFO  com.zzc.nettyapi.apiutil.RequestDetail - date:Sun Apr 15 19:53:33 CST 2018---uri:/favicon.ico
2018-04-15  19:53:33.465 [nioEventLoopGroup-3-3] WARN  io.netty.channel.DefaultChannelPipeline - An exceptionCaught() event was fired, and it reached at the tail of the pipeline. It usually means the last handler in the pipeline did not handle the exception.
java.lang.IndexOutOfBoundsException: Index: 0, Size: 0
	at java.util.LinkedList.checkElementIndex(LinkedList.java:555)
	at java.util.LinkedList.get(LinkedList.java:476)
	at com.zzc.nettyapi.apiutil.ApiHandler.invoke(ApiHandler.java:126)
	at com.zzc.nettyapi.apiutil.ApiHandler.handle(ApiHandler.java:72)
	at com.zzc.nettyapi.nettyservice.ServerHandler.channelRead(ServerHandler.java:44)
	at io.netty.channel.AbstractChannelHandlerContext.invokeChannelRead(AbstractChannelHandlerContext.java:362)
	at io.netty.channel.AbstractChannelHandlerContext.invokeChannelRead(AbstractChannelHandlerContext.java:348)
	at io.netty.channel.AbstractChannelHandlerContext.fireChannelRead(AbstractChannelHandlerContext.java:340)
	at io.netty.channel.CombinedChannelDuplexHandler$DelegatingChannelHandlerContext.fireChannelRead(CombinedChannelDuplexHandler.java:438)
	at io.netty.handler.codec.ByteToMessageDecoder.fireChannelRead(ByteToMessageDecoder.java:310)
	at io.netty.handler.codec.ByteToMessageDecoder.channelRead(ByteToMessageDecoder.java:284)
	at io.netty.channel.CombinedChannelDuplexHandler.channelRead(CombinedChannelDuplexHandler.java:253)
	at io.netty.channel.AbstractChannelHandlerContext.invokeChannelRead(AbstractChannelHandlerContext.java:362)
	at io.netty.channel.AbstractChannelHandlerContext.invokeChannelRead(AbstractChannelHandlerContext.java:348)
	at io.netty.channel.AbstractChannelHandlerContext.fireChannelRead(AbstractChannelHandlerContext.java:340)
	at io.netty.channel.DefaultChannelPipeline$HeadContext.channelRead(DefaultChannelPipeline.java:1359)
	at io.netty.channel.AbstractChannelHandlerContext.invokeChannelRead(AbstractChannelHandlerContext.java:362)
	at io.netty.channel.AbstractChannelHandlerContext.invokeChannelRead(AbstractChannelHandlerContext.java:348)
	at io.netty.channel.DefaultChannelPipeline.fireChannelRead(DefaultChannelPipeline.java:935)
	at io.netty.channel.nio.AbstractNioByteChannel$NioByteUnsafe.read(AbstractNioByteChannel.java:134)
	at io.netty.channel.nio.NioEventLoop.processSelectedKey(NioEventLoop.java:645)
	at io.netty.channel.nio.NioEventLoop.processSelectedKeysOptimized(NioEventLoop.java:580)
	at io.netty.channel.nio.NioEventLoop.processSelectedKeys(NioEventLoop.java:497)
	at io.netty.channel.nio.NioEventLoop.run(NioEventLoop.java:459)
	at io.netty.util.concurrent.SingleThreadEventExecutor$5.run(SingleThreadEventExecutor.java:858)
	at io.netty.util.concurrent.DefaultThreadFactory$DefaultRunnableDecorator.run(DefaultThreadFactory.java:138)
	at java.lang.Thread.run(Thread.java:748)
2018-04-15  19:53:56.400 [nioEventLoopGroup-3-4] INFO  com.zzc.nettyapi.apiutil.RequestDetail - date:Sun Apr 15 19:53:56 CST 2018---uri:/user/1/note/1
2018-04-15  19:53:56.716 [nioEventLoopGroup-3-4] INFO  com.zzc.nettyapi.apiutil.RequestDetail - date:Sun Apr 15 19:53:56 CST 2018---uri:/favicon.ico
2018-04-15  19:53:56.716 [nioEventLoopGroup-3-4] WARN  io.netty.channel.DefaultChannelPipeline - An exceptionCaught() event was fired, and it reached at the tail of the pipeline. It usually means the last handler in the pipeline did not handle the exception.
java.lang.IndexOutOfBoundsException: Index: 0, Size: 0
	at java.util.LinkedList.checkElementIndex(LinkedList.java:555)
	at java.util.LinkedList.get(LinkedList.java:476)
	at com.zzc.nettyapi.apiutil.ApiHandler.invoke(ApiHandler.java:126)
	at com.zzc.nettyapi.apiutil.ApiHandler.handle(ApiHandler.java:72)
	at com.zzc.nettyapi.nettyservice.ServerHandler.channelRead(ServerHandler.java:44)
	at io.netty.channel.AbstractChannelHandlerContext.invokeChannelRead(AbstractChannelHandlerContext.java:362)
	at io.netty.channel.AbstractChannelHandlerContext.invokeChannelRead(AbstractChannelHandlerContext.java:348)
	at io.netty.channel.AbstractChannelHandlerContext.fireChannelRead(AbstractChannelHandlerContext.java:340)
	at io.netty.channel.CombinedChannelDuplexHandler$DelegatingChannelHandlerContext.fireChannelRead(CombinedChannelDuplexHandler.java:438)
	at io.netty.handler.codec.ByteToMessageDecoder.fireChannelRead(ByteToMessageDecoder.java:310)
	at io.netty.handler.codec.ByteToMessageDecoder.channelRead(ByteToMessageDecoder.java:284)
	at io.netty.channel.CombinedChannelDuplexHandler.channelRead(CombinedChannelDuplexHandler.java:253)
	at io.netty.channel.AbstractChannelHandlerContext.invokeChannelRead(AbstractChannelHandlerContext.java:362)
	at io.netty.channel.AbstractChannelHandlerContext.invokeChannelRead(AbstractChannelHandlerContext.java:348)
	at io.netty.channel.AbstractChannelHandlerContext.fireChannelRead(AbstractChannelHandlerContext.java:340)
	at io.netty.channel.DefaultChannelPipeline$HeadContext.channelRead(DefaultChannelPipeline.java:1359)
	at io.netty.channel.AbstractChannelHandlerContext.invokeChannelRead(AbstractChannelHandlerContext.java:362)
	at io.netty.channel.AbstractChannelHandlerContext.invokeChannelRead(AbstractChannelHandlerContext.java:348)
	at io.netty.channel.DefaultChannelPipeline.fireChannelRead(DefaultChannelPipeline.java:935)
	at io.netty.channel.nio.AbstractNioByteChannel$NioByteUnsafe.read(AbstractNioByteChannel.java:134)
	at io.netty.channel.nio.NioEventLoop.processSelectedKey(NioEventLoop.java:645)
	at io.netty.channel.nio.NioEventLoop.processSelectedKeysOptimized(NioEventLoop.java:580)
	at io.netty.channel.nio.NioEventLoop.processSelectedKeys(NioEventLoop.java:497)
	at io.netty.channel.nio.NioEventLoop.run(NioEventLoop.java:459)
	at io.netty.util.concurrent.SingleThreadEventExecutor$5.run(SingleThreadEventExecutor.java:858)
	at io.netty.util.concurrent.DefaultThreadFactory$DefaultRunnableDecorator.run(DefaultThreadFactory.java:138)
	at java.lang.Thread.run(Thread.java:748)
2018-04-15  19:55:42.741 [main] DEBUG io.netty.util.internal.logging.InternalLoggerFactory - Using SLF4J as the default logging framework
2018-04-15  19:55:42.744 [main] DEBUG io.netty.channel.MultithreadEventLoopGroup - -Dio.netty.eventLoopThreads: 16
2018-04-15  19:55:42.774 [main] DEBUG io.netty.util.internal.PlatformDependent - Platform: MacOS
2018-04-15  19:55:42.776 [main] DEBUG io.netty.util.internal.PlatformDependent0 - -Dio.netty.noUnsafe: false
2018-04-15  19:55:42.776 [main] DEBUG io.netty.util.internal.PlatformDependent0 - Java version: 8
2018-04-15  19:55:42.778 [main] DEBUG io.netty.util.internal.PlatformDependent0 - sun.misc.Unsafe.theUnsafe: available
2018-04-15  19:55:42.779 [main] DEBUG io.netty.util.internal.PlatformDependent0 - sun.misc.Unsafe.copyMemory: available
2018-04-15  19:55:42.779 [main] DEBUG io.netty.util.internal.PlatformDependent0 - java.nio.Buffer.address: available
2018-04-15  19:55:42.780 [main] DEBUG io.netty.util.internal.PlatformDependent0 - direct buffer constructor: available
2018-04-15  19:55:42.781 [main] DEBUG io.netty.util.internal.PlatformDependent0 - java.nio.Bits.unaligned: available, true
2018-04-15  19:55:42.781 [main] DEBUG io.netty.util.internal.PlatformDependent0 - jdk.internal.misc.Unsafe.allocateUninitializedArray(int): unavailable prior to Java9
2018-04-15  19:55:42.781 [main] DEBUG io.netty.util.internal.PlatformDependent0 - java.nio.DirectByteBuffer.<init>(long, int): available
2018-04-15  19:55:42.781 [main] DEBUG io.netty.util.internal.PlatformDependent - sun.misc.Unsafe: available
2018-04-15  19:55:42.781 [main] DEBUG io.netty.util.internal.PlatformDependent - -Dio.netty.tmpdir: /var/folders/60/p56nn12s5sq59wz96nlpdfcc0000gn/T (java.io.tmpdir)
2018-04-15  19:55:42.781 [main] DEBUG io.netty.util.internal.PlatformDependent - -Dio.netty.bitMode: 64 (sun.arch.data.model)
2018-04-15  19:55:42.783 [main] DEBUG io.netty.util.internal.PlatformDependent - -Dio.netty.noPreferDirect: false
2018-04-15  19:55:42.783 [main] DEBUG io.netty.util.internal.PlatformDependent - -Dio.netty.maxDirectMemory: 3817865216 bytes
2018-04-15  19:55:42.783 [main] DEBUG io.netty.util.internal.PlatformDependent - -Dio.netty.uninitializedArrayAllocationThreshold: -1
2018-04-15  19:55:42.784 [main] DEBUG io.netty.util.internal.CleanerJava6 - java.nio.ByteBuffer.cleaner(): available
2018-04-15  19:55:42.803 [main] DEBUG io.netty.channel.nio.NioEventLoop - -Dio.netty.noKeySetOptimization: false
2018-04-15  19:55:42.803 [main] DEBUG io.netty.channel.nio.NioEventLoop - -Dio.netty.selectorAutoRebuildThreshold: 512
2018-04-15  19:55:42.810 [main] DEBUG io.netty.util.internal.PlatformDependent - org.jctools-core.MpscChunkedArrayQueue: available
2018-04-15  19:55:42.830 [main] INFO  com.zzc.nettyapi.nettyservice.ServerConfigLoader - load server config from /config.properties successfully!
2018-04-15  19:55:44.482 [main] DEBUG io.netty.channel.DefaultChannelId - -Dio.netty.processId: 7588 (auto-detected)
2018-04-15  19:55:44.486 [main] DEBUG io.netty.util.NetUtil - -Djava.net.preferIPv4Stack: false
2018-04-15  19:55:44.486 [main] DEBUG io.netty.util.NetUtil - -Djava.net.preferIPv6Addresses: false
2018-04-15  19:55:44.492 [main] DEBUG io.netty.util.NetUtil - Loopback interface: lo0 (lo0, 0:0:0:0:0:0:0:1)
2018-04-15  19:55:44.494 [main] DEBUG io.netty.util.NetUtil - Failed to get SOMAXCONN from sysctl and file /proc/sys/net/core/somaxconn. Default: 128
2018-04-15  19:55:44.500 [main] DEBUG io.netty.channel.DefaultChannelId - -Dio.netty.machineId: ac:de:48:ff:fe:00:11:22 (auto-detected)
2018-04-15  19:55:44.540 [main] DEBUG io.netty.util.internal.InternalThreadLocalMap - -Dio.netty.threadLocalMap.stringBuilder.initialSize: 1024
2018-04-15  19:55:44.540 [main] DEBUG io.netty.util.internal.InternalThreadLocalMap - -Dio.netty.threadLocalMap.stringBuilder.maxSize: 4096
2018-04-15  19:55:44.585 [main] DEBUG io.netty.util.ResourceLeakDetector - -Dio.netty.leakDetection.level: simple
2018-04-15  19:55:44.585 [main] DEBUG io.netty.util.ResourceLeakDetector - -Dio.netty.leakDetection.maxRecords: 4
2018-04-15  19:55:44.585 [main] DEBUG io.netty.util.ResourceLeakDetector - -Dio.netty.leakDetection.maxSampledRecords: 40
2018-04-15  19:55:44.715 [main] DEBUG io.netty.buffer.PooledByteBufAllocator - -Dio.netty.allocator.numHeapArenas: 16
2018-04-15  19:55:44.719 [main] DEBUG io.netty.buffer.PooledByteBufAllocator - -Dio.netty.allocator.numDirectArenas: 16
2018-04-15  19:55:44.721 [main] DEBUG io.netty.buffer.PooledByteBufAllocator - -Dio.netty.allocator.pageSize: 8192
2018-04-15  19:55:44.725 [main] DEBUG io.netty.buffer.PooledByteBufAllocator - -Dio.netty.allocator.maxOrder: 11
2018-04-15  19:55:44.727 [main] DEBUG io.netty.buffer.PooledByteBufAllocator - -Dio.netty.allocator.chunkSize: 16777216
2018-04-15  19:55:44.730 [main] DEBUG io.netty.buffer.PooledByteBufAllocator - -Dio.netty.allocator.tinyCacheSize: 512
2018-04-15  19:55:44.731 [main] DEBUG io.netty.buffer.PooledByteBufAllocator - -Dio.netty.allocator.smallCacheSize: 256
2018-04-15  19:55:44.732 [main] DEBUG io.netty.buffer.PooledByteBufAllocator - -Dio.netty.allocator.normalCacheSize: 64
2018-04-15  19:55:44.732 [main] DEBUG io.netty.buffer.PooledByteBufAllocator - -Dio.netty.allocator.maxCachedBufferCapacity: 32768
2018-04-15  19:55:44.733 [main] DEBUG io.netty.buffer.PooledByteBufAllocator - -Dio.netty.allocator.cacheTrimInterval: 8192
2018-04-15  19:55:44.733 [main] DEBUG io.netty.buffer.PooledByteBufAllocator - -Dio.netty.allocator.useCacheForAllThreads: true
2018-04-15  19:55:44.759 [main] DEBUG io.netty.buffer.ByteBufUtil - -Dio.netty.allocator.type: pooled
2018-04-15  19:55:44.760 [main] DEBUG io.netty.buffer.ByteBufUtil - -Dio.netty.threadLocalDirectBufferSize: 65536
2018-04-15  19:55:44.760 [main] DEBUG io.netty.buffer.ByteBufUtil - -Dio.netty.maxThreadLocalCharBufferSize: 16384
2018-04-15  19:55:44.794 [main] INFO  com.zzc.nettyapi.nettyservice.NettyServerBootStrap - Server bind successfully
2018-04-15  19:55:47.998 [nioEventLoopGroup-3-1] DEBUG io.netty.buffer.AbstractByteBuf - -Dio.netty.buffer.bytebuf.checkAccessible: true
2018-04-15  19:55:47.999 [nioEventLoopGroup-3-1] DEBUG io.netty.util.ResourceLeakDetectorFactory - Loaded default ResourceLeakDetector: io.netty.util.ResourceLeakDetector@5d8438c7
2018-04-15  19:55:48.014 [nioEventLoopGroup-3-1] DEBUG io.netty.util.Recycler - -Dio.netty.recycler.maxCapacityPerThread: 32768
2018-04-15  19:55:48.014 [nioEventLoopGroup-3-1] DEBUG io.netty.util.Recycler - -Dio.netty.recycler.maxSharedCapacityFactor: 2
2018-04-15  19:55:48.014 [nioEventLoopGroup-3-1] DEBUG io.netty.util.Recycler - -Dio.netty.recycler.linkCapacity: 16
2018-04-15  19:55:48.014 [nioEventLoopGroup-3-1] DEBUG io.netty.util.Recycler - -Dio.netty.recycler.ratio: 8
2018-04-15  19:55:50.058 [nioEventLoopGroup-3-1] INFO  com.zzc.nettyapi.apiutil.RequestDetail - date:Sun Apr 15 19:55:50 CST 2018---uri:/user/1/note/1
2018-04-15  19:57:39.877 [nioEventLoopGroup-3-1] INFO  com.zzc.nettyapi.apiutil.RequestDetail - date:Sun Apr 15 19:57:39 CST 2018---uri:/favicon.ico
2018-04-15  19:57:56.540 [nioEventLoopGroup-3-1] WARN  io.netty.channel.DefaultChannelPipeline - An exceptionCaught() event was fired, and it reached at the tail of the pipeline. It usually means the last handler in the pipeline did not handle the exception.
java.lang.IndexOutOfBoundsException: Index: 0, Size: 0
	at java.util.LinkedList.checkElementIndex(LinkedList.java:555)
	at java.util.LinkedList.get(LinkedList.java:476)
	at com.zzc.nettyapi.apiutil.ApiHandler.invoke(ApiHandler.java:126)
	at com.zzc.nettyapi.apiutil.ApiHandler.handle(ApiHandler.java:72)
	at com.zzc.nettyapi.nettyservice.ServerHandler.channelRead(ServerHandler.java:44)
	at io.netty.channel.AbstractChannelHandlerContext.invokeChannelRead(AbstractChannelHandlerContext.java:362)
	at io.netty.channel.AbstractChannelHandlerContext.invokeChannelRead(AbstractChannelHandlerContext.java:348)
	at io.netty.channel.AbstractChannelHandlerContext.fireChannelRead(AbstractChannelHandlerContext.java:340)
	at io.netty.channel.CombinedChannelDuplexHandler$DelegatingChannelHandlerContext.fireChannelRead(CombinedChannelDuplexHandler.java:438)
	at io.netty.handler.codec.ByteToMessageDecoder.fireChannelRead(ByteToMessageDecoder.java:310)
	at io.netty.handler.codec.ByteToMessageDecoder.channelRead(ByteToMessageDecoder.java:284)
	at io.netty.channel.CombinedChannelDuplexHandler.channelRead(CombinedChannelDuplexHandler.java:253)
	at io.netty.channel.AbstractChannelHandlerContext.invokeChannelRead(AbstractChannelHandlerContext.java:362)
	at io.netty.channel.AbstractChannelHandlerContext.invokeChannelRead(AbstractChannelHandlerContext.java:348)
	at io.netty.channel.AbstractChannelHandlerContext.fireChannelRead(AbstractChannelHandlerContext.java:340)
	at io.netty.channel.DefaultChannelPipeline$HeadContext.channelRead(DefaultChannelPipeline.java:1359)
	at io.netty.channel.AbstractChannelHandlerContext.invokeChannelRead(AbstractChannelHandlerContext.java:362)
	at io.netty.channel.AbstractChannelHandlerContext.invokeChannelRead(AbstractChannelHandlerContext.java:348)
	at io.netty.channel.DefaultChannelPipeline.fireChannelRead(DefaultChannelPipeline.java:935)
	at io.netty.channel.nio.AbstractNioByteChannel$NioByteUnsafe.read(AbstractNioByteChannel.java:134)
	at io.netty.channel.nio.NioEventLoop.processSelectedKey(NioEventLoop.java:645)
	at io.netty.channel.nio.NioEventLoop.processSelectedKeysOptimized(NioEventLoop.java:580)
	at io.netty.channel.nio.NioEventLoop.processSelectedKeys(NioEventLoop.java:497)
	at io.netty.channel.nio.NioEventLoop.run(NioEventLoop.java:459)
	at io.netty.util.concurrent.SingleThreadEventExecutor$5.run(SingleThreadEventExecutor.java:858)
	at io.netty.util.concurrent.DefaultThreadFactory$DefaultRunnableDecorator.run(DefaultThreadFactory.java:138)
	at java.lang.Thread.run(Thread.java:748)
2018-04-15  20:23:04.557 [main] DEBUG io.netty.util.internal.logging.InternalLoggerFactory - Using SLF4J as the default logging framework
2018-04-15  20:23:04.564 [main] DEBUG io.netty.channel.MultithreadEventLoopGroup - -Dio.netty.eventLoopThreads: 16
2018-04-15  20:23:04.598 [main] DEBUG io.netty.util.internal.PlatformDependent - Platform: MacOS
2018-04-15  20:23:04.600 [main] DEBUG io.netty.util.internal.PlatformDependent0 - -Dio.netty.noUnsafe: false
2018-04-15  20:23:04.600 [main] DEBUG io.netty.util.internal.PlatformDependent0 - Java version: 8
2018-04-15  20:23:04.602 [main] DEBUG io.netty.util.internal.PlatformDependent0 - sun.misc.Unsafe.theUnsafe: available
2018-04-15  20:23:04.603 [main] DEBUG io.netty.util.internal.PlatformDependent0 - sun.misc.Unsafe.copyMemory: available
2018-04-15  20:23:04.603 [main] DEBUG io.netty.util.internal.PlatformDependent0 - java.nio.Buffer.address: available
2018-04-15  20:23:04.604 [main] DEBUG io.netty.util.internal.PlatformDependent0 - direct buffer constructor: available
2018-04-15  20:23:04.605 [main] DEBUG io.netty.util.internal.PlatformDependent0 - java.nio.Bits.unaligned: available, true
2018-04-15  20:23:04.605 [main] DEBUG io.netty.util.internal.PlatformDependent0 - jdk.internal.misc.Unsafe.allocateUninitializedArray(int): unavailable prior to Java9
2018-04-15  20:23:04.605 [main] DEBUG io.netty.util.internal.PlatformDependent0 - java.nio.DirectByteBuffer.<init>(long, int): available
2018-04-15  20:23:04.605 [main] DEBUG io.netty.util.internal.PlatformDependent - sun.misc.Unsafe: available
2018-04-15  20:23:04.606 [main] DEBUG io.netty.util.internal.PlatformDependent - -Dio.netty.tmpdir: /var/folders/60/p56nn12s5sq59wz96nlpdfcc0000gn/T (java.io.tmpdir)
2018-04-15  20:23:04.606 [main] DEBUG io.netty.util.internal.PlatformDependent - -Dio.netty.bitMode: 64 (sun.arch.data.model)
2018-04-15  20:23:04.607 [main] DEBUG io.netty.util.internal.PlatformDependent - -Dio.netty.noPreferDirect: false
2018-04-15  20:23:04.608 [main] DEBUG io.netty.util.internal.PlatformDependent - -Dio.netty.maxDirectMemory: 3817865216 bytes
2018-04-15  20:23:04.608 [main] DEBUG io.netty.util.internal.PlatformDependent - -Dio.netty.uninitializedArrayAllocationThreshold: -1
2018-04-15  20:23:04.608 [main] DEBUG io.netty.util.internal.CleanerJava6 - java.nio.ByteBuffer.cleaner(): available
2018-04-15  20:23:04.626 [main] DEBUG io.netty.channel.nio.NioEventLoop - -Dio.netty.noKeySetOptimization: false
2018-04-15  20:23:04.626 [main] DEBUG io.netty.channel.nio.NioEventLoop - -Dio.netty.selectorAutoRebuildThreshold: 512
2018-04-15  20:23:04.634 [main] DEBUG io.netty.util.internal.PlatformDependent - org.jctools-core.MpscChunkedArrayQueue: available
2018-04-15  20:23:04.659 [main] INFO  com.zzc.nettyapi.nettyservice.ServerConfigLoader - load server config from /config.properties successfully!
2018-04-15  20:23:06.456 [main] DEBUG io.netty.channel.DefaultChannelId - -Dio.netty.processId: 7638 (auto-detected)
2018-04-15  20:23:06.459 [main] DEBUG io.netty.util.NetUtil - -Djava.net.preferIPv4Stack: false
2018-04-15  20:23:06.459 [main] DEBUG io.netty.util.NetUtil - -Djava.net.preferIPv6Addresses: false
2018-04-15  20:23:06.464 [main] DEBUG io.netty.util.NetUtil - Loopback interface: lo0 (lo0, 0:0:0:0:0:0:0:1)
2018-04-15  20:23:06.465 [main] DEBUG io.netty.util.NetUtil - Failed to get SOMAXCONN from sysctl and file /proc/sys/net/core/somaxconn. Default: 128
2018-04-15  20:23:06.469 [main] DEBUG io.netty.channel.DefaultChannelId - -Dio.netty.machineId: ac:de:48:ff:fe:00:11:22 (auto-detected)
2018-04-15  20:23:06.475 [main] DEBUG io.netty.util.internal.InternalThreadLocalMap - -Dio.netty.threadLocalMap.stringBuilder.initialSize: 1024
2018-04-15  20:23:06.475 [main] DEBUG io.netty.util.internal.InternalThreadLocalMap - -Dio.netty.threadLocalMap.stringBuilder.maxSize: 4096
2018-04-15  20:23:06.497 [main] DEBUG io.netty.util.ResourceLeakDetector - -Dio.netty.leakDetection.level: simple
2018-04-15  20:23:06.498 [main] DEBUG io.netty.util.ResourceLeakDetector - -Dio.netty.leakDetection.maxRecords: 4
2018-04-15  20:23:06.498 [main] DEBUG io.netty.util.ResourceLeakDetector - -Dio.netty.leakDetection.maxSampledRecords: 40
2018-04-15  20:23:06.561 [main] DEBUG io.netty.buffer.PooledByteBufAllocator - -Dio.netty.allocator.numHeapArenas: 16
2018-04-15  20:23:06.561 [main] DEBUG io.netty.buffer.PooledByteBufAllocator - -Dio.netty.allocator.numDirectArenas: 16
2018-04-15  20:23:06.561 [main] DEBUG io.netty.buffer.PooledByteBufAllocator - -Dio.netty.allocator.pageSize: 8192
2018-04-15  20:23:06.561 [main] DEBUG io.netty.buffer.PooledByteBufAllocator - -Dio.netty.allocator.maxOrder: 11
2018-04-15  20:23:06.562 [main] DEBUG io.netty.buffer.PooledByteBufAllocator - -Dio.netty.allocator.chunkSize: 16777216
2018-04-15  20:23:06.562 [main] DEBUG io.netty.buffer.PooledByteBufAllocator - -Dio.netty.allocator.tinyCacheSize: 512
2018-04-15  20:23:06.562 [main] DEBUG io.netty.buffer.PooledByteBufAllocator - -Dio.netty.allocator.smallCacheSize: 256
2018-04-15  20:23:06.562 [main] DEBUG io.netty.buffer.PooledByteBufAllocator - -Dio.netty.allocator.normalCacheSize: 64
2018-04-15  20:23:06.562 [main] DEBUG io.netty.buffer.PooledByteBufAllocator - -Dio.netty.allocator.maxCachedBufferCapacity: 32768
2018-04-15  20:23:06.562 [main] DEBUG io.netty.buffer.PooledByteBufAllocator - -Dio.netty.allocator.cacheTrimInterval: 8192
2018-04-15  20:23:06.562 [main] DEBUG io.netty.buffer.PooledByteBufAllocator - -Dio.netty.allocator.useCacheForAllThreads: true
2018-04-15  20:23:06.571 [main] DEBUG io.netty.buffer.ByteBufUtil - -Dio.netty.allocator.type: pooled
2018-04-15  20:23:06.571 [main] DEBUG io.netty.buffer.ByteBufUtil - -Dio.netty.threadLocalDirectBufferSize: 65536
2018-04-15  20:23:06.571 [main] DEBUG io.netty.buffer.ByteBufUtil - -Dio.netty.maxThreadLocalCharBufferSize: 16384
2018-04-15  20:23:06.599 [main] INFO  com.zzc.nettyapi.nettyservice.NettyServerBootStrap - Server bind successfully
2018-04-15  20:23:08.888 [nioEventLoopGroup-3-1] DEBUG io.netty.buffer.AbstractByteBuf - -Dio.netty.buffer.bytebuf.checkAccessible: true
2018-04-15  20:23:08.889 [nioEventLoopGroup-3-1] DEBUG io.netty.util.ResourceLeakDetectorFactory - Loaded default ResourceLeakDetector: io.netty.util.ResourceLeakDetector@1e07b018
2018-04-15  20:23:08.904 [nioEventLoopGroup-3-1] DEBUG io.netty.util.Recycler - -Dio.netty.recycler.maxCapacityPerThread: 32768
2018-04-15  20:23:08.904 [nioEventLoopGroup-3-1] DEBUG io.netty.util.Recycler - -Dio.netty.recycler.maxSharedCapacityFactor: 2
2018-04-15  20:23:08.904 [nioEventLoopGroup-3-1] DEBUG io.netty.util.Recycler - -Dio.netty.recycler.linkCapacity: 16
2018-04-15  20:23:08.904 [nioEventLoopGroup-3-1] DEBUG io.netty.util.Recycler - -Dio.netty.recycler.ratio: 8
2018-04-15  20:23:11.746 [nioEventLoopGroup-3-1] INFO  com.zzc.nettyapi.apiutil.RequestDetail - date:Sun Apr 15 20:23:11 CST 2018---uri:/user/1/note/1
2018-04-15  20:23:33.610 [nioEventLoopGroup-3-1] INFO  com.zzc.nettyapi.apiutil.RequestDetail - date:Sun Apr 15 20:23:31 CST 2018---uri:/favicon.ico
2018-04-15  20:24:20.331 [nioEventLoopGroup-3-1] WARN  io.netty.channel.DefaultChannelPipeline - An exceptionCaught() event was fired, and it reached at the tail of the pipeline. It usually means the last handler in the pipeline did not handle the exception.
java.lang.IndexOutOfBoundsException: Index: 0, Size: 0
	at java.util.LinkedList.checkElementIndex(LinkedList.java:555)
	at java.util.LinkedList.get(LinkedList.java:476)
	at com.zzc.nettyapi.apiutil.ApiHandler.invoke(ApiHandler.java:126)
	at com.zzc.nettyapi.apiutil.ApiHandler.handle(ApiHandler.java:72)
	at com.zzc.nettyapi.nettyservice.ServerHandler.channelRead(ServerHandler.java:44)
	at io.netty.channel.AbstractChannelHandlerContext.invokeChannelRead(AbstractChannelHandlerContext.java:362)
	at io.netty.channel.AbstractChannelHandlerContext.invokeChannelRead(AbstractChannelHandlerContext.java:348)
	at io.netty.channel.AbstractChannelHandlerContext.fireChannelRead(AbstractChannelHandlerContext.java:340)
	at io.netty.channel.CombinedChannelDuplexHandler$DelegatingChannelHandlerContext.fireChannelRead(CombinedChannelDuplexHandler.java:438)
	at io.netty.handler.codec.ByteToMessageDecoder.fireChannelRead(ByteToMessageDecoder.java:310)
	at io.netty.handler.codec.ByteToMessageDecoder.channelRead(ByteToMessageDecoder.java:284)
	at io.netty.channel.CombinedChannelDuplexHandler.channelRead(CombinedChannelDuplexHandler.java:253)
	at io.netty.channel.AbstractChannelHandlerContext.invokeChannelRead(AbstractChannelHandlerContext.java:362)
	at io.netty.channel.AbstractChannelHandlerContext.invokeChannelRead(AbstractChannelHandlerContext.java:348)
	at io.netty.channel.AbstractChannelHandlerContext.fireChannelRead(AbstractChannelHandlerContext.java:340)
	at io.netty.channel.DefaultChannelPipeline$HeadContext.channelRead(DefaultChannelPipeline.java:1359)
	at io.netty.channel.AbstractChannelHandlerContext.invokeChannelRead(AbstractChannelHandlerContext.java:362)
	at io.netty.channel.AbstractChannelHandlerContext.invokeChannelRead(AbstractChannelHandlerContext.java:348)
	at io.netty.channel.DefaultChannelPipeline.fireChannelRead(DefaultChannelPipeline.java:935)
	at io.netty.channel.nio.AbstractNioByteChannel$NioByteUnsafe.read(AbstractNioByteChannel.java:134)
	at io.netty.channel.nio.NioEventLoop.processSelectedKey(NioEventLoop.java:645)
	at io.netty.channel.nio.NioEventLoop.processSelectedKeysOptimized(NioEventLoop.java:580)
	at io.netty.channel.nio.NioEventLoop.processSelectedKeys(NioEventLoop.java:497)
	at io.netty.channel.nio.NioEventLoop.run(NioEventLoop.java:459)
	at io.netty.util.concurrent.SingleThreadEventExecutor$5.run(SingleThreadEventExecutor.java:858)
	at io.netty.util.concurrent.DefaultThreadFactory$DefaultRunnableDecorator.run(DefaultThreadFactory.java:138)
	at java.lang.Thread.run(Thread.java:748)
2018-04-15  20:28:44.608 [main] DEBUG io.netty.util.internal.logging.InternalLoggerFactory - Using SLF4J as the default logging framework
2018-04-15  20:28:44.611 [main] DEBUG io.netty.channel.MultithreadEventLoopGroup - -Dio.netty.eventLoopThreads: 16
2018-04-15  20:28:44.636 [main] DEBUG io.netty.util.internal.PlatformDependent - Platform: MacOS
2018-04-15  20:28:44.637 [main] DEBUG io.netty.util.internal.PlatformDependent0 - -Dio.netty.noUnsafe: false
2018-04-15  20:28:44.637 [main] DEBUG io.netty.util.internal.PlatformDependent0 - Java version: 8
2018-04-15  20:28:44.639 [main] DEBUG io.netty.util.internal.PlatformDependent0 - sun.misc.Unsafe.theUnsafe: available
2018-04-15  20:28:44.640 [main] DEBUG io.netty.util.internal.PlatformDependent0 - sun.misc.Unsafe.copyMemory: available
2018-04-15  20:28:44.640 [main] DEBUG io.netty.util.internal.PlatformDependent0 - java.nio.Buffer.address: available
2018-04-15  20:28:44.641 [main] DEBUG io.netty.util.internal.PlatformDependent0 - direct buffer constructor: available
2018-04-15  20:28:44.641 [main] DEBUG io.netty.util.internal.PlatformDependent0 - java.nio.Bits.unaligned: available, true
2018-04-15  20:28:44.641 [main] DEBUG io.netty.util.internal.PlatformDependent0 - jdk.internal.misc.Unsafe.allocateUninitializedArray(int): unavailable prior to Java9
2018-04-15  20:28:44.641 [main] DEBUG io.netty.util.internal.PlatformDependent0 - java.nio.DirectByteBuffer.<init>(long, int): available
2018-04-15  20:28:44.641 [main] DEBUG io.netty.util.internal.PlatformDependent - sun.misc.Unsafe: available
2018-04-15  20:28:44.642 [main] DEBUG io.netty.util.internal.PlatformDependent - -Dio.netty.tmpdir: /var/folders/60/p56nn12s5sq59wz96nlpdfcc0000gn/T (java.io.tmpdir)
2018-04-15  20:28:44.642 [main] DEBUG io.netty.util.internal.PlatformDependent - -Dio.netty.bitMode: 64 (sun.arch.data.model)
2018-04-15  20:28:44.643 [main] DEBUG io.netty.util.internal.PlatformDependent - -Dio.netty.noPreferDirect: false
2018-04-15  20:28:44.643 [main] DEBUG io.netty.util.internal.PlatformDependent - -Dio.netty.maxDirectMemory: 3817865216 bytes
2018-04-15  20:28:44.643 [main] DEBUG io.netty.util.internal.PlatformDependent - -Dio.netty.uninitializedArrayAllocationThreshold: -1
2018-04-15  20:28:44.644 [main] DEBUG io.netty.util.internal.CleanerJava6 - java.nio.ByteBuffer.cleaner(): available
2018-04-15  20:28:44.657 [main] DEBUG io.netty.channel.nio.NioEventLoop - -Dio.netty.noKeySetOptimization: false
2018-04-15  20:28:44.657 [main] DEBUG io.netty.channel.nio.NioEventLoop - -Dio.netty.selectorAutoRebuildThreshold: 512
2018-04-15  20:28:44.663 [main] DEBUG io.netty.util.internal.PlatformDependent - org.jctools-core.MpscChunkedArrayQueue: available
2018-04-15  20:28:44.683 [main] INFO  com.zzc.nettyapi.nettyservice.ServerConfigLoader - load server config from /config.properties successfully!
2018-04-15  20:28:44.720 [main] DEBUG io.netty.channel.DefaultChannelId - -Dio.netty.processId: 7653 (auto-detected)
2018-04-15  20:28:44.722 [main] DEBUG io.netty.util.NetUtil - -Djava.net.preferIPv4Stack: false
2018-04-15  20:28:44.722 [main] DEBUG io.netty.util.NetUtil - -Djava.net.preferIPv6Addresses: false
2018-04-15  20:28:44.723 [main] DEBUG io.netty.util.NetUtil - Loopback interface: lo0 (lo0, 0:0:0:0:0:0:0:1)
2018-04-15  20:28:44.724 [main] DEBUG io.netty.util.NetUtil - Failed to get SOMAXCONN from sysctl and file /proc/sys/net/core/somaxconn. Default: 128
2018-04-15  20:28:44.727 [main] DEBUG io.netty.channel.DefaultChannelId - -Dio.netty.machineId: ac:de:48:ff:fe:00:11:22 (auto-detected)
2018-04-15  20:28:44.731 [main] DEBUG io.netty.util.internal.InternalThreadLocalMap - -Dio.netty.threadLocalMap.stringBuilder.initialSize: 1024
2018-04-15  20:28:44.732 [main] DEBUG io.netty.util.internal.InternalThreadLocalMap - -Dio.netty.threadLocalMap.stringBuilder.maxSize: 4096
2018-04-15  20:28:44.739 [main] DEBUG io.netty.util.ResourceLeakDetector - -Dio.netty.leakDetection.level: simple
2018-04-15  20:28:44.739 [main] DEBUG io.netty.util.ResourceLeakDetector - -Dio.netty.leakDetection.maxRecords: 4
2018-04-15  20:28:44.740 [main] DEBUG io.netty.util.ResourceLeakDetector - -Dio.netty.leakDetection.maxSampledRecords: 40
2018-04-15  20:28:44.772 [main] DEBUG io.netty.buffer.PooledByteBufAllocator - -Dio.netty.allocator.numHeapArenas: 16
2018-04-15  20:28:44.772 [main] DEBUG io.netty.buffer.PooledByteBufAllocator - -Dio.netty.allocator.numDirectArenas: 16
2018-04-15  20:28:44.772 [main] DEBUG io.netty.buffer.PooledByteBufAllocator - -Dio.netty.allocator.pageSize: 8192
2018-04-15  20:28:44.772 [main] DEBUG io.netty.buffer.PooledByteBufAllocator - -Dio.netty.allocator.maxOrder: 11
2018-04-15  20:28:44.772 [main] DEBUG io.netty.buffer.PooledByteBufAllocator - -Dio.netty.allocator.chunkSize: 16777216
2018-04-15  20:28:44.772 [main] DEBUG io.netty.buffer.PooledByteBufAllocator - -Dio.netty.allocator.tinyCacheSize: 512
2018-04-15  20:28:44.772 [main] DEBUG io.netty.buffer.PooledByteBufAllocator - -Dio.netty.allocator.smallCacheSize: 256
2018-04-15  20:28:44.772 [main] DEBUG io.netty.buffer.PooledByteBufAllocator - -Dio.netty.allocator.normalCacheSize: 64
2018-04-15  20:28:44.772 [main] DEBUG io.netty.buffer.PooledByteBufAllocator - -Dio.netty.allocator.maxCachedBufferCapacity: 32768
2018-04-15  20:28:44.772 [main] DEBUG io.netty.buffer.PooledByteBufAllocator - -Dio.netty.allocator.cacheTrimInterval: 8192
2018-04-15  20:28:44.773 [main] DEBUG io.netty.buffer.PooledByteBufAllocator - -Dio.netty.allocator.useCacheForAllThreads: true
2018-04-15  20:28:44.781 [main] DEBUG io.netty.buffer.ByteBufUtil - -Dio.netty.allocator.type: pooled
2018-04-15  20:28:44.781 [main] DEBUG io.netty.buffer.ByteBufUtil - -Dio.netty.threadLocalDirectBufferSize: 65536
2018-04-15  20:28:44.781 [main] DEBUG io.netty.buffer.ByteBufUtil - -Dio.netty.maxThreadLocalCharBufferSize: 16384
2018-04-15  20:28:44.800 [main] INFO  com.zzc.nettyapi.nettyservice.NettyServerBootStrap - Server bind successfully
2018-04-15  20:28:48.395 [nioEventLoopGroup-3-1] DEBUG io.netty.buffer.AbstractByteBuf - -Dio.netty.buffer.bytebuf.checkAccessible: true
2018-04-15  20:28:48.396 [nioEventLoopGroup-3-1] DEBUG io.netty.util.ResourceLeakDetectorFactory - Loaded default ResourceLeakDetector: io.netty.util.ResourceLeakDetector@3346098d
2018-04-15  20:28:48.404 [nioEventLoopGroup-3-1] DEBUG io.netty.util.Recycler - -Dio.netty.recycler.maxCapacityPerThread: 32768
2018-04-15  20:28:48.404 [nioEventLoopGroup-3-1] DEBUG io.netty.util.Recycler - -Dio.netty.recycler.maxSharedCapacityFactor: 2
2018-04-15  20:28:48.404 [nioEventLoopGroup-3-1] DEBUG io.netty.util.Recycler - -Dio.netty.recycler.linkCapacity: 16
2018-04-15  20:28:48.404 [nioEventLoopGroup-3-1] DEBUG io.netty.util.Recycler - -Dio.netty.recycler.ratio: 8
2018-04-15  20:28:48.427 [nioEventLoopGroup-3-1] INFO  com.zzc.nettyapi.apiutil.RequestDetail - date:Sun Apr 15 20:28:48 CST 2018---uri:/user/1/note/1
2018-04-15  20:28:48.574 [nioEventLoopGroup-3-1] INFO  com.zzc.nettyapi.apiutil.RequestDetail - date:Sun Apr 15 20:28:48 CST 2018---uri:/favicon.ico
