2018-05-14  16:56:53.114 [main] DEBUG io.netty.util.internal.logging.InternalLoggerFactory - Using SLF4J as the default logging framework
2018-05-14  16:56:53.127 [main] DEBUG io.netty.channel.MultithreadEventLoopGroup - -Dio.netty.eventLoopThreads: 16
2018-05-14  16:56:53.173 [main] DEBUG io.netty.util.internal.PlatformDependent - Platform: MacOS
2018-05-14  16:56:53.175 [main] DEBUG io.netty.util.internal.PlatformDependent0 - -Dio.netty.noUnsafe: false
2018-05-14  16:56:53.176 [main] DEBUG io.netty.util.internal.PlatformDependent0 - Java version: 8
2018-05-14  16:56:53.178 [main] DEBUG io.netty.util.internal.PlatformDependent0 - sun.misc.Unsafe.theUnsafe: available
2018-05-14  16:56:53.179 [main] DEBUG io.netty.util.internal.PlatformDependent0 - sun.misc.Unsafe.copyMemory: available
2018-05-14  16:56:53.180 [main] DEBUG io.netty.util.internal.PlatformDependent0 - java.nio.Buffer.address: available
2018-05-14  16:56:53.180 [main] DEBUG io.netty.util.internal.PlatformDependent0 - direct buffer constructor: available
2018-05-14  16:56:53.183 [main] DEBUG io.netty.util.internal.PlatformDependent0 - java.nio.Bits.unaligned: available, true
2018-05-14  16:56:53.183 [main] DEBUG io.netty.util.internal.PlatformDependent0 - jdk.internal.misc.Unsafe.allocateUninitializedArray(int): unavailable prior to Java9
2018-05-14  16:56:53.183 [main] DEBUG io.netty.util.internal.PlatformDependent0 - java.nio.DirectByteBuffer.<init>(long, int): available
2018-05-14  16:56:53.184 [main] DEBUG io.netty.util.internal.PlatformDependent - sun.misc.Unsafe: available
2018-05-14  16:56:53.184 [main] DEBUG io.netty.util.internal.PlatformDependent - -Dio.netty.tmpdir: /var/folders/60/p56nn12s5sq59wz96nlpdfcc0000gn/T (java.io.tmpdir)
2018-05-14  16:56:53.184 [main] DEBUG io.netty.util.internal.PlatformDependent - -Dio.netty.bitMode: 64 (sun.arch.data.model)
2018-05-14  16:56:53.186 [main] DEBUG io.netty.util.internal.PlatformDependent - -Dio.netty.noPreferDirect: false
2018-05-14  16:56:53.186 [main] DEBUG io.netty.util.internal.PlatformDependent - -Dio.netty.maxDirectMemory: 3817865216 bytes
2018-05-14  16:56:53.186 [main] DEBUG io.netty.util.internal.PlatformDependent - -Dio.netty.uninitializedArrayAllocationThreshold: -1
2018-05-14  16:56:53.187 [main] DEBUG io.netty.util.internal.CleanerJava6 - java.nio.ByteBuffer.cleaner(): available
2018-05-14  16:56:53.211 [main] DEBUG io.netty.channel.nio.NioEventLoop - -Dio.netty.noKeySetOptimization: false
2018-05-14  16:56:53.211 [main] DEBUG io.netty.channel.nio.NioEventLoop - -Dio.netty.selectorAutoRebuildThreshold: 512
2018-05-14  16:56:53.233 [main] DEBUG io.netty.util.internal.PlatformDependent - org.jctools-core.MpscChunkedArrayQueue: available
2018-05-14  16:56:53.268 [main] INFO  com.zzc.nettyapi.nettyservice.ServerConfigLoader - load server config from /config.properties successfully!
2018-05-14  16:56:58.379 [main] DEBUG io.netty.channel.DefaultChannelId - -Dio.netty.processId: 43458 (auto-detected)
2018-05-14  16:56:58.385 [main] DEBUG io.netty.util.NetUtil - -Djava.net.preferIPv4Stack: false
2018-05-14  16:56:58.386 [main] DEBUG io.netty.util.NetUtil - -Djava.net.preferIPv6Addresses: false
2018-05-14  16:56:58.389 [main] DEBUG io.netty.util.NetUtil - Loopback interface: lo0 (lo0, 0:0:0:0:0:0:0:1)
2018-05-14  16:56:58.390 [main] DEBUG io.netty.util.NetUtil - Failed to get SOMAXCONN from sysctl and file /proc/sys/net/core/somaxconn. Default: 128
2018-05-14  16:56:58.393 [main] DEBUG io.netty.channel.DefaultChannelId - -Dio.netty.machineId: ac:de:48:ff:fe:00:11:22 (auto-detected)
2018-05-14  16:56:58.400 [main] DEBUG io.netty.util.internal.InternalThreadLocalMap - -Dio.netty.threadLocalMap.stringBuilder.initialSize: 1024
2018-05-14  16:56:58.401 [main] DEBUG io.netty.util.internal.InternalThreadLocalMap - -Dio.netty.threadLocalMap.stringBuilder.maxSize: 4096
2018-05-14  16:56:58.410 [main] DEBUG io.netty.util.ResourceLeakDetector - -Dio.netty.leakDetection.level: simple
2018-05-14  16:56:58.410 [main] DEBUG io.netty.util.ResourceLeakDetector - -Dio.netty.leakDetection.maxRecords: 4
2018-05-14  16:56:58.410 [main] DEBUG io.netty.util.ResourceLeakDetector - -Dio.netty.leakDetection.maxSampledRecords: 40
2018-05-14  16:56:58.461 [main] DEBUG io.netty.buffer.PooledByteBufAllocator - -Dio.netty.allocator.numHeapArenas: 16
2018-05-14  16:56:58.461 [main] DEBUG io.netty.buffer.PooledByteBufAllocator - -Dio.netty.allocator.numDirectArenas: 16
2018-05-14  16:56:58.461 [main] DEBUG io.netty.buffer.PooledByteBufAllocator - -Dio.netty.allocator.pageSize: 8192
2018-05-14  16:56:58.461 [main] DEBUG io.netty.buffer.PooledByteBufAllocator - -Dio.netty.allocator.maxOrder: 11
2018-05-14  16:56:58.461 [main] DEBUG io.netty.buffer.PooledByteBufAllocator - -Dio.netty.allocator.chunkSize: 16777216
2018-05-14  16:56:58.462 [main] DEBUG io.netty.buffer.PooledByteBufAllocator - -Dio.netty.allocator.tinyCacheSize: 512
2018-05-14  16:56:58.462 [main] DEBUG io.netty.buffer.PooledByteBufAllocator - -Dio.netty.allocator.smallCacheSize: 256
2018-05-14  16:56:58.462 [main] DEBUG io.netty.buffer.PooledByteBufAllocator - -Dio.netty.allocator.normalCacheSize: 64
2018-05-14  16:56:58.462 [main] DEBUG io.netty.buffer.PooledByteBufAllocator - -Dio.netty.allocator.maxCachedBufferCapacity: 32768
2018-05-14  16:56:58.462 [main] DEBUG io.netty.buffer.PooledByteBufAllocator - -Dio.netty.allocator.cacheTrimInterval: 8192
2018-05-14  16:56:58.462 [main] DEBUG io.netty.buffer.PooledByteBufAllocator - -Dio.netty.allocator.useCacheForAllThreads: true
2018-05-14  16:56:58.494 [main] DEBUG io.netty.buffer.ByteBufUtil - -Dio.netty.allocator.type: pooled
2018-05-14  16:56:58.494 [main] DEBUG io.netty.buffer.ByteBufUtil - -Dio.netty.threadLocalDirectBufferSize: 65536
2018-05-14  16:56:58.494 [main] DEBUG io.netty.buffer.ByteBufUtil - -Dio.netty.maxThreadLocalCharBufferSize: 16384
2018-05-14  16:56:58.513 [main] INFO  com.zzc.nettyapi.nettyservice.NettyServerBootStrap - Server bind successfully
2018-05-14  16:57:11.244 [nioEventLoopGroup-3-1] DEBUG io.netty.buffer.AbstractByteBuf - -Dio.netty.buffer.bytebuf.checkAccessible: true
2018-05-14  16:57:11.247 [nioEventLoopGroup-3-1] DEBUG io.netty.util.ResourceLeakDetectorFactory - Loaded default ResourceLeakDetector: io.netty.util.ResourceLeakDetector@139c87b1
2018-05-14  16:57:11.315 [nioEventLoopGroup-3-1] DEBUG io.netty.util.Recycler - -Dio.netty.recycler.maxCapacityPerThread: 32768
2018-05-14  16:57:11.315 [nioEventLoopGroup-3-1] DEBUG io.netty.util.Recycler - -Dio.netty.recycler.maxSharedCapacityFactor: 2
2018-05-14  16:57:11.315 [nioEventLoopGroup-3-1] DEBUG io.netty.util.Recycler - -Dio.netty.recycler.linkCapacity: 16
2018-05-14  16:57:11.315 [nioEventLoopGroup-3-1] DEBUG io.netty.util.Recycler - -Dio.netty.recycler.ratio: 8
2018-05-14  16:57:12.861 [handleThread--1] INFO  com.zzc.nettyapi.request.HttpRequestParser - date:Mon May 14 16:57:12 CST 2018---uri:/user/1/note/1
2018-05-14  16:57:14.597 [handleThread--1] DEBUG com.zzc.nettyapi.argument.binder.DataBinderFactory - type:int ------> dataBinder:com.zzc.nettyapi.argument.binder.SimpleRequestDataBinder
2018-05-14  16:57:16.078 [handleThread--1] DEBUG com.zzc.nettyapi.argument.binder.DataBinderFactory - type:int ------> dataBinder:com.zzc.nettyapi.argument.binder.SimpleRequestDataBinder
2018-05-14  16:57:18.084 [nioEventLoopGroup-3-1] DEBUG io.netty.handler.codec.compression.ZlibCodecFactory - -Dio.netty.noJdkZlibDecoder: false
2018-05-14  16:57:18.085 [nioEventLoopGroup-3-1] DEBUG io.netty.handler.codec.compression.ZlibCodecFactory - -Dio.netty.noJdkZlibEncoder: false
2018-05-14  16:57:21.773 [handleThread--2] INFO  com.zzc.nettyapi.request.HttpRequestParser - date:Mon May 14 16:57:21 CST 2018---uri:/favicon.ico
2018-05-14  16:57:31.961 [handleThread--3] INFO  com.zzc.nettyapi.request.HttpRequestParser - date:Mon May 14 16:57:31 CST 2018---uri:/user/1/note/1
2018-05-14  16:57:34.368 [handleThread--3] DEBUG com.zzc.nettyapi.argument.binder.DataBinderFactory - type:int ------> dataBinder:com.zzc.nettyapi.argument.binder.SimpleRequestDataBinder
2018-05-14  16:57:35.115 [handleThread--3] DEBUG com.zzc.nettyapi.argument.binder.DataBinderFactory - type:int ------> dataBinder:com.zzc.nettyapi.argument.binder.SimpleRequestDataBinder
2018-05-14  17:04:02.472 [main] DEBUG io.netty.util.internal.logging.InternalLoggerFactory - Using SLF4J as the default logging framework
2018-05-14  17:04:02.476 [main] DEBUG io.netty.channel.MultithreadEventLoopGroup - -Dio.netty.eventLoopThreads: 16
2018-05-14  17:04:02.503 [main] DEBUG io.netty.util.internal.PlatformDependent - Platform: MacOS
2018-05-14  17:04:02.505 [main] DEBUG io.netty.util.internal.PlatformDependent0 - -Dio.netty.noUnsafe: false
2018-05-14  17:04:02.505 [main] DEBUG io.netty.util.internal.PlatformDependent0 - Java version: 8
2018-05-14  17:04:02.507 [main] DEBUG io.netty.util.internal.PlatformDependent0 - sun.misc.Unsafe.theUnsafe: available
2018-05-14  17:04:02.508 [main] DEBUG io.netty.util.internal.PlatformDependent0 - sun.misc.Unsafe.copyMemory: available
2018-05-14  17:04:02.508 [main] DEBUG io.netty.util.internal.PlatformDependent0 - java.nio.Buffer.address: available
2018-05-14  17:04:02.509 [main] DEBUG io.netty.util.internal.PlatformDependent0 - direct buffer constructor: available
2018-05-14  17:04:02.510 [main] DEBUG io.netty.util.internal.PlatformDependent0 - java.nio.Bits.unaligned: available, true
2018-05-14  17:04:02.510 [main] DEBUG io.netty.util.internal.PlatformDependent0 - jdk.internal.misc.Unsafe.allocateUninitializedArray(int): unavailable prior to Java9
2018-05-14  17:04:02.510 [main] DEBUG io.netty.util.internal.PlatformDependent0 - java.nio.DirectByteBuffer.<init>(long, int): available
2018-05-14  17:04:02.510 [main] DEBUG io.netty.util.internal.PlatformDependent - sun.misc.Unsafe: available
2018-05-14  17:04:02.510 [main] DEBUG io.netty.util.internal.PlatformDependent - -Dio.netty.tmpdir: /var/folders/60/p56nn12s5sq59wz96nlpdfcc0000gn/T (java.io.tmpdir)
2018-05-14  17:04:02.510 [main] DEBUG io.netty.util.internal.PlatformDependent - -Dio.netty.bitMode: 64 (sun.arch.data.model)
2018-05-14  17:04:02.512 [main] DEBUG io.netty.util.internal.PlatformDependent - -Dio.netty.noPreferDirect: false
2018-05-14  17:04:02.513 [main] DEBUG io.netty.util.internal.PlatformDependent - -Dio.netty.maxDirectMemory: 3817865216 bytes
2018-05-14  17:04:02.513 [main] DEBUG io.netty.util.internal.PlatformDependent - -Dio.netty.uninitializedArrayAllocationThreshold: -1
2018-05-14  17:04:02.514 [main] DEBUG io.netty.util.internal.CleanerJava6 - java.nio.ByteBuffer.cleaner(): available
2018-05-14  17:04:02.536 [main] DEBUG io.netty.channel.nio.NioEventLoop - -Dio.netty.noKeySetOptimization: false
2018-05-14  17:04:02.536 [main] DEBUG io.netty.channel.nio.NioEventLoop - -Dio.netty.selectorAutoRebuildThreshold: 512
2018-05-14  17:04:02.544 [main] DEBUG io.netty.util.internal.PlatformDependent - org.jctools-core.MpscChunkedArrayQueue: available
2018-05-14  17:04:02.576 [main] INFO  com.zzc.nettyapi.nettyservice.ServerConfigLoader - load server config from /config.properties successfully!
2018-05-14  17:04:05.630 [main] DEBUG io.netty.channel.DefaultChannelId - -Dio.netty.processId: 43514 (auto-detected)
2018-05-14  17:04:05.637 [main] DEBUG io.netty.util.NetUtil - -Djava.net.preferIPv4Stack: false
2018-05-14  17:04:05.638 [main] DEBUG io.netty.util.NetUtil - -Djava.net.preferIPv6Addresses: false
2018-05-14  17:04:05.655 [main] DEBUG io.netty.util.NetUtil - Loopback interface: lo0 (lo0, 0:0:0:0:0:0:0:1)
2018-05-14  17:04:05.656 [main] DEBUG io.netty.util.NetUtil - Failed to get SOMAXCONN from sysctl and file /proc/sys/net/core/somaxconn. Default: 128
2018-05-14  17:04:05.670 [main] DEBUG io.netty.channel.DefaultChannelId - -Dio.netty.machineId: ac:de:48:ff:fe:00:11:22 (auto-detected)
2018-05-14  17:04:05.701 [main] DEBUG io.netty.util.internal.InternalThreadLocalMap - -Dio.netty.threadLocalMap.stringBuilder.initialSize: 1024
2018-05-14  17:04:05.702 [main] DEBUG io.netty.util.internal.InternalThreadLocalMap - -Dio.netty.threadLocalMap.stringBuilder.maxSize: 4096
2018-05-14  17:04:05.741 [main] DEBUG io.netty.util.ResourceLeakDetector - -Dio.netty.leakDetection.level: simple
2018-05-14  17:04:05.744 [main] DEBUG io.netty.util.ResourceLeakDetector - -Dio.netty.leakDetection.maxRecords: 4
2018-05-14  17:04:05.745 [main] DEBUG io.netty.util.ResourceLeakDetector - -Dio.netty.leakDetection.maxSampledRecords: 40
2018-05-14  17:04:05.801 [main] DEBUG io.netty.buffer.PooledByteBufAllocator - -Dio.netty.allocator.numHeapArenas: 16
2018-05-14  17:04:05.801 [main] DEBUG io.netty.buffer.PooledByteBufAllocator - -Dio.netty.allocator.numDirectArenas: 16
2018-05-14  17:04:05.801 [main] DEBUG io.netty.buffer.PooledByteBufAllocator - -Dio.netty.allocator.pageSize: 8192
2018-05-14  17:04:05.801 [main] DEBUG io.netty.buffer.PooledByteBufAllocator - -Dio.netty.allocator.maxOrder: 11
2018-05-14  17:04:05.801 [main] DEBUG io.netty.buffer.PooledByteBufAllocator - -Dio.netty.allocator.chunkSize: 16777216
2018-05-14  17:04:05.801 [main] DEBUG io.netty.buffer.PooledByteBufAllocator - -Dio.netty.allocator.tinyCacheSize: 512
2018-05-14  17:04:05.801 [main] DEBUG io.netty.buffer.PooledByteBufAllocator - -Dio.netty.allocator.smallCacheSize: 256
2018-05-14  17:04:05.801 [main] DEBUG io.netty.buffer.PooledByteBufAllocator - -Dio.netty.allocator.normalCacheSize: 64
2018-05-14  17:04:05.801 [main] DEBUG io.netty.buffer.PooledByteBufAllocator - -Dio.netty.allocator.maxCachedBufferCapacity: 32768
2018-05-14  17:04:05.801 [main] DEBUG io.netty.buffer.PooledByteBufAllocator - -Dio.netty.allocator.cacheTrimInterval: 8192
2018-05-14  17:04:05.801 [main] DEBUG io.netty.buffer.PooledByteBufAllocator - -Dio.netty.allocator.useCacheForAllThreads: true
2018-05-14  17:04:05.810 [main] DEBUG io.netty.buffer.ByteBufUtil - -Dio.netty.allocator.type: pooled
2018-05-14  17:04:05.810 [main] DEBUG io.netty.buffer.ByteBufUtil - -Dio.netty.threadLocalDirectBufferSize: 65536
2018-05-14  17:04:05.810 [main] DEBUG io.netty.buffer.ByteBufUtil - -Dio.netty.maxThreadLocalCharBufferSize: 16384
2018-05-14  17:04:05.854 [main] INFO  com.zzc.nettyapi.nettyservice.NettyServerBootStrap - Server bind successfully
2018-05-14  17:04:18.842 [nioEventLoopGroup-3-1] DEBUG io.netty.buffer.AbstractByteBuf - -Dio.netty.buffer.bytebuf.checkAccessible: true
2018-05-14  17:04:18.850 [nioEventLoopGroup-3-1] DEBUG io.netty.util.ResourceLeakDetectorFactory - Loaded default ResourceLeakDetector: io.netty.util.ResourceLeakDetector@4bfabd7c
2018-05-14  17:04:18.910 [nioEventLoopGroup-3-1] DEBUG io.netty.util.Recycler - -Dio.netty.recycler.maxCapacityPerThread: 32768
2018-05-14  17:04:18.910 [nioEventLoopGroup-3-1] DEBUG io.netty.util.Recycler - -Dio.netty.recycler.maxSharedCapacityFactor: 2
2018-05-14  17:04:18.911 [nioEventLoopGroup-3-1] DEBUG io.netty.util.Recycler - -Dio.netty.recycler.linkCapacity: 16
2018-05-14  17:04:18.911 [nioEventLoopGroup-3-1] DEBUG io.netty.util.Recycler - -Dio.netty.recycler.ratio: 8
2018-05-14  17:04:22.500 [handleThread--1] INFO  com.zzc.nettyapi.request.HttpRequestParser - date:Mon May 14 17:04:22 CST 2018---uri:/user/1/note/1
2018-05-14  17:04:24.926 [handleThread--1] DEBUG com.zzc.nettyapi.argument.binder.DataBinderFactory - type:int ------> dataBinder:com.zzc.nettyapi.argument.binder.SimpleRequestDataBinder
2018-05-14  17:04:26.282 [handleThread--1] DEBUG com.zzc.nettyapi.argument.binder.DataBinderFactory - type:int ------> dataBinder:com.zzc.nettyapi.argument.binder.SimpleRequestDataBinder
2018-05-14  17:04:27.406 [nioEventLoopGroup-3-1] DEBUG io.netty.handler.codec.compression.ZlibCodecFactory - -Dio.netty.noJdkZlibDecoder: false
2018-05-14  17:04:27.406 [nioEventLoopGroup-3-1] DEBUG io.netty.handler.codec.compression.ZlibCodecFactory - -Dio.netty.noJdkZlibEncoder: false
2018-05-14  17:04:28.812 [handleThread--2] INFO  com.zzc.nettyapi.request.HttpRequestParser - date:Mon May 14 17:04:28 CST 2018---uri:/favicon.ico
2018-05-14  17:04:48.684 [handleThread--3] INFO  com.zzc.nettyapi.request.HttpRequestParser - date:Mon May 14 17:04:48 CST 2018---uri:/user/1/note/1
2018-05-14  17:04:50.338 [handleThread--3] DEBUG com.zzc.nettyapi.argument.binder.DataBinderFactory - type:int ------> dataBinder:com.zzc.nettyapi.argument.binder.SimpleRequestDataBinder
2018-05-14  17:04:51.982 [handleThread--3] DEBUG com.zzc.nettyapi.argument.binder.DataBinderFactory - type:int ------> dataBinder:com.zzc.nettyapi.argument.binder.SimpleRequestDataBinder
2018-05-14  17:05:05.195 [handleThread--4] INFO  com.zzc.nettyapi.request.HttpRequestParser - date:Mon May 14 17:05:05 CST 2018---uri:/favicon.ico
2018-05-14  17:16:33.560 [main] DEBUG io.netty.util.internal.logging.InternalLoggerFactory - Using SLF4J as the default logging framework
2018-05-14  17:16:33.564 [main] DEBUG io.netty.channel.MultithreadEventLoopGroup - -Dio.netty.eventLoopThreads: 16
2018-05-14  17:16:33.593 [main] DEBUG io.netty.util.internal.PlatformDependent - Platform: MacOS
2018-05-14  17:16:33.594 [main] DEBUG io.netty.util.internal.PlatformDependent0 - -Dio.netty.noUnsafe: false
2018-05-14  17:16:33.595 [main] DEBUG io.netty.util.internal.PlatformDependent0 - Java version: 8
2018-05-14  17:16:33.596 [main] DEBUG io.netty.util.internal.PlatformDependent0 - sun.misc.Unsafe.theUnsafe: available
2018-05-14  17:16:33.597 [main] DEBUG io.netty.util.internal.PlatformDependent0 - sun.misc.Unsafe.copyMemory: available
2018-05-14  17:16:33.597 [main] DEBUG io.netty.util.internal.PlatformDependent0 - java.nio.Buffer.address: available
2018-05-14  17:16:33.598 [main] DEBUG io.netty.util.internal.PlatformDependent0 - direct buffer constructor: available
2018-05-14  17:16:33.600 [main] DEBUG io.netty.util.internal.PlatformDependent0 - java.nio.Bits.unaligned: available, true
2018-05-14  17:16:33.600 [main] DEBUG io.netty.util.internal.PlatformDependent0 - jdk.internal.misc.Unsafe.allocateUninitializedArray(int): unavailable prior to Java9
2018-05-14  17:16:33.600 [main] DEBUG io.netty.util.internal.PlatformDependent0 - java.nio.DirectByteBuffer.<init>(long, int): available
2018-05-14  17:16:33.600 [main] DEBUG io.netty.util.internal.PlatformDependent - sun.misc.Unsafe: available
2018-05-14  17:16:33.601 [main] DEBUG io.netty.util.internal.PlatformDependent - -Dio.netty.tmpdir: /var/folders/60/p56nn12s5sq59wz96nlpdfcc0000gn/T (java.io.tmpdir)
2018-05-14  17:16:33.601 [main] DEBUG io.netty.util.internal.PlatformDependent - -Dio.netty.bitMode: 64 (sun.arch.data.model)
2018-05-14  17:16:33.602 [main] DEBUG io.netty.util.internal.PlatformDependent - -Dio.netty.noPreferDirect: false
2018-05-14  17:16:33.603 [main] DEBUG io.netty.util.internal.PlatformDependent - -Dio.netty.maxDirectMemory: 3817865216 bytes
2018-05-14  17:16:33.603 [main] DEBUG io.netty.util.internal.PlatformDependent - -Dio.netty.uninitializedArrayAllocationThreshold: -1
2018-05-14  17:16:33.603 [main] DEBUG io.netty.util.internal.CleanerJava6 - java.nio.ByteBuffer.cleaner(): available
2018-05-14  17:16:33.622 [main] DEBUG io.netty.channel.nio.NioEventLoop - -Dio.netty.noKeySetOptimization: false
2018-05-14  17:16:33.622 [main] DEBUG io.netty.channel.nio.NioEventLoop - -Dio.netty.selectorAutoRebuildThreshold: 512
2018-05-14  17:16:33.630 [main] DEBUG io.netty.util.internal.PlatformDependent - org.jctools-core.MpscChunkedArrayQueue: available
2018-05-14  17:16:33.659 [main] INFO  com.zzc.nettyapi.nettyservice.ServerConfigLoader - load server config from /config.properties successfully!
2018-05-14  17:16:39.677 [main] DEBUG io.netty.util.internal.logging.InternalLoggerFactory - Using SLF4J as the default logging framework
2018-05-14  17:16:39.681 [main] DEBUG io.netty.channel.MultithreadEventLoopGroup - -Dio.netty.eventLoopThreads: 16
2018-05-14  17:16:39.731 [main] DEBUG io.netty.util.internal.PlatformDependent - Platform: MacOS
2018-05-14  17:16:39.733 [main] DEBUG io.netty.util.internal.PlatformDependent0 - -Dio.netty.noUnsafe: false
2018-05-14  17:16:39.734 [main] DEBUG io.netty.util.internal.PlatformDependent0 - Java version: 8
2018-05-14  17:16:39.736 [main] DEBUG io.netty.util.internal.PlatformDependent0 - sun.misc.Unsafe.theUnsafe: available
2018-05-14  17:16:39.737 [main] DEBUG io.netty.util.internal.PlatformDependent0 - sun.misc.Unsafe.copyMemory: available
2018-05-14  17:16:39.738 [main] DEBUG io.netty.util.internal.PlatformDependent0 - java.nio.Buffer.address: available
2018-05-14  17:16:39.739 [main] DEBUG io.netty.util.internal.PlatformDependent0 - direct buffer constructor: available
2018-05-14  17:16:39.742 [main] DEBUG io.netty.util.internal.PlatformDependent0 - java.nio.Bits.unaligned: available, true
2018-05-14  17:16:39.743 [main] DEBUG io.netty.util.internal.PlatformDependent0 - jdk.internal.misc.Unsafe.allocateUninitializedArray(int): unavailable prior to Java9
2018-05-14  17:16:39.743 [main] DEBUG io.netty.util.internal.PlatformDependent0 - java.nio.DirectByteBuffer.<init>(long, int): available
2018-05-14  17:16:39.743 [main] DEBUG io.netty.util.internal.PlatformDependent - sun.misc.Unsafe: available
2018-05-14  17:16:39.743 [main] DEBUG io.netty.util.internal.PlatformDependent - -Dio.netty.tmpdir: /var/folders/60/p56nn12s5sq59wz96nlpdfcc0000gn/T (java.io.tmpdir)
2018-05-14  17:16:39.743 [main] DEBUG io.netty.util.internal.PlatformDependent - -Dio.netty.bitMode: 64 (sun.arch.data.model)
2018-05-14  17:16:39.745 [main] DEBUG io.netty.util.internal.PlatformDependent - -Dio.netty.noPreferDirect: false
2018-05-14  17:16:39.746 [main] DEBUG io.netty.util.internal.PlatformDependent - -Dio.netty.maxDirectMemory: 3817865216 bytes
2018-05-14  17:16:39.746 [main] DEBUG io.netty.util.internal.PlatformDependent - -Dio.netty.uninitializedArrayAllocationThreshold: -1
2018-05-14  17:16:39.747 [main] DEBUG io.netty.util.internal.CleanerJava6 - java.nio.ByteBuffer.cleaner(): available
2018-05-14  17:16:39.769 [main] DEBUG io.netty.channel.nio.NioEventLoop - -Dio.netty.noKeySetOptimization: false
2018-05-14  17:16:39.769 [main] DEBUG io.netty.channel.nio.NioEventLoop - -Dio.netty.selectorAutoRebuildThreshold: 512
2018-05-14  17:16:39.778 [main] DEBUG io.netty.util.internal.PlatformDependent - org.jctools-core.MpscChunkedArrayQueue: available
2018-05-14  17:16:39.806 [main] INFO  com.zzc.nettyapi.nettyservice.ServerConfigLoader - load server config from /config.properties successfully!
2018-05-14  17:16:49.254 [main] DEBUG io.netty.util.internal.logging.InternalLoggerFactory - Using SLF4J as the default logging framework
2018-05-14  17:16:49.257 [main] DEBUG io.netty.channel.MultithreadEventLoopGroup - -Dio.netty.eventLoopThreads: 16
2018-05-14  17:16:49.284 [main] DEBUG io.netty.util.internal.PlatformDependent - Platform: MacOS
2018-05-14  17:16:49.286 [main] DEBUG io.netty.util.internal.PlatformDependent0 - -Dio.netty.noUnsafe: false
2018-05-14  17:16:49.288 [main] DEBUG io.netty.util.internal.PlatformDependent0 - Java version: 8
2018-05-14  17:16:49.290 [main] DEBUG io.netty.util.internal.PlatformDependent0 - sun.misc.Unsafe.theUnsafe: available
2018-05-14  17:16:49.290 [main] DEBUG io.netty.util.internal.PlatformDependent0 - sun.misc.Unsafe.copyMemory: available
2018-05-14  17:16:49.291 [main] DEBUG io.netty.util.internal.PlatformDependent0 - java.nio.Buffer.address: available
2018-05-14  17:16:49.291 [main] DEBUG io.netty.util.internal.PlatformDependent0 - direct buffer constructor: available
2018-05-14  17:16:49.292 [main] DEBUG io.netty.util.internal.PlatformDependent0 - java.nio.Bits.unaligned: available, true
2018-05-14  17:16:49.292 [main] DEBUG io.netty.util.internal.PlatformDependent0 - jdk.internal.misc.Unsafe.allocateUninitializedArray(int): unavailable prior to Java9
2018-05-14  17:16:49.292 [main] DEBUG io.netty.util.internal.PlatformDependent0 - java.nio.DirectByteBuffer.<init>(long, int): available
2018-05-14  17:16:49.292 [main] DEBUG io.netty.util.internal.PlatformDependent - sun.misc.Unsafe: available
2018-05-14  17:16:49.292 [main] DEBUG io.netty.util.internal.PlatformDependent - -Dio.netty.tmpdir: /var/folders/60/p56nn12s5sq59wz96nlpdfcc0000gn/T (java.io.tmpdir)
2018-05-14  17:16:49.293 [main] DEBUG io.netty.util.internal.PlatformDependent - -Dio.netty.bitMode: 64 (sun.arch.data.model)
2018-05-14  17:16:49.294 [main] DEBUG io.netty.util.internal.PlatformDependent - -Dio.netty.noPreferDirect: false
2018-05-14  17:16:49.294 [main] DEBUG io.netty.util.internal.PlatformDependent - -Dio.netty.maxDirectMemory: 3817865216 bytes
2018-05-14  17:16:49.295 [main] DEBUG io.netty.util.internal.PlatformDependent - -Dio.netty.uninitializedArrayAllocationThreshold: -1
2018-05-14  17:16:49.295 [main] DEBUG io.netty.util.internal.CleanerJava6 - java.nio.ByteBuffer.cleaner(): available
2018-05-14  17:16:49.311 [main] DEBUG io.netty.channel.nio.NioEventLoop - -Dio.netty.noKeySetOptimization: false
2018-05-14  17:16:49.311 [main] DEBUG io.netty.channel.nio.NioEventLoop - -Dio.netty.selectorAutoRebuildThreshold: 512
2018-05-14  17:16:49.318 [main] DEBUG io.netty.util.internal.PlatformDependent - org.jctools-core.MpscChunkedArrayQueue: available
2018-05-14  17:16:49.340 [main] INFO  com.zzc.nettyapi.nettyservice.ServerConfigLoader - load server config from /config.properties successfully!
2018-05-14  17:16:49.439 [main] DEBUG io.netty.channel.DefaultChannelId - -Dio.netty.processId: 43555 (auto-detected)
2018-05-14  17:16:49.441 [main] DEBUG io.netty.util.NetUtil - -Djava.net.preferIPv4Stack: false
2018-05-14  17:16:49.441 [main] DEBUG io.netty.util.NetUtil - -Djava.net.preferIPv6Addresses: false
2018-05-14  17:16:49.442 [main] DEBUG io.netty.util.NetUtil - Loopback interface: lo0 (lo0, 0:0:0:0:0:0:0:1)
2018-05-14  17:16:49.443 [main] DEBUG io.netty.util.NetUtil - Failed to get SOMAXCONN from sysctl and file /proc/sys/net/core/somaxconn. Default: 128
2018-05-14  17:16:49.447 [main] DEBUG io.netty.channel.DefaultChannelId - -Dio.netty.machineId: ac:de:48:ff:fe:00:11:22 (auto-detected)
2018-05-14  17:16:49.452 [main] DEBUG io.netty.util.internal.InternalThreadLocalMap - -Dio.netty.threadLocalMap.stringBuilder.initialSize: 1024
2018-05-14  17:16:49.452 [main] DEBUG io.netty.util.internal.InternalThreadLocalMap - -Dio.netty.threadLocalMap.stringBuilder.maxSize: 4096
2018-05-14  17:16:49.461 [main] DEBUG io.netty.util.ResourceLeakDetector - -Dio.netty.leakDetection.level: simple
2018-05-14  17:16:49.461 [main] DEBUG io.netty.util.ResourceLeakDetector - -Dio.netty.leakDetection.maxRecords: 4
2018-05-14  17:16:49.461 [main] DEBUG io.netty.util.ResourceLeakDetector - -Dio.netty.leakDetection.maxSampledRecords: 40
2018-05-14  17:16:49.482 [main] DEBUG io.netty.buffer.PooledByteBufAllocator - -Dio.netty.allocator.numHeapArenas: 16
2018-05-14  17:16:49.482 [main] DEBUG io.netty.buffer.PooledByteBufAllocator - -Dio.netty.allocator.numDirectArenas: 16
2018-05-14  17:16:49.482 [main] DEBUG io.netty.buffer.PooledByteBufAllocator - -Dio.netty.allocator.pageSize: 8192
2018-05-14  17:16:49.482 [main] DEBUG io.netty.buffer.PooledByteBufAllocator - -Dio.netty.allocator.maxOrder: 11
2018-05-14  17:16:49.483 [main] DEBUG io.netty.buffer.PooledByteBufAllocator - -Dio.netty.allocator.chunkSize: 16777216
2018-05-14  17:16:49.483 [main] DEBUG io.netty.buffer.PooledByteBufAllocator - -Dio.netty.allocator.tinyCacheSize: 512
2018-05-14  17:16:49.483 [main] DEBUG io.netty.buffer.PooledByteBufAllocator - -Dio.netty.allocator.smallCacheSize: 256
2018-05-14  17:16:49.483 [main] DEBUG io.netty.buffer.PooledByteBufAllocator - -Dio.netty.allocator.normalCacheSize: 64
2018-05-14  17:16:49.483 [main] DEBUG io.netty.buffer.PooledByteBufAllocator - -Dio.netty.allocator.maxCachedBufferCapacity: 32768
2018-05-14  17:16:49.483 [main] DEBUG io.netty.buffer.PooledByteBufAllocator - -Dio.netty.allocator.cacheTrimInterval: 8192
2018-05-14  17:16:49.483 [main] DEBUG io.netty.buffer.PooledByteBufAllocator - -Dio.netty.allocator.useCacheForAllThreads: true
2018-05-14  17:16:49.490 [main] DEBUG io.netty.buffer.ByteBufUtil - -Dio.netty.allocator.type: pooled
2018-05-14  17:16:49.490 [main] DEBUG io.netty.buffer.ByteBufUtil - -Dio.netty.threadLocalDirectBufferSize: 65536
2018-05-14  17:16:49.491 [main] DEBUG io.netty.buffer.ByteBufUtil - -Dio.netty.maxThreadLocalCharBufferSize: 16384
2018-05-14  17:16:49.511 [main] INFO  com.zzc.nettyapi.nettyservice.NettyServerBootStrap - Server bind successfully
2018-05-14  17:17:08.352 [nioEventLoopGroup-3-1] DEBUG io.netty.buffer.AbstractByteBuf - -Dio.netty.buffer.bytebuf.checkAccessible: true
2018-05-14  17:17:08.353 [nioEventLoopGroup-3-1] DEBUG io.netty.util.ResourceLeakDetectorFactory - Loaded default ResourceLeakDetector: io.netty.util.ResourceLeakDetector@7eff45ae
2018-05-14  17:17:08.386 [nioEventLoopGroup-3-1] DEBUG io.netty.util.Recycler - -Dio.netty.recycler.maxCapacityPerThread: 32768
2018-05-14  17:17:08.386 [nioEventLoopGroup-3-1] DEBUG io.netty.util.Recycler - -Dio.netty.recycler.maxSharedCapacityFactor: 2
2018-05-14  17:17:08.386 [nioEventLoopGroup-3-1] DEBUG io.netty.util.Recycler - -Dio.netty.recycler.linkCapacity: 16
2018-05-14  17:17:08.386 [nioEventLoopGroup-3-1] DEBUG io.netty.util.Recycler - -Dio.netty.recycler.ratio: 8
2018-05-14  17:17:08.403 [handleThread--1] INFO  com.zzc.nettyapi.request.HttpRequestParser - date:Mon May 14 17:17:08 CST 2018---uri:/user/1/note/1
2018-05-14  17:17:08.431 [handleThread--1] DEBUG com.zzc.nettyapi.argument.binder.DataBinderFactory - type:int ------> dataBinder:com.zzc.nettyapi.argument.binder.SimpleRequestDataBinder
2018-05-14  17:17:08.433 [handleThread--1] DEBUG com.zzc.nettyapi.argument.binder.DataBinderFactory - type:int ------> dataBinder:com.zzc.nettyapi.argument.binder.SimpleRequestDataBinder
2018-05-14  17:17:08.508 [nioEventLoopGroup-3-1] DEBUG io.netty.handler.codec.compression.ZlibCodecFactory - -Dio.netty.noJdkZlibDecoder: false
2018-05-14  17:17:08.508 [nioEventLoopGroup-3-1] DEBUG io.netty.handler.codec.compression.ZlibCodecFactory - -Dio.netty.noJdkZlibEncoder: false
2018-05-14  17:17:08.641 [handleThread--2] INFO  com.zzc.nettyapi.request.HttpRequestParser - date:Mon May 14 17:17:08 CST 2018---uri:/favicon.ico
2018-05-14  17:17:14.700 [handleThread--3] INFO  com.zzc.nettyapi.request.HttpRequestParser - date:Mon May 14 17:17:14 CST 2018---uri:/user/1/note/1
2018-05-14  17:17:14.701 [handleThread--3] DEBUG com.zzc.nettyapi.argument.binder.DataBinderFactory - type:int ------> dataBinder:com.zzc.nettyapi.argument.binder.SimpleRequestDataBinder
2018-05-14  17:17:14.701 [handleThread--3] DEBUG com.zzc.nettyapi.argument.binder.DataBinderFactory - type:int ------> dataBinder:com.zzc.nettyapi.argument.binder.SimpleRequestDataBinder
2018-05-14  17:17:14.736 [handleThread--4] INFO  com.zzc.nettyapi.request.HttpRequestParser - date:Mon May 14 17:17:14 CST 2018---uri:/favicon.ico
2018-05-14  17:17:35.038 [handleThread--5] INFO  com.zzc.nettyapi.request.HttpRequestParser - date:Mon May 14 17:17:35 CST 2018---uri:/user/1/note/1
2018-05-14  17:17:35.039 [handleThread--5] DEBUG com.zzc.nettyapi.argument.binder.DataBinderFactory - type:int ------> dataBinder:com.zzc.nettyapi.argument.binder.SimpleRequestDataBinder
2018-05-14  17:17:35.039 [handleThread--5] DEBUG com.zzc.nettyapi.argument.binder.DataBinderFactory - type:int ------> dataBinder:com.zzc.nettyapi.argument.binder.SimpleRequestDataBinder
2018-05-14  17:17:48.003 [handleThread--6] INFO  com.zzc.nettyapi.request.HttpRequestParser - date:Mon May 14 17:17:48 CST 2018---uri:/user/1/note/1
2018-05-14  17:17:48.003 [handleThread--6] DEBUG com.zzc.nettyapi.argument.binder.DataBinderFactory - type:int ------> dataBinder:com.zzc.nettyapi.argument.binder.SimpleRequestDataBinder
2018-05-14  17:17:48.003 [handleThread--6] DEBUG com.zzc.nettyapi.argument.binder.DataBinderFactory - type:int ------> dataBinder:com.zzc.nettyapi.argument.binder.SimpleRequestDataBinder
2018-05-14  17:18:15.112 [main] DEBUG io.netty.util.internal.logging.InternalLoggerFactory - Using SLF4J as the default logging framework
2018-05-14  17:18:15.115 [main] DEBUG io.netty.channel.MultithreadEventLoopGroup - -Dio.netty.eventLoopThreads: 16
2018-05-14  17:18:15.140 [main] DEBUG io.netty.util.internal.PlatformDependent - Platform: MacOS
2018-05-14  17:18:15.141 [main] DEBUG io.netty.util.internal.PlatformDependent0 - -Dio.netty.noUnsafe: false
2018-05-14  17:18:15.144 [main] DEBUG io.netty.util.internal.PlatformDependent0 - Java version: 8
2018-05-14  17:18:15.145 [main] DEBUG io.netty.util.internal.PlatformDependent0 - sun.misc.Unsafe.theUnsafe: available
2018-05-14  17:18:15.146 [main] DEBUG io.netty.util.internal.PlatformDependent0 - sun.misc.Unsafe.copyMemory: available
2018-05-14  17:18:15.147 [main] DEBUG io.netty.util.internal.PlatformDependent0 - java.nio.Buffer.address: available
2018-05-14  17:18:15.147 [main] DEBUG io.netty.util.internal.PlatformDependent0 - direct buffer constructor: available
2018-05-14  17:18:15.148 [main] DEBUG io.netty.util.internal.PlatformDependent0 - java.nio.Bits.unaligned: available, true
2018-05-14  17:18:15.148 [main] DEBUG io.netty.util.internal.PlatformDependent0 - jdk.internal.misc.Unsafe.allocateUninitializedArray(int): unavailable prior to Java9
2018-05-14  17:18:15.148 [main] DEBUG io.netty.util.internal.PlatformDependent0 - java.nio.DirectByteBuffer.<init>(long, int): available
2018-05-14  17:18:15.148 [main] DEBUG io.netty.util.internal.PlatformDependent - sun.misc.Unsafe: available
2018-05-14  17:18:15.148 [main] DEBUG io.netty.util.internal.PlatformDependent - -Dio.netty.tmpdir: /var/folders/60/p56nn12s5sq59wz96nlpdfcc0000gn/T (java.io.tmpdir)
2018-05-14  17:18:15.149 [main] DEBUG io.netty.util.internal.PlatformDependent - -Dio.netty.bitMode: 64 (sun.arch.data.model)
2018-05-14  17:18:15.150 [main] DEBUG io.netty.util.internal.PlatformDependent - -Dio.netty.noPreferDirect: false
2018-05-14  17:18:15.150 [main] DEBUG io.netty.util.internal.PlatformDependent - -Dio.netty.maxDirectMemory: 3817865216 bytes
2018-05-14  17:18:15.150 [main] DEBUG io.netty.util.internal.PlatformDependent - -Dio.netty.uninitializedArrayAllocationThreshold: -1
2018-05-14  17:18:15.150 [main] DEBUG io.netty.util.internal.CleanerJava6 - java.nio.ByteBuffer.cleaner(): available
2018-05-14  17:18:15.165 [main] DEBUG io.netty.channel.nio.NioEventLoop - -Dio.netty.noKeySetOptimization: false
2018-05-14  17:18:15.165 [main] DEBUG io.netty.channel.nio.NioEventLoop - -Dio.netty.selectorAutoRebuildThreshold: 512
2018-05-14  17:18:15.171 [main] DEBUG io.netty.util.internal.PlatformDependent - org.jctools-core.MpscChunkedArrayQueue: available
2018-05-14  17:18:15.188 [main] INFO  com.zzc.nettyapi.nettyservice.ServerConfigLoader - load server config from /config.properties successfully!
2018-05-14  17:18:15.232 [main] DEBUG io.netty.channel.DefaultChannelId - -Dio.netty.processId: 43567 (auto-detected)
2018-05-14  17:18:15.234 [main] DEBUG io.netty.util.NetUtil - -Djava.net.preferIPv4Stack: false
2018-05-14  17:18:15.234 [main] DEBUG io.netty.util.NetUtil - -Djava.net.preferIPv6Addresses: false
2018-05-14  17:18:15.235 [main] DEBUG io.netty.util.NetUtil - Loopback interface: lo0 (lo0, 0:0:0:0:0:0:0:1)
2018-05-14  17:18:15.235 [main] DEBUG io.netty.util.NetUtil - Failed to get SOMAXCONN from sysctl and file /proc/sys/net/core/somaxconn. Default: 128
2018-05-14  17:18:15.238 [main] DEBUG io.netty.channel.DefaultChannelId - -Dio.netty.machineId: ac:de:48:ff:fe:00:11:22 (auto-detected)
2018-05-14  17:18:15.242 [main] DEBUG io.netty.util.internal.InternalThreadLocalMap - -Dio.netty.threadLocalMap.stringBuilder.initialSize: 1024
2018-05-14  17:18:15.243 [main] DEBUG io.netty.util.internal.InternalThreadLocalMap - -Dio.netty.threadLocalMap.stringBuilder.maxSize: 4096
2018-05-14  17:18:15.249 [main] DEBUG io.netty.util.ResourceLeakDetector - -Dio.netty.leakDetection.level: simple
2018-05-14  17:18:15.250 [main] DEBUG io.netty.util.ResourceLeakDetector - -Dio.netty.leakDetection.maxRecords: 4
2018-05-14  17:18:15.250 [main] DEBUG io.netty.util.ResourceLeakDetector - -Dio.netty.leakDetection.maxSampledRecords: 40
2018-05-14  17:18:15.283 [main] DEBUG io.netty.buffer.PooledByteBufAllocator - -Dio.netty.allocator.numHeapArenas: 16
2018-05-14  17:18:15.283 [main] DEBUG io.netty.buffer.PooledByteBufAllocator - -Dio.netty.allocator.numDirectArenas: 16
2018-05-14  17:18:15.283 [main] DEBUG io.netty.buffer.PooledByteBufAllocator - -Dio.netty.allocator.pageSize: 8192
2018-05-14  17:18:15.283 [main] DEBUG io.netty.buffer.PooledByteBufAllocator - -Dio.netty.allocator.maxOrder: 11
2018-05-14  17:18:15.283 [main] DEBUG io.netty.buffer.PooledByteBufAllocator - -Dio.netty.allocator.chunkSize: 16777216
2018-05-14  17:18:15.283 [main] DEBUG io.netty.buffer.PooledByteBufAllocator - -Dio.netty.allocator.tinyCacheSize: 512
2018-05-14  17:18:15.283 [main] DEBUG io.netty.buffer.PooledByteBufAllocator - -Dio.netty.allocator.smallCacheSize: 256
2018-05-14  17:18:15.283 [main] DEBUG io.netty.buffer.PooledByteBufAllocator - -Dio.netty.allocator.normalCacheSize: 64
2018-05-14  17:18:15.283 [main] DEBUG io.netty.buffer.PooledByteBufAllocator - -Dio.netty.allocator.maxCachedBufferCapacity: 32768
2018-05-14  17:18:15.283 [main] DEBUG io.netty.buffer.PooledByteBufAllocator - -Dio.netty.allocator.cacheTrimInterval: 8192
2018-05-14  17:18:15.284 [main] DEBUG io.netty.buffer.PooledByteBufAllocator - -Dio.netty.allocator.useCacheForAllThreads: true
2018-05-14  17:18:15.291 [main] DEBUG io.netty.buffer.ByteBufUtil - -Dio.netty.allocator.type: pooled
2018-05-14  17:18:15.292 [main] DEBUG io.netty.buffer.ByteBufUtil - -Dio.netty.threadLocalDirectBufferSize: 65536
2018-05-14  17:18:15.292 [main] DEBUG io.netty.buffer.ByteBufUtil - -Dio.netty.maxThreadLocalCharBufferSize: 16384
2018-05-14  17:18:15.311 [main] INFO  com.zzc.nettyapi.nettyservice.NettyServerBootStrap - Server bind successfully
2018-05-14  17:18:17.893 [nioEventLoopGroup-3-1] DEBUG io.netty.buffer.AbstractByteBuf - -Dio.netty.buffer.bytebuf.checkAccessible: true
2018-05-14  17:18:17.894 [nioEventLoopGroup-3-1] DEBUG io.netty.util.ResourceLeakDetectorFactory - Loaded default ResourceLeakDetector: io.netty.util.ResourceLeakDetector@7eff45ae
2018-05-14  17:18:17.932 [nioEventLoopGroup-3-1] DEBUG io.netty.util.Recycler - -Dio.netty.recycler.maxCapacityPerThread: 32768
2018-05-14  17:18:17.932 [nioEventLoopGroup-3-1] DEBUG io.netty.util.Recycler - -Dio.netty.recycler.maxSharedCapacityFactor: 2
2018-05-14  17:18:17.933 [nioEventLoopGroup-3-1] DEBUG io.netty.util.Recycler - -Dio.netty.recycler.linkCapacity: 16
2018-05-14  17:18:17.933 [nioEventLoopGroup-3-1] DEBUG io.netty.util.Recycler - -Dio.netty.recycler.ratio: 8
2018-05-14  17:18:17.953 [handleThread--1] INFO  com.zzc.nettyapi.request.HttpRequestParser - date:Mon May 14 17:18:17 CST 2018---uri:/user/1/note/1
2018-05-14  17:18:17.983 [handleThread--1] DEBUG com.zzc.nettyapi.argument.binder.DataBinderFactory - type:int ------> dataBinder:com.zzc.nettyapi.argument.binder.SimpleRequestDataBinder
2018-05-14  17:18:17.984 [handleThread--1] DEBUG com.zzc.nettyapi.argument.binder.DataBinderFactory - type:int ------> dataBinder:com.zzc.nettyapi.argument.binder.SimpleRequestDataBinder
2018-05-14  17:18:18.083 [nioEventLoopGroup-3-1] DEBUG io.netty.handler.codec.compression.ZlibCodecFactory - -Dio.netty.noJdkZlibDecoder: false
2018-05-14  17:18:18.083 [nioEventLoopGroup-3-1] DEBUG io.netty.handler.codec.compression.ZlibCodecFactory - -Dio.netty.noJdkZlibEncoder: false
2018-05-14  17:18:26.398 [handleThread--2] INFO  com.zzc.nettyapi.request.HttpRequestParser - date:Mon May 14 17:18:26 CST 2018---uri:/user/1/note/1
2018-05-14  17:18:26.399 [handleThread--2] DEBUG com.zzc.nettyapi.argument.binder.DataBinderFactory - type:int ------> dataBinder:com.zzc.nettyapi.argument.binder.SimpleRequestDataBinder
2018-05-14  17:18:26.399 [handleThread--2] DEBUG com.zzc.nettyapi.argument.binder.DataBinderFactory - type:int ------> dataBinder:com.zzc.nettyapi.argument.binder.SimpleRequestDataBinder
2018-05-14  17:18:26.447 [handleThread--3] INFO  com.zzc.nettyapi.request.HttpRequestParser - date:Mon May 14 17:18:26 CST 2018---uri:/favicon.ico
2018-05-14  17:18:37.299 [handleThread--4] INFO  com.zzc.nettyapi.request.HttpRequestParser - date:Mon May 14 17:18:37 CST 2018---uri:/user/1/note/1
2018-05-14  17:18:37.300 [handleThread--4] DEBUG com.zzc.nettyapi.argument.binder.DataBinderFactory - type:int ------> dataBinder:com.zzc.nettyapi.argument.binder.SimpleRequestDataBinder
2018-05-14  17:18:37.300 [handleThread--4] DEBUG com.zzc.nettyapi.argument.binder.DataBinderFactory - type:int ------> dataBinder:com.zzc.nettyapi.argument.binder.SimpleRequestDataBinder
2018-05-14  17:18:37.332 [handleThread--5] INFO  com.zzc.nettyapi.request.HttpRequestParser - date:Mon May 14 17:18:37 CST 2018---uri:/favicon.ico
2018-05-14  17:18:47.287 [handleThread--6] INFO  com.zzc.nettyapi.request.HttpRequestParser - date:Mon May 14 17:18:47 CST 2018---uri:/user/1/note/1
2018-05-14  17:18:47.287 [handleThread--6] DEBUG com.zzc.nettyapi.argument.binder.DataBinderFactory - type:int ------> dataBinder:com.zzc.nettyapi.argument.binder.SimpleRequestDataBinder
2018-05-14  17:18:47.287 [handleThread--6] DEBUG com.zzc.nettyapi.argument.binder.DataBinderFactory - type:int ------> dataBinder:com.zzc.nettyapi.argument.binder.SimpleRequestDataBinder
2018-05-14  17:18:47.324 [handleThread--7] INFO  com.zzc.nettyapi.request.HttpRequestParser - date:Mon May 14 17:18:47 CST 2018---uri:/favicon.ico
2018-05-14  17:19:09.824 [handleThread--8] INFO  com.zzc.nettyapi.request.HttpRequestParser - date:Mon May 14 17:19:09 CST 2018---uri:/user/1/note/1
2018-05-14  17:19:09.824 [handleThread--8] DEBUG com.zzc.nettyapi.argument.binder.DataBinderFactory - type:int ------> dataBinder:com.zzc.nettyapi.argument.binder.SimpleRequestDataBinder
2018-05-14  17:19:09.824 [handleThread--8] DEBUG com.zzc.nettyapi.argument.binder.DataBinderFactory - type:int ------> dataBinder:com.zzc.nettyapi.argument.binder.SimpleRequestDataBinder
2018-05-14  17:19:09.858 [handleThread--9] INFO  com.zzc.nettyapi.request.HttpRequestParser - date:Mon May 14 17:19:09 CST 2018---uri:/favicon.ico
2018-05-14  17:19:37.474 [handleThread--10] INFO  com.zzc.nettyapi.request.HttpRequestParser - date:Mon May 14 17:19:37 CST 2018---uri:/user/1/note/1
2018-05-14  17:19:37.475 [handleThread--10] DEBUG com.zzc.nettyapi.argument.binder.DataBinderFactory - type:int ------> dataBinder:com.zzc.nettyapi.argument.binder.SimpleRequestDataBinder
2018-05-14  17:19:37.475 [handleThread--10] DEBUG com.zzc.nettyapi.argument.binder.DataBinderFactory - type:int ------> dataBinder:com.zzc.nettyapi.argument.binder.SimpleRequestDataBinder
2018-05-14  17:19:37.507 [handleThread--11] INFO  com.zzc.nettyapi.request.HttpRequestParser - date:Mon May 14 17:19:37 CST 2018---uri:/favicon.ico
2018-05-14  17:19:58.200 [handleThread--12] INFO  com.zzc.nettyapi.request.HttpRequestParser - date:Mon May 14 17:19:58 CST 2018---uri:/user/1/note/1
2018-05-14  17:19:58.201 [handleThread--12] DEBUG com.zzc.nettyapi.argument.binder.DataBinderFactory - type:int ------> dataBinder:com.zzc.nettyapi.argument.binder.SimpleRequestDataBinder
2018-05-14  17:19:58.201 [handleThread--12] DEBUG com.zzc.nettyapi.argument.binder.DataBinderFactory - type:int ------> dataBinder:com.zzc.nettyapi.argument.binder.SimpleRequestDataBinder
2018-05-14  17:20:07.588 [handleThread--13] INFO  com.zzc.nettyapi.request.HttpRequestParser - date:Mon May 14 17:20:07 CST 2018---uri:/user/1/note/1
2018-05-14  17:20:07.589 [handleThread--13] DEBUG com.zzc.nettyapi.argument.binder.DataBinderFactory - type:int ------> dataBinder:com.zzc.nettyapi.argument.binder.SimpleRequestDataBinder
2018-05-14  17:20:07.589 [handleThread--13] DEBUG com.zzc.nettyapi.argument.binder.DataBinderFactory - type:int ------> dataBinder:com.zzc.nettyapi.argument.binder.SimpleRequestDataBinder
2018-05-14  17:20:07.628 [handleThread--14] INFO  com.zzc.nettyapi.request.HttpRequestParser - date:Mon May 14 17:20:07 CST 2018---uri:/favicon.ico
2018-05-14  17:20:18.969 [handleThread--15] INFO  com.zzc.nettyapi.request.HttpRequestParser - date:Mon May 14 17:20:18 CST 2018---uri:/user/1/note/1
2018-05-14  17:20:18.970 [handleThread--15] DEBUG com.zzc.nettyapi.argument.binder.DataBinderFactory - type:int ------> dataBinder:com.zzc.nettyapi.argument.binder.SimpleRequestDataBinder
2018-05-14  17:20:18.970 [handleThread--15] DEBUG com.zzc.nettyapi.argument.binder.DataBinderFactory - type:int ------> dataBinder:com.zzc.nettyapi.argument.binder.SimpleRequestDataBinder
2018-05-14  17:20:27.318 [handleThread--16] INFO  com.zzc.nettyapi.request.HttpRequestParser - date:Mon May 14 17:20:27 CST 2018---uri:/user/1/note/1
2018-05-14  17:20:27.319 [handleThread--16] DEBUG com.zzc.nettyapi.argument.binder.DataBinderFactory - type:int ------> dataBinder:com.zzc.nettyapi.argument.binder.SimpleRequestDataBinder
2018-05-14  17:20:27.319 [handleThread--16] DEBUG com.zzc.nettyapi.argument.binder.DataBinderFactory - type:int ------> dataBinder:com.zzc.nettyapi.argument.binder.SimpleRequestDataBinder
2018-05-14  17:20:27.384 [handleThread--17] INFO  com.zzc.nettyapi.request.HttpRequestParser - date:Mon May 14 17:20:27 CST 2018---uri:/favicon.ico
